[495] [6599.747159] open('/dev/akgpio',0x2) = 4
[495] [6600.642750] open('/dev/ion',0x0) = 6
[495] [6600.643134] ioctl(fd=0x6, req=0xc0144900, size=20) = 0
  0000: 00 00 80 01 00 10 00 00 ff 00 00 00 03 00 00 00
  0010: 40 bd 94 c1
[495] [6600.644165] ioctl(fd=0x6, req=0xc0084902, size=8) = 0
  0000: 40 bd 94 c1 08 00 00 00
[495] [6600.646622] open('/dev/uio0',0x2) = 9
[495] [6600.648278] open('/dev/isp_char',0x2) = 11
[495] [6600.715331] open('/dev/video0',0x802) = 12
[495] [6600.715826] ioctl(fd=0xb, req=0x40044902, size=4) = 0
  0000: 01 00 01 00
[495] [6600.716369] ioctl(fd=0xb, req=0x40044904, size=4) = 0
  0000: 01 00 80 02
[495] [6600.716876] ioctl(fd=0xb, req=0x4004490a, size=4) = 0
  0000: 00 00 08 00
[495] [6600.717368] ioctl(fd=0xb, req=0x4004490c, size=4) = 0
  0000: 01 00 00 00
[495] [6600.717834] ioctl(fd=0xb, req=0x4004492b, size=4) = 0
  0000: 01 00 00 00
[495] [6600.718290] ioctl(fd=0xb, req=0x4004492f, size=4) = 0
  0000: 01 00 00 00
[495] [6600.718742] ioctl(fd=0xb, req=0x40044906, size=4) = 0
  0000: 01 00 01 00
[495] [6600.719216] ioctl(fd=0xb, req=0x4004490e, size=4) = 0
  0000: c0 00 00 00
[495] [6600.719717] ioctl(fd=0xb, req=0x4004491a, size=4) = 0
  0000: 00 00 1a 00
[495] [6600.720386] ioctl(fd=0xb, req=0x40044912, size=4) = 0
  0000: 01 00 00 00
[495] [6600.720849] ioctl(fd=0xb, req=0x40044936, size=4) = 0
  0000: 00 00 07 00
[495] [6600.721538] ioctl(fd=0xb, req=0x4004491b, size=4) = 0
  0000: 01 00 10 00
[495] [6600.722474] ioctl(fd=0xb, req=0x40044925, size=4) = 0
  0000: 01 00 01 00
[495] [6600.723015] ioctl(fd=0xb, req=0x40044927, size=4) = 0
  0000: 08 00 02 00
[495] [6600.723479] ioctl(fd=0xb, req=0x4004493b, size=4) = 0
  0000: 01 00 01 00
[495] [6600.723942] ioctl(fd=0xb, req=0x40044939, size=4) = 0
  0000: 01 00 40 00
[495] [6600.724389] ioctl(fd=0xb, req=0x4004493f, size=4) = 0
  0000: 00 00 0f 00
[495] [6600.724829] ioctl(fd=0xb, req=0x40044941, size=4) = 0
  0000: 44 00 00 00
[495] [6600.725271] ioctl(fd=0xb, req=0x40044910, size=4) = 0
  0000: 01 00 00 00
[495] [6600.725762] ioctl(fd=0xb, req=0x4004495e, size=4) = 0
  0000: 06 00 06 00
[495] [6600.726248] ioctl(fd=0xb, req=0x40044960, size=4) = 0
  0000: 00 00 ff 04
[495] [6600.726697] ioctl(fd=0xb, req=0x40044953, size=4) = 0
  0000: 01 00 9d 01
[495] [6600.727142] ioctl(fd=0xb, req=0x40044963, size=4) = 0
  0000: 9d 01 00 01
[495] [6600.727580] ioctl(fd=0xb, req=0x40044955, size=4) = 0
  0000: 0f 00 08 00
[495] [6600.728031] ioctl(fd=0xb, req=0x40044973, size=4) = 0
  0000: 01 00 00 00
[495] [6600.728477] ioctl(fd=0xb, req=0x40044943, size=4) = 0
  0000: 01 00 00 00
[495] [6600.728936] ioctl(fd=0xb, req=0x40044946, size=4) = 0
  0000: 00 00 00 00
[495] [6600.729373] ioctl(fd=0xb, req=0x40044949, size=4) = 0
  0000: 00 00 01 00
[495] [6600.729807] ioctl(fd=0xb, req=0x4004494c, size=4) = 0
  0000: 01 00 0f 00
[495] [6600.730411] ioctl(fd=0xb, req=0x4004494e, size=4) = 0
  0000: 0f 00 00 00
[495] [6600.730866] ioctl(fd=0xb, req=0x40044950, size=4) = 0
  0000: dc 05 00 00
[495] [6600.731310] ioctl(fd=0xb, req=0x8004494f, size=4) = 0
  0000: 0f 00 00 00
[495] [6600.742260] ioctl(fd=0xb, req=0x4004497a, size=4) = 0
  0000: 0f 00 00 00
[495] [6600.743926] ioctl(fd=0xb, req=0x4004496e, size=4) = 0
  0000: 00 00 00 00
[495] [6600.744519] ioctl(fd=0xb, req=0x40044975, size=4) = 0
  0000: 00 00 08 00
[495] [6600.745002] ioctl(fd=0xb, req=0x40044977, size=4) = 0
  0000: 00 00 00 00
[495] [6600.781263] ioctl(fd=0xb, req=0x40044969, size=4) = 0
  0000: 4a 00 00 00
[495] [6600.785243] ioctl(fd=0xc, req=0xc02c563a, size=44) = 0
  0000: 01 00 00 00 00 00 00 00 00 00 00 00 00 05 00 00
  0010: d0 02 00 00 00 00 00 00 00 00 00 00 00 05 00 00
  0020: d0 02 00 00 01 00 00 00 01 00 00 00
[495] [6600.787114] ioctl(fd=0xb, req=0x40044967, size=4) = 0
  0000: 00 00 00 80
[495] [6600.787610] ioctl(fd=0xb, req=0x80044956, size=4) = 0
  0000: 0f 00 08 00
[495] [6600.789185] ioctl(fd=0xb, req=0x40044955, size=4) = 0
  0000: 0f 00 08 00
[495] [6600.790370] ioctl(fd=0xb, req=0x8004494f, size=4) = 0
  0000: 0f 00 00 00
[495] [6600.799739] ioctl(fd=0xb, req=0x4004497a, size=4) = 0
  0000: 0f 00 00 00
[495] [6600.802763] ioctl(fd=0xc, req=0x80685600, size=104) = 0
  0000: 61 6b 5f 63 61 6d 65 72 61 00 00 00 00 00 00 00
  0010: 41 4b 5f 43 61 6d 65 72 61 00 00 00 00 00 00 00
  0020: 00 00 00 00 00 00 00 00 00 00 00 00 00 00 00 00
  0030: 00 00 00 00 00 00 00 00 00 00 00 00 00 00 00 00
  0040: 00 00 00 00 00 00 00 00 00 00 00 00 00 00 00 00
  0050: 23 04 03 00 01 00 00 04 00 00 00 00 00 00 00 00
  0060: 00 00 00 00 00 00 00 00
[495] [6600.804754] ioctl(fd=0xc, req=0xc02c563a, size=44) = 0
  0000: 01 00 00 00 00 00 00 00 00 00 00 00 00 05 00 00
  0010: d0 02 00 00 00 00 00 00 00 00 00 00 00 05 00 00
  0020: d0 02 00 00 01 00 00 00 01 00 00 00
[495] [6600.805760] ioctl(fd=0xc, req=0x4014563c, size=20) = 0
  0000: 01 00 00 00 00 00 00 00 00 00 00 00 00 05 00 00
  0010: d0 02 00 00
[495] [6600.807598] ioctl(fd=0xc, req=0xc0cc5605, size=204) = 0
  0000: 01 00 00 00 00 05 00 00 d0 02 00 00 59 55 59 56
  0010: 04 00 00 00 00 0a 00 00 00 20 1c 00 00 00 00 00
  0020: 00 00 00 00 00 00 00 00 00 00 00 00 00 00 00 00
  0030: 00 00 00 00 00 00 00 00 00 00 00 00 00 00 00 00
  0040: 00 00 00 00 00 00 00 00 00 00 00 00 00 00 00 00
  0050: 00 00 00 00 00 00 00 00 00 00 00 00 00 00 00 00
  0060: 00 00 00 00 00 00 00 00 00 00 00 00 00 00 00 00
  0070: 00 00 00 00 00 00 00 00 00 00 00 00 00 00 00 00
  0080: 00 00 00 00 00 00 00 00 00 00 00 00 00 00 00 00
  0090: 00 00 00 00 00 00 00 00 00 00 00 00 00 00 00 00
  00a0: 00 00 00 00 00 00 00 00 00 00 00 00 00 00 00 00
  00b0: 00 00 00 00 00 00 00 00 00 00 00 00 00 00 00 00
  00c0: 00 00 00 00 00 00 00 00 00 00 00 00
[495] [6600.826828] ioctl(fd=0xc, req=0xc0cc5616, size=204) = 0
  0000: 01 00 00 00 01 00 00 00 80 02 00 00 68 01 00 00
  0010: 00 00 00 00 00 00 00 00 00 00 00 00 00 00 00 00
  0020: 00 00 00 00 00 00 00 00 00 00 00 00 00 00 00 00
  0030: 00 00 00 00 00 00 00 00 00 00 00 00 00 00 00 00
  0040: 00 00 00 00 00 00 00 00 00 00 00 00 00 00 00 00
  0050: 00 00 00 00 00 00 00 00 00 00 00 00 00 00 00 00
  0060: 00 00 00 00 00 00 00 00 00 00 00 00 00 00 00 00
  0070: 00 00 00 00 00 00 00 00 00 00 00 00 00 00 00 00
  0080: 00 00 00 00 00 00 00 00 00 00 00 00 00 00 00 00
  0090: 00 00 00 00 00 00 00 00 00 00 00 00 00 00 00 00
  00a0: 00 00 00 00 00 00 00 00 00 00 00 00 00 00 00 00
  00b0: 00 00 00 00 00 00 00 00 00 00 00 00 00 00 00 00
  00c0: 00 00 00 00 00 00 00 00 00 00 00 00
[495] [6600.833129] ioctl(fd=0xb, req=0x4004497a, size=4) = 0
  0000: 0f 00 00 00
[495] [6600.833695] ioctl(fd=0xb, req=0x8004497b, size=4) = 0
  0000: 0f 00 00 00
[495] [6600.840211] ioctl(fd=0xb, req=0x4004496d, size=4) = 0
  0000: 0a 49 05 40
[495] [6600.844727] open('/dev/akpcm_cdev1',0x0) = 13
[495] [6600.847676] ioctl(fd=0xd, req=0x40045010, size=4) = 0
  0000: 02 00 00 00
[495] [6600.848201] ioctl(fd=0xd, req=0x40045070, size=4) = 0
  0000: 01 00 00 00
[495] [6600.855007] ioctl(fd=0xd, req=0x40045030, size=4) = 0
  0000: 07 00 00 00
[495] [6601.138227] ioctl(fd=0xd, req=0x50e3, size=0) = 0
[495] [6601.185951] ioctl(fd=0xd, req=0x40045088, size=4) = 0
  0000: 01 00 00 00
[495] [6603.237317] ioctl(fd=0x4, req=0x4001662a, size=1) = 0
  0000: 07
[495] [6603.237787] ioctl(fd=0x4, req=0xc001662b, size=1) = 0
  0000: 07
[495] [6603.238224] ioctl(fd=0x4, req=0x4001662a, size=1) = 0
  0000: 07
[495] [6603.238610] ioctl(fd=0x4, req=0x4001662a, size=1) = 0
  0000: 07
[495] [6603.238993] ioctl(fd=0x4, req=0x4001662a, size=1) = 0
  0000: 2f
[495] [6603.239363] ioctl(fd=0x4, req=0xc001662b, size=1) = 0
  0000: 2f
[495] [6603.239730] ioctl(fd=0x4, req=0x4001662a, size=1) = 0
  0000: 2f
[495] [6603.530189] ioctl(fd=0x4, req=0x4001662a, size=1) = 0
  0000: 2f
[495] [6603.530925] ioctl(fd=0x4, req=0x4001662a, size=1) = 0
  0000: 2a
[495] [6603.531322] ioctl(fd=0x4, req=0xc001662b, size=1) = 0
  0000: 2a
[495] [6603.531699] ioctl(fd=0x4, req=0x4001662a, size=1) = 0
  0000: 2a
[495] [6603.532142] ioctl(fd=0x4, req=0x4001662a, size=1) = 0
  0000: 2a
[495] [6603.532775] ioctl(fd=0x4, req=0x4001662a, size=1) = 0
  0000: 2a
[495] [6603.801333] ioctl(fd=0xb, req=0x80044956, size=4) = 0
  0000: 0f 00 08 00
[495] [6603.866909] ioctl(fd=0xb, req=0x40044955, size=4) = 0
  0000: 0f 00 08 00
[495] [6603.867449] ioctl(fd=0xb, req=0x80044952, size=4) = 0
  0000: 00 00 00 00
[495] [6603.968061] ioctl(fd=0xb, req=0x80044952, size=4) = 0
  0000: 00 00 00 00
[495] [6604.068856] ioctl(fd=0xb, req=0x80044952, size=4) = 0
  0000: 00 00 00 00
[495] [6604.169536] ioctl(fd=0xb, req=0x80044952, size=4) = 0
  0000: 00 00 00 00
[495] [6604.270189] ioctl(fd=0xb, req=0x80044952, size=4) = 0
  0000: 00 00 00 00
[495] [6604.370805] ioctl(fd=0xb, req=0x80044952, size=4) = 0
  0000: 00 00 00 00
[495] [6604.471519] ioctl(fd=0xb, req=0x80044952, size=4) = 0
  0000: 00 00 00 00
[495] [6604.572175] ioctl(fd=0xb, req=0x80044952, size=4) = 0
  0000: 00 00 00 00
[495] [6604.672849] ioctl(fd=0xb, req=0x80044952, size=4) = 0
  0000: 00 00 00 00
[495] [6604.773494] ioctl(fd=0xb, req=0x80044952, size=4) = 0
  0000: 00 00 00 00
[495] [6604.874171] ioctl(fd=0xb, req=0x80044952, size=4) = 0
  0000: 00 00 00 00
[495] [6604.976207] ioctl(fd=0xb, req=0x80044952, size=4) = 0
  0000: 00 00 00 00
[495] [6605.076903] ioctl(fd=0xb, req=0x80044952, size=4) = 0
  0000: 00 00 00 00
[495] [6605.177565] ioctl(fd=0xb, req=0x80044952, size=4) = 0
  0000: 00 00 00 00
[495] [6605.278242] ioctl(fd=0xb, req=0x80044952, size=4) = 0
  0000: 00 00 00 00
[495] [6605.378881] ioctl(fd=0xb, req=0x80044952, size=4) = 0
  0000: 00 00 00 00
[495] [6605.479578] ioctl(fd=0xb, req=0x80044952, size=4) = 0
  0000: 00 00 00 00
[495] [6605.533666] ioctl(fd=0x4, req=0x4001662a, size=1) = 0
  0000: 2a
[495] [6605.534133] ioctl(fd=0x4, req=0x4001662a, size=1) = 0
  0000: 29
[495] [6605.534514] ioctl(fd=0x4, req=0xc001662b, size=1) = 0
  0000: 29
[495] [6605.534888] ioctl(fd=0x4, req=0x4001662a, size=1) = 0
  0000: 29
[495] [6605.581264] ioctl(fd=0xb, req=0x80044952, size=4) = 0
  0000: 00 00 00 00
[495] [6605.644903] ioctl(fd=0x4, req=0xc001662b, size=1) = 0
  0000: 29
[495] [6605.645363] ioctl(fd=0x4, req=0xc001662b, size=1) = 0
  0000: 29
[495] [6605.683133] ioctl(fd=0xb, req=0x80044952, size=4) = 0
  0000: 00 00 00 00
[495] [6605.696975] ioctl(fd=0x4, req=0x4001662a, size=1) = 0
  0000: 00
[495] [6605.697409] ioctl(fd=0x4, req=0xc001662b, size=1) = 0
  0000: 00
[495] [6605.697793] ioctl(fd=0x4, req=0x4001662a, size=1) = 0
  0000: 00
[495] [6605.698169] ioctl(fd=0x4, req=0x4001662a, size=1) = 0
  0000: 00
[495] [6605.747150] ioctl(fd=0x4, req=0xc001662b, size=1) = 0
  0000: 29
[495] [6605.747601] ioctl(fd=0x4, req=0xc001662b, size=1) = 0
  0000: 29
[495] [6605.783837] ioctl(fd=0xb, req=0x80044952, size=4) = 0
  0000: 00 00 00 00
[495] [6605.848173] ioctl(fd=0x4, req=0xc001662b, size=1) = 0
  0000: 29
[495] [6605.848616] ioctl(fd=0x4, req=0xc001662b, size=1) = 0
  0000: 29
[495] [6605.884515] ioctl(fd=0xb, req=0x80044952, size=4) = 0
  0000: 00 00 00 00
[495] [6605.950401] ioctl(fd=0x4, req=0xc001662b, size=1) = 0
  0000: 29
[495] [6605.950835] ioctl(fd=0x4, req=0xc001662b, size=1) = 0
  0000: 29
[495] [6605.985176] ioctl(fd=0xb, req=0x80044952, size=4) = 0
  0000: 00 00 00 00
[495] [6606.051404] ioctl(fd=0x4, req=0xc001662b, size=1) = 0
  0000: 29
[495] [6606.051873] ioctl(fd=0x4, req=0xc001662b, size=1) = 0
  0000: 29
[495] [6606.085864] ioctl(fd=0xb, req=0x80044952, size=4) = 0
  0000: 00 00 00 00
[495] [6606.153598] ioctl(fd=0x4, req=0xc001662b, size=1) = 0
  0000: 29
[495] [6606.154040] ioctl(fd=0x4, req=0xc001662b, size=1) = 0
  0000: 29
[495] [6606.186527] ioctl(fd=0xb, req=0x80044952, size=4) = 0
  0000: 00 00 00 00
[495] [6606.254607] ioctl(fd=0x4, req=0xc001662b, size=1) = 0
  0000: 29
[495] [6606.255061] ioctl(fd=0x4, req=0xc001662b, size=1) = 0
  0000: 29
[495] [6606.287215] ioctl(fd=0xb, req=0x80044952, size=4) = 0
  0000: 00 00 00 00
[495] [6606.299389] open('/dev/akpcm_cdev0',0x1) = 16
[495] [6606.299764] ioctl(fd=0x10, req=0x40045081, size=4) = 0
  0000: 01 00 00 00
[495] [6606.303284] ioctl(fd=0x10, req=0x50e3, size=0) = 0
[495] [6606.306202] ioctl(fd=0x10, req=0x40045030, size=4) = 0
  0000: 05 00 00 00
[495] [6606.356767] ioctl(fd=0x4, req=0xc001662b, size=1) = 0
  0000: 29
[495] [6606.357343] ioctl(fd=0x4, req=0xc001662b, size=1) = 0
  0000: 29
[495] [6606.387847] ioctl(fd=0xb, req=0x80044952, size=4) = 0
  0000: 00 00 00 00
[495] [6606.457927] ioctl(fd=0x4, req=0xc001662b, size=1) = 0
  0000: 29
[495] [6606.458373] ioctl(fd=0x4, req=0xc001662b, size=1) = 0
  0000: 29
[495] [6606.488492] ioctl(fd=0xb, req=0x80044952, size=4) = 0
  0000: 00 00 00 00
[495] [6606.560297] ioctl(fd=0x4, req=0xc001662b, size=1) = 0
  0000: 29
[495] [6606.560753] ioctl(fd=0x4, req=0xc001662b, size=1) = 0
  0000: 29
[495] [6606.589206] ioctl(fd=0xb, req=0x80044952, size=4) = 0
  0000: 00 00 00 00
[495] [6606.661374] ioctl(fd=0x4, req=0xc001662b, size=1) = 0
  0000: 29
[495] [6606.661900] ioctl(fd=0x4, req=0xc001662b, size=1) = 0
  0000: 29
[495] [6606.702380] ioctl(fd=0xb, req=0x80044952, size=4) = 0
  0000: 00 00 00 00
[495] [6606.763650] ioctl(fd=0x4, req=0xc001662b, size=1) = 0
  0000: 29
[495] [6606.764103] ioctl(fd=0x4, req=0xc001662b, size=1) = 0
  0000: 29
[495] [6606.803092] ioctl(fd=0xb, req=0x80044952, size=4) = 0
  0000: 00 00 00 00
[495] [6606.864742] ioctl(fd=0x4, req=0xc001662b, size=1) = 0
  0000: 29
[495] [6606.865203] ioctl(fd=0x4, req=0xc001662b, size=1) = 0
  0000: 29
[495] [6606.903961] ioctl(fd=0xb, req=0x80044952, size=4) = 0
  0000: 00 00 00 00
[495] [6606.967637] ioctl(fd=0x4, req=0xc001662b, size=1) = 0
  0000: 29
[495] [6606.968091] ioctl(fd=0x4, req=0xc001662b, size=1) = 0
  0000: 29
[495] [6607.004769] ioctl(fd=0xb, req=0x80044952, size=4) = 0
  0000: 00 00 00 00
[495] [6607.069776] ioctl(fd=0x4, req=0xc001662b, size=1) = 0
  0000: 29
[495] [6607.070415] ioctl(fd=0x4, req=0xc001662b, size=1) = 0
  0000: 29
[495] [6607.106472] ioctl(fd=0xb, req=0x80044952, size=4) = 0
  0000: 00 00 00 00
[495] [6607.178814] ioctl(fd=0x4, req=0xc001662b, size=1) = 0
  0000: 29
[495] [6607.179272] ioctl(fd=0x4, req=0xc001662b, size=1) = 0
  0000: 29
[495] [6607.207301] ioctl(fd=0xb, req=0x80044952, size=4) = 0
  0000: 00 00 00 00
[495] [6607.279870] ioctl(fd=0x4, req=0xc001662b, size=1) = 0
  0000: 29
[495] [6607.280510] ioctl(fd=0x4, req=0xc001662b, size=1) = 0
  0000: 29
[495] [6607.308149] ioctl(fd=0xb, req=0x80044952, size=4) = 0
  0000: 00 00 00 00
[495] [6607.382957] ioctl(fd=0x4, req=0xc001662b, size=1) = 0
  0000: 29
[495] [6607.383411] ioctl(fd=0x4, req=0xc001662b, size=1) = 0
  0000: 29
[495] [6607.408888] ioctl(fd=0xb, req=0x80044952, size=4) = 0
  0000: 00 00 00 00
[495] [6607.484567] ioctl(fd=0x4, req=0xc001662b, size=1) = 0
  0000: 29
[495] [6607.485030] ioctl(fd=0x4, req=0xc001662b, size=1) = 0
  0000: 29
[495] [6607.509560] ioctl(fd=0xb, req=0x80044952, size=4) = 0
  0000: 00 00 00 00
[495] [6607.588373] ioctl(fd=0x4, req=0xc001662b, size=1) = 0
  0000: 29
[495] [6607.588827] ioctl(fd=0x4, req=0xc001662b, size=1) = 0
  0000: 29
[495] [6607.611757] ioctl(fd=0xb, req=0x80044952, size=4) = 0
  0000: 00 00 00 00
[495] [6607.689437] ioctl(fd=0x4, req=0xc001662b, size=1) = 0
  0000: 29
[495] [6607.689894] ioctl(fd=0x4, req=0xc001662b, size=1) = 0
  0000: 29
[495] [6607.712633] ioctl(fd=0xb, req=0x80044952, size=4) = 0
  0000: 00 00 00 00
[495] [6607.792756] ioctl(fd=0x4, req=0xc001662b, size=1) = 0
  0000: 29
[495] [6607.793205] ioctl(fd=0x4, req=0xc001662b, size=1) = 0
  0000: 29
[495] [6607.813845] ioctl(fd=0xb, req=0x80044952, size=4) = 0
  0000: 00 00 00 00
[495] [6607.894530] ioctl(fd=0x4, req=0xc001662b, size=1) = 0
  0000: 29
[495] [6607.894997] ioctl(fd=0x4, req=0xc001662b, size=1) = 0
  0000: 29
[495] [6607.914548] ioctl(fd=0xb, req=0x80044952, size=4) = 0
  0000: 00 00 00 00
[495] [6607.996822] ioctl(fd=0x4, req=0xc001662b, size=1) = 0
  0000: 29
[495] [6607.997299] ioctl(fd=0x4, req=0xc001662b, size=1) = 0
  0000: 29
[495] [6608.016673] ioctl(fd=0xb, req=0x80044952, size=4) = 0
  0000: 00 00 00 00
[495] [6608.098387] ioctl(fd=0x4, req=0xc001662b, size=1) = 0
  0000: 29
[495] [6608.098891] ioctl(fd=0x4, req=0xc001662b, size=1) = 0
  0000: 29
[495] [6608.117727] ioctl(fd=0xb, req=0x80044952, size=4) = 0
  0000: 00 00 00 00
[495] [6608.200800] ioctl(fd=0x4, req=0xc001662b, size=1) = 0
  0000: 29
[495] [6608.201359] ioctl(fd=0x4, req=0xc001662b, size=1) = 0
  0000: 29
[495] [6608.218518] ioctl(fd=0xb, req=0x80044952, size=4) = 0
  0000: 00 00 00 00
[495] [6608.301971] ioctl(fd=0x4, req=0xc001662b, size=1) = 0
  0000: 29
[495] [6608.302439] ioctl(fd=0x4, req=0xc001662b, size=1) = 0
  0000: 29
[495] [6608.319347] ioctl(fd=0xb, req=0x80044952, size=4) = 0
  0000: 00 00 00 00
[495] [6608.404250] ioctl(fd=0x4, req=0xc001662b, size=1) = 0
  0000: 29
[495] [6608.404709] ioctl(fd=0x4, req=0xc001662b, size=1) = 0
  0000: 29
[495] [6608.421209] ioctl(fd=0xb, req=0x80044952, size=4) = 0
  0000: 00 00 00 00
[495] [6608.505764] ioctl(fd=0x4, req=0xc001662b, size=1) = 0
  0000: 29
[495] [6608.506228] ioctl(fd=0x4, req=0xc001662b, size=1) = 0
  0000: 29
[495] [6608.521970] ioctl(fd=0xb, req=0x80044952, size=4) = 0
  0000: 00 00 00 00
[495] [6608.624066] ioctl(fd=0xb, req=0x80044952, size=4) = 0
  0000: 00 00 00 00
[495] [6608.625167] ioctl(fd=0x4, req=0xc001662b, size=1) = 0
  0000: 29
[495] [6608.625684] ioctl(fd=0x4, req=0xc001662b, size=1) = 0
  0000: 29
[495] [6608.725470] ioctl(fd=0xb, req=0x80044952, size=4) = 0
  0000: 00 00 00 00
[495] [6608.726376] ioctl(fd=0x4, req=0xc001662b, size=1) = 0
  0000: 29
[495] [6608.726820] ioctl(fd=0x4, req=0xc001662b, size=1) = 0
  0000: 29
[495] [6608.829058] ioctl(fd=0x4, req=0xc001662b, size=1) = 0
  0000: 29
[495] [6608.829488] ioctl(fd=0x4, req=0xc001662b, size=1) = 0
  0000: 29
[495] [6608.829979] ioctl(fd=0xb, req=0x80044952, size=4) = 0
  0000: 00 00 00 00
[495] [6608.930189] ioctl(fd=0x4, req=0xc001662b, size=1) = 0
  0000: 29
[495] [6608.930814] ioctl(fd=0x4, req=0xc001662b, size=1) = 0
  0000: 29
[495] [6608.931372] ioctl(fd=0xb, req=0x80044952, size=4) = 0
  0000: 00 00 00 00
[495] [6609.032735] ioctl(fd=0xb, req=0x80044952, size=4) = 0
  0000: 00 00 00 00
[495] [6609.033369] ioctl(fd=0x4, req=0xc001662b, size=1) = 0
  0000: 29
[495] [6609.033793] ioctl(fd=0x4, req=0xc001662b, size=1) = 0
  0000: 29
[495] [6609.133440] ioctl(fd=0xb, req=0x80044952, size=4) = 0
  0000: 00 00 00 00
[495] [6609.134389] ioctl(fd=0x4, req=0xc001662b, size=1) = 0
  0000: 29
[495] [6609.134885] ioctl(fd=0x4, req=0xc001662b, size=1) = 0
  0000: 29
[495] [6609.234259] ioctl(fd=0xb, req=0x80044952, size=4) = 0
  0000: 00 00 00 00
[495] [6609.238008] ioctl(fd=0x4, req=0xc001662b, size=1) = 0
  0000: 29
[495] [6609.238462] ioctl(fd=0x4, req=0xc001662b, size=1) = 0
  0000: 29
[495] [6609.335049] ioctl(fd=0xb, req=0x80044952, size=4) = 0
  0000: 00 00 00 00
[495] [6609.339031] ioctl(fd=0x4, req=0xc001662b, size=1) = 0
  0000: 29
[495] [6609.339515] ioctl(fd=0x4, req=0xc001662b, size=1) = 0
  0000: 29
[495] [6609.435834] ioctl(fd=0xb, req=0x80044952, size=4) = 0
  0000: 00 00 00 00
[495] [6609.441413] ioctl(fd=0x4, req=0xc001662b, size=1) = 0
  0000: 29
[495] [6609.441914] ioctl(fd=0x4, req=0xc001662b, size=1) = 0
  0000: 29
[495] [6609.536823] ioctl(fd=0xb, req=0x80044952, size=4) = 0
  0000: 00 00 00 00
[495] [6609.542788] ioctl(fd=0x4, req=0xc001662b, size=1) = 0
  0000: 29
[495] [6609.543379] ioctl(fd=0x4, req=0xc001662b, size=1) = 0
  0000: 29
[495] [6609.637779] ioctl(fd=0xb, req=0x80044952, size=4) = 0
  0000: 00 00 00 00
[495] [6609.793293] ioctl(fd=0xc, req=0xc0145608, size=20) = 0
  0000: 04 00 00 00 01 00 00 00 02 00 00 00 00 00 00 00
  0010: 00 00 00 00
[495] [6609.812554] ioctl(fd=0xc, req=0xc044560f, size=68) = 0
  0000: 00 00 00 00 01 00 00 00 00 00 00 00 00 00 00 00
  0010: 00 00 00 00 00 00 00 00 00 00 00 00 00 00 00 00
  0020: 00 00 00 00 00 00 00 00 00 00 00 00 00 00 00 00
  0030: 02 00 00 00 00 e0 1b b5 00 30 23 00 00 00 00 00
  0040: 00 00 00 00
[495] [6609.821261] ioctl(fd=0xc, req=0xc044560f, size=68) = 0
  0000: 01 00 00 00 01 00 00 00 00 00 00 00 00 00 00 00
  0010: 00 00 00 00 00 00 00 00 00 00 00 00 00 00 00 00
  0020: 00 00 00 00 00 00 00 00 00 00 00 00 00 00 00 00
  0030: 02 00 00 00 00 10 3f b5 00 30 23 00 00 00 00 00
  0040: 00 00 00 00
[495] [6609.822802] ioctl(fd=0xc, req=0xc044560f, size=68) = 0
  0000: 02 00 00 00 01 00 00 00 00 00 00 00 00 00 00 00
  0010: 00 00 00 00 00 00 00 00 00 00 00 00 00 00 00 00
  0020: 00 00 00 00 00 00 00 00 00 00 00 00 00 00 00 00
  0030: 02 00 00 00 00 40 62 b5 00 30 23 00 00 00 00 00
  0040: 00 00 00 00
[495] [6609.824409] ioctl(fd=0xc, req=0xc044560f, size=68) = 0
  0000: 03 00 00 00 01 00 00 00 00 00 00 00 00 00 00 00
  0010: 00 00 00 00 00 00 00 00 00 00 00 00 00 00 00 00
  0020: 00 00 00 00 00 00 00 00 00 00 00 00 00 00 00 00
  0030: 02 00 00 00 00 70 85 b5 00 30 23 00 00 00 00 00
  0040: 00 00 00 00
[495] [6609.838646] ioctl(fd=0xc, req=0x40045612, size=4) = 0
  0000: 01 00 00 00
[495] [6609.872064] ioctl(fd=0xb, req=0x80044952, size=4) = 0
  0000: 00 00 00 00
[495] [6609.872955] ioctl(fd=0x4, req=0xc001662b, size=1) = 0
  0000: 29
[495] [6609.873435] ioctl(fd=0x4, req=0xc001662b, size=1) = 0
  0000: 29
[495] [6609.928289] ioctl(fd=0xc, req=0xc0445611, size=68) = 0
  0000: 00 00 00 00 01 00 00 00 00 18 15 00 00 00 00 00
  0010: 04 00 00 00 d1 19 00 00 b0 e2 0d 00 00 00 00 00
  0020: 00 00 00 00 00 00 00 00 00 00 00 00 00 00 00 00
  0030: 02 00 00 00 00 e0 1b b5 00 18 15 00 00 00 00 00
  0040: 00 00 00 00
[495] [6609.930807] ioctl(fd=0xc, req=0xc044560f, size=68) = 0
  0000: 00 00 00 00 01 00 00 00 00 18 15 00 00 00 00 00
  0010: 04 00 00 00 d1 19 00 00 b0 e2 0d 00 00 00 00 00
  0020: 00 00 00 00 00 00 00 00 00 00 00 00 00 00 00 00
  0030: 02 00 00 00 00 e0 1b b5 00 18 15 00 00 00 00 00
  0040: 00 00 00 00
[495] [6609.972908] ioctl(fd=0xb, req=0x80044952, size=4) = 0
  0000: 00 00 00 00
[495] [6609.974061] ioctl(fd=0x4, req=0xc001662b, size=1) = 0
  0000: 29
[495] [6609.974691] ioctl(fd=0x4, req=0xc001662b, size=1) = 0
  0000: 29
[495] [6609.994953] ioctl(fd=0xc, req=0xc0445611, size=68) = 0
  0000: 01 00 00 00 01 00 00 00 00 18 15 00 00 00 00 00
  0010: 04 00 00 00 d1 19 00 00 20 f4 0e 00 00 00 00 00
  0020: 00 00 00 00 00 00 00 00 00 00 00 00 00 00 00 00
  0030: 02 00 00 00 00 10 3f b5 00 18 15 00 00 00 00 00
  0040: 00 00 00 00
[495] [6609.997113] ioctl(fd=0xc, req=0xc044560f, size=68) = 0
  0000: 01 00 00 00 01 00 00 00 00 18 15 00 00 00 00 00
  0010: 04 00 00 00 d1 19 00 00 20 f4 0e 00 00 00 00 00
  0020: 00 00 00 00 00 00 00 00 00 00 00 00 00 00 00 00
  0030: 02 00 00 00 00 10 3f b5 00 18 15 00 00 00 00 00
  0040: 00 00 00 00
[495] [6610.061648] ioctl(fd=0xc, req=0xc0445611, size=68) = 0
  0000: 02 00 00 00 01 00 00 00 00 18 15 00 00 00 00 00
  0010: 04 00 00 00 00 00 00 00 00 00 00 00 00 00 00 00
  0020: 00 00 00 00 00 00 00 00 00 00 00 00 00 00 00 00
  0030: 02 00 00 00 00 40 62 b5 00 18 15 00 00 00 00 00
  0040: 00 00 00 00
[495] [6610.064407] ioctl(fd=0xc, req=0xc044560f, size=68) = 0
  0000: 02 00 00 00 01 00 00 00 00 18 15 00 00 00 00 00
  0010: 04 00 00 00 00 00 00 00 00 00 00 00 00 00 00 00
  0020: 00 00 00 00 00 00 00 00 00 00 00 00 00 00 00 00
  0030: 02 00 00 00 00 40 62 b5 00 18 15 00 00 00 00 00
  0040: 00 00 00 00
[495] [6610.073683] ioctl(fd=0xb, req=0x80044952, size=4) = 0
  0000: 95 c6 00 00
[495] [6610.076473] ioctl(fd=0x4, req=0xc001662b, size=1) = 0
  0000: 29
[495] [6610.076924] ioctl(fd=0x4, req=0xc001662b, size=1) = 0
  0000: 29
[495] [6610.128339] ioctl(fd=0xc, req=0xc0445611, size=68) = 0
  0000: 03 00 00 00 01 00 00 00 00 18 15 00 00 00 00 00
  0010: 04 00 00 00 00 00 00 00 00 00 00 00 00 00 00 00
  0020: 00 00 00 00 00 00 00 00 00 00 00 00 00 00 00 00
  0030: 02 00 00 00 00 70 85 b5 00 18 15 00 00 00 00 00
  0040: 00 00 00 00
[495] [6610.130797] ioctl(fd=0xc, req=0xc044560f, size=68) = 0
  0000: 03 00 00 00 01 00 00 00 00 18 15 00 00 00 00 00
  0010: 04 00 00 00 00 00 00 00 00 00 00 00 00 00 00 00
  0020: 00 00 00 00 00 00 00 00 00 00 00 00 00 00 00 00
  0030: 02 00 00 00 00 70 85 b5 00 18 15 00 00 00 00 00
  0040: 00 00 00 00
[495] [6610.133629] ioctl(fd=0xb, req=0x40044979, size=4) = 0
  0000: 01 00 00 00
[495] [6610.151473] ioctl(fd=0x4, req=0x4001662a, size=1) = 0
  0000: 07
[495] [6610.152847] ioctl(fd=0x4, req=0x4001662a, size=1) = 0
  0000: 2a
[495] [6610.162795] ioctl(fd=0xb, req=0x80044970, size=4) = 0
  0000: 00 00 ff ff
[495] [6610.173772] ioctl(fd=0xb, req=0x80044970, size=4) = 0
  0000: 00 00 ff ff
[495] [6610.174594] ioctl(fd=0xb, req=0x80044952, size=4) = 0
  0000: 95 c5 00 00
[495] [6610.177588] ioctl(fd=0x4, req=0xc001662b, size=1) = 0
  0000: 29
[495] [6610.178098] ioctl(fd=0x4, req=0xc001662b, size=1) = 0
  0000: 29
[495] [6610.184816] ioctl(fd=0xb, req=0x80044970, size=4) = 0
  0000: 00 00 ff ff
[495] [6610.195740] ioctl(fd=0xb, req=0x80044970, size=4) = 0
  0000: 00 00 ff ff
[495] [6610.206469] ioctl(fd=0xb, req=0x80044970, size=4) = 0
  0000: 00 00 ff ff
[495] [6610.217323] ioctl(fd=0xb, req=0x80044970, size=4) = 0
  0000: 00 00 ff ff
[495] [6610.228282] ioctl(fd=0xb, req=0x80044970, size=4) = 0
  0000: 00 00 ff ff
[495] [6610.240564] ioctl(fd=0xb, req=0x80044970, size=4) = 0
  0000: 00 00 ff ff
[495] [6610.251396] ioctl(fd=0xb, req=0x80044970, size=4) = 0
  0000: 00 00 ff ff
[495] [6610.262420] ioctl(fd=0xb, req=0x80044970, size=4) = 0
  0000: 00 00 ff ff
[495] [6610.273435] ioctl(fd=0xb, req=0x80044970, size=4) = 0
  0000: 00 00 ff ff
[495] [6610.275370] ioctl(fd=0xb, req=0x80044952, size=4) = 0
  0000: 95 c6 00 00
[495] [6610.280346] ioctl(fd=0x4, req=0xc001662b, size=1) = 0
  0000: 29
[495] [6610.280799] ioctl(fd=0x4, req=0xc001662b, size=1) = 0
  0000: 29
[495] [6610.286757] ioctl(fd=0xb, req=0x80044970, size=4) = 0
  0000: 00 00 ff ff
[495] [6610.297513] ioctl(fd=0xb, req=0x80044970, size=4) = 0
  0000: 00 00 ff ff
[495] [6610.308331] ioctl(fd=0xb, req=0x80044970, size=4) = 0
  0000: 00 00 ff ff
[495] [6610.319197] ioctl(fd=0xb, req=0x80044970, size=4) = 0
  0000: 00 00 ff ff
[495] [6610.329990] ioctl(fd=0xb, req=0x80044970, size=4) = 0
  0000: 00 00 ff ff
[495] [6610.340867] ioctl(fd=0xb, req=0x80044970, size=4) = 0
  0000: 00 00 ff ff
[495] [6610.351694] ioctl(fd=0xb, req=0x80044970, size=4) = 0
  0000: 00 00 ff ff
[495] [6610.362440] ioctl(fd=0xb, req=0x80044970, size=4) = 0
  0000: 00 00 ff ff
[495] [6610.373280] ioctl(fd=0xb, req=0x80044970, size=4) = 0
  0000: 00 00 ff ff
[495] [6610.376180] ioctl(fd=0xb, req=0x80044952, size=4) = 0
[495] [6610.381389] ioctl(fd=0x4, req=0xc001662b, size=1) = 0
[495] [6610.384175] ioctl(fd=0xb, req=0x80044970, size=4) = 0
  0000: 95 c6 00 00
  0000: 29
[495] [6610.385229] ioctl(fd=0x4, req=0xc001662b, size=1) = 0
  0000: 29
  0000: 00 00 ff ff
[495] [6610.396404] ioctl(fd=0xb, req=0x80044970, size=4) = 0
  0000: 00 00 ff ff
[495] [6610.407171] ioctl(fd=0xb, req=0x80044970, size=4) = 0
  0000: 00 00 ff ff
[495] [6610.408774] ioctl(fd=0xb, req=0x40044902, size=4) = 0
  0000: 01 00 01 00
[495] [6610.409282] ioctl(fd=0xb, req=0x40044904, size=4) = 0
  0000: 01 00 80 02
[495] [6610.409774] ioctl(fd=0xb, req=0x4004490a, size=4) = 0
  0000: 00 00 08 00
[495] [6610.410585] ioctl(fd=0xb, req=0x4004490c, size=4) = 0
  0000: 01 00 00 00
[495] [6610.411104] ioctl(fd=0xb, req=0x4004492b, size=4) = 0
  0000: 01 00 00 00
[495] [6610.411893] ioctl(fd=0xb, req=0x4004492f, size=4) = 0
  0000: 01 00 00 00
[495] [6610.412344] ioctl(fd=0xb, req=0x40044906, size=4) = 0
  0000: 01 00 01 00
[495] [6610.412759] ioctl(fd=0xb, req=0x4004490e, size=4) = 0
  0000: c0 00 00 00
[495] [6610.413215] ioctl(fd=0xb, req=0x4004491a, size=4) = 0
  0000: 00 00 1a 00
[495] [6610.413659] ioctl(fd=0xb, req=0x40044912, size=4) = 0
  0000: 01 00 00 00
[495] [6610.414130] ioctl(fd=0xb, req=0x40044936, size=4) = 0
  0000: 00 00 07 00
[495] [6610.414801] ioctl(fd=0xb, req=0x4004491b, size=4) = 0
[495] [6610.417993] ioctl(fd=0xb, req=0x80044970, size=4) = 0
  0000: 00 00 ff ff
  0000: 01 00 10 00
[495] [6610.419228] ioctl(fd=0xb, req=0x40044925, size=4) = 0
  0000: 01 00 01 00
[495] [6610.419709] ioctl(fd=0xb, req=0x40044927, size=4) = 0
  0000: 08 00 02 00
[495] [6610.420337] ioctl(fd=0xb, req=0x4004493b, size=4) = 0
  0000: 01 00 01 00
[495] [6610.420761] ioctl(fd=0xb, req=0x40044939, size=4) = 0
  0000: 01 00 40 00
[495] [6610.421172] ioctl(fd=0xb, req=0x4004493f, size=4) = 0
  0000: 00 00 0f 00
[495] [6610.421575] ioctl(fd=0xb, req=0x40044941, size=4) = 0
  0000: 44 00 00 00
[495] [6610.425756] ioctl(fd=0xb, req=0x40044910, size=4) = 0
  0000: 01 00 00 00
[495] [6610.426273] ioctl(fd=0xb, req=0x4004495e, size=4) = 0
  0000: 06 00 06 00
[495] [6610.426803] ioctl(fd=0xb, req=0x40044960, size=4) = 0
  0000: 00 00 ff 04
[495] [6610.427213] ioctl(fd=0xb, req=0x40044953, size=4) = 0
  0000: 01 00 9d 01
[495] [6610.427618] ioctl(fd=0xb, req=0x40044963, size=4) = 0
  0000: 9d 01 00 01
[495] [6610.428746] ioctl(fd=0xb, req=0x80044970, size=4) = 0
  0000: 00 00 ff ff
[495] [6610.428026] ioctl(fd=0xb, req=0x40044955, size=4) = 0
  0000: 0f 00 08 00
[495] [6610.433107] ioctl(fd=0xb, req=0x40044973, size=4) = 0
  0000: 01 00 00 00
[495] [6610.433595] ioctl(fd=0xb, req=0x40044943, size=4) = 0
  0000: 01 00 00 00
[495] [6610.434033] ioctl(fd=0xb, req=0x40044946, size=4) = 0
  0000: 00 00 00 00
[495] [6610.434468] ioctl(fd=0xb, req=0x40044949, size=4) = 0
  0000: 00 00 01 00
[495] [6610.434902] ioctl(fd=0xb, req=0x4004494c, size=4) = 0
  0000: 01 00 0f 00
[495] [6610.438263] ioctl(fd=0xb, req=0x4004494e, size=4) = 0
  0000: 0f 00 00 00
[495] [6610.438736] ioctl(fd=0xb, req=0x40044950, size=4) = 0
  0000: dc 05 00 00
[495] [6610.439188] ioctl(fd=0xb, req=0x8004494f, size=4) = 0
[495] [6610.439523] ioctl(fd=0xb, req=0x80044970, size=4) = 0
  0000: 00 00 ff ff
  0000: 0f 00 00 00
[495] [6610.454099] ioctl(fd=0xb, req=0x80044970, size=4) = 0
  0000: 00 00 ff ff
[495] [6610.457337] ioctl(fd=0xb, req=0x4004497a, size=4) = 0
  0000: 0f 00 00 00
[495] [6610.459225] ioctl(fd=0xb, req=0x40044975, size=4) = 0
  0000: 00 00 08 00
[495] [6610.460144] ioctl(fd=0xb, req=0x40044977, size=4) = 0
  0000: 00 00 00 00
[495] [6610.460685] ioctl(fd=0xb, req=0x80044942, size=4) = 0
  0000: 44 00 00 00
[495] [6610.461191] ioctl(fd=0xb, req=0x40044941, size=4) = 0
[495] [6610.464868] ioctl(fd=0xb, req=0x80044970, size=4) = 0
  0000: 00 00 ff ff
  0000: 44 00 00 00
[495] [6610.465901] ioctl(fd=0xb, req=0x80044951, size=4) = 0
  0000: dc 05 00 00
[495] [6610.466334] ioctl(fd=0xb, req=0x40044950, size=4) = 0
  0000: dc 05 00 00
[495] [6610.466964] ioctl(fd=0xb, req=0x80044942, size=4) = 0
  0000: 44 00 00 00
[495] [6610.467526] ioctl(fd=0xb, req=0x40044941, size=4) = 0
  0000: 44 00 00 00
[495] [6610.468029] ioctl(fd=0xb, req=0x80044942, size=4) = 0
  0000: 44 00 00 00
[495] [6610.472663] ioctl(fd=0xb, req=0x40044941, size=4) = 0
  0000: 44 00 00 00
[495] [6610.474259] ioctl(fd=0xb, req=0x40044925, size=4) = 0
  0000: 01 00 01 00
[495] [6610.474754] ioctl(fd=0xb, req=0x8004494f, size=4) = 0
  0000: 0f 00 00 00
[495] [6610.475864] ioctl(fd=0xb, req=0x80044970, size=4) = 0
  0000: 00 00 ff ff
[495] [6610.487149] ioctl(fd=0xb, req=0x80044970, size=4) = 0
  0000: 00 00 ff ff
[495] [6610.487906] ioctl(fd=0x4, req=0xc001662b, size=1) = 0
  0000: 29
[495] [6610.488391] ioctl(fd=0x4, req=0xc001662b, size=1) = 0
  0000: 29
[495] [6610.492632] ioctl(fd=0xb, req=0x4004497a, size=4) = 0
  0000: 0f 00 00 00
[495] [6610.494627] ioctl(fd=0xb, req=0x80044952, size=4) = 0
  0000: 95 c6 00 00
[495] [6610.495255] ioctl(fd=0xb, req=0x80044951, size=4) = 0
  0000: dc 05 00 00
[495] [6610.495720] ioctl(fd=0xb, req=0x40044950, size=4) = 0
  0000: dc 05 00 00
[495] [6610.498081] ioctl(fd=0xb, req=0x80044970, size=4) = 0
  0000: 00 00 ff ff
[495] [6610.509047] ioctl(fd=0xb, req=0x80044970, size=4) = 0
  0000: 00 00 ff ff
[495] [6610.519845] ioctl(fd=0xb, req=0x80044970, size=4) = 0
  0000: 00 00 ff ff
[495] [6610.530825] ioctl(fd=0xb, req=0x80044970, size=4) = 0
  0000: 00 00 ff ff
[495] [6610.541608] ioctl(fd=0xb, req=0x80044970, size=4) = 0
  0000: 00 00 ff ff
[495] [6610.552479] ioctl(fd=0xb, req=0x80044970, size=4) = 0
  0000: 00 00 ff ff
[495] [6610.563215] ioctl(fd=0xb, req=0x80044970, size=4) = 0
  0000: 00 00 ff ff
[495] [6610.574195] ioctl(fd=0xb, req=0x80044970, size=4) = 0
  0000: 00 00 ff ff
[495] [6610.585088] ioctl(fd=0xb, req=0x80044970, size=4) = 0
  0000: 00 00 ff ff
[495] [6610.589146] ioctl(fd=0x4, req=0xc001662b, size=1) = 0
  0000: 29
[495] [6610.589660] ioctl(fd=0x4, req=0xc001662b, size=1) = 0
  0000: 29
[495] [6610.595376] ioctl(fd=0xb, req=0x80044952, size=4) = 0
  0000: 90 c0 00 00
[495] [6610.596052] ioctl(fd=0xb, req=0x80044970, size=4) = 0
  0000: 00 00 ff ff
[495] [6610.606844] ioctl(fd=0xb, req=0x80044970, size=4) = 0
  0000: 00 00 ff ff
[495] [6610.617599] ioctl(fd=0xb, req=0x80044970, size=4) = 0
  0000: 00 00 ff ff
[495] [6610.628434] ioctl(fd=0xb, req=0x80044970, size=4) = 0
  0000: 00 00 ff ff
[495] [6610.639262] ioctl(fd=0xb, req=0x80044970, size=4) = 0
  0000: 00 00 ff ff
[495] [6610.650213] ioctl(fd=0xb, req=0x80044970, size=4) = 0
  0000: 00 00 ff ff
[495] [6610.661045] ioctl(fd=0xb, req=0x80044970, size=4) = 0
  0000: 00 00 ff ff
[495] [6610.671981] ioctl(fd=0xb, req=0x80044970, size=4) = 0
  0000: 00 00 ff ff
[495] [6610.682793] ioctl(fd=0xb, req=0x80044970, size=4) = 0
  0000: 00 00 ff ff
[495] [6610.691739] ioctl(fd=0x4, req=0xc001662b, size=1) = 0
  0000: 29
[495] [6610.692187] ioctl(fd=0x4, req=0xc001662b, size=1) = 0
  0000: 29
[495] [6610.693532] ioctl(fd=0xb, req=0x80044970, size=4) = 0
  0000: 00 00 ff ff
[495] [6610.696182] ioctl(fd=0xb, req=0x80044952, size=4) = 0
  0000: 90 c0 00 00
[495] [6610.704282] ioctl(fd=0xb, req=0x80044970, size=4) = 0
  0000: 00 00 ff ff
[495] [6610.715285] ioctl(fd=0xb, req=0x80044970, size=4) = 0
  0000: 00 00 ff ff
[495] [6610.726105] ioctl(fd=0xb, req=0x80044970, size=4) = 0
  0000: 00 00 ff ff
[495] [6610.736952] ioctl(fd=0xb, req=0x80044970, size=4) = 0
  0000: 00 00 ff ff
[495] [6610.747692] ioctl(fd=0xb, req=0x80044970, size=4) = 0
  0000: 00 00 ff ff
[495] [6610.758434] ioctl(fd=0xb, req=0x80044970, size=4) = 0
  0000: 00 00 ff ff
[495] [6610.769212] ioctl(fd=0xb, req=0x80044970, size=4) = 0
  0000: 00 00 ff ff
[495] [6610.780235] ioctl(fd=0xb, req=0x80044970, size=4) = 0
  0000: 00 00 ff ff
[495] [6610.791108] ioctl(fd=0xb, req=0x80044970, size=4) = 0
  0000: 00 00 ff ff
[495] [6610.792760] ioctl(fd=0x4, req=0xc001662b, size=1) = 0
  0000: 29
[495] [6610.793268] ioctl(fd=0x4, req=0xc001662b, size=1) = 0
  0000: 29
[495] [6610.796948] ioctl(fd=0xb, req=0x80044952, size=4) = 0
  0000: 90 bf 00 00
[495] [6610.802102] ioctl(fd=0xb, req=0x80044970, size=4) = 0
  0000: 00 00 ff ff
[495] [6610.829333] ioctl(fd=0xb, req=0x80044970, size=4) = 0
  0000: 00 00 ff ff
[495] [6610.840225] ioctl(fd=0xb, req=0x80044970, size=4) = 0
  0000: 00 00 1f 04
[495] [6610.851064] ioctl(fd=0xb, req=0x80044970, size=4) = 0
  0000: 00 00 1f 04
[495] [6610.861839] ioctl(fd=0xb, req=0x80044970, size=4) = 0
  0000: 00 00 1f 04
[495] [6610.872570] ioctl(fd=0xb, req=0x80044970, size=4) = 0
  0000: 00 00 1f 04
[495] [1758746176.975797] ioctl(fd=0xb, req=0x80044970, size=4) = 0
  0000: 00 00 1f 04
[495] [1758746176.984438] ioctl(fd=0x4, req=0xc001662b, size=1) = 0
  0000: 29
[495] [1758746176.984928] ioctl(fd=0x4, req=0xc001662b, size=1) = 0
  0000: 29
[495] [1758746176.988420] ioctl(fd=0xb, req=0x80044970, size=4) = 0
  0000: 00 00 1f 04
[495] [1758746176.989381] ioctl(fd=0xb, req=0x80044952, size=4) = 0
  0000: 90 bf 00 00
[495] [1758746176.999486] ioctl(fd=0xb, req=0x80044970, size=4) = 0
  0000: 00 00 1f 04
[495] [1758746177.010611] ioctl(fd=0xb, req=0x80044970, size=4) = 0
  0000: 00 00 1f 04
[495] [1758746177.022111] ioctl(fd=0xb, req=0x80044970, size=4) = 0
  0000: 00 00 1f 04
[495] [1758746177.033710] ioctl(fd=0xb, req=0x80044970, size=4) = 0
  0000: 00 00 1f 04
[495] [1758746177.044874] ioctl(fd=0xb, req=0x80044970, size=4) = 0
  0000: 00 00 1f 04
[495] [1758746177.059019] ioctl(fd=0xb, req=0x80044970, size=4) = 0
  0000: 00 00 1f 04
[495] [1758746177.071895] ioctl(fd=0xb, req=0x80044970, size=4) = 0
  0000: 00 00 b2 3c
[495] [1758746177.083119] ioctl(fd=0xb, req=0x80044970, size=4) = 0
  0000: 00 00 b2 3c
[495] [1758746177.086878] ioctl(fd=0x4, req=0xc001662b, size=1) = 0
  0000: 29
[495] [1758746177.087383] ioctl(fd=0x4, req=0xc001662b, size=1) = 0
  0000: 29
[495] [1758746177.090871] ioctl(fd=0xb, req=0x80044952, size=4) = 0
  0000: 85 ae 00 00
[495] [1758746177.093912] ioctl(fd=0xb, req=0x80044970, size=4) = 0
  0000: 00 00 b2 3c
[495] [1758746177.104748] ioctl(fd=0xb, req=0x80044970, size=4) = 0
  0000: 00 00 b2 3c
[495] [1758746177.115551] ioctl(fd=0xb, req=0x80044970, size=4) = 0
  0000: 00 00 b2 3c
[495] [1758746177.126510] ioctl(fd=0xb, req=0x80044970, size=4) = 0
  0000: 00 00 b2 3c
[495] [1758746177.137828] ioctl(fd=0xb, req=0x80044970, size=4) = 0
  0000: 00 00 b2 3c
[495] [1758746177.150345] ioctl(fd=0xb, req=0x80044970, size=4) = 0
  0000: 00 00 b2 3c
[495] [1758746177.167489] ioctl(fd=0xb, req=0x80044970, size=4) = 0
  0000: 00 00 b2 3c
[495] [1758746177.179378] ioctl(fd=0xb, req=0x80044970, size=4) = 0
  0000: 00 00 b2 3c
[495] [1758746177.191138] ioctl(fd=0xb, req=0x80044970, size=4) = 0
[495] [1758746177.191611] ioctl(fd=0xb, req=0x80044952, size=4) = 0
  0000: 85 ae 00 00
  0000: 00 00 b2 3c
[495] [1758746177.191895] ioctl(fd=0x4, req=0xc001662b, size=1) = 0
  0000: 29
[495] [1758746177.193523] ioctl(fd=0x4, req=0xc001662b, size=1) = 0
  0000: 29
[495] [1758746177.203367] ioctl(fd=0xb, req=0x80044970, size=4) = 0
  0000: 00 00 b2 3c
[495] [1758746177.214177] ioctl(fd=0xb, req=0x80044970, size=4) = 0
  0000: 00 00 b2 3c
[495] [1758746177.226917] ioctl(fd=0xb, req=0x80044970, size=4) = 0
  0000: 00 00 b2 3c
[495] [1758746177.237867] ioctl(fd=0xb, req=0x80044970, size=4) = 0
  0000: 00 00 b2 3c
[495] [1758746177.248828] ioctl(fd=0xb, req=0x80044970, size=4) = 0
  0000: 00 00 b2 3c
[495] [1758746177.260020] ioctl(fd=0xb, req=0x80044970, size=4) = 0
  0000: 00 00 b2 3c
[495] [1758746177.271026] ioctl(fd=0xb, req=0x80044970, size=4) = 0
  0000: 00 00 b2 3c
[495] [1758746177.287361] ioctl(fd=0xb, req=0x80044970, size=4) = 0
  0000: 00 00 b2 3c
[495] [1758746177.293074] ioctl(fd=0xb, req=0x80044952, size=4) = 0
  0000: 54 3a 00 00
[495] [1758746177.294457] ioctl(fd=0x4, req=0xc001662b, size=1) = 0
  0000: 29
[495] [1758746177.295361] ioctl(fd=0x4, req=0xc001662b, size=1) = 0
  0000: 29
[495] [1758746177.302438] ioctl(fd=0xb, req=0x80044970, size=4) = 0
  0000: 00 00 b2 3c
[495] [1758746177.318702] ioctl(fd=0xb, req=0x80044970, size=4) = 0
  0000: 00 00 b2 3c
[495] [1758746177.336576] ioctl(fd=0xb, req=0x80044970, size=4) = 0
  0000: 00 00 d5 4d
[495] [1758746177.347497] ioctl(fd=0xb, req=0x80044970, size=4) = 0
  0000: 00 00 d5 4d
[495] [1758746177.359930] ioctl(fd=0xb, req=0x80044970, size=4) = 0
  0000: 00 00 d5 4d
[495] [1758746177.372363] ioctl(fd=0xb, req=0x80044970, size=4) = 0
  0000: 00 00 d5 4d
[495] [1758746177.383159] ioctl(fd=0xb, req=0x80044970, size=4) = 0
  0000: 00 00 d5 4d
[495] [1758746177.397285] ioctl(fd=0xb, req=0x80044970, size=4) = 0
  0000: 00 00 d5 4d
[495] [1758746177.399916] ioctl(fd=0x4, req=0xc001662b, size=1) = 0
  0000: 29
[495] [1758746177.400517] ioctl(fd=0x4, req=0xc001662b, size=1) = 0
  0000: 29
[495] [1758746177.396935] ioctl(fd=0xb, req=0x80044952, size=4) = 0
  0000: 54 3a 00 00
[495] [1758746177.409791] ioctl(fd=0xb, req=0x80044970, size=4) = 0
  0000: 00 00 d5 4d
[495] [1758746177.420735] ioctl(fd=0xb, req=0x80044970, size=4) = 0
  0000: 00 00 d5 4d
[495] [1758746177.435901] ioctl(fd=0xb, req=0x80044970, size=4) = 0
  0000: 00 00 d5 4d
[495] [1758746177.447653] ioctl(fd=0xb, req=0x80044970, size=4) = 0
  0000: 00 00 d5 4d
[495] [1758746177.458459] ioctl(fd=0xb, req=0x80044970, size=4) = 0
  0000: 00 00 d5 4d
[495] [1758746177.469978] ioctl(fd=0xb, req=0x80044970, size=4) = 0
  0000: 00 00 60 1a
[495] [1758746177.481544] ioctl(fd=0xb, req=0x80044970, size=4) = 0
  0000: 00 00 60 1a
[495] [1758746177.493290] ioctl(fd=0xb, req=0x80044970, size=4) = 0
  0000: 00 00 60 1a
[495] [1758746177.501238] ioctl(fd=0x4, req=0xc001662b, size=1) = 0
  0000: 29
[495] [1758746177.501886] ioctl(fd=0x4, req=0xc001662b, size=1) = 0
  0000: 29
[495] [1758746177.508090] ioctl(fd=0xb, req=0x80044970, size=4) = 0
  0000: 00 00 60 1a
[495] [1758746177.508709] ioctl(fd=0xb, req=0x80044952, size=4) = 0
  0000: 54 3a 00 00
[495] [1758746177.519501] ioctl(fd=0xb, req=0x80044970, size=4) = 0
  0000: 00 00 60 1a
[495] [1758746177.534913] ioctl(fd=0xb, req=0x80044970, size=4) = 0
  0000: 00 00 60 1a
[495] [1758746177.552450] ioctl(fd=0xb, req=0x80044970, size=4) = 0
  0000: 00 00 60 1a
[495] [1758746177.563413] ioctl(fd=0xb, req=0x80044970, size=4) = 0
  0000: 00 00 60 1a
[495] [1758746177.574359] ioctl(fd=0xb, req=0x80044970, size=4) = 0
  0000: 00 00 60 1a
[495] [1758746177.585277] ioctl(fd=0xb, req=0x80044970, size=4) = 0
  0000: 00 00 60 1a
[495] [1758746177.612683] ioctl(fd=0xb, req=0x80044970, size=4) = 0
  0000: 00 00 1d 0d
[495] [1758746177.614616] ioctl(fd=0x4, req=0xc001662b, size=1) = 0
  0000: 29
[495] [1758746177.615105] ioctl(fd=0x4, req=0xc001662b, size=1) = 0
[495] [1758746177.615744] ioctl(fd=0xb, req=0x80044952, size=4) = 0
  0000: 54 3a 00 00
  0000: 29
[495] [1758746177.624609] ioctl(fd=0xb, req=0x80044970, size=4) = 0
  0000: 00 00 1d 0d
[495] [1758746177.635496] ioctl(fd=0xb, req=0x80044970, size=4) = 0
  0000: 00 00 1d 0d
[495] [1758746177.647766] ioctl(fd=0xb, req=0x80044970, size=4) = 0
  0000: 00 00 1d 0d
[495] [1758746177.658743] ioctl(fd=0xb, req=0x80044970, size=4) = 0
  0000: 00 00 1d 0d
[495] [1758746177.670034] ioctl(fd=0xb, req=0x80044970, size=4) = 0
  0000: 00 00 1d 0d
[495] [1758746177.682323] ioctl(fd=0xb, req=0x80044970, size=4) = 0
  0000: 00 00 1d 0d
[495] [1758746177.696289] ioctl(fd=0xb, req=0x80044970, size=4) = 0
  0000: 00 00 1d 0d
[495] [1758746177.708298] ioctl(fd=0xb, req=0x80044970, size=4) = 0
  0000: 00 00 1d 0d
[495] [1758746177.717293] ioctl(fd=0xb, req=0x80044952, size=4) = 0
  0000: 54 3a 00 00
[495] [1758746177.717868] ioctl(fd=0x4, req=0xc001662b, size=1) = 0
  0000: 29
[495] [1758746177.718303] ioctl(fd=0x4, req=0xc001662b, size=1) = 0
  0000: 29
[495] [1758746177.719051] ioctl(fd=0xb, req=0x80044970, size=4) = 0
  0000: 00 00 1d 0d
[495] [1758746177.730099] ioctl(fd=0xb, req=0x80044970, size=4) = 0
  0000: 00 00 98 07
[495] [1758746177.741282] ioctl(fd=0xb, req=0x80044970, size=4) = 0
  0000: 00 00 98 07
[495] [1758746177.752257] ioctl(fd=0xb, req=0x80044970, size=4) = 0
  0000: 00 00 98 07
[495] [1758746177.763107] ioctl(fd=0xb, req=0x80044970, size=4) = 0
  0000: 00 00 98 07
[495] [1758746177.773910] ioctl(fd=0xb, req=0x80044970, size=4) = 0
  0000: 00 00 98 07
[495] [1758746177.784730] ioctl(fd=0xb, req=0x80044970, size=4) = 0
  0000: 00 00 98 07
[495] [1758746177.796529] ioctl(fd=0xb, req=0x80044970, size=4) = 0
  0000: 00 00 98 07
[495] [1758746177.808417] ioctl(fd=0xb, req=0x80044970, size=4) = 0
  0000: 00 00 98 07
[495] [1758746177.818099] ioctl(fd=0xb, req=0x80044952, size=4) = 0
  0000: 54 3a 00 00
[495] [1758746177.820269] ioctl(fd=0xb, req=0x80044970, size=4) = 0
  0000: 00 00 98 07
[495] [1758746177.821235] ioctl(fd=0x4, req=0xc001662b, size=1) = 0
  0000: 29
[495] [1758746177.821728] ioctl(fd=0x4, req=0xc001662b, size=1) = 0
  0000: 29
[495] [1758746177.831377] ioctl(fd=0xb, req=0x80044970, size=4) = 0
  0000: 00 00 98 07
[495] [1758746177.842648] ioctl(fd=0xb, req=0x80044970, size=4) = 0
  0000: 00 00 98 07
[495] [1758746177.853650] ioctl(fd=0xb, req=0x80044970, size=4) = 0
  0000: 00 00 98 07
[495] [1758746177.864675] ioctl(fd=0xb, req=0x80044970, size=4) = 0
  0000: 00 00 62 08
[495] [1758746177.877257] ioctl(fd=0xb, req=0x80044970, size=4) = 0
  0000: 00 00 62 08
[495] [1758746177.890412] ioctl(fd=0xb, req=0x80044970, size=4) = 0
  0000: 00 00 62 08
[495] [1758746177.903270] ioctl(fd=0xb, req=0x80044970, size=4) = 0
  0000: 00 00 62 08
[495] [1758746177.915140] ioctl(fd=0xb, req=0x80044970, size=4) = 0
  0000: 00 00 62 08
[495] [1758746177.918933] ioctl(fd=0xb, req=0x80044952, size=4) = 0
  0000: 54 3a 00 00
[495] [1758746177.924780] ioctl(fd=0x4, req=0xc001662b, size=1) = 0
  0000: 29
[495] [1758746177.925306] ioctl(fd=0x4, req=0xc001662b, size=1) = 0
  0000: 29
[495] [1758746177.926488] ioctl(fd=0xb, req=0x80044970, size=4) = 0
  0000: 00 00 62 08
[495] [1758746177.937319] ioctl(fd=0xb, req=0x80044970, size=4) = 0
  0000: 00 00 62 08
[495] [1758746177.948692] ioctl(fd=0xb, req=0x80044970, size=4) = 0
  0000: 00 00 62 08
[495] [1758746177.960274] ioctl(fd=0xb, req=0x80044970, size=4) = 0
  0000: 00 00 62 08
[495] [1758746177.970984] ioctl(fd=0xb, req=0x80044970, size=4) = 0
  0000: 00 00 62 08
[495] [1758746177.982019] ioctl(fd=0xb, req=0x80044970, size=4) = 0
  0000: 00 00 62 08
[495] [1758746177.993042] ioctl(fd=0xb, req=0x80044970, size=4) = 0
  0000: 00 00 7a 06
[495] [1758746178.005192] ioctl(fd=0xb, req=0x80044970, size=4) = 0
  0000: 00 00 7a 06
[495] [1758746178.016116] ioctl(fd=0xb, req=0x80044970, size=4) = 0
  0000: 00 00 7a 06
[495] [1758746178.019931] ioctl(fd=0xb, req=0x80044952, size=4) = 0
  0000: 54 3a 00 00
[495] [1758746178.027624] ioctl(fd=0xb, req=0x80044970, size=4) = 0
  0000: 00 00 7a 06
[495] [1758746178.028320] ioctl(fd=0x4, req=0xc001662b, size=1) = 0
  0000: 29
[495] [1758746178.028814] ioctl(fd=0x4, req=0xc001662b, size=1) = 0
  0000: 29
[495] [1758746178.039918] ioctl(fd=0xb, req=0x80044970, size=4) = 0
  0000: 00 00 7a 06
[495] [1758746178.050993] ioctl(fd=0xb, req=0x80044970, size=4) = 0
  0000: 00 00 7a 06
[495] [1758746178.063362] ioctl(fd=0xb, req=0x80044970, size=4) = 0
  0000: 00 00 7a 06
[495] [1758746178.074672] ioctl(fd=0xb, req=0x80044970, size=4) = 0
  0000: 00 00 7a 06
[495] [1758746178.086202] ioctl(fd=0xb, req=0x80044970, size=4) = 0
  0000: 00 00 7a 06
[495] [1758746178.097015] ioctl(fd=0xb, req=0x80044970, size=4) = 0
  0000: 00 00 7a 06
[495] [1758746178.108955] ioctl(fd=0xb, req=0x80044970, size=4) = 0
  0000: 00 00 7a 06
[495] [1758746178.121942] ioctl(fd=0xb, req=0x80044970, size=4) = 0
  0000: 00 00 7a 06
[495] [1758746178.122608] ioctl(fd=0xb, req=0x80044952, size=4) = 0
  0000: 54 3a 00 00
[495] [1758746178.132010] ioctl(fd=0x4, req=0xc001662b, size=1) = 0
  0000: 29
[495] [1758746178.132533] ioctl(fd=0x4, req=0xc001662b, size=1) = 0
  0000: 29
[495] [1758746178.133214] ioctl(fd=0xb, req=0x80044970, size=4) = 0
  0000: 00 00 c9 07
[495] [1758746178.143989] ioctl(fd=0xb, req=0x80044970, size=4) = 0
  0000: 00 00 c9 07
[495] [1758746178.154892] ioctl(fd=0xb, req=0x80044970, size=4) = 0
  0000: 00 00 c9 07
[495] [1758746178.165658] ioctl(fd=0xb, req=0x80044970, size=4) = 0
  0000: 00 00 c9 07
[495] [1758746178.178759] ioctl(fd=0xb, req=0x80044970, size=4) = 0
  0000: 00 00 c9 07
[495] [1758746178.191962] ioctl(fd=0xb, req=0x80044970, size=4) = 0
  0000: 00 00 c9 07
[495] [1758746178.207808] ioctl(fd=0xb, req=0x80044970, size=4) = 0
  0000: 00 00 c9 07
[495] [1758746178.219911] ioctl(fd=0xb, req=0x80044970, size=4) = 0
  0000: 00 00 c9 07
[495] [1758746178.223473] ioctl(fd=0xb, req=0x80044952, size=4) = 0
  0000: 54 3a 00 00
[495] [1758746178.230793] ioctl(fd=0xb, req=0x80044970, size=4) = 0
  0000: 00 00 c9 07
[495] [1758746178.234486] ioctl(fd=0x4, req=0xc001662b, size=1) = 0
  0000: 29
[495] [1758746178.234953] ioctl(fd=0x4, req=0xc001662b, size=1) = 0
  0000: 29
[495] [1758746178.241521] ioctl(fd=0xb, req=0x80044970, size=4) = 0
  0000: 00 00 c9 07
[495] [1758746178.252395] ioctl(fd=0xb, req=0x80044970, size=4) = 0
  0000: 00 00 c9 07
[495] [1758746178.263255] ioctl(fd=0xb, req=0x80044970, size=4) = 0
  0000: 00 00 0c 09
[495] [1758746178.278123] ioctl(fd=0xb, req=0x80044970, size=4) = 0
  0000: 00 00 0c 09
[495] [1758746178.290523] ioctl(fd=0xb, req=0x80044970, size=4) = 0
  0000: 00 00 0c 09
[495] [1758746178.302581] ioctl(fd=0xb, req=0x80044970, size=4) = 0
  0000: 00 00 0c 09
[495] [1758746178.313381] ioctl(fd=0xb, req=0x80044970, size=4) = 0
  0000: 00 00 0c 09
[495] [1758746178.325950] ioctl(fd=0xb, req=0x80044970, size=4) = 0
  0000: 00 00 0c 09
[495] [1758746178.326750] ioctl(fd=0xb, req=0x80044952, size=4) = 0
  0000: 54 3a 00 00
[495] [1758746178.337177] ioctl(fd=0x4, req=0xc001662b, size=1) = 0
  0000: 29
[495] [1758746178.337751] ioctl(fd=0x4, req=0xc001662b, size=1) = 0
  0000: 29
[495] [1758746178.338438] ioctl(fd=0xb, req=0x80044970, size=4) = 0
  0000: 00 00 0c 09
[495] [1758746178.349747] ioctl(fd=0xb, req=0x80044970, size=4) = 0
  0000: 00 00 0c 09
[495] [1758746178.361651] ioctl(fd=0xb, req=0x80044970, size=4) = 0
  0000: 00 00 0c 09
[495] [1758746178.373847] ioctl(fd=0xb, req=0x80044970, size=4) = 0
  0000: 00 00 0c 09
[495] [1758746178.384700] ioctl(fd=0xb, req=0x80044970, size=4) = 0
  0000: 00 00 0c 09
[495] [1758746178.401724] ioctl(fd=0xb, req=0x80044970, size=4) = 0
  0000: 00 00 13 07
[495] [1758746178.414423] ioctl(fd=0xb, req=0x80044970, size=4) = 0
  0000: 00 00 13 07
[495] [1758746178.425449] ioctl(fd=0xb, req=0x80044970, size=4) = 0
  0000: 00 00 13 07
[495] [1758746178.427568] ioctl(fd=0xb, req=0x80044952, size=4) = 0
  0000: 54 3a 00 00
[495] [1758746178.440191] ioctl(fd=0x4, req=0xc001662b, size=1) = 0
  0000: 29
[495] [1758746178.440662] ioctl(fd=0x4, req=0xc001662b, size=1) = 0
  0000: 29
[495] [1758746178.441368] ioctl(fd=0xb, req=0x80044970, size=4) = 0
  0000: 00 00 13 07
[495] [1758746178.452177] ioctl(fd=0xb, req=0x80044970, size=4) = 0
  0000: 00 00 13 07
[495] [1758746178.463115] ioctl(fd=0xb, req=0x80044970, size=4) = 0
  0000: 00 00 13 07
[495] [1758746178.473980] ioctl(fd=0xb, req=0x80044970, size=4) = 0
  0000: 00 00 13 07
[495] [1758746178.484812] ioctl(fd=0xb, req=0x80044970, size=4) = 0
  0000: 00 00 13 07
[495] [1758746178.496201] ioctl(fd=0xb, req=0x80044970, size=4) = 0
  0000: 00 00 13 07
[495] [1758746178.508405] ioctl(fd=0xb, req=0x80044970, size=4) = 0
  0000: 00 00 13 07
[495] [1758746178.520858] ioctl(fd=0xb, req=0x80044970, size=4) = 0
  0000: 00 00 13 07
[495] [1758746178.528393] ioctl(fd=0xb, req=0x80044952, size=4) = 0
  0000: 54 3a 00 00
[495] [1758746178.533134] ioctl(fd=0xb, req=0x80044970, size=4) = 0
  0000: 00 00 00 03
[495] [1758746178.541348] ioctl(fd=0x4, req=0xc001662b, size=1) = 0
  0000: 29
[495] [1758746178.541868] ioctl(fd=0x4, req=0xc001662b, size=1) = 0
  0000: 29
[495] [1758746178.544288] ioctl(fd=0xb, req=0x80044970, size=4) = 0
  0000: 00 00 00 03
[495] [1758746178.555052] ioctl(fd=0xb, req=0x80044970, size=4) = 0
  0000: 00 00 00 03
[495] [1758746178.566694] ioctl(fd=0xb, req=0x80044970, size=4) = 0
  0000: 00 00 00 03
[495] [1758746178.577617] ioctl(fd=0xb, req=0x80044970, size=4) = 0
  0000: 00 00 00 03
[495] [1758746178.589645] ioctl(fd=0xb, req=0x80044970, size=4) = 0
  0000: 00 00 00 03
[495] [1758746178.600534] ioctl(fd=0xb, req=0x80044970, size=4) = 0
  0000: 00 00 00 03
[495] [1758746178.611420] ioctl(fd=0xb, req=0x80044970, size=4) = 0
  0000: 00 00 00 03
[495] [1758746178.627015] ioctl(fd=0xb, req=0x80044970, size=4) = 0
  0000: 00 00 00 03
[495] [1758746178.629531] ioctl(fd=0xb, req=0x80044952, size=4) = 0
  0000: 54 3a 00 00
[495] [1758746178.640255] ioctl(fd=0xb, req=0x80044970, size=4) = 0
  0000: 00 00 00 03
[495] [1758746178.643960] ioctl(fd=0x4, req=0xc001662b, size=1) = 0
  0000: 29
[495] [1758746178.646068] ioctl(fd=0x4, req=0xc001662b, size=1) = 0
  0000: 29
[495] [1758746178.659059] ioctl(fd=0xb, req=0x80044970, size=4) = 0
  0000: 00 00 a9 05
[495] [1758746178.674077] ioctl(fd=0xb, req=0x80044970, size=4) = 0
  0000: 00 00 a9 05
[495] [1758746178.685503] ioctl(fd=0xb, req=0x80044970, size=4) = 0
  0000: 00 00 a9 05
[495] [1758746178.696542] ioctl(fd=0xb, req=0x80044970, size=4) = 0
  0000: 00 00 a9 05
[495] [1758746178.707372] ioctl(fd=0xb, req=0x80044970, size=4) = 0
  0000: 00 00 a9 05
[495] [1758746178.718147] ioctl(fd=0xb, req=0x80044970, size=4) = 0
  0000: 00 00 a9 05
[495] [1758746178.728963] ioctl(fd=0xb, req=0x80044970, size=4) = 0
  0000: 00 00 a9 05
[495] [1758746178.730278] ioctl(fd=0xb, req=0x80044952, size=4) = 0
  0000: 54 3a 00 00
[495] [1758746178.740090] ioctl(fd=0xb, req=0x80044970, size=4) = 0
  0000: 00 00 a9 05
[495] [1758746178.746798] ioctl(fd=0x4, req=0xc001662b, size=1) = 0
  0000: 29
[495] [1758746178.747321] ioctl(fd=0x4, req=0xc001662b, size=1) = 0
  0000: 29
[495] [1758746178.751137] ioctl(fd=0xb, req=0x80044970, size=4) = 0
  0000: 00 00 a9 05
[495] [1758746178.762097] ioctl(fd=0xb, req=0x80044970, size=4) = 0
  0000: 00 00 a9 05
[495] [1758746178.772850] ioctl(fd=0xb, req=0x80044970, size=4) = 0
  0000: 00 00 a9 05
[495] [1758746178.784652] ioctl(fd=0xb, req=0x80044970, size=4) = 0
  0000: 00 00 a9 05
[495] [1758746178.795457] ioctl(fd=0xb, req=0x80044970, size=4) = 0
  0000: 00 00 46 04
[495] [1758746178.806914] ioctl(fd=0xb, req=0x80044970, size=4) = 0
  0000: 00 00 46 04
[495] [1758746178.819020] ioctl(fd=0xb, req=0x80044970, size=4) = 0
  0000: 00 00 46 04
[495] [1758746178.832767] ioctl(fd=0xb, req=0x80044952, size=4) = 0
  0000: 54 3a 00 00
[495] [1758746178.834230] ioctl(fd=0xb, req=0x80044970, size=4) = 0
  0000: 00 00 46 04
[495] [1758746178.848909] ioctl(fd=0xb, req=0x80044970, size=4) = 0
  0000: 00 00 46 04
[495] [1758746178.850805] ioctl(fd=0x4, req=0xc001662b, size=1) = 0
  0000: 29
[495] [1758746178.851248] ioctl(fd=0x4, req=0xc001662b, size=1) = 0
  0000: 29
[495] [1758746178.859897] ioctl(fd=0xb, req=0x80044970, size=4) = 0
  0000: 00 00 46 04
[495] [1758746178.871140] ioctl(fd=0xb, req=0x80044970, size=4) = 0
  0000: 00 00 46 04
[495] [1758746178.885514] ioctl(fd=0xb, req=0x80044970, size=4) = 0
  0000: 00 00 46 04
[495] [1758746178.897276] ioctl(fd=0xb, req=0x80044970, size=4) = 0
  0000: 00 00 46 04
[495] [1758746178.908083] ioctl(fd=0xb, req=0x80044970, size=4) = 0
  0000: 00 00 46 04
[495] [1758746178.919042] ioctl(fd=0xb, req=0x80044970, size=4) = 0
  0000: 00 00 46 04
[495] [1758746178.930047] ioctl(fd=0xb, req=0x80044970, size=4) = 0
  0000: 00 00 be 07
[495] [1758746178.936175] ioctl(fd=0xb, req=0x80044952, size=4) = 0
  0000: 54 3a 00 00
[495] [1758746178.940951] ioctl(fd=0xb, req=0x80044970, size=4) = 0
  0000: 00 00 be 07
[495] [1758746178.952663] ioctl(fd=0x4, req=0xc001662b, size=1) = 0
  0000: 29
[495] [1758746178.953145] ioctl(fd=0x4, req=0xc001662b, size=1) = 0
  0000: 29
[495] [1758746178.953835] ioctl(fd=0xb, req=0x80044970, size=4) = 0
  0000: 00 00 be 07
[495] [1758746178.964711] ioctl(fd=0xb, req=0x80044970, size=4) = 0
  0000: 00 00 be 07
[495] [1758746178.975502] ioctl(fd=0xb, req=0x80044970, size=4) = 0
  0000: 00 00 be 07
[495] [1758746178.986307] ioctl(fd=0xb, req=0x80044970, size=4) = 0
  0000: 00 00 be 07
[495] [1758746178.998102] ioctl(fd=0xb, req=0x80044970, size=4) = 0
  0000: 00 00 be 07
[495] [1758746179.008894] ioctl(fd=0xb, req=0x80044970, size=4) = 0
  0000: 00 00 be 07
[495] [1758746179.020160] ioctl(fd=0xb, req=0x80044970, size=4) = 0
  0000: 00 00 be 07
[495] [1758746179.030933] ioctl(fd=0xb, req=0x80044970, size=4) = 0
  0000: 00 00 be 07
[495] [1758746179.036975] ioctl(fd=0xb, req=0x80044952, size=4) = 0
  0000: 54 3a 00 00
[495] [1758746179.041757] ioctl(fd=0xb, req=0x80044970, size=4) = 0
  0000: 00 00 be 07
[495] [1758746179.054114] ioctl(fd=0xb, req=0x80044970, size=4) = 0
  0000: 00 00 be 07
[495] [1758746179.056038] ioctl(fd=0x4, req=0xc001662b, size=1) = 0
  0000: 29
[495] [1758746179.056732] ioctl(fd=0x4, req=0xc001662b, size=1) = 0
  0000: 29
[495] [1758746179.065233] ioctl(fd=0xb, req=0x80044970, size=4) = 0
  0000: 00 00 6f 0e
[495] [1758746179.076109] ioctl(fd=0xb, req=0x80044970, size=4) = 0
  0000: 00 00 6f 0e
[495] [1758746179.086967] ioctl(fd=0xb, req=0x80044970, size=4) = 0
  0000: 00 00 6f 0e
[495] [1758746179.100073] ioctl(fd=0xb, req=0x80044970, size=4) = 0
  0000: 00 00 6f 0e
[495] [1758746179.106888] ioctl(fd=0x9, req=0x400c5564, size=12) = 0
  0000: 1c 00 00 08 00 00 10 00 00 00 10 00
[495] [1758746179.107518] ioctl(fd=0x9, req=0x400c5564, size=12) = 0
  0000: 20 00 00 08 00 00 10 00 00 00 10 00
[495] [1758746179.108060] ioctl(fd=0x9, req=0x400c5564, size=12) = 0
  0000: 1c 00 00 08 00 00 00 00 00 00 10 00
[495] [1758746179.108542] ioctl(fd=0x9, req=0x400c5564, size=12) = 0
  0000: 20 00 00 08 00 00 00 00 00 00 10 00
[495] [1758746179.110987] ioctl(fd=0xb, req=0x80044970, size=4) = 0
  0000: 00 00 6f 0e
[495] [1758746179.113894] mmap(fd=0x9, len=0x500, prot=0x3, flags=0x1, off=0x0) = 0xaeb9c000
[495] [1758746179.121790] ioctl(fd=0xb, req=0x80044970, size=4) = 0
  0000: 00 00 6f 0e
[495] [1758746179.132825] ioctl(fd=0xb, req=0x80044970, size=4) = 0
  0000: 00 00 6f 0e
[495] [1758746179.137719] ioctl(fd=0xb, req=0x80044952, size=4) = 0
  0000: 54 3a 00 00
[495] [1758746179.143884] ioctl(fd=0xb, req=0x80044970, size=4) = 0
  0000: 00 00 6f 0e
[495] [1758746179.154929] ioctl(fd=0xb, req=0x80044970, size=4) = 0
  0000: 00 00 6f 0e
[495] [1758746179.157355] ioctl(fd=0x4, req=0xc001662b, size=1) = 0
  0000: 29
[495] [1758746179.157832] ioctl(fd=0x4, req=0xc001662b, size=1) = 0
  0000: 29
[495] [1758746179.164638] ioctl(fd=0xb, req=0x4004496d, size=4) = 0
[495] [1758746179.165723] ioctl(fd=0xb, req=0x80044970, size=4) = 0
  0000: 00 00 6f 0e
  0000: 0e 49 05 40
[495] [1758746179.172089] ioctl(fd=0xb, req=0x8004497b, size=4) = 0
  0000: 0f 00 00 00
[495] [1758746179.177391] ioctl(fd=0xb, req=0x80044970, size=4) = 0
  0000: 00 00 6f 0e
[495] [1758746179.187819] ioctl(fd=0xc, req=0xc0445611, size=68) = 0
  0000: 00 00 00 00 01 00 00 00 00 18 15 00 00 00 00 00
  0010: 04 00 00 00 00 00 00 00 00 00 00 00 00 00 00 00
  0020: 00 00 00 00 00 00 00 00 00 00 00 00 01 00 00 00
  0030: 02 00 00 00 00 e0 1b b5 00 18 15 00 00 00 00 00
  0040: 00 00 00 00
[495] [1758746179.191342] ioctl(fd=0xc, req=0xc044560f, size=68) = 0
  0000: 00 00 00 00 01 00 00 00 00 18 15 00 00 00 00 00
  0010: 04 00 00 00 00 00 00 00 00 00 00 00 00 00 00 00
  0020: 00 00 00 00 00 00 00 00 00 00 00 00 01 00 00 00
  0030: 02 00 00 00 00 e0 1b b5 00 18 15 00 00 00 00 00
  0040: 00 00 00 00
[495] [1758746179.194444] ioctl(fd=0xb, req=0x80044970, size=4) = 0
  0000: 00 00 6f 0e
[495] [1758746179.204553] ioctl(fd=0xc, req=0xc0445611, size=68) = 0
  0000: 01 00 00 00 01 00 00 00 00 18 15 00 00 00 00 00
  0010: 04 00 00 00 d2 19 00 00 90 d0 03 00 00 00 00 00
  0020: 00 00 00 00 00 00 00 00 00 00 00 00 01 00 00 00
  0030: 02 00 00 00 00 10 3f b5 00 18 15 00 00 00 00 00
  0040: 00 00 00 00
[495] [1758746179.207044] ioctl(fd=0xb, req=0x80044970, size=4) = 0
  0000: 00 00 39 09
[495] [1758746179.209430] ioctl(fd=0xc, req=0xc044560f, size=68) = 0
  0000: 01 00 00 00 01 00 00 00 00 18 15 00 00 00 00 00
  0010: 04 00 00 00 d2 19 00 00 90 d0 03 00 00 00 00 00
  0020: 00 00 00 00 00 00 00 00 00 00 00 00 01 00 00 00
  0030: 02 00 00 00 00 10 3f b5 00 18 15 00 00 00 00 00
  0040: 00 00 00 00
[495] [1758746179.217810] ioctl(fd=0xb, req=0x80044970, size=4) = 0
  0000: 00 00 39 09
[495] [1758746179.223480] ioctl(fd=0xc, req=0xc0445611, size=68) = 0
  0000: 02 00 00 00 01 00 00 00 00 18 15 00 00 00 00 00
  0010: 04 00 00 00 d2 19 00 00 f0 ba 04 00 00 00 00 00
  0020: 00 00 00 00 00 00 00 00 00 00 00 00 01 00 00 00
  0030: 02 00 00 00 00 40 62 b5 00 18 15 00 00 00 00 00
  0040: 00 00 00 00
[495] [1758746179.226367] ioctl(fd=0xc, req=0xc044560f, size=68) = 0
  0000: 02 00 00 00 01 00 00 00 00 18 15 00 00 00 00 00
  0010: 04 00 00 00 d2 19 00 00 f0 ba 04 00 00 00 00 00
  0020: 00 00 00 00 00 00 00 00 00 00 00 00 01 00 00 00
  0030: 02 00 00 00 00 40 62 b5 00 18 15 00 00 00 00 00
  0040: 00 00 00 00
[495] [1758746179.230390] ioctl(fd=0xb, req=0x80044970, size=4) = 0
  0000: 00 00 39 09
[495] [1758746179.240029] ioctl(fd=0xc, req=0xc0445611, size=68) = 0
  0000: 03 00 00 00 01 00 00 00 00 18 15 00 00 00 00 00
  0010: 04 00 00 00 d5 19 00 00 b0 ad 01 00 00 00 00 00
  0020: 00 00 00 00 00 00 00 00 00 00 00 00 01 00 00 00
  0030: 02 00 00 00 00 70 85 b5 00 18 15 00 00 00 00 00
  0040: 00 00 00 00
[495] [1758746179.242037] ioctl(fd=0xb, req=0x8004497b, size=4) = 0
  0000: 0f 00 00 00
[495] [1758746179.243932] ioctl(fd=0xb, req=0x80044952, size=4) = 0
  0000: 54 3a 00 00
[495] [1758746179.245187] ioctl(fd=0xb, req=0x80044970, size=4) = 0
  0000: 00 00 39 09
[495] [1758746179.247884] ioctl(fd=0x9, req=0x80045565, size=4) = 0
  0000: 00 00 00 00
[495] [1758746179.249532] ioctl(fd=0xc, req=0xc044560f, size=68) = 0
  0000: 03 00 00 00 01 00 00 00 00 18 15 00 00 00 00 00
  0010: 04 00 00 00 d5 19 00 00 b0 ad 01 00 00 00 00 00
  0020: 00 00 00 00 00 00 00 00 00 00 00 00 01 00 00 00
  0030: 02 00 00 00 00 70 85 b5 00 18 15 00 00 00 00 00
  0040: 00 00 00 00
[495] [1758746179.257572] ioctl(fd=0xb, req=0x80044970, size=4) = 0
  0000: 00 00 39 09
[495] [1758746179.261138] ioctl(fd=0x4, req=0xc001662b, size=1) = 0
  0000: 29
[495] [1758746179.264852] ioctl(fd=0x4, req=0xc001662b, size=1) = 0
  0000: 29
[495] [1758746179.268924] ioctl(fd=0xb, req=0x80044970, size=4) = 0
  0000: 00 00 39 09
[495] [1758746179.285373] ioctl(fd=0xc, req=0xc0445611, size=68) = 0
  0000: 00 00 00 00 01 00 00 00 00 18 15 00 00 00 00 00
  0010: 04 00 00 00 d5 19 00 00 20 bf 02 00 00 00 00 00
  0020: 00 00 00 00 00 00 00 00 00 00 00 00 01 00 00 00
  0030: 02 00 00 00 00 e0 1b b5 00 18 15 00 00 00 00 00
  0040: 00 00 00 00
[495] [1758746179.330790] ioctl(fd=0xb, req=0x8004497b, size=4) = 0
  0000: 0f 00 00 00
[495] [1758746179.332093] ioctl(fd=0xb, req=0x80044970, size=4) = 0
  0000: 00 00 7f 08
[495] [1758746179.333529] ioctl(fd=0xb, req=0x4004496d, size=4) = 0
  0000: 0c 49 05 40
[495] [1758746179.337726] ioctl(fd=0x9, req=0x80045565, size=4) = 0
  0000: 00 00 00 00
[495] [1758746179.339384] ioctl(fd=0xc, req=0xc044560f, size=68) = 0
  0000: 00 00 00 00 01 00 00 00 00 18 15 00 00 00 00 00
  0010: 04 00 00 00 d5 19 00 00 20 bf 02 00 00 00 00 00
  0020: 00 00 00 00 00 00 00 00 00 00 00 00 01 00 00 00
  0030: 02 00 00 00 00 e0 1b b5 00 18 15 00 00 00 00 00
  0040: 00 00 00 00
[495] [1758746179.344324] ioctl(fd=0xb, req=0x80044970, size=4) = 0
[495] [1758746179.344789] ioctl(fd=0xb, req=0x80044952, size=4) = 0
  0000: 54 3a 00 00
  0000: 00 00 7f 08
[495] [1758746179.351293] ioctl(fd=0xc, req=0xc0445611, size=68) = 0
  0000: 01 00 00 00 01 00 00 00 00 18 15 00 00 00 00 00
  0010: 04 00 00 00 d5 19 00 00 90 d0 03 00 00 00 00 00
  0020: 00 00 00 00 00 00 00 00 00 00 00 00 01 00 00 00
  0030: 02 00 00 00 00 10 3f b5 00 18 15 00 00 00 00 00
  0040: 00 00 00 00
[495] [1758746179.353438] ioctl(fd=0xb, req=0x8004497b, size=4) = 0
  0000: 0f 00 00 00
[495] [1758746179.357796] ioctl(fd=0xb, req=0x80044970, size=4) = 0
  0000: 00 00 7f 08
[495] [1758746179.360797] ioctl(fd=0x9, req=0x80045565, size=4) = 0
  0000: 00 00 00 00
[495] [1758746179.362009] ioctl(fd=0xc, req=0xc044560f, size=68) = 0
  0000: 01 00 00 00 01 00 00 00 00 18 15 00 00 00 00 00
  0010: 04 00 00 00 d5 19 00 00 90 d0 03 00 00 00 00 00
  0020: 00 00 00 00 00 00 00 00 00 00 00 00 01 00 00 00
  0030: 02 00 00 00 00 10 3f b5 00 18 15 00 00 00 00 00
  0040: 00 00 00 00
[495] [1758746179.368842] ioctl(fd=0xb, req=0x80044970, size=4) = 0
  0000: 00 00 7f 08
[495] [1758746179.370420] ioctl(fd=0x4, req=0xc001662b, size=1) = 0
  0000: 29
[495] [1758746179.370897] ioctl(fd=0x4, req=0xc001662b, size=1) = 0
  0000: 29
[495] [1758746179.381219] ioctl(fd=0xb, req=0x80044970, size=4) = 0
  0000: 00 00 7f 08
[495] [1758746179.392783] ioctl(fd=0xb, req=0x80044970, size=4) = 0
  0000: 00 00 7f 08
[495] [1758746179.405180] ioctl(fd=0xb, req=0x80044970, size=4) = 0
  0000: 00 00 7f 08
[495] [1758746179.422081] ioctl(fd=0xc, req=0xc0445611, size=68) = 0
  0000: 02 00 00 00 01 00 00 00 00 18 15 00 00 00 00 00
  0010: 04 00 00 00 d5 19 00 00 f0 ba 04 00 00 00 00 00
  0020: 00 00 00 00 00 00 00 00 00 00 00 00 01 00 00 00
  0030: 02 00 00 00 00 40 62 b5 00 18 15 00 00 00 00 00
  0040: 00 00 00 00
[495] [1758746179.424003] ioctl(fd=0xb, req=0x8004497b, size=4) = 0
  0000: 0f 00 00 00
[495] [1758746179.425454] ioctl(fd=0xb, req=0x80044970, size=4) = 0
  0000: 00 00 7f 08
[495] [1758746179.430853] ioctl(fd=0x9, req=0x80045565, size=4) = 0
  0000: 00 00 00 00
[495] [1758746179.432088] ioctl(fd=0xc, req=0xc044560f, size=68) = 0
  0000: 02 00 00 00 01 00 00 00 00 18 15 00 00 00 00 00
  0010: 04 00 00 00 d5 19 00 00 f0 ba 04 00 00 00 00 00
  0020: 00 00 00 00 00 00 00 00 00 00 00 00 01 00 00 00
  0030: 02 00 00 00 00 40 62 b5 00 18 15 00 00 00 00 00
  0040: 00 00 00 00
[495] [1758746179.436458] ioctl(fd=0xb, req=0x80044970, size=4) = 0
  0000: 00 00 7f 08
[495] [1758746179.446546] ioctl(fd=0xb, req=0x80044952, size=4) = 0
  0000: 54 3a 00 00
[495] [1758746179.447571] ioctl(fd=0xb, req=0x80044970, size=4) = 0
  0000: 00 00 7f 08
[495] [1758746179.458376] ioctl(fd=0xb, req=0x80044970, size=4) = 0
  0000: 00 00 7f 08
[495] [1758746179.479418] ioctl(fd=0xb, req=0x80044970, size=4) = 0
  0000: 00 00 ab 07
[495] [1758746179.481474] ioctl(fd=0x4, req=0xc001662b, size=1) = 0
  0000: 29
[495] [1758746179.482007] ioctl(fd=0x4, req=0xc001662b, size=1) = 0
