OPEN fd=3 path=/dev/ion flags=0x0
SLEEP 1
IOCTL fd=3 path=/dev/ion req=0xc0144900 dir=READ|WRITE type=0x49 nr=0x00 size=20 arg=0x69c134
DATA 0000800100100000ff0000000300000000000000
SLEEP 1
RET_DATA 0000800100100000ff00000003000000e0c084c1
SLEEP 1
RET fd=3 req=0xc0144900 r=0 errno=0
IOCTL fd=3 path=/dev/ion req=0xc0084902 dir=READ|WRITE type=0x49 nr=0x02 size=8 arg=0x69c148
DATA e0c084c100000000
RET_DATA e0c084c107000000
RET fd=3 req=0xc0084902 r=0 errno=0
SLEEP 1
MMAP addr=(nil) len=25165824 prot=0x3 flags=0x1 fd=7 off=0x0 -> 0xb56ae000 path=anon_inode:dmabuf
OPEN fd=8 path=/dev/uio0 flags=0x2
OPEN fd=9 path=/dev/null flags=0x1
OPEN fd=10 path=/dev/isp_char flags=0x2
SLEEP 66
OPEN fd=11 path=/dev/video0 flags=0x802
IOCTL fd=10 path=/dev/isp_char req=0x40044902 dir=WRITE type=0x49 nr=0x02 size=4 arg=0x6b844c
DATA 01000100
NESTED off=0 ptr=0x00010001 len=256 DATA 616b5f66756e5f706f696e745f6465665f0069765f75737263625f50726f5772697461626c655f5f6c6f674c6576656c0069765f636d5f6d6f64756c655f7374617475735f6465616c5f7468726561640069765f6f6e5f74696d65725f323030306d735f76320067757465735f44657641637469766552657141636b006d626564746c735f7368613338345f696e666f0069765f7265636f72645f6d70345f7265706169725f64656661756c74006d626564746c735f783530395f6372745f70726f66696c655f64656661756c74006c6173745f6c69740041534e315f494135535452494e475f69740073656e645f6b6565705f6c6976655f6d73675f61636b
SLEEP 12
RET fd=10 req=0x40044902 r=0 errno=0
IOCTL fd=10 path=/dev/isp_char req=0x40044904 dir=WRITE type=0x49 nr=0x04 size=4 arg=0x6b8506
DATA 01008002
RET fd=10 req=0x40044904 r=0 errno=0
IOCTL fd=10 path=/dev/isp_char req=0x4004490a dir=WRITE type=0x49 nr=0x0a size=4 arg=0x6b85c6
DATA 00000800
SLEEP 311
NESTED off=0 ptr=0x00080000 len=256 DATA 4558a0d106c06cd215cca0d10ce8a0e12ee8a0e18330a0e11c509de5b33095e10328a0e1000052e30d0000ca4228a0e1c0c69fe5480072e30c30a0b10338a0e14338a0e1003063e2ac069fe5035190e74331a0e11cc083e20cc8a0e12cc8a0e10b0000ea0328a0e14228a0e13d0052e33e30a0c30338a0e180569fe5432785e0045012e54339a0e11cc063e20cc8a0e12cc8a0e1c53fa0e1950300e0952583e0800083e08000a0e1c03f20e0c03f43e0000053e300c0a0031600000a2e0273e30700008a0020a0e30331a0e1022082e20228a0e12228a0e12e0273e3f9ffff9a000000ea0020a0e30b0173e3012082920228a0912228a0910238a0e14338a0e1
SLEEP 13
RET fd=10 req=0x4004490a r=0 errno=0
IOCTL fd=10 path=/dev/isp_char req=0x4004490c dir=WRITE type=0x49 nr=0x0c size=4 arg=0x6b8932
DATA 01000000
RET fd=10 req=0x4004490c r=0 errno=0
IOCTL fd=10 path=/dev/isp_char req=0x4004492b dir=WRITE type=0x49 nr=0x2b size=4 arg=0x6b9028
DATA 01000000
RET fd=10 req=0x4004492b r=0 errno=0
IOCTL fd=10 path=/dev/isp_char req=0x4004492f dir=WRITE type=0x49 nr=0x2f size=4 arg=0x6b920e
DATA 01000000
RET fd=10 req=0x4004492f r=0 errno=0
IOCTL fd=10 path=/dev/isp_char req=0x40044906 dir=WRITE type=0x49 nr=0x06 size=4 arg=0x6b964e
DATA 01000100
NESTED off=0 ptr=0x00010001 len=256 DATA 616b5f66756e5f706f696e745f6465665f0069765f75737263625f50726f5772697461626c655f5f6c6f674c6576656c0069765f636d5f6d6f64756c655f7374617475735f6465616c5f7468726561640069765f6f6e5f74696d65725f323030306d735f76320067757465735f44657641637469766552657141636b006d626564746c735f7368613338345f696e666f0069765f7265636f72645f6d70345f7265706169725f64656661756c74006d626564746c735f783530395f6372745f70726f66696c655f64656661756c74006c6173745f6c69740041534e315f494135535452494e475f69740073656e645f6b6565705f6c6976655f6d73675f61636b
SLEEP 12
RET fd=10 req=0x40044906 r=0 errno=0
IOCTL fd=10 path=/dev/isp_char req=0x4004490e dir=WRITE type=0x49 nr=0x0e size=4 arg=0x6b96a4
DATA c0000000
RET fd=10 req=0x4004490e r=0 errno=0
IOCTL fd=10 path=/dev/isp_char req=0x4004491a dir=WRITE type=0x49 nr=0x1a size=4 arg=0x6b96ba
DATA 00001a00
SLEEP 315
NESTED off=0 ptr=0x001a0000 len=256 DATA 105085e2f8ffffba50389fe518019ae5003093e533ff2fe10030a0e30600a0e118318ae5bfdf8de2f08fbde810309de5000053e319ffff0a0030d3e5000053e316ffff1a10009de50130d0e5000053e312ffff1a0330d0e50f0013e30840a0130effff1a0440d0e50530d0e5044493e15c00000a4c308de218508de520808de50450a0e124908de530308de510809de50c90a0e10340a0e1060000ea4c209de5042082e2020059e1e600003a2358b0e14c208de54700000a0800a0e10910a0e10420a0e14dfcffeb013045e20338a0e1000050e3f0ffff0a18509de520809de524909de50040a0e144308de20500a0e103408be7116cffeb0d0054e3ebfeff9a
SLEEP 12
RET fd=10 req=0x4004491a r=0 errno=0
IOCTL fd=10 path=/dev/isp_char req=0x40044912 dir=WRITE type=0x49 nr=0x12 size=4 arg=0x6b9a26
DATA 01000000
RET fd=10 req=0x40044912 r=0 errno=0
IOCTL fd=10 path=/dev/isp_char req=0x40044936 dir=WRITE type=0x49 nr=0x36 size=4 arg=0x6b9aae
DATA 00000700
NESTED off=0 ptr=0x00070000 len=256 DATA 083083e244c09de503308ce028308de548009de5000050e3670000da0111a0e14c108de50010a0e318108de52c108de5933e8ce20c3083e21c308de5263d8ce20c3083e220308de52c309de530308de540c09de503308ce00130d3e538308de5000053e33f0000da03908ae03c609de554309de50150dae4035065e0c55fc5e10140d6e40c009de5000054e10040a0a1000054e32b00000a14109de5050051e10510a0a18110a0e110c09de5f1709ce114009de5000053e10030a0a18330a0e1f3309ce1038067e0000058e31c0000da011082e224108de50020d2e508208de5000052e30170431234309de530209de50210d3e720c09de500c08de50400a0e1
SLEEP 12
RET fd=10 req=0x40044936 r=0 errno=0
IOCTL fd=10 path=/dev/isp_char req=0x4004491b dir=WRITE type=0x49 nr=0x1b size=4 arg=0x6b9b18
DATA 01001000
SLEEP 315
NESTED off=0 ptr=0x00100001 len=256 DATA 00a4e803009ee801e0a0e303008ce8185085e2186086e20b0057e1dfffffba00005ee30100000a01b05be2d6ffff1a2c609de528909de50050a0e3023086e2000059e31a50cae50150c6e50150c3e40150c3e40150c3e40150c3e40150c3e40150c3e40150c3e40150c3e40150c3e40050c3e524ffff0a58b19fe50540a0e148919fe50ce084e28e308ae005c099e70200d3e501200ce20200c0e3820080e1051089e0022083e20200c3e50400d1e50160d2e51f7000e21f60c6e3066087e10160c2e554709de50510d1e50280d3e550909de53f6001e2077267e0fc80c8e3077189e0068188e13c90a0e30280c3e5891006e10130d2e5060057e18ee08ae020
SLEEP 13
RET fd=10 req=0x4004491b r=0 errno=0
IOCTL fd=10 path=/dev/isp_char req=0x40044925 dir=WRITE type=0x49 nr=0x25 size=4 arg=0x6bc206
DATA 01000100
NESTED off=0 ptr=0x00010001 len=256 DATA 616b5f66756e5f706f696e745f6465665f0069765f75737263625f50726f5772697461626c655f5f6c6f674c6576656c0069765f636d5f6d6f64756c655f7374617475735f6465616c5f7468726561640069765f6f6e5f74696d65725f323030306d735f76320067757465735f44657641637469766552657141636b006d626564746c735f7368613338345f696e666f0069765f7265636f72645f6d70345f7265706169725f64656661756c74006d626564746c735f783530395f6372745f70726f66696c655f64656661756c74006c6173745f6c69740041534e315f494135535452494e475f69740073656e645f6b6565705f6c6976655f6d73675f61636b
SLEEP 13
RET fd=10 req=0x40044925 r=0 errno=0
IOCTL fd=10 path=/dev/isp_char req=0x40044927 dir=WRITE type=0x49 nr=0x27 size=4 arg=0x6bed3c
DATA 08000200
NESTED off=0 ptr=0x00020008 len=256 DATA 88c482150000a0e3003081e504409de41eff2fe1d86c670014309fe5003093e5000053e3003080150000a0130000e0031eff2fe1d86c670014309fe5983493e5000053e3003080150000a0130000e0031eff2fe1d86c670014309fe59c3493e5000053e3003080150000a0130000e0031eff2fe1d86c670058309fe510402de9000183e0a04490e508d04de2000054e30000a013004081150100000a08d08de21080bde830009fe516b202eb2cc09fe52c209fe50410a0e104208de500c08de520209fe50030a0e10400a0e376c502eb0000e0e3f0ffffead86c6700ace25000dd010000b8e9500000e35000f0472de9f4469fe5d0d04de2345094e5000055e3
SLEEP 12
RET fd=10 req=0x40044927 r=0 errno=0
IOCTL fd=10 path=/dev/isp_char req=0x4004493b dir=WRITE type=0x49 nr=0x3b size=4 arg=0x6bed5e
DATA 01000100
NESTED off=0 ptr=0x00010001 len=256 DATA 616b5f66756e5f706f696e745f6465665f0069765f75737263625f50726f5772697461626c655f5f6c6f674c6576656c0069765f636d5f6d6f64756c655f7374617475735f6465616c5f7468726561640069765f6f6e5f74696d65725f323030306d735f76320067757465735f44657641637469766552657141636b006d626564746c735f7368613338345f696e666f0069765f7265636f72645f6d70345f7265706169725f64656661756c74006d626564746c735f783530395f6372745f70726f66696c655f64656661756c74006c6173745f6c69740041534e315f494135535452494e475f69740073656e645f6b6565705f6c6976655f6d73675f61636b
SLEEP 12
RET fd=10 req=0x4004493b r=0 errno=0
IOCTL fd=10 path=/dev/isp_char req=0x40044939 dir=WRITE type=0x49 nr=0x39 size=4 arg=0x6bee2c
DATA 01004000
SLEEP 303
NESTED off=0 ptr=0x00400001 len=256 DATA 319ae5030050e10901000a6c349fe56c149fe5033097e768249fe501108fe002208fe0000093e5313ea0e3f34cf0eb100000ea840090e5ae9e01eb000050e30400000a840094e5aa9e01eb949e01eb000050e3ab0000ba806094e5585094e5000056e3435f85e21100000a0600a0e18b9d01eb0080a0e1c03094e5000053e30200000a000058e3000056130a00001a0c0095e5101095e5042095e5784bf0eb0c3095e50100a0e3103085e524d08de2f08fbde80680a0e1eeffffea000096e504b095e56c9d01eb0070a0e1000096e5759d01eb020610e30e00000a083094e5000059e358a094e5643093e55300000a383093e554a08ae2080013e39400000a84
SLEEP 12
RET fd=10 req=0x40044939 r=0 errno=0
IOCTL fd=10 path=/dev/isp_char req=0x4004493f dir=WRITE type=0x49 nr=0x3f size=4 arg=0x6bee6c
DATA 00000f00
NESTED off=0 ptr=0x000f0000 len=256 DATA 98209fe5a8309fe5fc8cfceb0000a0e3308dfceb9c009fe50a8afcebcbffffea0c209de508309de500c092e5001093e59c008de20130a0e34420a0e378c08de598308de5028afceb041095e578208de20200a0e35ef902eb0c008de2edbcffeb08008de2b3b5ffebb8ffffea0c309de5e0208de2003093e50700a0e1d03022e5041095e50130a0e330308de550f902eb0c008de2dfbcffebacffffeae03356007c32560048126a0090325600a46c6700d4a355005d010000102700001c319fe5f0402de918419fe50050a0e10cd04de228008de80c119fe50c319fe50100a0e30020a0e39ed2fceb043094e5030055e13800000a1c3094e5030055e12800000a
SLEEP 12
RET fd=10 req=0x4004493f r=0 errno=0
IOCTL fd=10 path=/dev/isp_char req=0x40044941 dir=WRITE type=0x49 nr=0x41 size=4 arg=0x6bee72
DATA 44000000
RET fd=10 req=0x40044941 r=0 errno=0
IOCTL fd=10 path=/dev/isp_char req=0x40044910 dir=WRITE type=0x49 nr=0x10 size=4 arg=0x6bee80
DATA 01000000
RET fd=10 req=0x40044910 r=0 errno=0
IOCTL fd=10 path=/dev/isp_char req=0x4004495e dir=WRITE type=0x49 nr=0x5e size=4 arg=0x6bfedc
DATA 06000600
SLEEP 141
NESTED off=0 ptr=0x00060006 len=256 DATA 0000ff7f0000018000002a530000d6acffff555c0000d26f0000825a00006c10000008402de9143090e533ff2fe10880bde808402de9003090e5183093e533ff2fe10880bde808402de9003090e51c3093e533ff2fe10880bde808402de9003090e51c3093e533ff2fe10880bde808402de9003090e5203093e533ff2fe10880bde808402de900c051e20200000a01005ce30400000a100000ea003090e5003082e50030a0e3130000ea003092e5000053e30510a003001082050e00000a033180e01c3093e5000053e30030e00328309315003082e50030a0e3060000ea1c309fe5083093e518009fe518109fe50c20a0e133ff2fe10030e0e30300a0e10880
SLEEP 13
RET fd=10 req=0x4004495e r=0 errno=0
IOCTL fd=10 path=/dev/isp_char req=0x40044960 dir=WRITE type=0x49 nr=0x60 size=4 arg=0x6bffe0
DATA 0000ff04
RET fd=10 req=0x40044960 r=0 errno=0
IOCTL fd=10 path=/dev/isp_char req=0x40044953 dir=WRITE type=0x49 nr=0x53 size=4 arg=0x6c000e
DATA 01009d01
RET fd=10 req=0x40044953 r=0 errno=0
IOCTL fd=10 path=/dev/isp_char req=0x40044963 dir=WRITE type=0x49 nr=0x63 size=4 arg=0x6c0010
DATA 9d010001
RET fd=10 req=0x40044963 r=0 errno=0
IOCTL fd=10 path=/dev/isp_char req=0x40044955 dir=WRITE type=0x49 nr=0x55 size=4 arg=0x6c001c
DATA 0f000800
NESTED off=0 ptr=0x0008000f len=256 DATA e12ee8a0e18330a0e11c509de5b33095e10328a0e1000052e30d0000ca4228a0e1c0c69fe5480072e30c30a0b10338a0e14338a0e1003063e2ac069fe5035190e74331a0e11cc083e20cc8a0e12cc8a0e10b0000ea0328a0e14228a0e13d0052e33e30a0c30338a0e180569fe5432785e0045012e54339a0e11cc063e20cc8a0e12cc8a0e1c53fa0e1950300e0952583e0800083e08000a0e1c03f20e0c03f43e0000053e300c0a0031600000a2e0273e30700008a0020a0e30331a0e1022082e20228a0e12228a0e12e0273e3f9ffff9a000000ea0020a0e30b0173e3012082920228a0912228a0910238a0e14338a0e11003a0e18cc082e01fc04ce20cc8a0
SLEEP 12
RET fd=10 req=0x40044955 r=0 errno=0
IOCTL fd=10 path=/dev/isp_char req=0x40044973 dir=WRITE type=0x49 nr=0x73 size=4 arg=0x6c00d6
DATA 01000000
RET fd=10 req=0x40044973 r=0 errno=0
IOCTL fd=10 path=/dev/isp_char req=0x40044943 dir=WRITE type=0x49 nr=0x43 size=4 arg=0x6c021e
DATA 01000000
RET fd=10 req=0x40044943 r=0 errno=0
IOCTL fd=10 path=/dev/isp_char req=0x40044946 dir=WRITE type=0x49 nr=0x46 size=4 arg=0x6c0220
DATA 00000000
RET fd=10 req=0x40044946 r=0 errno=0
IOCTL fd=10 path=/dev/isp_char req=0x40044949 dir=WRITE type=0x49 nr=0x49 size=4 arg=0x6c0222
DATA 00000100
NESTED off=0 ptr=0x00010000 len=256 DATA 65616b5f66756e5f706f696e745f6465665f0069765f75737263625f50726f5772697461626c655f5f6c6f674c6576656c0069765f636d5f6d6f64756c655f7374617475735f6465616c5f7468726561640069765f6f6e5f74696d65725f323030306d735f76320067757465735f44657641637469766552657141636b006d626564746c735f7368613338345f696e666f0069765f7265636f72645f6d70345f7265706169725f64656661756c74006d626564746c735f783530395f6372745f70726f66696c655f64656661756c74006c6173745f6c69740041534e315f494135535452494e475f69740073656e645f6b6565705f6c6976655f6d73675f6163
SLEEP 12
RET fd=10 req=0x40044949 r=0 errno=0
IOCTL fd=10 path=/dev/isp_char req=0x4004494c dir=WRITE type=0x49 nr=0x4c size=4 arg=0x6c0224
DATA 01000f00
NESTED off=0 ptr=0x000f0001 len=256 DATA 209fe5a8309fe5fc8cfceb0000a0e3308dfceb9c009fe50a8afcebcbffffea0c209de508309de500c092e5001093e59c008de20130a0e34420a0e378c08de598308de5028afceb041095e578208de20200a0e35ef902eb0c008de2edbcffeb08008de2b3b5ffebb8ffffea0c309de5e0208de2003093e50700a0e1d03022e5041095e50130a0e330308de550f902eb0c008de2dfbcffebacffffeae03356007c32560048126a0090325600a46c6700d4a355005d010000102700001c319fe5f0402de918419fe50050a0e10cd04de228008de80c119fe50c319fe50100a0e30020a0e39ed2fceb043094e5030055e13800000a1c3094e5030055e12800000a34
SLEEP 12
RET fd=10 req=0x4004494c r=0 errno=0
IOCTL fd=10 path=/dev/isp_char req=0x4004494e dir=WRITE type=0x49 nr=0x4e size=4 arg=0x6c0226
DATA 0f000000
RET fd=10 req=0x4004494e r=0 errno=0
IOCTL fd=10 path=/dev/isp_char req=0x40044950 dir=WRITE type=0x49 nr=0x50 size=4 arg=0x6c023e
DATA dc050000
RET fd=10 req=0x40044950 r=0 errno=0
IOCTL fd=10 path=/dev/isp_char req=0x8004494f dir=READ type=0x49 nr=0x4f size=4 arg=0xbeda4a40
RET_DATA 0f000000
RET fd=10 req=0x8004494f r=0 errno=0
SLEEP 4
IOCTL fd=10 path=/dev/isp_char req=0x4004497a dir=WRITE type=0x49 nr=0x7a size=4 arg=0xbeda4a14
DATA 0f000000
SLEEP 6
RET fd=10 req=0x4004497a r=0 errno=0
SLEEP 1
IOCTL fd=10 path=/dev/isp_char req=0x4004496e dir=WRITE type=0x49 nr=0x6e size=4 arg=0x6c030e
DATA 00000000
RET fd=10 req=0x4004496e r=0 errno=0
IOCTL fd=10 path=/dev/isp_char req=0x40044975 dir=WRITE type=0x49 nr=0x75 size=4 arg=0x6c032c
DATA 00000800
NESTED off=0 ptr=0x00080000 len=256 DATA 4558a0d106c06cd215cca0d10ce8a0e12ee8a0e18330a0e11c509de5b33095e10328a0e1000052e30d0000ca4228a0e1c0c69fe5480072e30c30a0b10338a0e14338a0e1003063e2ac069fe5035190e74331a0e11cc083e20cc8a0e12cc8a0e10b0000ea0328a0e14228a0e13d0052e33e30a0c30338a0e180569fe5432785e0045012e54339a0e11cc063e20cc8a0e12cc8a0e1c53fa0e1950300e0952583e0800083e08000a0e1c03f20e0c03f43e0000053e300c0a0031600000a2e0273e30700008a0020a0e30331a0e1022082e20228a0e12228a0e12e0273e3f9ffff9a000000ea0020a0e30b0173e3012082920228a0912228a0910238a0e14338a0e1
SLEEP 13
RET fd=10 req=0x40044975 r=0 errno=0
IOCTL fd=10 path=/dev/isp_char req=0x40044977 dir=WRITE type=0x49 nr=0x77 size=4 arg=0x6c045e
DATA 00000000
RET fd=10 req=0x40044977 r=0 errno=0
IOCTL fd=10 path=/dev/isp_char req=0x40044969 dir=WRITE type=0x49 nr=0x69 size=4 arg=0xbeda4a98
DATA 4a000000
SLEEP 36
RET fd=10 req=0x40044969 r=0 errno=0
SLEEP 4
IOCTL fd=11 path=/dev/video0 req=0xc02c563a dir=READ|WRITE type=0x56 nr=0x3a size=44 arg=0xbeda4ab4
DATA 01000000f8806b004c806b00b01503008b4b5100424751004102000000000000010000003cb1f0b6d86c6700
SLEEP 2
RET_DATA 01000000000000000000000000050000d0020000000000000000000000050000d00200000100000001000000
SLEEP 2
RET fd=11 req=0xc02c563a r=0 errno=0
SLEEP 1
IOCTL fd=10 path=/dev/isp_char req=0x40044967 dir=WRITE type=0x49 nr=0x67 size=4 arg=0xbeda4aa8
DATA 00000080
RET fd=10 req=0x40044967 r=0 errno=0
IOCTL fd=10 path=/dev/isp_char req=0x80044956 dir=READ type=0x49 nr=0x56 size=4 arg=0xbeda4a00
RET_DATA 0f000800
RET fd=10 req=0x80044956 r=0 errno=0
SLEEP 1
IOCTL fd=10 path=/dev/isp_char req=0x40044955 dir=WRITE type=0x49 nr=0x55 size=4 arg=0xbeda4a00
DATA 0f000800
NESTED off=0 ptr=0x0008000f len=256 DATA e12ee8a0e18330a0e11c509de5b33095e10328a0e1000052e30d0000ca4228a0e1c0c69fe5480072e30c30a0b10338a0e14338a0e1003063e2ac069fe5035190e74331a0e11cc083e20cc8a0e12cc8a0e10b0000ea0328a0e14228a0e13d0052e33e30a0c30338a0e180569fe5432785e0045012e54339a0e11cc063e20cc8a0e12cc8a0e1c53fa0e1950300e0952583e0800083e08000a0e1c03f20e0c03f43e0000053e300c0a0031600000a2e0273e30700008a0020a0e30331a0e1022082e20228a0e12228a0e12e0273e3f9ffff9a000000ea0020a0e30b0173e3012082920228a0912228a0910238a0e14338a0e11003a0e18cc082e01fc04ce20cc8a0
SLEEP 13
RET fd=10 req=0x40044955 r=0 errno=0
MMAP addr=(nil) len=102400 prot=0x3 flags=0x20022 fd=-1 off=0x0 -> 0xb5695000 path=?
IOCTL fd=10 path=/dev/isp_char req=0x8004494f dir=READ type=0x49 nr=0x4f size=4 arg=0xbeda4a90
RET_DATA 0f000000
RET fd=10 req=0x8004494f r=0 errno=0
SLEEP 5
IOCTL fd=10 path=/dev/isp_char req=0x4004497a dir=WRITE type=0x49 nr=0x7a size=4 arg=0xbeda4a64
DATA 0f000000
SLEEP 5
RET fd=10 req=0x4004497a r=0 errno=0
SLEEP 1
IOCTL fd=11 path=/dev/video0 req=0x80685600 dir=READ type=0x56 nr=0x00 size=104 arg=0xbeda4a48
RET_DATA 616b5f63616d65726100000000000000414b5f43616d65726100000000000000000000000000000000000000000000000000000000000000000000000000000000000000000000000000000000000000230403000100000400000000000000000000000000000000
SLEEP 5
RET fd=11 req=0x80685600 r=0 errno=0
IOCTL fd=11 path=/dev/video0 req=0xc02c563a dir=READ|WRITE type=0x56 nr=0x3a size=44 arg=0xbeda4a48
DATA 0100000000000000000000000000000000000000000000000000000000000000000000000000000000000000
SLEEP 2
RET_DATA 01000000000000000000000000050000d0020000000000000000000000050000d00200000100000001000000
SLEEP 2
RET fd=11 req=0xc02c563a r=0 errno=0
IOCTL fd=11 path=/dev/video0 req=0x4014563c dir=WRITE type=0x56 nr=0x3c size=20 arg=0xbeda4a34
DATA 01000000000000000000000000050000d0020000
SLEEP 1
RET fd=11 req=0x4014563c r=0 errno=0
SLEEP 1
IOCTL fd=11 path=/dev/video0 req=0xc0cc5605 dir=READ|WRITE type=0x56 nr=0x05 size=204 arg=0xbeda49f4
DATA 0100000000050000d0020000595559560400000000000000000000000000000000000000000000000000000000000000000000000000000000000000000000000000000000000000000000000000000000000000000000000000000000000000000000000000000000000000000000000000000000000000000000000000000000000000000000000000000000000000000000000000000000000000000000000000000000000000000000000000000000000000000000000000000000000000000000000000000000000000
SLEEP 11
RET_DATA 0100000000050000d00200005955595604000000000a000000201c000000000000000000000000000000000000000000000000000000000000000000000000000000000000000000000000000000000000000000000000000000000000000000000000000000000000000000000000000000000000000000000000000000000000000000000000000000000000000000000000000000000000000000000000000000000000000000000000000000000000000000000000000000000000000000000000000000000000000000
SLEEP 13
RET fd=11 req=0xc0cc5605 r=0 errno=0
IOCTL fd=11 path=/dev/video0 req=0xc0cc5616 dir=READ|WRITE type=0x56 nr=0x16 size=204 arg=0xbeda49f4
DATA 010000000100000080020000680100000000000000000000000000000000000000000000000000000000000000000000000000000000000000000000000000000000000000000000000000000000000000000000000000000000000000000000000000000000000000000000000000000000000000000000000000000000000000000000000000000000000000000000000000000000000000000000000000000000000000000000000000000000000000000000000000000000000000000000000000000000000000000000
SLEEP 20
RET_DATA 010000000100000080020000680100000000000000000000000000000000000000000000000000000000000000000000000000000000000000000000000000000000000000000000000000000000000000000000000000000000000000000000000000000000000000000000000000000000000000000000000000000000000000000000000000000000000000000000000000000000000000000000000000000000000000000000000000000000000000000000000000000000000000000000000000000000000000000000
SLEEP 13
RET fd=11 req=0xc0cc5616 r=0 errno=0
SLEEP 1
IOCTL fd=10 path=/dev/isp_char req=0x4004497a dir=WRITE type=0x49 nr=0x7a size=4 arg=0xbeda4ae4
DATA 0f000000
SLEEP 1
RET fd=10 req=0x4004497a r=0 errno=0
IOCTL fd=10 path=/dev/isp_char req=0x8004497b dir=READ type=0x49 nr=0x7b size=4 arg=0xbeda4adc
RET_DATA 0f000000
RET fd=10 req=0x8004497b r=0 errno=0
SLEEP 7
IOCTL fd=10 path=/dev/isp_char req=0x4004496d dir=WRITE type=0x49 nr=0x6d size=4 arg=0xbeda4a54
DATA 0a490540
RET fd=10 req=0x4004496d r=0 errno=0
SLEEP 4
OPEN fd=12 path=/dev/akpcm_cdev1 flags=0x0
SLEEP 5
IOCTL fd=12 path=/dev/akpcm_cdev1 req=0x40045010 dir=WRITE type=0x50 nr=0x10 size=4 arg=0xbeda4acc
DATA 02000000
RET fd=12 req=0x40045010 r=0 errno=0
IOCTL fd=12 path=/dev/akpcm_cdev1 req=0x40045070 dir=WRITE type=0x50 nr=0x70 size=4 arg=0xbeda4acc
DATA 01000000
RET fd=12 req=0x40045070 r=0 errno=0
SLEEP 8
IOCTL fd=12 path=/dev/akpcm_cdev1 req=0x40045030 dir=WRITE type=0x50 nr=0x30 size=4 arg=0xbeda4adc
DATA 07000000
RET fd=12 req=0x40045030 r=0 errno=0
SLEEP 9
OPEN fd=13 path=/dev/mem flags=0x0
MMAP addr=(nil) len=4 prot=0x1 flags=0x1 fd=13 off=0x8000000 -> 0xb5694000 path=/dev/mem
CLOSE fd=13
SLEEP 34
IOCTL fd=12 path=/dev/akpcm_cdev1 req=0x000050e3 dir=NONE type=0x50 nr=0xe3 size=0 arg=0xbeda4adc
RET fd=12 req=0x000050e3 r=0 errno=0
SLEEP 11
OPEN fd=13 path=/dev/mem flags=0x0
MMAP addr=(nil) len=4 prot=0x1 flags=0x1 fd=13 off=0x8000000 -> 0xb5694000 path=/dev/mem
CLOSE fd=13
SLEEP 21
IOCTL fd=12 path=/dev/akpcm_cdev1 req=0x40045088 dir=WRITE type=0x50 nr=0x88 size=4 arg=0xbeda49f8
DATA 01000000
SLEEP 44
RET fd=12 req=0x40045088 r=0 errno=0
