GWCFG_ParseItem(): GWCFG_CheckValue(0) failed with ret=-1! name="version",value="wls_xxr_v1.00"
[TRACK] ioctl(fd=11, path=/dev/video0) req=0xc02c563a (type=0x56 nr=58 dir=3 size=44) arg=0xbe8739b4
  buf antes (user->kernel):
00000000: 01 00 00 00 f8 82 6b 00 ac 82 6b 00 b0 15 03 00 
00000010: 8b 4b 51 00 42 47 51 00 41 02 00 00 00 00 00 00 
00000020: 01 00 00 00 3c 21 e3 b6 d8 6c 67 00 
  ioctl retornó 0 (errno=OK)
  buf después (kernel->user):
00000000: 01 00 00 00 00 00 00 00 00 00 00 00 00 05 00 00 
00000010: d0 02 00 00 00 00 00 00 00 00 00 00 00 05 00 00 
00000020: d0 02 00 00 01 00 00 00 01 00 00 00 
[TRACK] ioctl(fd=11, path=/dev/video0) req=0x80685600 (type=0x56 nr=0 dir=2 size=104) arg=0xbe873948
  ioctl retornó 0 (errno=OK)
  buf después (kernel->user):
00000000: 61 6b 5f 63 61 6d 65 72 61 00 00 00 00 00 00 00 
00000010: 41 4b 5f 43 61 6d 65 72 61 00 00 00 00 00 00 00 
00000020: 00 00 00 00 00 00 00 00 00 00 00 00 00 00 00 00 
00000030: 00 00 00 00 00 00 00 00 00 00 00 00 00 00 00 00 
00000040: 00 00 00 00 00 00 00 00 00 00 00 00 00 00 00 00 
00000050: 23 04 03 00 01 00 00 04 00 00 00 00 00 00 00 00 
00000060: 00 00 00 00 00 00 00 00 
[TRACK] ioctl(fd=11, path=/dev/video0) req=0xc02c563a (type=0x56 nr=58 dir=3 size=44) arg=0xbe873948
  buf antes (user->kernel):
00000000: 01 00 00 00 00 00 00 00 00 00 00 00 00 00 00 00 
00000010: 00 00 00 00 00 00 00 00 00 00 00 00 00 00 00 00 
00000020: 00 00 00 00 00 00 00 00 00 00 00 00 
  ioctl retornó 0 (errno=OK)
  buf después (kernel->user):
00000000: 01 00 00 00 00 00 00 00 00 00 00 00 00 05 00 00 
00000010: d0 02 00 00 00 00 00 00 00 00 00 00 00 05 00 00 
00000020: d0 02 00 00 01 00 00 00 01 00 00 00 
[TRACK] ioctl(fd=11, path=/dev/video0) req=0x4014563c (type=0x56 nr=60 dir=1 size=20) arg=0xbe873934
  buf antes (user->kernel):
00000000: 01 00 00 00 00 00 00 00 00 00 00 00 00 05 00 00 
00000010: d0 02 00 00 
  ioctl retornó 0 (errno=OK)
[TRACK] ioctl(fd=11, path=/dev/video0) req=0xc0cc5605 (type=0x56 nr=5 dir=3 size=204) arg=0xbe8738f4
  buf antes (user->kernel):
00000000: 01 00 00 00 00 05 00 00 d0 02 00 00 59 55 59 56 
00000010: 04 00 00 00 00 00 00 00 00 00 00 00 00 00 00 00 
00000020: 00 00 00 00 00 00 00 00 00 00 00 00 00 00 00 00 
00000030: 00 00 00 00 00 00 00 00 00 00 00 00 00 00 00 00 
00000040: 00 00 00 00 00 00 00 00 00 00 00 00 00 00 00 00 
00000050: 00 00 00 00 00 00 00 00 00 00 00 00 00 00 00 00 
00000060: 00 00 00 00 00 00 00 00 00 00 00 00 00 00 00 00 
00000070: 00 00 00 00 00 00 00 00 00 00 00 00 00 00 00 00 
00000080: 00 00 00 00 00 00 00 00 00 00 00 00 00 00 00 00 
00000090: 00 00 00 00 00 00 00 00 00 00 00 00 00 00 00 00 
000000a0: 00 00 00 00 00 00 00 00 00 00 00 00 00 00 00 00 
000000b0: 00 00 00 00 00 00 00 00 00 00 00 00 00 00 00 00 
000000c0: 00 00 00 00 00 00 00 00 00 00 00 00 
  ioctl retornó 0 (errno=OK)
  buf después (kernel->user):
00000000: 01 00 00 00 00 05 00 00 d0 02 00 00 59 55 59 56 
00000010: 04 00 00 00 00 0a 00 00 00 20 1c 00 00 00 00 00 
00000020: 00 00 00 00 00 00 00 00 00 00 00 00 00 00 00 00 
00000030: 00 00 00 00 00 00 00 00 00 00 00 00 00 00 00 00 
00000040: 00 00 00 00 00 00 00 00 00 00 00 00 00 00 00 00 
00000050: 00 00 00 00 00 00 00 00 00 00 00 00 00 00 00 00 
00000060: 00 00 00 00 00 00 00 00 00 00 00 00 00 00 00 00 
00000070: 00 00 00 00 00 00 00 00 00 00 00 00 00 00 00 00 
00000080: 00 00 00 00 00 00 00 00 00 00 00 00 00 00 00 00 
00000090: 00 00 00 00 00 00 00 00 00 00 00 00 00 00 00 00 
000000a0: 00 00 00 00 00 00 00 00 00 00 00 00 00 00 00 00 
000000b0: 00 00 00 00 00 00 00 00 00 00 00 00 00 00 00 00 
000000c0: 00 00 00 00 00 00 00 00 00 00 00 00 
[TRACK] ioctl(fd=11, path=/dev/video0) req=0xc0cc5616 (type=0x56 nr=22 dir=3 size=204) arg=0xbe8738f4
  buf antes (user->kernel):
00000000: 01 00 00 00 01 00 00 00 80 02 00 00 68 01 00 00 
00000010: 00 00 00 00 00 00 00 00 00 00 00 00 00 00 00 00 
00000020: 00 00 00 00 00 00 00 00 00 00 00 00 00 00 00 00 
00000030: 00 00 00 00 00 00 00 00 00 00 00 00 00 00 00 00 
00000040: 00 00 00 00 00 00 00 00 00 00 00 00 00 00 00 00 
00000050: 00 00 00 00 00 00 00 00 00 00 00 00 00 00 00 00 
00000060: 00 00 00 00 00 00 00 00 00 00 00 00 00 00 00 00 
00000070: 00 00 00 00 00 00 00 00 00 00 00 00 00 00 00 00 
00000080: 00 00 00 00 00 00 00 00 00 00 00 00 00 00 00 00 
00000090: 00 00 00 00 00 00 00 00 00 00 00 00 00 00 00 00 
000000a0: 00 00 00 00 00 00 00 00 00 00 00 00 00 00 00 00 
000000b0: 00 00 00 00 00 00 00 00 00 00 00 00 00 00 00 00 
000000c0: 00 00 00 00 00 00 00 00 00 00 00 00 
  ioctl retornó 0 (errno=OK)
  buf después (kernel->user):
00000000: 01 00 00 00 01 00 00 00 80 02 00 00 68 01 00 00 
00000010: 00 00 00 00 00 00 00 00 00 00 00 00 00 00 00 00 
00000020: 00 00 00 00 00 00 00 00 00 00 00 00 00 00 00 00 
00000030: 00 00 00 00 00 00 00 00 00 00 00 00 00 00 00 00 
00000040: 00 00 00 00 00 00 00 00 00 00 00 00 00 00 00 00 
00000050: 00 00 00 00 00 00 00 00 00 00 00 00 00 00 00 00 
00000060: 00 00 00 00 00 00 00 00 00 00 00 00 00 00 00 00 
00000070: 00 00 00 00 00 00 00 00 00 00 00 00 00 00 00 00 
00000080: 00 00 00 00 00 00 00 00 00 00 00 00 00 00 00 00 
00000090: 00 00 00 00 00 00 00 00 00 00 00 00 00 00 00 00 
000000a0: 00 00 00 00 00 00 00 00 00 00 00 00 00 00 00 00 
000000b0: 00 00 00 00 00 00 00 00 00 00 00 00 00 00 00 00 
000000c0: 00 00 00 00 00 00 00 00 00 00 00 00 
umount2 /dev/mmcblk0p1: Device or resource busy
mount /dev/mmcblk0p1: Device or resource busy
mount /dev/mmcblk0p1: Device or resource busy
mount /dev/mmcblk0p1: Device or resource busy
mount /dev/mmcblk0p1: Device or resource busy
mount /dev/mmcblk0p1: Device or resource busy
mount /dev/mmcblk0p1: Device or resource busy
mount /dev/mmcblk0p1: Device or resource busy
mount /dev/mmcblk0p1: Device or resource busy
mount /dev/mmcblk0p1: Device or resource busy
mount /dev/mmcblk0p1: Device or resource busy
mount /dev/mmcblk0p1: Device or resource busy
mount /dev/mmcblk0p1: Device or resource busy
mount /dev/mmcblk0p1: Device or resource busy
mount /dev/mmcblk0p1: Device or resource busy
mount /dev/mmcblk0p1: Device or resource busy
mount /dev/mmcblk0p1: Device or resource busy
mount /dev/mmcblk0p1: Device or resource busy
mount /dev/mmcblk0p1: Device or resource busy
Failed to connect to wpa_supplicant - wpa_ctrl_open: No such file or directory
mount /dev/mmcblk0p1: Device or resource busy
mount /dev/mmcblk0p1: Device or resource busy
mount /dev/mmcblk0p1: Device or resource busy
mount /dev/mmcblk0p1: Device or resource busy
[warn] Unable to add nameserver [240c::6666]:53: error 1
[warn] Unable to add nameserver [2001:4860:4860::8888]:53: error 1
[msg] Nameserver 8.8.8.8:53 has failed: Network is unreachable
[TRACK] ioctl(fd=11, path=/dev/video0) req=0xc0145608 (type=0x56 nr=8 dir=3 size=20) arg=0xbe873a44
  buf antes (user->kernel):
00000000: 04 00 00 00 01 00 00 00 02 00 00 00 00 00 00 00 
00000010: 00 00 00 00 
  ioctl retornó 0 (errno=OK)
  buf después (kernel->user):
[msg] Nameserver 114.114.114.114:53 has failed: Network is unreachable
00000000: 04 00 00 00 01 00 00 00 02 00 00 00 00 00 00 00 
00000010: 00 00 00 00 
[TRACK] ioctl(fd=11, path=/dev/video0) req=0xc044560f (type=0x56 nr=15 dir=3 size=68) arg=0xbe8739d4
  buf antes (user->kernel):
00000000: 00 00 00 00 01 00 00 00 00 00 00 00 00 00 00 00 
00000010: 00 00 00 00 00 00 00 00 00 00 00 00 00 00 00 00 
00000020: 00 00 00 00 00 00 00 00 00 00 00 00 00 00 00 00 
00000030: 02 00 00 00 00 90 15 b5 00 30 23 00 00 00 00 00 
00000040: 00 00 00 00 
  ioctl retornó 0 (errno=OK)
  buf después (kernel->user):
00000000: 00 00 00 00 01 00 00 00 00 00 00 00 00 00 00 00 
00000010: 00 00 00 00 00 00 00 00 00 00 00 00 00 00 00 00 
00000020: 00 00 00 00 00 00 00 00 00 00 00 00 00 00 00 00 
00000030: 02 00 00 00 00 90 15 b5 00 30 23 00 00 00 00 00 
00000040: 00 00 00 00 
[TRACK] ioctl(fd=11, path=/dev/video0) req=0xc044560f (type=0x56 nr=15 dir=3 size=68) arg=0xbe8739d4
  buf antes (user->kernel):
00000000: 01 00 00 00 01 00 00 00 00 00 00 00 00 00 00 00 
00000010: 00 00 00 00 00 00 00 00 00 00 00 00 00 00 00 00 
00000020: 00 00 00 00 00 00 00 00 00 00 00 00 00 00 00 00 
00000030: 02 00 00 00 00 c0 38 b5 00 30 23 00 00 00 00 00 
00000040: 00 00 00 00 
  ioctl retornó 0 (errno=OK)
  buf después (kernel->user):
00000000: 01 00 00 00 01 00 00 00 00 00 00 00 00 00 00 00 
00000010: 00 00 00 00 00 00 00 00 00 00 00 00 00 00 00 00 
00000020: 00 00 00 00 00 00 00 00 00 00 00 00 00 00 00 00 
00000030: 02 00 00 00 00 c0 38 b5 00 30 23 00 00 00 00 00 
00000040: 00 00 00 00 
[TRACK] ioctl(fd=11, path=/dev/video0) req=0xc044560f (type=0x56 nr=15 dir=3 size=68) arg=0xbe8739d4
  buf antes (user->kernel):
00000000: 02 00 00 00 01 00 00 00 00 00 00 00 00 00 00 00 
00000010: 00 00 00 00 00 00 00 00 00 00 00 00 00 00 00 00 
00000020: 00 00 00 00 00 00 00 00 00 00 00 00 00 00 00 00 
00000030: 02 00 00 00 00 f0 5b b5 00 30 23 00 00 00 00 00 
00000040: 00 00 00 00 
  ioctl retornó 0 (errno=OK)
  buf después (kernel->user):
00000000: 02 00 00 00 01 00 00 00 00 00 00 00 00 00 00 00 
00000010: 00 00 00 00 00 00 00 00 00 00 00 00 00 00 00 00 
00000020: 00 00 00 00 00 00 00 00 00 00 00 00 00 00 00 00 
00000030: 02 00 00 00 00 f0 5b b5 00 30 23 00 00 00 00 00 
00000040: 00 00 00 00 
[TRACK] ioctl(fd=11, path=/dev/video0) req=0xc044560f (type=0x56 nr=15 dir=3 size=68) arg=0xbe8739d4
  buf antes (user->kernel):
00000000: 03 00 00 00 01 00 00 00 00 00 00 00 00 00 00 00 
00000010: 00 00 00 00 00 00 00 00 00 00 00 00 00 00 00 00 
00000020: 00 00 00 00 00 00 00 00 00 00 00 00 00 00 00 00 
00000030: 02 00 00 00 00 20 7f b5 00 30 23 00 00 00 00 00 
00000040: 00 00 00 00 
  ioctl retornó 0 (errno=OK)
  buf después (kernel->user):
00000000: 03 00 00 00 01 00 00 00 00 00 00 00 00 00 00 00 
00000010: 00 00 00 00 00 00 00 00 00 00 00 00 00 00 00 00 
00000020: 00 00 00 00 00 00 00 00 00 00 00 00 00 00 00 00 
00000030: 02 00 00 00 00 20 7f b5 00 30 23 00 00 00 00 00 
00000040: 00 00 00 00 
[TRACK] ioctl(fd=11, path=/dev/video0) req=0x40045612 (type=0x56 nr=18 dir=1 size=4) arg=0xbe873a44
  buf antes (user->kernel):
00000000: 01 00 00 00 
  ioctl retornó 0 (errno=OK)
[TRACK] ioctl(fd=11, path=/dev/video0) req=0xc0445611 (type=0x56 nr=17 dir=3 size=68) arg=0x698970
  buf antes (user->kernel):
00000000: 00 00 00 00 01 00 00 00 00 00 00 00 00 00 00 00 
00000010: 00 00 00 00 00 00 00 00 00 00 00 00 00 00 00 00 
00000020: 00 00 00 00 00 00 00 00 00 00 00 00 00 00 00 00 
00000030: 02 00 00 00 00 00 00 00 00 00 00 00 00 00 00 00 
00000040: 00 00 00 00 
  ioctl retornó 0 (errno=OK)
  buf después (kernel->user):
00000000: 00 00 00 00 01 00 00 00 00 18 15 00 00 00 00 00 
00000010: 04 00 00 00 ca 0a 00 00 a0 f7 03 00 00 00 00 00 
00000020: 00 00 00 00 00 00 00 00 00 00 00 00 00 00 00 00 
00000030: 02 00 00 00 00 90 15 b5 00 18 15 00 00 00 00 00 
00000040: 00 00 00 00 
[TRACK] ioctl(fd=11, path=/dev/video0) req=0xc044560f (type=0x56 nr=15 dir=3 size=68) arg=0x754020
  buf antes (user->kernel):
00000000: 00 00 00 00 01 00 00 00 00 18 15 00 00 00 00 00 
00000010: 04 00 00 00 ca 0a 00 00 a0 f7 03 00 00 00 00 00 
00000020: 00 00 00 00 00 00 00 00 00 00 00 00 00 00 00 00 
00000030: 02 00 00 00 00 90 15 b5 00 18 15 00 00 00 00 00 
00000040: 00 00 00 00 
  ioctl retornó 0 (errno=OK)
  buf después (kernel->user):
00000000: 00 00 00 00 01 00 00 00 00 18 15 00 00 00 00 00 
00000010: 04 00 00 00 ca 0a 00 00 a0 f7 03 00 00 00 00 00 
00000020: 00 00 00 00 00 00 00 00 00 00 00 00 00 00 00 00 
00000030: 02 00 00 00 00 90 15 b5 00 18 15 00 00 00 00 00 
00000040: 00 00 00 00 
[TRACK] ioctl(fd=11, path=/dev/video0) req=0xc0445611 (type=0x56 nr=17 dir=3 size=68) arg=0x698970
  buf antes (user->kernel):
00000000: 00 00 00 00 01 00 00 00 00 00 00 00 00 00 00 00 
00000010: 00 00 00 00 00 00 00 00 00 00 00 00 00 00 00 00 
00000020: 00 00 00 00 00 00 00 00 00 00 00 00 00 00 00 00 
00000030: 02 00 00 00 00 00 00 00 00 00 00 00 00 00 00 00 
00000040: 00 00 00 00 
  ioctl retornó 0 (errno=OK)
  buf después (kernel->user):
00000000: 01 00 00 00 01 00 00 00 00 18 15 00 00 00 00 00 
00000010: 04 00 00 00 ca 0a 00 00 10 09 05 00 00 00 00 00 
00000020: 00 00 00 00 00 00 00 00 00 00 00 00 00 00 00 00 
00000030: 02 00 00 00 00 c0 38 b5 00 18 15 00 00 00 00 00 
00000040: 00 00 00 00 
[TRACK] ioctl(fd=11, path=/dev/video0) req=0xc044560f (type=0x56 nr=15 dir=3 size=68) arg=0x754020
  buf antes (user->kernel):
00000000: 01 00 00 00 01 00 00 00 00 18 15 00 00 00 00 00 
00000010: 04 00 00 00 ca 0a 00 00 10 09 05 00 00 00 00 00 
00000020: 00 00 00 00 00 00 00 00 00 00 00 00 00 00 00 00 
00000030: 02 00 00 00 00 c0 38 b5 00 18 15 00 00 00 00 00 
00000040: 00 00 00 00 
  ioctl retornó 0 (errno=OK)
  buf después (kernel->user):
00000000: 01 00 00 00 01 00 00 00 00 18 15 00 00 00 00 00 
00000010: 04 00 00 00 ca 0a 00 00 10 09 05 00 00 00 00 00 
00000020: 00 00 00 00 00 00 00 00 00 00 00 00 00 00 00 00 
00000030: 02 00 00 00 00 c0 38 b5 00 18 15 00 00 00 00 00 
00000040: 00 00 00 00 
[TRACK] ioctl(fd=11, path=/dev/video0) req=0xc0445611 (type=0x56 nr=17 dir=3 size=68) arg=0x698970
  buf antes (user->kernel):
00000000: 00 00 00 00 01 00 00 00 00 00 00 00 00 00 00 00 
00000010: 00 00 00 00 00 00 00 00 00 00 00 00 00 00 00 00 
00000020: 00 00 00 00 00 00 00 00 00 00 00 00 00 00 00 00 
00000030: 02 00 00 00 00 00 00 00 00 00 00 00 00 00 00 00 
00000040: 00 00 00 00 
  ioctl retornó 0 (errno=OK)
  buf después (kernel->user):
00000000: 02 00 00 00 01 00 00 00 00 18 15 00 00 00 00 00 
00000010: 04 00 00 00 00 00 00 00 00 00 00 00 00 00 00 00 
00000020: 00 00 00 00 00 00 00 00 00 00 00 00 00 00 00 00 
00000030: 02 00 00 00 00 f0 5b b5 00 18 15 00 00 00 00 00 
00000040: 00 00 00 00 
[TRACK] ioctl(fd=11, path=/dev/video0) req=0xc044560f (type=0x56 nr=15 dir=3 size=68) arg=0x754020
  buf antes (user->kernel):
00000000: 02 00 00 00 01 00 00 00 00 18 15 00 00 00 00 00 
00000010: 04 00 00 00 00 00 00 00 00 00 00 00 00 00 00 00 
00000020: 00 00 00 00 00 00 00 00 00 00 00 00 00 00 00 00 
00000030: 02 00 00 00 00 f0 5b b5 00 18 15 00 00 00 00 00 
00000040: 00 00 00 00 
  ioctl retornó 0 (errno=OK)
  buf después (kernel->user):
00000000: 02 00 00 00 01 00 00 00 00 18 15 00 00 00 00 00 
00000010: 04 00 00 00 00 00 00 00 00 00 00 00 00 00 00 00 
00000020: 00 00 00 00 00 00 00 00 00 00 00 00 00 00 00 00 
00000030: 02 00 00 00 00 f0 5b b5 00 18 15 00 00 00 00 00 
00000040: 00 00 00 00 
[TRACK] ioctl(fd=11, path=/dev/video0) req=0xc0445611 (type=0x56 nr=17 dir=3 size=68) arg=0x698970
  buf antes (user->kernel):
00000000: 00 00 00 00 01 00 00 00 00 00 00 00 00 00 00 00 
00000010: 00 00 00 00 00 00 00 00 00 00 00 00 00 00 00 00 
00000020: 00 00 00 00 00 00 00 00 00 00 00 00 00 00 00 00 
00000030: 02 00 00 00 00 00 00 00 00 00 00 00 00 00 00 00 
00000040: 00 00 00 00 
  ioctl retornó 0 (errno=OK)
  buf después (kernel->user):
00000000: 03 00 00 00 01 00 00 00 00 18 15 00 00 00 00 00 
00000010: 04 00 00 00 00 00 00 00 00 00 00 00 00 00 00 00 
00000020: 00 00 00 00 00 00 00 00 00 00 00 00 00 00 00 00 
00000030: 02 00 00 00 00 20 7f b5 00 18 15 00 00 00 00 00 
00000040: 00 00 00 00 
[TRACK] ioctl(fd=11, path=/dev/video0) req=0xc044560f (type=0x56 nr=15 dir=3 size=68) arg=0x754020
  buf antes (user->kernel):
00000000: 03 00 00 00 01 00 00 00 00 18 15 00 00 00 00 00 
00000010: 04 00 00 00 00 00 00 00 00 00 00 00 00 00 00 00 
00000020: 00 00 00 00 00 00 00 00 00 00 00 00 00 00 00 00 
00000030: 02 00 00 00 00 20 7f b5 00 18 15 00 00 00 00 00 
00000040: 00 00 00 00 
  ioctl retornó 0 (errno=OK)
  buf después (kernel->user):
00000000: 03 00 00 00 01 00 00 00 00 18 15 00 00 00 00 00 
00000010: 04 00 00 00 00 00 00 00 00 00 00 00 00 00 00 00 
00000020: 00 00 00 00 00 00 00 00 00 00 00 00 00 00 00 00 
00000030: 02 00 00 00 00 20 7f b5 00 18 15 00 00 00 00 00 
00000040: 00 00 00 00 
ioctl[SIOCSIWAP]: Operation not permitted
[TRACK] ioctl(fd=11, path=/dev/video0) req=0xc0445611 (type=0x56 nr=17 dir=3 size=68) arg=0x698970
  buf antes (user->kernel):
00000000: 00 00 00 00 01 00 00 00 00 00 00 00 00 00 00 00 
00000010: 00 00 00 00 00 00 00 00 00 00 00 00 00 00 00 00 
00000020: 00 00 00 00 00 00 00 00 00 00 00 00 00 00 00 00 
00000030: 02 00 00 00 00 00 00 00 00 00 00 00 00 00 00 00 
00000040: 00 00 00 00 
  ioctl retornó 0 (errno=OK)
  buf después (kernel->user):
00000000: 00 00 00 00 01 00 00 00 00 18 15 00 00 00 00 00 
00000010: 04 00 00 00 00 00 00 00 00 00 00 00 00 00 00 00 
00000020: 00 00 00 00 00 00 00 00 00 00 00 00 01 00 00 00 
00000030: 02 00 00 00 00 90 15 b5 00 18 15 00 00 00 00 00 
00000040: 00 00 00 00 
[TRACK] ioctl(fd=11, path=/dev/video0) req=0xc044560f (type=0x56 nr=15 dir=3 size=68) arg=0x75b628
  buf antes (user->kernel):
00000000: 00 00 00 00 01 00 00 00 00 18 15 00 00 00 00 00 
00000010: 04 00 00 00 00 00 00 00 00 00 00 00 00 00 00 00 
00000020: 00 00 00 00 00 00 00 00 00 00 00 00 01 00 00 00 
00000030: 02 00 00 00 00 90 15 b5 00 18 15 00 00 00 00 00 
00000040: 00 00 00 00 
  ioctl retornó 0 (errno=OK)
  buf después (kernel->user):
00000000: 00 00 00 00 01 00 00 00 00 18 15 00 00 00 00 00 
00000010: 04 00 00 00 00 00 00 00 00 00 00 00 00 00 00 00 
00000020: 00 00 00 00 00 00 00 00 00 00 00 00 01 00 00 00 
00000030: 02 00 00 00 00 90 15 b5 00 18 15 00 00 00 00 00 
00000040: 00 00 00 00 
[TRACK] ioctl(fd=11, path=/dev/video0) req=0xc0445611 (type=0x56 nr=17 dir=3 size=68) arg=0x698970
  buf antes (user->kernel):
00000000: 00 00 00 00 01 00 00 00 00 00 00 00 00 00 00 00 
00000010: 00 00 00 00 00 00 00 00 00 00 00 00 00 00 00 00 
00000020: 00 00 00 00 00 00 00 00 00 00 00 00 00 00 00 00 
00000030: 02 00 00 00 00 00 00 00 00 00 00 00 00 00 00 00 
00000040: 00 00 00 00 
  ioctl retornó 0 (errno=OK)
  buf después (kernel->user):
00000000: 01 00 00 00 01 00 00 00 00 18 15 00 00 00 00 00 
00000010: 04 00 00 00 ca 0a 00 00 c0 27 09 00 00 00 00 00 
00000020: 00 00 00 00 00 00 00 00 00 00 00 00 01 00 00 00 
00000030: 02 00 00 00 00 c0 38 b5 00 18 15 00 00 00 00 00 
00000040: 00 00 00 00 
[TRACK] ioctl(fd=11, path=/dev/video0) req=0xc044560f (type=0x56 nr=15 dir=3 size=68) arg=0x75b628
  buf antes (user->kernel):
00000000: 01 00 00 00 01 00 00 00 00 18 15 00 00 00 00 00 
00000010: 04 00 00 00 ca 0a 00 00 c0 27 09 00 00 00 00 00 
00000020: 00 00 00 00 00 00 00 00 00 00 00 00 01 00 00 00 
00000030: 02 00 00 00 00 c0 38 b5 00 18 15 00 00 00 00 00 
00000040: 00 00 00 00 
  ioctl retornó 0 (errno=OK)
  buf después (kernel->user):
00000000: 01 00 00 00 01 00 00 00 00 18 15 00 00 00 00 00 
00000010: 04 00 00 00 ca 0a 00 00 c0 27 09 00 00 00 00 00 
00000020: 00 00 00 00 00 00 00 00 00 00 00 00 01 00 00 00 
00000030: 02 00 00 00 00 c0 38 b5 00 18 15 00 00 00 00 00 
00000040: 00 00 00 00 
[TRACK] ioctl(fd=11, path=/dev/video0) req=0xc0445611 (type=0x56 nr=17 dir=3 size=68) arg=0x698970
  buf antes (user->kernel):
00000000: 00 00 00 00 01 00 00 00 00 00 00 00 00 00 00 00 
00000010: 00 00 00 00 00 00 00 00 00 00 00 00 00 00 00 00 
00000020: 00 00 00 00 00 00 00 00 00 00 00 00 00 00 00 00 
00000030: 02 00 00 00 00 00 00 00 00 00 00 00 00 00 00 00 
00000040: 00 00 00 00 
  ioctl retornó 0 (errno=OK)
  buf después (kernel->user):
00000000: 02 00 00 00 01 00 00 00 00 18 15 00 00 00 00 00 
00000010: 04 00 00 00 ca 0a 00 00 20 12 0a 00 00 00 00 00 
00000020: 00 00 00 00 00 00 00 00 00 00 00 00 01 00 00 00 
00000030: 02 00 00 00 00 f0 5b b5 00 18 15 00 00 00 00 00 
00000040: 00 00 00 00 
[TRACK] ioctl(fd=11, path=/dev/video0) req=0xc044560f (type=0x56 nr=15 dir=3 size=68) arg=0x75b708
  buf antes (user->kernel):
00000000: 02 00 00 00 01 00 00 00 00 18 15 00 00 00 00 00 
00000010: 04 00 00 00 ca 0a 00 00 20 12 0a 00 00 00 00 00 
00000020: 00 00 00 00 00 00 00 00 00 00 00 00 01 00 00 00 
00000030: 02 00 00 00 00 f0 5b b5 00 18 15 00 00 00 00 00 
00000040: 00 00 00 00 
  ioctl retornó 0 (errno=OK)
  buf después (kernel->user):
00000000: 02 00 00 00 01 00 00 00 00 18 15 00 00 00 00 00 
00000010: 04 00 00 00 ca 0a 00 00 20 12 0a 00 00 00 00 00 
00000020: 00 00 00 00 00 00 00 00 00 00 00 00 01 00 00 00 
00000030: 02 00 00 00 00 f0 5b b5 00 18 15 00 00 00 00 00 
00000040: 00 00 00 00 
[TRACK] ioctl(fd=11, path=/dev/video0) req=0xc0445611 (type=0x56 nr=17 dir=3 size=68) arg=0x698970
  buf antes (user->kernel):
00000000: 00 00 00 00 01 00 00 00 00 00 00 00 00 00 00 00 
00000010: 00 00 00 00 00 00 00 00 00 00 00 00 00 00 00 00 
00000020: 00 00 00 00 00 00 00 00 00 00 00 00 00 00 00 00 
00000030: 02 00 00 00 00 00 00 00 00 00 00 00 00 00 00 00 
00000040: 00 00 00 00 
  ioctl retornó 0 (errno=OK)
  buf después (kernel->user):
00000000: 03 00 00 00 01 00 00 00 00 18 15 00 00 00 00 00 
00000010: 04 00 00 00 cc 0a 00 00 90 23 0b 00 00 00 00 00 
00000020: 00 00 00 00 00 00 00 00 00 00 00 00 01 00 00 00 
00000030: 02 00 00 00 00 20 7f b5 00 18 15 00 00 00 00 00 
00000040: 00 00 00 00 
[TRACK] ioctl(fd=11, path=/dev/video0) req=0xc044560f (type=0x56 nr=15 dir=3 size=68) arg=0x75b9c0
  buf antes (user->kernel):
00000000: 03 00 00 00 01 00 00 00 00 18 15 00 00 00 00 00 
00000010: 04 00 00 00 cc 0a 00 00 90 23 0b 00 00 00 00 00 
00000020: 00 00 00 00 00 00 00 00 00 00 00 00 01 00 00 00 
00000030: 02 00 00 00 00 20 7f b5 00 18 15 00 00 00 00 00 
00000040: 00 00 00 00 
  ioctl retornó 0 (errno=OK)
  buf después (kernel->user):
00000000: 03 00 00 00 01 00 00 00 00 18 15 00 00 00 00 00 
00000010: 04 00 00 00 cc 0a 00 00 90 23 0b 00 00 00 00 00 
00000020: 00 00 00 00 00 00 00 00 00 00 00 00 01 00 00 00 
00000030: 02 00 00 00 00 20 7f b5 00 18 15 00 00 00 00 00 
00000040: 00 00 00 00 
[TRACK] ioctl(fd=11, path=/dev/video0) req=0xc0445611 (type=0x56 nr=17 dir=3 size=68) arg=0x698970
  buf antes (user->kernel):
00000000: 00 00 00 00 01 00 00 00 00 00 00 00 00 00 00 00 
00000010: 00 00 00 00 00 00 00 00 00 00 00 00 00 00 00 00 
00000020: 00 00 00 00 00 00 00 00 00 00 00 00 00 00 00 00 
00000030: 02 00 00 00 00 00 00 00 00 00 00 00 00 00 00 00 
00000040: 00 00 00 00 
  ioctl retornó 0 (errno=OK)
  buf después (kernel->user):
00000000: 00 00 00 00 01 00 00 00 00 18 15 00 00 00 00 00 
00000010: 04 00 00 00 cc 0a 00 00 00 35 0c 00 00 00 00 00 
00000020: 00 00 00 00 00 00 00 00 00 00 00 00 01 00 00 00 
00000030: 02 00 00 00 00 90 15 b5 00 18 15 00 00 00 00 00 
00000040: 00 00 00 00 
[TRACK] ioctl(fd=11, path=/dev/video0) req=0xc044560f (type=0x56 nr=15 dir=3 size=68) arg=0x75b9c0
  buf antes (user->kernel):
00000000: 00 00 00 00 01 00 00 00 00 18 15 00 00 00 00 00 
00000010: 04 00 00 00 cc 0a 00 00 00 35 0c 00 00 00 00 00 
00000020: 00 00 00 00 00 00 00 00 00 00 00 00 01 00 00 00 
00000030: 02 00 00 00 00 90 15 b5 00 18 15 00 00 00 00 00 
00000040: 00 00 00 00 
  ioctl retornó 0 (errno=OK)
  buf después (kernel->user):
00000000: 00 00 00 00 01 00 00 00 00 18 15 00 00 00 00 00 
00000010: 04 00 00 00 cc 0a 00 00 00 35 0c 00 00 00 00 00 
00000020: 00 00 00 00 00 00 00 00 00 00 00 00 01 00 00 00 
00000030: 02 00 00 00 00 90 15 b5 00 18 15 00 00 00 00 00 
00000040: 00 00 00 00 
[TRACK] ioctl(fd=11, path=/dev/video0) req=0xc0445611 (type=0x56 nr=17 dir=3 size=68) arg=0x698970
  buf antes (user->kernel):
00000000: 00 00 00 00 01 00 00 00 00 00 00 00 00 00 00 00 
00000010: 00 00 00 00 00 00 00 00 00 00 00 00 00 00 00 00 
00000020: 00 00 00 00 00 00 00 00 00 00 00 00 00 00 00 00 
00000030: 02 00 00 00 00 00 00 00 00 00 00 00 00 00 00 00 
00000040: 00 00 00 00 
  ioctl retornó 0 (errno=OK)
  buf después (kernel->user):
00000000: 01 00 00 00 01 00 00 00 00 18 15 00 00 00 00 00 
00000010: 04 00 00 00 cc 0a 00 00 60 1f 0d 00 00 00 00 00 
00000020: 00 00 00 00 00 00 00 00 00 00 00 00 01 00 00 00 
00000030: 02 00 00 00 00 c0 38 b5 00 18 15 00 00 00 00 00 
00000040: 00 00 00 00 
[TRACK] ioctl(fd=11, path=/dev/video0) req=0xc044560f (type=0x56 nr=15 dir=3 size=68) arg=0x75b9c0
  buf antes (user->kernel):
00000000: 01 00 00 00 01 00 00 00 00 18 15 00 00 00 00 00 
00000010: 04 00 00 00 cc 0a 00 00 60 1f 0d 00 00 00 00 00 
00000020: 00 00 00 00 00 00 00 00 00 00 00 00 01 00 00 00 
00000030: 02 00 00 00 00 c0 38 b5 00 18 15 00 00 00 00 00 
00000040: 00 00 00 00 
  ioctl retornó 0 (errno=OK)
  buf después (kernel->user):
00000000: 01 00 00 00 01 00 00 00 00 18 15 00 00 00 00 00 
00000010: 04 00 00 00 cc 0a 00 00 60 1f 0d 00 00 00 00 00 
00000020: 00 00 00 00 00 00 00 00 00 00 00 00 01 00 00 00 
00000030: 02 00 00 00 00 c0 38 b5 00 18 15 00 00 00 00 00 
00000040: 00 00 00 00 
[TRACK] ioctl(fd=11, path=/dev/video0) req=0xc0445611 (type=0x56 nr=17 dir=3 size=68) arg=0x698970
  buf antes (user->kernel):
00000000: 00 00 00 00 01 00 00 00 00 00 00 00 00 00 00 00 
00000010: 00 00 00 00 00 00 00 00 00 00 00 00 00 00 00 00 
00000020: 00 00 00 00 00 00 00 00 00 00 00 00 00 00 00 00 
00000030: 02 00 00 00 00 00 00 00 00 00 00 00 00 00 00 00 
00000040: 00 00 00 00 
  ioctl retornó 0 (errno=OK)
  buf después (kernel->user):
00000000: 02 00 00 00 01 00 00 00 00 18 15 00 00 00 00 00 
00000010: 04 00 00 00 cd 0a 00 00 a0 f7 03 00 00 00 00 00 
00000020: 00 00 00 00 00 00 00 00 00 00 00 00 01 00 00 00 
00000030: 02 00 00 00 00 f0 5b b5 00 18 15 00 00 00 00 00 
00000040: 00 00 00 00 
[TRACK] ioctl(fd=11, path=/dev/video0) req=0xc044560f (type=0x56 nr=15 dir=3 size=68) arg=0x75b9c0
  buf antes (user->kernel):
00000000: 02 00 00 00 01 00 00 00 00 18 15 00 00 00 00 00 
00000010: 04 00 00 00 cd 0a 00 00 a0 f7 03 00 00 00 00 00 
00000020: 00 00 00 00 00 00 00 00 00 00 00 00 01 00 00 00 
00000030: 02 00 00 00 00 f0 5b b5 00 18 15 00 00 00 00 00 
00000040: 00 00 00 00 
  ioctl retornó 0 (errno=OK)
  buf después (kernel->user):
00000000: 02 00 00 00 01 00 00 00 00 18 15 00 00 00 00 00 
00000010: 04 00 00 00 cd 0a 00 00 a0 f7 03 00 00 00 00 00 
00000020: 00 00 00 00 00 00 00 00 00 00 00 00 01 00 00 00 
00000030: 02 00 00 00 00 f0 5b b5 00 18 15 00 00 00 00 00 
00000040: 00 00 00 00 
[TRACK] ioctl(fd=11, path=/dev/video0) req=0xc0445611 (type=0x56 nr=17 dir=3 size=68) arg=0x698970
  buf antes (user->kernel):
00000000: 00 00 00 00 01 00 00 00 00 00 00 00 00 00 00 00 
00000010: 00 00 00 00 00 00 00 00 00 00 00 00 00 00 00 00 
00000020: 00 00 00 00 00 00 00 00 00 00 00 00 00 00 00 00 
00000030: 02 00 00 00 00 00 00 00 00 00 00 00 00 00 00 00 
00000040: 00 00 00 00 
  ioctl retornó 0 (errno=OK)
  buf después (kernel->user):
00000000: 03 00 00 00 01 00 00 00 00 18 15 00 00 00 00 00 
00000010: 04 00 00 00 cd 0a 00 00 10 09 05 00 00 00 00 00 
00000020: 00 00 00 00 00 00 00 00 00 00 00 00 01 00 00 00 
00000030: 02 00 00 00 00 20 7f b5 00 18 15 00 00 00 00 00 
00000040: 00 00 00 00 
[TRACK] ioctl(fd=11, path=/dev/video0) req=0xc044560f (type=0x56 nr=15 dir=3 size=68) arg=0x75b9c0
  buf antes (user->kernel):
00000000: 03 00 00 00 01 00 00 00 00 18 15 00 00 00 00 00 
00000010: 04 00 00 00 cd 0a 00 00 10 09 05 00 00 00 00 00 
00000020: 00 00 00 00 00 00 00 00 00 00 00 00 01 00 00 00 
00000030: 02 00 00 00 00 20 7f b5 00 18 15 00 00 00 00 00 
00000040: 00 00 00 00 
  ioctl retornó 0 (errno=OK)
  buf después (kernel->user):
00000000: 03 00 00 00 01 00 00 00 00 18 15 00 00 00 00 00 
00000010: 04 00 00 00 cd 0a 00 00 10 09 05 00 00 00 00 00 
00000020: 00 00 00 00 00 00 00 00 00 00 00 00 01 00 00 00 
00000030: 02 00 00 00 00 20 7f b5 00 18 15 00 00 00 00 00 
00000040: 00 00 00 00 
[TRACK] ioctl(fd=11, path=/dev/video0) req=0xc0445611 (type=0x56 nr=17 dir=3 size=68) arg=0x698970
  buf antes (user->kernel):
00000000: 00 00 00 00 01 00 00 00 00 00 00 00 00 00 00 00 
00000010: 00 00 00 00 00 00 00 00 00 00 00 00 00 00 00 00 
00000020: 00 00 00 00 00 00 00 00 00 00 00 00 00 00 00 00 
00000030: 02 00 00 00 00 00 00 00 00 00 00 00 00 00 00 00 
00000040: 00 00 00 00 
  ioctl retornó 0 (errno=OK)
  buf después (kernel->user):
00000000: 00 00 00 00 01 00 00 00 00 18 15 00 00 00 00 00 
00000010: 04 00 00 00 cd 0a 00 00 c0 27 09 00 00 00 00 00 
00000020: 00 00 00 00 00 00 00 00 00 00 00 00 02 00 00 00 
00000030: 02 00 00 00 00 90 15 b5 00 18 15 00 00 00 00 00 
00000040: 00 00 00 00 
[TRACK] ioctl(fd=11, path=/dev/video0) req=0xc044560f (type=0x56 nr=15 dir=3 size=68) arg=0x75b9c0
  buf antes (user->kernel):
00000000: 00 00 00 00 01 00 00 00 00 18 15 00 00 00 00 00 
00000010: 04 00 00 00 cd 0a 00 00 c0 27 09 00 00 00 00 00 
00000020: 00 00 00 00 00 00 00 00 00 00 00 00 02 00 00 00 
00000030: 02 00 00 00 00 90 15 b5 00 18 15 00 00 00 00 00 
00000040: 00 00 00 00 
  ioctl retornó 0 (errno=OK)
  buf después (kernel->user):
00000000: 00 00 00 00 01 00 00 00 00 18 15 00 00 00 00 00 
00000010: 04 00 00 00 cd 0a 00 00 c0 27 09 00 00 00 00 00 
00000020: 00 00 00 00 00 00 00 00 00 00 00 00 02 00 00 00 
00000030: 02 00 00 00 00 90 15 b5 00 18 15 00 00 00 00 00 
00000040: 00 00 00 00 
[TRACK] ioctl(fd=11, path=/dev/video0) req=0xc0445611 (type=0x56 nr=17 dir=3 size=68) arg=0x698970
  buf antes (user->kernel):
00000000: 00 00 00 00 01 00 00 00 00 00 00 00 00 00 00 00 
00000010: 00 00 00 00 00 00 00 00 00 00 00 00 00 00 00 00 
00000020: 00 00 00 00 00 00 00 00 00 00 00 00 00 00 00 00 
00000030: 02 00 00 00 00 00 00 00 00 00 00 00 00 00 00 00 
00000040: 00 00 00 00 
  ioctl retornó 0 (errno=OK)
  buf después (kernel->user):
00000000: 01 00 00 00 01 00 00 00 00 18 15 00 00 00 00 00 
00000010: 04 00 00 00 cd 0a 00 00 20 12 0a 00 00 00 00 00 
00000020: 00 00 00 00 00 00 00 00 00 00 00 00 02 00 00 00 
00000030: 02 00 00 00 00 c0 38 b5 00 18 15 00 00 00 00 00 
00000040: 00 00 00 00 
[TRACK] ioctl(fd=11, path=/dev/video0) req=0xc044560f (type=0x56 nr=15 dir=3 size=68) arg=0x75d510
  buf antes (user->kernel):
00000000: 01 00 00 00 01 00 00 00 00 18 15 00 00 00 00 00 
00000010: 04 00 00 00 cd 0a 00 00 20 12 0a 00 00 00 00 00 
00000020: 00 00 00 00 00 00 00 00 00 00 00 00 02 00 00 00 
00000030: 02 00 00 00 00 c0 38 b5 00 18 15 00 00 00 00 00 
00000040: 00 00 00 00 
  ioctl retornó 0 (errno=OK)
  buf después (kernel->user):
00000000: 01 00 00 00 01 00 00 00 00 18 15 00 00 00 00 00 
00000010: 04 00 00 00 cd 0a 00 00 20 12 0a 00 00 00 00 00 
00000020: 00 00 00 00 00 00 00 00 00 00 00 00 02 00 00 00 
00000030: 02 00 00 00 00 c0 38 b5 00 18 15 00 00 00 00 00 
00000040: 00 00 00 00 
[TRACK] ioctl(fd=11, path=/dev/video0) req=0xc0445611 (type=0x56 nr=17 dir=3 size=68) arg=0x698970
  buf antes (user->kernel):
00000000: 00 00 00 00 01 00 00 00 00 00 00 00 00 00 00 00 
00000010: 00 00 00 00 00 00 00 00 00 00 00 00 00 00 00 00 
00000020: 00 00 00 00 00 00 00 00 00 00 00 00 00 00 00 00 
00000030: 02 00 00 00 00 00 00 00 00 00 00 00 00 00 00 00 
00000040: 00 00 00 00 
  ioctl retornó 0 (errno=OK)
  buf después (kernel->user):
00000000: 02 00 00 00 01 00 00 00 00 18 15 00 00 00 00 00 
00000010: 04 00 00 00 cd 0a 00 00 90 23 0b 00 00 00 00 00 
00000020: 00 00 00 00 00 00 00 00 00 00 00 00 02 00 00 00 
00000030: 02 00 00 00 00 f0 5b b5 00 18 15 00 00 00 00 00 
00000040: 00 00 00 00 
[TRACK] ioctl(fd=11, path=/dev/video0) req=0xc044560f (type=0x56 nr=15 dir=3 size=68) arg=0x75e920
  buf antes (user->kernel):
00000000: 02 00 00 00 01 00 00 00 00 18 15 00 00 00 00 00 
00000010: 04 00 00 00 cd 0a 00 00 90 23 0b 00 00 00 00 00 
00000020: 00 00 00 00 00 00 00 00 00 00 00 00 02 00 00 00 
00000030: 02 00 00 00 00 f0 5b b5 00 18 15 00 00 00 00 00 
00000040: 00 00 00 00 
  ioctl retornó 0 (errno=OK)
  buf después (kernel->user):
00000000: 02 00 00 00 01 00 00 00 00 18 15 00 00 00 00 00 
00000010: 04 00 00 00 cd 0a 00 00 90 23 0b 00 00 00 00 00 
00000020: 00 00 00 00 00 00 00 00 00 00 00 00 02 00 00 00 
00000030: 02 00 00 00 00 f0 5b b5 00 18 15 00 00 00 00 00 
00000040: 00 00 00 00 
[TRACK] ioctl(fd=11, path=/dev/video0) req=0xc0445611 (type=0x56 nr=17 dir=3 size=68) arg=0x698970
  buf antes (user->kernel):
00000000: 00 00 00 00 01 00 00 00 00 00 00 00 00 00 00 00 
00000010: 00 00 00 00 00 00 00 00 00 00 00 00 00 00 00 00 
00000020: 00 00 00 00 00 00 00 00 00 00 00 00 00 00 00 00 
00000030: 02 00 00 00 00 00 00 00 00 00 00 00 00 00 00 00 
00000040: 00 00 00 00 
  ioctl retornó 0 (errno=OK)
  buf después (kernel->user):
00000000: 03 00 00 00 01 00 00 00 00 18 15 00 00 00 00 00 
00000010: 04 00 00 00 cd 0a 00 00 00 35 0c 00 00 00 00 00 
00000020: 00 00 00 00 00 00 00 00 00 00 00 00 02 00 00 00 
00000030: 02 00 00 00 00 20 7f b5 00 18 15 00 00 00 00 00 
00000040: 00 00 00 00 
[TRACK] ioctl(fd=11, path=/dev/video0) req=0xc044560f (type=0x56 nr=15 dir=3 size=68) arg=0x75d398
  buf antes (user->kernel):
00000000: 03 00 00 00 01 00 00 00 00 18 15 00 00 00 00 00 
00000010: 04 00 00 00 cd 0a 00 00 00 35 0c 00 00 00 00 00 
00000020: 00 00 00 00 00 00 00 00 00 00 00 00 02 00 00 00 
00000030: 02 00 00 00 00 20 7f b5 00 18 15 00 00 00 00 00 
00000040: 00 00 00 00 
  ioctl retornó 0 (errno=OK)
  buf después (kernel->user):
00000000: 03 00 00 00 01 00 00 00 00 18 15 00 00 00 00 00 
00000010: 04 00 00 00 cd 0a 00 00 00 35 0c 00 00 00 00 00 
00000020: 00 00 00 00 00 00 00 00 00 00 00 00 02 00 00 00 
00000030: 02 00 00 00 00 20 7f b5 00 18 15 00 00 00 00 00 
00000040: 00 00 00 00 
[TRACK] ioctl(fd=11, path=/dev/video0) req=0xc0445611 (type=0x56 nr=17 dir=3 size=68) arg=0x698970
  buf antes (user->kernel):
00000000: 00 00 00 00 01 00 00 00 00 00 00 00 00 00 00 00 
00000010: 00 00 00 00 00 00 00 00 00 00 00 00 00 00 00 00 
00000020: 00 00 00 00 00 00 00 00 00 00 00 00 00 00 00 00 
00000030: 02 00 00 00 00 00 00 00 00 00 00 00 00 00 00 00 
00000040: 00 00 00 00 
  ioctl retornó 0 (errno=OK)
  buf después (kernel->user):
00000000: 00 00 00 00 01 00 00 00 00 18 15 00 00 00 00 00 
00000010: 04 00 00 00 cd 0a 00 00 60 1f 0d 00 00 00 00 00 
00000020: 00 00 00 00 00 00 00 00 00 00 00 00 02 00 00 00 
00000030: 02 00 00 00 00 90 15 b5 00 18 15 00 00 00 00 00 
00000040: 00 00 00 00 
[TRACK] ioctl(fd=11, path=/dev/video0) req=0xc044560f (type=0x56 nr=15 dir=3 size=68) arg=0x75d398
  buf antes (user->kernel):
00000000: 00 00 00 00 01 00 00 00 00 18 15 00 00 00 00 00 
00000010: 04 00 00 00 cd 0a 00 00 60 1f 0d 00 00 00 00 00 
00000020: 00 00 00 00 00 00 00 00 00 00 00 00 02 00 00 00 
00000030: 02 00 00 00 00 90 15 b5 00 18 15 00 00 00 00 00 
00000040: 00 00 00 00 
  ioctl retornó 0 (errno=OK)
  buf después (kernel->user):
00000000: 00 00 00 00 01 00 00 00 00 18 15 00 00 00 00 00 
00000010: 04 00 00 00 cd 0a 00 00 60 1f 0d 00 00 00 00 00 
00000020: 00 00 00 00 00 00 00 00 00 00 00 00 02 00 00 00 
00000030: 02 00 00 00 00 90 15 b5 00 18 15 00 00 00 00 00 
00000040: 00 00 00 00 
[TRACK] ioctl(fd=11, path=/dev/video0) req=0xc0445611 (type=0x56 nr=17 dir=3 size=68) arg=0x698970
  buf antes (user->kernel):
00000000: 00 00 00 00 01 00 00 00 00 00 00 00 00 00 00 00 
00000010: 00 00 00 00 00 00 00 00 00 00 00 00 00 00 00 00 
00000020: 00 00 00 00 00 00 00 00 00 00 00 00 00 00 00 00 
00000030: 02 00 00 00 00 00 00 00 00 00 00 00 00 00 00 00 
00000040: 00 00 00 00 
  ioctl retornó 0 (errno=OK)
  buf después (kernel->user):
00000000: 01 00 00 00 01 00 00 00 00 18 15 00 00 00 00 00 
00000010: 04 00 00 00 cd 0a 00 00 d0 30 0e 00 00 00 00 00 
00000020: 00 00 00 00 00 00 00 00 00 00 00 00 02 00 00 00 
00000030: 02 00 00 00 00 c0 38 b5 00 18 15 00 00 00 00 00 
00000040: 00 00 00 00 
[TRACK] ioctl(fd=11, path=/dev/video0) req=0xc044560f (type=0x56 nr=15 dir=3 size=68) arg=0x75d398
  buf antes (user->kernel):
00000000: 01 00 00 00 01 00 00 00 00 18 15 00 00 00 00 00 
00000010: 04 00 00 00 cd 0a 00 00 d0 30 0e 00 00 00 00 00 
00000020: 00 00 00 00 00 00 00 00 00 00 00 00 02 00 00 00 
00000030: 02 00 00 00 00 c0 38 b5 00 18 15 00 00 00 00 00 
00000040: 00 00 00 00 
  ioctl retornó 0 (errno=OK)
  buf después (kernel->user):
00000000: 01 00 00 00 01 00 00 00 00 18 15 00 00 00 00 00 
00000010: 04 00 00 00 cd 0a 00 00 d0 30 0e 00 00 00 00 00 
00000020: 00 00 00 00 00 00 00 00 00 00 00 00 02 00 00 00 
00000030: 02 00 00 00 00 c0 38 b5 00 18 15 00 00 00 00 00 
00000040: 00 00 00 00 
[TRACK] ioctl(fd=11, path=/dev/video0) req=0xc0445611 (type=0x56 nr=17 dir=3 size=68) arg=0x698970
  buf antes (user->kernel):
00000000: 00 00 00 00 01 00 00 00 00 00 00 00 00 00 00 00 
00000010: 00 00 00 00 00 00 00 00 00 00 00 00 00 00 00 00 
00000020: 00 00 00 00 00 00 00 00 00 00 00 00 00 00 00 00 
00000030: 02 00 00 00 00 00 00 00 00 00 00 00 00 00 00 00 
00000040: 00 00 00 00 
  ioctl retornó 0 (errno=OK)
  buf después (kernel->user):
00000000: 02 00 00 00 01 00 00 00 00 18 15 00 00 00 00 00 
00000010: 04 00 00 00 ce 0a 00 00 00 00 00 00 00 00 00 00 
00000020: 00 00 00 00 00 00 00 00 00 00 00 00 02 00 00 00 
00000030: 02 00 00 00 00 f0 5b b5 00 18 15 00 00 00 00 00 
00000040: 00 00 00 00 
[TRACK] ioctl(fd=11, path=/dev/video0) req=0xc044560f (type=0x56 nr=15 dir=3 size=68) arg=0x75efd0
  buf antes (user->kernel):
00000000: 02 00 00 00 01 00 00 00 00 18 15 00 00 00 00 00 
00000010: 04 00 00 00 ce 0a 00 00 00 00 00 00 00 00 00 00 
00000020: 00 00 00 00 00 00 00 00 00 00 00 00 02 00 00 00 
00000030: 02 00 00 00 00 f0 5b b5 00 18 15 00 00 00 00 00 
00000040: 00 00 00 00 
  ioctl retornó 0 (errno=OK)
  buf después (kernel->user):
00000000: 02 00 00 00 01 00 00 00 00 18 15 00 00 00 00 00 
00000010: 04 00 00 00 ce 0a 00 00 00 00 00 00 00 00 00 00 
00000020: 00 00 00 00 00 00 00 00 00 00 00 00 02 00 00 00 
00000030: 02 00 00 00 00 f0 5b b5 00 18 15 00 00 00 00 00 
00000040: 00 00 00 00 
[TRACK] ioctl(fd=11, path=/dev/video0) req=0xc0445611 (type=0x56 nr=17 dir=3 size=68) arg=0x698970
  buf antes (user->kernel):
00000000: 00 00 00 00 01 00 00 00 00 00 00 00 00 00 00 00 
00000010: 00 00 00 00 00 00 00 00 00 00 00 00 00 00 00 00 
00000020: 00 00 00 00 00 00 00 00 00 00 00 00 00 00 00 00 
00000030: 02 00 00 00 00 00 00 00 00 00 00 00 00 00 00 00 
00000040: 00 00 00 00 
  ioctl retornó 0 (errno=OK)
  buf después (kernel->user):
00000000: 03 00 00 00 01 00 00 00 00 18 15 00 00 00 00 00 
00000010: 04 00 00 00 ce 0a 00 00 60 ea 00 00 00 00 00 00 
00000020: 00 00 00 00 00 00 00 00 00 00 00 00 02 00 00 00 
00000030: 02 00 00 00 00 20 7f b5 00 18 15 00 00 00 00 00 
00000040: 00 00 00 00 
[TRACK] ioctl(fd=11, path=/dev/video0) req=0xc044560f (type=0x56 nr=15 dir=3 size=68) arg=0x75d398
  buf antes (user->kernel):
00000000: 03 00 00 00 01 00 00 00 00 18 15 00 00 00 00 00 
00000010: 04 00 00 00 ce 0a 00 00 60 ea 00 00 00 00 00 00 
00000020: 00 00 00 00 00 00 00 00 00 00 00 00 02 00 00 00 
00000030: 02 00 00 00 00 20 7f b5 00 18 15 00 00 00 00 00 
00000040: 00 00 00 00 
  ioctl retornó 0 (errno=OK)
  buf después (kernel->user):
00000000: 03 00 00 00 01 00 00 00 00 18 15 00 00 00 00 00 
00000010: 04 00 00 00 ce 0a 00 00 60 ea 00 00 00 00 00 00 
00000020: 00 00 00 00 00 00 00 00 00 00 00 00 02 00 00 00 
00000030: 02 00 00 00 00 20 7f b5 00 18 15 00 00 00 00 00 
00000040: 00 00 00 00 
[TRACK] ioctl(fd=11, path=/dev/video0) req=0xc0445611 (type=0x56 nr=17 dir=3 size=68) arg=0x698970
  buf antes (user->kernel):
00000000: 00 00 00 00 01 00 00 00 00 00 00 00 00 00 00 00 
00000010: 00 00 00 00 00 00 00 00 00 00 00 00 00 00 00 00 
00000020: 00 00 00 00 00 00 00 00 00 00 00 00 00 00 00 00 
00000030: 02 00 00 00 00 00 00 00 00 00 00 00 00 00 00 00 
00000040: 00 00 00 00 
  ioctl retornó 0 (errno=OK)
  buf después (kernel->user):
00000000: 00 00 00 00 01 00 00 00 00 18 15 00 00 00 00 00 
00000010: 04 00 00 00 ce 0a 00 00 d0 fb 01 00 00 00 00 00 
00000020: 00 00 00 00 00 00 00 00 00 00 00 00 03 00 00 00 
00000030: 02 00 00 00 00 90 15 b5 00 18 15 00 00 00 00 00 
00000040: 00 00 00 00 
[TRACK] ioctl(fd=11, path=/dev/video0) req=0xc044560f (type=0x56 nr=15 dir=3 size=68) arg=0x75d398
  buf antes (user->kernel):
00000000: 00 00 00 00 01 00 00 00 00 18 15 00 00 00 00 00 
00000010: 04 00 00 00 ce 0a 00 00 d0 fb 01 00 00 00 00 00 
00000020: 00 00 00 00 00 00 00 00 00 00 00 00 03 00 00 00 
00000030: 02 00 00 00 00 90 15 b5 00 18 15 00 00 00 00 00 
00000040: 00 00 00 00 
  ioctl retornó 0 (errno=OK)
  buf después (kernel->user):
00000000: 00 00 00 00 01 00 00 00 00 18 15 00 00 00 00 00 
00000010: 04 00 00 00 ce 0a 00 00 d0 fb 01 00 00 00 00 00 
00000020: 00 00 00 00 00 00 00 00 00 00 00 00 03 00 00 00 
00000030: 02 00 00 00 00 90 15 b5 00 18 15 00 00 00 00 00 
00000040: 00 00 00 00 
[TRACK] ioctl(fd=11, path=/dev/video0) req=0xc0445611 (type=0x56 nr=17 dir=3 size=68) arg=0x698970
  buf antes (user->kernel):
00000000: 00 00 00 00 01 00 00 00 00 00 00 00 00 00 00 00 
00000010: 00 00 00 00 00 00 00 00 00 00 00 00 00 00 00 00 
00000020: 00 00 00 00 00 00 00 00 00 00 00 00 00 00 00 00 
00000030: 02 00 00 00 00 00 00 00 00 00 00 00 00 00 00 00 
00000040: 00 00 00 00 
  ioctl retornó 0 (errno=OK)
  buf después (kernel->user):
00000000: 01 00 00 00 01 00 00 00 00 18 15 00 00 00 00 00 
00000010: 04 00 00 00 ce 0a 00 00 40 0d 03 00 00 00 00 00 
00000020: 00 00 00 00 00 00 00 00 00 00 00 00 03 00 00 00 
00000030: 02 00 00 00 00 c0 38 b5 00 18 15 00 00 00 00 00 
00000040: 00 00 00 00 
[TRACK] ioctl(fd=11, path=/dev/video0) req=0xc044560f (type=0x56 nr=15 dir=3 size=68) arg=0x75d398
  buf antes (user->kernel):
00000000: 01 00 00 00 01 00 00 00 00 18 15 00 00 00 00 00 
00000010: 04 00 00 00 ce 0a 00 00 40 0d 03 00 00 00 00 00 
00000020: 00 00 00 00 00 00 00 00 00 00 00 00 03 00 00 00 
00000030: 02 00 00 00 00 c0 38 b5 00 18 15 00 00 00 00 00 
00000040: 00 00 00 00 
  ioctl retornó 0 (errno=OK)
  buf después (kernel->user):
00000000: 01 00 00 00 01 00 00 00 00 18 15 00 00 00 00 00 
00000010: 04 00 00 00 ce 0a 00 00 40 0d 03 00 00 00 00 00 
00000020: 00 00 00 00 00 00 00 00 00 00 00 00 03 00 00 00 
00000030: 02 00 00 00 00 c0 38 b5 00 18 15 00 00 00 00 00 
00000040: 00 00 00 00 
[TRACK] ioctl(fd=11, path=/dev/video0) req=0xc0445611 (type=0x56 nr=17 dir=3 size=68) arg=0x698970
  buf antes (user->kernel):
00000000: 00 00 00 00 01 00 00 00 00 00 00 00 00 00 00 00 
00000010: 00 00 00 00 00 00 00 00 00 00 00 00 00 00 00 00 
00000020: 00 00 00 00 00 00 00 00 00 00 00 00 00 00 00 00 
00000030: 02 00 00 00 00 00 00 00 00 00 00 00 00 00 00 00 
00000040: 00 00 00 00 
  ioctl retornó 0 (errno=OK)
  buf después (kernel->user):
00000000: 02 00 00 00 01 00 00 00 00 18 15 00 00 00 00 00 
00000010: 04 00 00 00 ce 0a 00 00 a0 f7 03 00 00 00 00 00 
00000020: 00 00 00 00 00 00 00 00 00 00 00 00 03 00 00 00 
00000030: 02 00 00 00 00 f0 5b b5 00 18 15 00 00 00 00 00 
00000040: 00 00 00 00 
[TRACK] ioctl(fd=11, path=/dev/video0) req=0xc044560f (type=0x56 nr=15 dir=3 size=68) arg=0x75d398
  buf antes (user->kernel):
00000000: 02 00 00 00 01 00 00 00 00 18 15 00 00 00 00 00 
00000010: 04 00 00 00 ce 0a 00 00 a0 f7 03 00 00 00 00 00 
00000020: 00 00 00 00 00 00 00 00 00 00 00 00 03 00 00 00 
00000030: 02 00 00 00 00 f0 5b b5 00 18 15 00 00 00 00 00 
00000040: 00 00 00 00 
  ioctl retornó 0 (errno=OK)
  buf después (kernel->user):
00000000: 02 00 00 00 01 00 00 00 00 18 15 00 00 00 00 00 
00000010: 04 00 00 00 ce 0a 00 00 a0 f7 03 00 00 00 00 00 
00000020: 00 00 00 00 00 00 00 00 00 00 00 00 03 00 00 00 
00000030: 02 00 00 00 00 f0 5b b5 00 18 15 00 00 00 00 00 
00000040: 00 00 00 00 
[TRACK] ioctl(fd=11, path=/dev/video0) req=0xc0445611 (type=0x56 nr=17 dir=3 size=68) arg=0x698970
  buf antes (user->kernel):
00000000: 00 00 00 00 01 00 00 00 00 00 00 00 00 00 00 00 
00000010: 00 00 00 00 00 00 00 00 00 00 00 00 00 00 00 00 
00000020: 00 00 00 00 00 00 00 00 00 00 00 00 00 00 00 00 
00000030: 02 00 00 00 00 00 00 00 00 00 00 00 00 00 00 00 
00000040: 00 00 00 00 
  ioctl retornó 0 (errno=OK)
  buf después (kernel->user):
00000000: 03 00 00 00 01 00 00 00 00 18 15 00 00 00 00 00 
00000010: 04 00 00 00 ce 0a 00 00 10 09 05 00 00 00 00 00 
00000020: 00 00 00 00 00 00 00 00 00 00 00 00 03 00 00 00 
00000030: 02 00 00 00 00 20 7f b5 00 18 15 00 00 00 00 00 
00000040: 00 00 00 00 
[TRACK] ioctl(fd=11, path=/dev/video0) req=0xc044560f (type=0x56 nr=15 dir=3 size=68) arg=0x75d398
  buf antes (user->kernel):
00000000: 03 00 00 00 01 00 00 00 00 18 15 00 00 00 00 00 
00000010: 04 00 00 00 ce 0a 00 00 10 09 05 00 00 00 00 00 
00000020: 00 00 00 00 00 00 00 00 00 00 00 00 03 00 00 00 
00000030: 02 00 00 00 00 20 7f b5 00 18 15 00 00 00 00 00 
00000040: 00 00 00 00 
  ioctl retornó 0 (errno=OK)
  buf después (kernel->user):
00000000: 03 00 00 00 01 00 00 00 00 18 15 00 00 00 00 00 
00000010: 04 00 00 00 ce 0a 00 00 10 09 05 00 00 00 00 00 
00000020: 00 00 00 00 00 00 00 00 00 00 00 00 03 00 00 00 
00000030: 02 00 00 00 00 20 7f b5 00 18 15 00 00 00 00 00 
00000040: 00 00 00 00 
[TRACK] ioctl(fd=11, path=/dev/video0) req=0xc0445611 (type=0x56 nr=17 dir=3 size=68) arg=0x698970
  buf antes (user->kernel):
00000000: 00 00 00 00 01 00 00 00 00 00 00 00 00 00 00 00 
00000010: 00 00 00 00 00 00 00 00 00 00 00 00 00 00 00 00 
00000020: 00 00 00 00 00 00 00 00 00 00 00 00 00 00 00 00 
00000030: 02 00 00 00 00 00 00 00 00 00 00 00 00 00 00 00 
00000040: 00 00 00 00 
  ioctl retornó 0 (errno=OK)
  buf después (kernel->user):
00000000: 00 00 00 00 01 00 00 00 00 18 15 00 00 00 00 00 
00000010: 04 00 00 00 ce 0a 00 00 80 1a 06 00 00 00 00 00 
00000020: 00 00 00 00 00 00 00 00 00 00 00 00 03 00 00 00 
00000030: 02 00 00 00 00 90 15 b5 00 18 15 00 00 00 00 00 
00000040: 00 00 00 00 
[TRACK] ioctl(fd=11, path=/dev/video0) req=0xc044560f (type=0x56 nr=15 dir=3 size=68) arg=0x75d398
  buf antes (user->kernel):
00000000: 00 00 00 00 01 00 00 00 00 18 15 00 00 00 00 00 
00000010: 04 00 00 00 ce 0a 00 00 80 1a 06 00 00 00 00 00 
00000020: 00 00 00 00 00 00 00 00 00 00 00 00 03 00 00 00 
00000030: 02 00 00 00 00 90 15 b5 00 18 15 00 00 00 00 00 
00000040: 00 00 00 00 
  ioctl retornó 0 (errno=OK)
  buf después (kernel->user):
00000000: 00 00 00 00 01 00 00 00 00 18 15 00 00 00 00 00 
00000010: 04 00 00 00 ce 0a 00 00 80 1a 06 00 00 00 00 00 
00000020: 00 00 00 00 00 00 00 00 00 00 00 00 03 00 00 00 
00000030: 02 00 00 00 00 90 15 b5 00 18 15 00 00 00 00 00 
00000040: 00 00 00 00 
[TRACK] ioctl(fd=11, path=/dev/video0) req=0xc0445611 (type=0x56 nr=17 dir=3 size=68) arg=0x698970
  buf antes (user->kernel):
00000000: 00 00 00 00 01 00 00 00 00 00 00 00 00 00 00 00 
00000010: 00 00 00 00 00 00 00 00 00 00 00 00 00 00 00 00 
00000020: 00 00 00 00 00 00 00 00 00 00 00 00 00 00 00 00 
00000030: 02 00 00 00 00 00 00 00 00 00 00 00 00 00 00 00 
00000040: 00 00 00 00 
  ioctl retornó 0 (errno=OK)
  buf después (kernel->user):
00000000: 01 00 00 00 01 00 00 00 00 18 15 00 00 00 00 00 
00000010: 04 00 00 00 ce 0a 00 00 e0 04 07 00 00 00 00 00 
00000020: 00 00 00 00 00 00 00 00 00 00 00 00 03 00 00 00 
00000030: 02 00 00 00 00 c0 38 b5 00 18 15 00 00 00 00 00 
00000040: 00 00 00 00 
[TRACK] ioctl(fd=11, path=/dev/video0) req=0xc044560f (type=0x56 nr=15 dir=3 size=68) arg=0x75d398
  buf antes (user->kernel):
00000000: 01 00 00 00 01 00 00 00 00 18 15 00 00 00 00 00 
00000010: 04 00 00 00 ce 0a 00 00 e0 04 07 00 00 00 00 00 
00000020: 00 00 00 00 00 00 00 00 00 00 00 00 03 00 00 00 
00000030: 02 00 00 00 00 c0 38 b5 00 18 15 00 00 00 00 00 
00000040: 00 00 00 00 
  ioctl retornó 0 (errno=OK)
  buf después (kernel->user):
00000000: 01 00 00 00 01 00 00 00 00 18 15 00 00 00 00 00 
00000010: 04 00 00 00 ce 0a 00 00 e0 04 07 00 00 00 00 00 
00000020: 00 00 00 00 00 00 00 00 00 00 00 00 03 00 00 00 
00000030: 02 00 00 00 00 c0 38 b5 00 18 15 00 00 00 00 00 
00000040: 00 00 00 00 
[TRACK] ioctl(fd=11, path=/dev/video0) req=0xc0445611 (type=0x56 nr=17 dir=3 size=68) arg=0x698970
  buf antes (user->kernel):
00000000: 00 00 00 00 01 00 00 00 00 00 00 00 00 00 00 00 
00000010: 00 00 00 00 00 00 00 00 00 00 00 00 00 00 00 00 
00000020: 00 00 00 00 00 00 00 00 00 00 00 00 00 00 00 00 
00000030: 02 00 00 00 00 00 00 00 00 00 00 00 00 00 00 00 
00000040: 00 00 00 00 
  ioctl retornó 0 (errno=OK)
  buf después (kernel->user):
00000000: 02 00 00 00 01 00 00 00 00 18 15 00 00 00 00 00 
00000010: 04 00 00 00 ce 0a 00 00 50 16 08 00 00 00 00 00 
00000020: 00 00 00 00 00 00 00 00 00 00 00 00 03 00 00 00 
00000030: 02 00 00 00 00 f0 5b b5 00 18 15 00 00 00 00 00 
00000040: 00 00 00 00 
[TRACK] ioctl(fd=11, path=/dev/video0) req=0xc044560f (type=0x56 nr=15 dir=3 size=68) arg=0x75d398
  buf antes (user->kernel):
00000000: 02 00 00 00 01 00 00 00 00 18 15 00 00 00 00 00 
00000010: 04 00 00 00 ce 0a 00 00 50 16 08 00 00 00 00 00 
00000020: 00 00 00 00 00 00 00 00 00 00 00 00 03 00 00 00 
00000030: 02 00 00 00 00 f0 5b b5 00 18 15 00 00 00 00 00 
00000040: 00 00 00 00 
  ioctl retornó 0 (errno=OK)
  buf después (kernel->user):
00000000: 02 00 00 00 01 00 00 00 00 18 15 00 00 00 00 00 
00000010: 04 00 00 00 ce 0a 00 00 50 16 08 00 00 00 00 00 
00000020: 00 00 00 00 00 00 00 00 00 00 00 00 03 00 00 00 
00000030: 02 00 00 00 00 f0 5b b5 00 18 15 00 00 00 00 00 
00000040: 00 00 00 00 
[TRACK] ioctl(fd=11, path=/dev/video0) req=0xc0445611 (type=0x56 nr=17 dir=3 size=68) arg=0x698970
  buf antes (user->kernel):
00000000: 00 00 00 00 01 00 00 00 00 00 00 00 00 00 00 00 
00000010: 00 00 00 00 00 00 00 00 00 00 00 00 00 00 00 00 
00000020: 00 00 00 00 00 00 00 00 00 00 00 00 00 00 00 00 
00000030: 02 00 00 00 00 00 00 00 00 00 00 00 00 00 00 00 
00000040: 00 00 00 00 
  ioctl retornó 0 (errno=OK)
  buf después (kernel->user):
00000000: 03 00 00 00 01 00 00 00 00 18 15 00 00 00 00 00 
00000010: 04 00 00 00 ce 0a 00 00 c0 27 09 00 00 00 00 00 
00000020: 00 00 00 00 00 00 00 00 00 00 00 00 03 00 00 00 
00000030: 02 00 00 00 00 20 7f b5 00 18 15 00 00 00 00 00 
00000040: 00 00 00 00 
[TRACK] ioctl(fd=11, path=/dev/video0) req=0xc044560f (type=0x56 nr=15 dir=3 size=68) arg=0x75d398
  buf antes (user->kernel):
00000000: 03 00 00 00 01 00 00 00 00 18 15 00 00 00 00 00 
00000010: 04 00 00 00 ce 0a 00 00 c0 27 09 00 00 00 00 00 
00000020: 00 00 00 00 00 00 00 00 00 00 00 00 03 00 00 00 
00000030: 02 00 00 00 00 20 7f b5 00 18 15 00 00 00 00 00 
00000040: 00 00 00 00 
  ioctl retornó 0 (errno=OK)
  buf después (kernel->user):
00000000: 03 00 00 00 01 00 00 00 00 18 15 00 00 00 00 00 
00000010: 04 00 00 00 ce 0a 00 00 c0 27 09 00 00 00 00 00 
00000020: 00 00 00 00 00 00 00 00 00 00 00 00 03 00 00 00 
00000030: 02 00 00 00 00 20 7f b5 00 18 15 00 00 00 00 00 
00000040: 00 00 00 00 
[TRACK] ioctl(fd=11, path=/dev/video0) req=0xc0445611 (type=0x56 nr=17 dir=3 size=68) arg=0x698970
  buf antes (user->kernel):
00000000: 00 00 00 00 01 00 00 00 00 00 00 00 00 00 00 00 
00000010: 00 00 00 00 00 00 00 00 00 00 00 00 00 00 00 00 
00000020: 00 00 00 00 00 00 00 00 00 00 00 00 00 00 00 00 
00000030: 02 00 00 00 00 00 00 00 00 00 00 00 00 00 00 00 
00000040: 00 00 00 00 
  ioctl retornó 0 (errno=OK)
  buf después (kernel->user):
00000000: 00 00 00 00 01 00 00 00 00 18 15 00 00 00 00 00 
00000010: 04 00 00 00 ce 0a 00 00 20 12 0a 00 00 00 00 00 
00000020: 00 00 00 00 00 00 00 00 00 00 00 00 04 00 00 00 
00000030: 02 00 00 00 00 90 15 b5 00 18 15 00 00 00 00 00 
00000040: 00 00 00 00 
[TRACK] ioctl(fd=11, path=/dev/video0) req=0xc044560f (type=0x56 nr=15 dir=3 size=68) arg=0x75d398
  buf antes (user->kernel):
00000000: 00 00 00 00 01 00 00 00 00 18 15 00 00 00 00 00 
00000010: 04 00 00 00 ce 0a 00 00 20 12 0a 00 00 00 00 00 
00000020: 00 00 00 00 00 00 00 00 00 00 00 00 04 00 00 00 
00000030: 02 00 00 00 00 90 15 b5 00 18 15 00 00 00 00 00 
00000040: 00 00 00 00 
  ioctl retornó 0 (errno=OK)
  buf después (kernel->user):
