GWCFG_ParseItem(): GWCFG_CheckValue(0) failed with ret=-1! name="version",value="wls_xxr_v1.00"
umount2 /dev/mmcblk0p1: Device or resource busy
mount /dev/mmcblk0p1: Device or resource busy
mount /dev/mmcblk0p1: Device or resource busy
mount /dev/mmcblk0p1: Device or resource busy
mount /dev/mmcblk0p1: Device or resource busy
mount /dev/mmcblk0p1: Device or resource busy
mount /dev/mmcblk0p1: Device or resource busy
mount /dev/mmcblk0p1: Device or resource busy
mount /dev/mmcblk0p1: Device or resource busy
mount /dev/mmcblk0p1: Device or resource busy
mount /dev/mmcblk0p1: Device or resource busy
mount /dev/mmcblk0p1: Device or resource busy
mount /dev/mmcblk0p1: Device or resource busy
[TRACK] ioctl(fd=15, path=/dev/akpcm_cdev0) req=0x40045081 (type=0x50 nr=129 dir=1 size=4) arg=0xbef99a14
  buf antes (user->kernel):
00000000: 01 00 00 00 
  ioctl retornó 0 (errno=OK)
[TRACK] ioctl(fd=15, path=/dev/akpcm_cdev0) req=0x50e3 (type=0x50 nr=227 dir=0 size=0) arg=(nil)
  ioctl retornó 0 (errno=OK)
[TRACK] ioctl(fd=15, path=/dev/akpcm_cdev0) req=0x40045030 (type=0x50 nr=48 dir=1 size=4) arg=0xbef99aac
  buf antes (user->kernel):
00000000: 05 00 00 00 
  ioctl retornó 0 (errno=OK)
mount /dev/mmcblk0p1: Device or resource busy
mount /dev/mmcblk0p1: Device or resource busy
mount /dev/mmcblk0p1: Device or resource busy
mount /dev/mmcblk0p1: Device or resource busy
mount /dev/mmcblk0p1: Device or resource busy
mount /dev/mmcblk0p1: Device or resource busy
Failed to connect to wpa_supplicant - wpa_ctrl_open: No such file or directory
mount /dev/mmcblk0p1: Device or resource busy
mount /dev/mmcblk0p1: Device or resource busy
mount /dev/mmcblk0p1: Device or resource busy
mount /dev/mmcblk0p1: Device or resource busy
[warn] Unable to add nameserver [240c::6666]:53: error 1
[warn] Unable to add nameserver [2001:4860:4860::8888]:53: error 1
[msg] Nameserver 8.8.8.8:53 has failed: Network is unreachable
[msg] Nameserver 114.114.114.114:53 has failed: Network is unreachable
ioctl[SIOCSIWAP]: Operation not permitted
[msg] Nameserver 119.29.29.29:53 has failed: Network is unreachable
[msg] All nameservers have failed
getaddrinfo: Name or service not known
route: SIOCDELRT: No such process
[msg] Nameserver 8.8.8.8:53 is back up
[msg] Nameserver 114.114.114.114:53 is back up
[msg] Nameserver 119.29.29.29:53 is back up
[1;32mSendAudioToEncoderProc [238] exit >>> [0m
[1;32mGetVideoFromEncoderProcess [229] exit >>> [0m
[1;32mrecord_av_proc [224] exit >>> [0m
ISO File Writing: |====================| (100/100)                                                        [TRACK] ioctl(fd=15, path=/dev/akpcm_cdev0) req=0x40045030 (type=0x50 nr=48 dir=1 size=4) arg=0xb34dca04
  buf antes (user->kernel):
00000000: 04 00 00 00 
  ioctl retornó 0 (errno=OK)
route: SIOCADDRT: Network is down
                                                        [1;32mav_real_play_proc [349] exit >>> [0m
[1;32mcloud_storage_proc [182] exit >>> [0m
[TRACK] ioctl(fd=15, path=/dev/akpcm_cdev0) req=0x40045010 (type=0x50 nr=16 dir=1 size=4) arg=0xae1b0414
  buf antes (user->kernel):
00000000: 04 00 00 00 
  ioctl retornó 0 (errno=OK)
[TRACK] ioctl(fd=15, path=/dev/akpcm_cdev0) req=0x40045070 (type=0x50 nr=112 dir=1 size=4) arg=0xae1b0414
  buf antes (user->kernel):
00000000: 01 00 00 00 
  ioctl retornó 0 (errno=OK)
[TRACK] ioctl(fd=15, path=/dev/akpcm_cdev0) req=0x50e2 (type=0x50 nr=226 dir=0 size=0) arg=(nil)
  ioctl retornó 0 (errno=OK)
[TRACK] ioctl(fd=15, path=/dev/akpcm_cdev0) req=0x401c50f2 (type=0x50 nr=242 dir=1 size=28) arg=0x7357f0
  buf antes (user->kernel):
00000000: 80 3e 00 00 02 00 00 00 10 00 00 00 00 10 00 00 
00000010: 0c 00 00 00 00 10 00 00 00 00 00 00 
  ioctl retornó 0 (errno=OK)
[TRACK] ioctl(fd=15, path=/dev/akpcm_cdev0) req=0x50e0 (type=0x50 nr=224 dir=0 size=0) arg=(nil)
  ioctl retornó 0 (errno=OK)
[TRACK] ioctl(fd=15, path=/dev/akpcm_cdev0) req=0x804050f0 (type=0x50 nr=240 dir=2 size=64) arg=0xae1b0454
  ioctl retornó 0 (errno=OK)
  buf después (kernel->user):
00000000: fe 00 00 40 47 3e 00 00 40 1f 00 00 80 bb 00 00 
00000010: 04 00 00 00 02 00 00 00 02 00 00 00 00 02 00 00 
00000020: 00 00 01 00 04 00 00 00 00 04 00 00 05 00 00 00 
00000030: 0f 00 00 00 07 00 00 00 01 00 00 00 03 00 00 00 
[TRACK] ioctl(fd=15, path=/dev/akpcm_cdev0) req=0x801c50f2 (type=0x50 nr=242 dir=2 size=28) arg=0xae1b0438
  ioctl retornó 0 (errno=OK)
  buf después (kernel->user):
00000000: 80 3e 00 00 02 00 00 00 10 00 00 00 00 10 00 00 
00000010: 0c 00 00 00 00 10 00 00 00 00 00 00 
[TRACK] ioctl(fd=15, path=/dev/akpcm_cdev0) req=0x80045010 (type=0x50 nr=16 dir=2 size=4) arg=0xae1b0434
  ioctl retornó 0 (errno=OK)
  buf después (kernel->user):
00000000: 04 00 00 00 
[TRACK] ioctl(fd=15, path=/dev/akpcm_cdev0) req=0x80045030 (type=0x50 nr=48 dir=2 size=4) arg=0xae1b0434
  ioctl retornó 0 (errno=OK)
  buf después (kernel->user):
00000000: 04 00 00 00 
[TRACK] write(fd=15, path=/dev/akpcm_cdev0, count=384)
  data a escribir (máx 512 bytes):
00000000: 00 00 00 00 00 00 00 00 00 00 00 00 00 00 00 00 
00000010: 00 00 00 00 00 00 00 00 00 00 00 00 00 00 00 00 
00000020: 00 00 00 00 00 00 00 00 00 00 00 00 00 00 00 00 
00000030: 00 00 00 00 00 00 00 00 00 00 00 00 00 00 00 00 
00000040: 00 00 00 00 00 00 00 00 00 00 00 00 00 00 00 00 
00000050: 00 00 00 00 00 00 00 00 00 00 00 00 00 00 00 00 
00000060: 00 00 00 00 00 00 00 00 00 00 00 00 00 00 00 00 
00000070: 00 00 00 00 00 00 00 00 00 00 00 00 00 00 00 00 
00000080: 00 00 00 00 00 00 00 00 00 00 00 00 00 00 00 00 
00000090: 00 00 00 00 00 00 00 00 00 00 00 00 00 00 00 00 
000000a0: 00 00 00 00 00 00 00 00 00 00 00 00 00 00 00 00 
000000b0: 00 00 00 00 00 00 00 00 00 00 00 00 00 00 00 00 
000000c0: 00 00 00 00 00 00 00 00 00 00 00 00 00 00 00 00 
000000d0: 00 00 00 00 00 00 00 00 00 00 00 00 00 00 00 00 
000000e0: 00 00 00 00 00 00 00 00 00 00 00 00 00 00 00 00 
000000f0: 00 00 00 00 00 00 00 00 00 00 00 00 00 00 00 00 
00000100: fa ff fa ff 00 00 00 00 00 00 00 00 00 00 00 00 
00000110: 00 00 00 00 00 00 00 00 00 00 00 00 07 00 07 00 
00000120: 11 00 11 00 0c 00 0c 00 07 00 07 00 02 00 02 00 
00000130: fd ff fd ff fa ff fa ff f8 ff f8 ff f0 ff f0 ff 
00000140: f0 ff f0 ff f0 ff f0 ff f3 ff f3 ff ed ff ed ff 
00000150: f0 ff f0 ff f3 ff f3 ff f0 ff f0 ff fd ff fd ff 
00000160: 02 00 02 00 02 00 02 00 07 00 07 00 0a 00 0a 00 
00000170: 02 00 02 00 fa ff fa ff fd ff fd ff fa ff fa ff 
[TRACK] ioctl(fd=15, path=/dev/akpcm_cdev0) req=0x800450e7 (type=0x50 nr=231 dir=2 size=4) arg=0xae1b0414
  ioctl retornó 0 (errno=OK)
  buf después (kernel->user):
00000000: 01 00 00 00 
[TRACK] ioctl(fd=15, path=/dev/akpcm_cdev0) req=0x50e1 (type=0x50 nr=225 dir=0 size=0) arg=(nil)
  ioctl retornó 0 (errno=OK)
[TRACK] write(fd=15, path=/dev/akpcm_cdev0, count=576)
  data a escribir (máx 512 bytes):
00000000: fd ff fd ff fa ff fa ff f8 ff f8 ff 00 00 00 00 
00000010: 02 00 02 00 05 00 05 00 05 00 05 00 05 00 05 00 
00000020: 19 00 19 00 31 00 31 00 39 00 39 00 2c 00 2c 00 
00000030: 1f 00 1f 00 0f 00 0f 00 0c 00 0c 00 00 00 00 00 
00000040: eb ff eb ff de ff de ff db ff db ff db ff db ff 
00000050: d3 ff d3 ff d6 ff d6 ff de ff de ff db ff db ff 
00000060: f0 ff f0 ff 07 00 07 00 0d 00 0d 00 07 00 07 00 
00000070: 0a 00 0a 00 0a 00 0a 00 02 00 02 00 00 00 00 00 
00000080: f0 ff f0 ff f0 ff f0 ff f8 ff f8 ff 02 00 02 00 
00000090: 0d 00 0d 00 0f 00 0f 00 0d 00 0d 00 0d 00 0d 00 
000000a0: 0d 00 0d 00 0d 00 0d 00 17 00 17 00 1c 00 1c 00 
000000b0: 17 00 17 00 0f 00 0f 00 05 00 05 00 fd ff fd ff 
000000c0: fd ff fd ff f0 ff f0 ff e3 ff e3 ff e3 ff e3 ff 
000000d0: e5 ff e5 ff e3 ff e3 ff e0 ff e0 ff e5 ff e5 ff 
000000e0: dd ff dd ff e8 ff e8 ff f0 ff f0 ff ea ff ea ff 
000000f0: ea ff ea ff f5 ff f5 ff fd ff fd ff f5 ff f5 ff 
00000100: fa ff fa ff 02 00 02 00 12 00 12 00 1a 00 1a 00 
00000110: 27 00 27 00 25 00 25 00 12 00 12 00 0f 00 0f 00 
00000120: 15 00 15 00 0f 00 0f 00 02 00 02 00 00 00 00 00 
00000130: fd ff fd ff fa ff fa ff fd ff fd ff f8 ff f8 ff 
00000140: f5 ff f5 ff fa ff fa ff fd ff fd ff fa ff fa ff 
00000150: fd ff fd ff fd ff fd ff 0a 00 0a 00 0f 00 0f 00 
00000160: 0a 00 0a 00 07 00 07 00 12 00 12 00 0f 00 0f 00 
00000170: 07 00 07 00 02 00 02 00 f0 ff f0 ff ea ff ea ff 
00000180: ea ff ea ff ea ff ea ff f5 ff f5 ff ea ff ea ff 
00000190: f0 ff f0 ff f8 ff f8 ff ed ff ed ff ed ff ed ff 
000001a0: ef ff ef ff f2 ff f2 ff f2 ff f2 ff 05 00 05 00 
000001b0: 08 00 08 00 08 00 08 00 08 00 08 00 05 00 05 00 
000001c0: 02 00 02 00 f5 ff f5 ff f5 ff f5 ff ed ff ed ff 
000001d0: ef ff ef ff f5 ff f5 ff f5 ff f5 ff 00 00 00 00 
000001e0: 15 00 15 00 1a 00 1a 00 0d 00 0d 00 0a 00 0a 00 
000001f0: 05 00 05 00 ea ff ea ff e5 ff e5 ff ea ff ea ff 
  ... (dump truncado 512 de 576 bytes)
[TRACK] ioctl(fd=15, path=/dev/akpcm_cdev0) req=0x800450e7 (type=0x50 nr=231 dir=2 size=4) arg=0xae1b0414
  ioctl retornó 0 (errno=OK)
  buf después (kernel->user):
00000000: 01 00 00 00 
[TRACK] write(fd=15, path=/dev/akpcm_cdev0, count=768)
  data a escribir (máx 512 bytes):
00000000: 00 00 00 00 05 00 05 00 08 00 08 00 05 00 05 00 
00000010: fd ff fd ff f5 ff f5 ff ef ff ef ff ea ff ea ff 
00000020: ea ff ea ff ef ff ef ff f2 ff f2 ff e7 ff e7 ff 
00000030: e7 ff e7 ff e2 ff e2 ff e2 ff e2 ff e2 ff e2 ff 
00000040: ea ff ea ff ed ff ed ff f5 ff f5 ff f2 ff f2 ff 
00000050: 00 00 00 00 0d 00 0d 00 15 00 15 00 10 00 10 00 
00000060: fd ff fd ff fa ff fa ff f2 ff f2 ff dc ff dc ff 
00000070: d9 ff d9 ff e4 ff e4 ff f2 ff f2 ff fd ff fd ff 
00000080: 10 00 10 00 10 00 10 00 13 00 13 00 1e 00 1e 00 
00000090: 18 00 18 00 1b 00 1b 00 1b 00 1b 00 1e 00 1e 00 
000000a0: 0a 00 0a 00 00 00 00 00 0a 00 0a 00 08 00 08 00 
000000b0: 00 00 00 00 00 00 00 00 f7 ff f7 ff f2 ff f2 ff 
000000c0: f7 ff f7 ff f7 ff f7 ff f5 ff f5 ff f7 ff f7 ff 
000000d0: fd ff fd ff 0a 00 0a 00 10 00 10 00 1b 00 1b 00 
000000e0: 15 00 15 00 1b 00 1b 00 13 00 13 00 08 00 08 00 
000000f0: fd ff fd ff f4 ff f4 ff ef ff ef ff f7 ff f7 ff 
00000100: fa ff fa ff f7 ff f7 ff 08 00 08 00 0d 00 0d 00 
00000110: 0b 00 0b 00 02 00 02 00 fd ff fd ff f4 ff f4 ff 
00000120: e9 ff e9 ff e7 ff e7 ff cb ff cb ff c8 ff c8 ff 
00000130: d6 ff d6 ff e7 ff e7 ff ec ff ec ff f7 ff f7 ff 
00000140: 02 00 02 00 05 00 05 00 0b 00 0b 00 13 00 13 00 
00000150: 13 00 13 00 0d 00 0d 00 0b 00 0b 00 08 00 08 00 
00000160: 00 00 00 00 fd ff fd ff fd ff fd ff fa ff fa ff 
00000170: 02 00 02 00 05 00 05 00 02 00 02 00 02 00 02 00 
00000180: 02 00 02 00 f4 ff f4 ff f2 ff f2 ff f4 ff f4 ff 
00000190: ec ff ec ff e9 ff e9 ff f2 ff f2 ff f7 ff f7 ff 
000001a0: fa ff fa ff f7 ff f7 ff e6 ff e6 ff e6 ff e6 ff 
000001b0: ef ff ef ff ec ff ec ff ef ff ef ff fa ff fa ff 
000001c0: 05 00 05 00 0b 00 0b 00 10 00 10 00 13 00 13 00 
000001d0: 10 00 10 00 10 00 10 00 19 00 19 00 0e 00 0e 00 
000001e0: 02 00 02 00 08 00 08 00 0e 00 0e 00 0e 00 0e 00 
000001f0: 16 00 16 00 1c 00 1c 00 16 00 16 00 19 00 19 00 
  ... (dump truncado 512 de 768 bytes)
[TRACK] ioctl(fd=15, path=/dev/akpcm_cdev0) req=0x800450e7 (type=0x50 nr=231 dir=2 size=4) arg=0xae1b0414
  ioctl retornó 0 (errno=OK)
  buf después (kernel->user):
00000000: 01 00 00 00 
[TRACK] write(fd=15, path=/dev/akpcm_cdev0, count=576)
  data a escribir (máx 512 bytes):
00000000: 14 00 14 00 0e 00 0e 00 fd ff fd ff f4 ff f4 ff 
00000010: e8 ff e8 ff ee ff ee ff f1 ff f1 ff fa ff fa ff 
00000020: 05 00 05 00 19 00 19 00 22 00 22 00 22 00 22 00 
00000030: 19 00 19 00 19 00 19 00 14 00 14 00 05 00 05 00 
00000040: fd ff fd ff eb ff eb ff e3 ff e3 ff e3 ff e3 ff 
00000050: e3 ff e3 ff f4 ff f4 ff eb ff eb ff ee ff ee ff 
00000060: f7 ff f7 ff fd ff fd ff 02 00 02 00 05 00 05 00 
00000070: f7 ff f7 ff f4 ff f4 ff e8 ff e8 ff eb ff eb ff 
00000080: ee ff ee ff ee ff ee ff ee ff ee ff f1 ff f1 ff 
00000090: f7 ff f7 ff 00 00 00 00 08 00 08 00 0b 00 0b 00 
000000a0: 0b 00 0b 00 1a 00 1a 00 28 00 28 00 1f 00 1f 00 
000000b0: 20 00 20 00 08 00 08 00 f1 ff f1 ff e5 ff e5 ff 
000000c0: d1 ff d1 ff ce ff ce ff c8 ff c8 ff e2 ff e2 ff 
000000d0: f1 ff f1 ff 00 00 00 00 11 00 11 00 1a 00 1a 00 
000000e0: 1a 00 1a 00 1a 00 1a 00 1d 00 1d 00 14 00 14 00 
000000f0: 0b 00 0b 00 00 00 00 00 f7 ff f7 ff 05 00 05 00 
00000100: f1 ff f1 ff ee ff ee ff f4 ff f4 ff fd ff fd ff 
00000110: 00 00 00 00 02 00 02 00 05 00 05 00 05 00 05 00 
00000120: ee ff ee ff e8 ff e8 ff eb ff eb ff eb ff eb ff 
00000130: ee ff ee ff f7 ff f7 ff f7 ff f7 ff e8 ff e8 ff 
00000140: ee ff ee ff 08 00 08 00 11 00 11 00 11 00 11 00 
00000150: 14 00 14 00 05 00 05 00 08 00 08 00 0b 00 0b 00 
00000160: 14 00 14 00 0e 00 0e 00 00 00 00 00 fa ff fa ff 
00000170: fa ff fa ff fd ff fd ff ee ff ee ff f4 ff f4 ff 
00000180: f7 ff f7 ff f4 ff f4 ff fa ff fa ff 00 00 00 00 
00000190: f4 ff f4 ff f7 ff f7 ff fd ff fd ff 0b 00 0b 00 
000001a0: 14 00 14 00 1a 00 1a 00 26 00 26 00 20 00 20 00 
000001b0: 14 00 14 00 11 00 11 00 08 00 08 00 00 00 00 00 
000001c0: f7 ff f7 ff e8 ff e8 ff e2 ff e2 ff df ff df ff 
000001d0: df ff df ff d9 ff d9 ff df ff df ff eb ff eb ff 
000001e0: eb ff eb ff f7 ff f7 ff 08 00 08 00 0e 00 0e 00 
000001f0: 02 00 02 00 02 00 02 00 14 00 14 00 05 00 05 00 
  ... (dump truncado 512 de 576 bytes)
[TRACK] ioctl(fd=15, path=/dev/akpcm_cdev0) req=0x800450e7 (type=0x50 nr=231 dir=2 size=4) arg=0xae1b0414
  ioctl retornó 0 (errno=OK)
  buf después (kernel->user):
00000000: 01 00 00 00 
[TRACK] write(fd=15, path=/dev/akpcm_cdev0, count=576)
  data a escribir (máx 512 bytes):
00000000: 11 00 11 00 1d 00 1d 00 1d 00 1d 00 14 00 14 00 
00000010: 0b 00 0b 00 02 00 02 00 fa ff fa ff 02 00 02 00 
00000020: 02 00 02 00 09 00 09 00 06 00 06 00 00 00 00 00 
00000030: fc ff fc ff 0c 00 0c 00 0c 00 0c 00 1b 00 1b 00 
00000040: 1e 00 1e 00 12 00 12 00 09 00 09 00 fc ff fc ff 
00000050: e1 ff e1 ff d8 ff d8 ff d5 ff d5 ff e1 ff e1 ff 
00000060: d8 ff d8 ff d2 ff d2 ff c9 ff c9 ff b1 ff b1 ff 
00000070: 9c ff 9c ff ae ff ae ff cc ff cc ff de ff de ff 
00000080: 00 00 00 00 2a 00 2a 00 3f 00 3f 00 3c 00 3c 00 
00000090: 42 00 42 00 36 00 36 00 33 00 33 00 33 00 33 00 
000000a0: 0c 00 0c 00 ed ff ed ff db ff db ff c6 ff c6 ff 
000000b0: c6 ff c6 ff b7 ff b7 ff d2 ff d2 ff ea ff ea ff 
000000c0: 09 00 09 00 21 00 21 00 4b 00 4b 00 52 00 52 00 
000000d0: 5b 00 5b 00 52 00 52 00 4f 00 4f 00 33 00 33 00 
000000e0: 18 00 18 00 fc ff fc ff f0 ff f0 ff d8 ff d8 ff 
000000f0: d2 ff d2 ff db ff db ff db ff db ff e1 ff e1 ff 
00000100: f6 ff f6 ff 12 00 12 00 1b 00 1b 00 15 00 15 00 
00000110: 15 00 15 00 09 00 09 00 f0 ff f0 ff f0 ff f0 ff 
00000120: f0 ff f0 ff f9 ff f9 ff f9 ff f9 ff fc ff fc ff 
00000130: ea ff ea ff f0 ff f0 ff e4 ff e4 ff e7 ff e7 ff 
00000140: ed ff ed ff 00 00 00 00 f9 ff f9 ff 09 00 09 00 
00000150: 12 00 12 00 1e 00 1e 00 24 00 24 00 1e 00 1e 00 
00000160: 18 00 18 00 09 00 09 00 f3 ff f3 ff e4 ff e4 ff 
00000170: db ff db ff de ff de ff c8 ff c8 ff c2 ff c2 ff 
00000180: b9 ff b9 ff a9 ff a9 ff a0 ff a0 ff b5 ff b5 ff 
00000190: d7 ff d7 ff ed ff ed ff 12 00 12 00 34 00 34 00 
000001a0: 40 00 40 00 4a 00 4a 00 4d 00 4d 00 44 00 44 00 
000001b0: 37 00 37 00 2b 00 2b 00 1b 00 1b 00 0f 00 0f 00 
000001c0: 09 00 09 00 fc ff fc ff f3 ff f3 ff ed ff ed ff 
000001d0: e7 ff e7 ff e4 ff e4 ff e7 ff e7 ff 06 00 06 00 
000001e0: 0c 00 0c 00 15 00 15 00 1b 00 1b 00 18 00 18 00 
000001f0: 12 00 12 00 18 00 18 00 22 00 22 00 1c 00 1c 00 
  ... (dump truncado 512 de 576 bytes)
[TRACK] ioctl(fd=15, path=/dev/akpcm_cdev0) req=0x800450e7 (type=0x50 nr=231 dir=2 size=4) arg=0xae1b0414
  ioctl retornó 0 (errno=OK)
  buf después (kernel->user):
00000000: 01 00 00 00 
[TRACK] write(fd=15, path=/dev/akpcm_cdev0, count=768)
  data a escribir (máx 512 bytes):
00000000: 06 00 06 00 fc ff fc ff ed ff ed ff e3 ff e3 ff 
00000010: da ff da ff d0 ff d0 ff d4 ff d4 ff c7 ff c7 ff 
00000020: e3 ff e3 ff f0 ff f0 ff 03 00 03 00 00 00 00 00 
00000030: f0 ff f0 ff f6 ff f6 ff f3 ff f3 ff fc ff fc ff 
00000040: 1f 00 1f 00 28 00 28 00 45 00 45 00 2f 00 2f 00 
00000050: 12 00 12 00 03 00 03 00 f3 ff f3 ff f0 ff f0 ff 
00000060: 06 00 06 00 0c 00 0c 00 12 00 12 00 16 00 16 00 
00000070: 0f 00 0f 00 09 00 09 00 06 00 06 00 06 00 06 00 
00000080: 06 00 06 00 06 00 06 00 09 00 09 00 03 00 03 00 
00000090: fc ff fc ff fc ff fc ff f3 ff f3 ff ec ff ec ff 
000000a0: f3 ff f3 ff f6 ff f6 ff f9 ff f9 ff fc ff fc ff 
000000b0: fc ff fc ff fc ff fc ff fc ff fc ff fc ff fc ff 
000000c0: f9 ff f9 ff fc ff fc ff fc ff fc ff fc ff fc ff 
000000d0: fc ff fc ff fc ff fc ff fd ff fd ff fd ff fd ff 
000000e0: fd ff fd ff fd ff fd ff fd ff fd ff fd ff fd ff 
000000f0: fd ff fd ff fd ff fd ff fd ff fd ff fd ff fd ff 
