GWCFG_ParseItem(): GWCFG_CheckValue(0) failed with ret=-1! name="version",value="wls_xxr_v1.00"
umount2 /dev/mmcblk0p1: Device or resource busy
mount /dev/mmcblk0p1: Device or resource busy
mount /dev/mmcblk0p1: Device or resource busy
mount /dev/mmcblk0p1: Device or resource busy
mount /dev/mmcblk0p1: Device or resource busy
mount /dev/mmcblk0p1: Device or resource busy
mount /dev/mmcblk0p1: Device or resource busy
mount /dev/mmcblk0p1: Device or resource busy
mount /dev/mmcblk0p1: Device or resource busy
mount /dev/mmcblk0p1: Device or resource busy
mount /dev/mmcblk0p1: Device or resource busy
mount /dev/mmcblk0p1: Device or resource busy
mount /dev/mmcblk0p1: Device or resource busy
[TRACK] ioctl(fd=15, path=/dev/akpcm_cdev0) req=0x40045081 (type=0x50 nr=129 dir=1 size=4) arg=0xbef99a14
  buf antes (user->kernel):
00000000: 01 00 00 00 
  ioctl retornó 0 (errno=OK)
[TRACK] ioctl(fd=15, path=/dev/akpcm_cdev0) req=0x50e3 (type=0x50 nr=227 dir=0 size=0) arg=(nil)
  ioctl retornó 0 (errno=OK)
[TRACK] ioctl(fd=15, path=/dev/akpcm_cdev0) req=0x40045030 (type=0x50 nr=48 dir=1 size=4) arg=0xbef99aac
  buf antes (user->kernel):
00000000: 05 00 00 00 
  ioctl retornó 0 (errno=OK)
mount /dev/mmcblk0p1: Device or resource busy
mount /dev/mmcblk0p1: Device or resource busy
mount /dev/mmcblk0p1: Device or resource busy
mount /dev/mmcblk0p1: Device or resource busy
mount /dev/mmcblk0p1: Device or resource busy
mount /dev/mmcblk0p1: Device or resource busy
Failed to connect to wpa_supplicant - wpa_ctrl_open: No such file or directory
mount /dev/mmcblk0p1: Device or resource busy
mount /dev/mmcblk0p1: Device or resource busy
mount /dev/mmcblk0p1: Device or resource busy
mount /dev/mmcblk0p1: Device or resource busy
[warn] Unable to add nameserver [240c::6666]:53: error 1
[warn] Unable to add nameserver [2001:4860:4860::8888]:53: error 1
[msg] Nameserver 8.8.8.8:53 has failed: Network is unreachable
[msg] Nameserver 114.114.114.114:53 has failed: Network is unreachable
ioctl[SIOCSIWAP]: Operation not permitted
[msg] Nameserver 119.29.29.29:53 has failed: Network is unreachable
[msg] All nameservers have failed
getaddrinfo: Name or service not known
route: SIOCDELRT: No such process
[msg] Nameserver 8.8.8.8:53 is back up
[msg] Nameserver 114.114.114.114:53 is back up
[msg] Nameserver 119.29.29.29:53 is back up
[1;32mSendAudioToEncoderProc [238] exit >>> [0m
[1;32mGetVideoFromEncoderProcess [229] exit >>> [0m
[1;32mrecord_av_proc [224] exit >>> [0m
ISO File Writing: |====================| (100/100)                                                        [TRACK] ioctl(fd=15, path=/dev/akpcm_cdev0) req=0x40045030 (type=0x50 nr=48 dir=1 size=4) arg=0xb34dca04
  buf antes (user->kernel):
00000000: 04 00 00 00 
  ioctl retornó 0 (errno=OK)
route: SIOCADDRT: Network is down
                                                        [1;32mav_real_play_proc [349] exit >>> [0m
[1;32mcloud_storage_proc [182] exit >>> [0m
[TRACK] ioctl(fd=15, path=/dev/akpcm_cdev0) req=0x40045010 (type=0x50 nr=16 dir=1 size=4) arg=0xae1b0414
  buf antes (user->kernel):
00000000: 04 00 00 00 
  ioctl retornó 0 (errno=OK)
[TRACK] ioctl(fd=15, path=/dev/akpcm_cdev0) req=0x40045070 (type=0x50 nr=112 dir=1 size=4) arg=0xae1b0414
  buf antes (user->kernel):
00000000: 01 00 00 00 
  ioctl retornó 0 (errno=OK)
[TRACK] ioctl(fd=15, path=/dev/akpcm_cdev0) req=0x50e2 (type=0x50 nr=226 dir=0 size=0) arg=(nil)
  ioctl retornó 0 (errno=OK)
[TRACK] ioctl(fd=15, path=/dev/akpcm_cdev0) req=0x401c50f2 (type=0x50 nr=242 dir=1 size=28) arg=0x7357f0
  buf antes (user->kernel):
00000000: 80 3e 00 00 02 00 00 00 10 00 00 00 00 10 00 00 
00000010: 0c 00 00 00 00 10 00 00 00 00 00 00 
  ioctl retornó 0 (errno=OK)
[TRACK] ioctl(fd=15, path=/dev/akpcm_cdev0) req=0x50e0 (type=0x50 nr=224 dir=0 size=0) arg=(nil)
  ioctl retornó 0 (errno=OK)
[TRACK] ioctl(fd=15, path=/dev/akpcm_cdev0) req=0x804050f0 (type=0x50 nr=240 dir=2 size=64) arg=0xae1b0454
  ioctl retornó 0 (errno=OK)
  buf después (kernel->user):
00000000: fe 00 00 40 47 3e 00 00 40 1f 00 00 80 bb 00 00 
00000010: 04 00 00 00 02 00 00 00 02 00 00 00 00 02 00 00 
00000020: 00 00 01 00 04 00 00 00 00 04 00 00 05 00 00 00 
00000030: 0f 00 00 00 07 00 00 00 01 00 00 00 03 00 00 00 
[TRACK] ioctl(fd=15, path=/dev/akpcm_cdev0) req=0x801c50f2 (type=0x50 nr=242 dir=2 size=28) arg=0xae1b0438
  ioctl retornó 0 (errno=OK)
  buf después (kernel->user):
00000000: 80 3e 00 00 02 00 00 00 10 00 00 00 00 10 00 00 
00000010: 0c 00 00 00 00 10 00 00 00 00 00 00 
[TRACK] ioctl(fd=15, path=/dev/akpcm_cdev0) req=0x80045010 (type=0x50 nr=16 dir=2 size=4) arg=0xae1b0434
  ioctl retornó 0 (errno=OK)
  buf después (kernel->user):
00000000: 04 00 00 00 
[TRACK] ioctl(fd=15, path=/dev/akpcm_cdev0) req=0x80045030 (type=0x50 nr=48 dir=2 size=4) arg=0xae1b0434
  ioctl retornó 0 (errno=OK)
  buf después (kernel->user):
00000000: 04 00 00 00 
[TRACK] write(fd=15, path=/dev/akpcm_cdev0, count=384)
  data a escribir (máx 512 bytes):
00000000: 00 00 00 00 00 00 00 00 00 00 00 00 00 00 00 00 
00000010: 00 00 00 00 00 00 00 00 00 00 00 00 00 00 00 00 
00000020: 00 00 00 00 00 00 00 00 00 00 00 00 00 00 00 00 
00000030: 00 00 00 00 00 00 00 00 00 00 00 00 00 00 00 00 
00000040: 00 00 00 00 00 00 00 00 00 00 00 00 00 00 00 00 
00000050: 00 00 00 00 00 00 00 00 00 00 00 00 00 00 00 00 
00000060: 00 00 00 00 00 00 00 00 00 00 00 00 00 00 00 00 
00000070: 00 00 00 00 00 00 00 00 00 00 00 00 00 00 00 00 
00000080: 00 00 00 00 00 00 00 00 00 00 00 00 00 00 00 00 
00000090: 00 00 00 00 00 00 00 00 00 00 00 00 00 00 00 00 
000000a0: 00 00 00 00 00 00 00 00 00 00 00 00 00 00 00 00 
000000b0: 00 00 00 00 00 00 00 00 00 00 00 00 00 00 00 00 
000000c0: 00 00 00 00 00 00 00 00 00 00 00 00 00 00 00 00 
000000d0: 00 00 00 00 00 00 00 00 00 00 00 00 00 00 00 00 
000000e0: 00 00 00 00 00 00 00 00 00 00 00 00 00 00 00 00 
000000f0: 00 00 00 00 00 00 00 00 00 00 00 00 00 00 00 00 
00000100: fa ff fa ff 00 00 00 00 00 00 00 00 00 00 00 00 
00000110: 00 00 00 00 00 00 00 00 00 00 00 00 07 00 07 00 
00000120: 11 00 11 00 0c 00 0c 00 07 00 07 00 02 00 02 00 
00000130: fd ff fd ff fa ff fa ff f8 ff f8 ff f0 ff f0 ff 
00000140: f0 ff f0 ff f0 ff f0 ff f3 ff f3 ff ed ff ed ff 
00000150: f0 ff f0 ff f3 ff f3 ff f0 ff f0 ff fd ff fd ff 
00000160: 02 00 02 00 02 00 02 00 07 00 07 00 0a 00 0a 00 
00000170: 02 00 02 00 fa ff fa ff fd ff fd ff fa ff fa ff 
[TRACK] ioctl(fd=15, path=/dev/akpcm_cdev0) req=0x800450e7 (type=0x50 nr=231 dir=2 size=4) arg=0xae1b0414
  ioctl retornó 0 (errno=OK)
  buf después (kernel->user):
00000000: 01 00 00 00 
[TRACK] ioctl(fd=15, path=/dev/akpcm_cdev0) req=0x50e1 (type=0x50 nr=225 dir=0 size=0) arg=(nil)
  ioctl retornó 0 (errno=OK)
[TRACK] write(fd=15, path=/dev/akpcm_cdev0, count=576)
  data a escribir (máx 512 bytes):
00000000: fd ff fd ff fa ff fa ff f8 ff f8 ff 00 00 00 00 
00000010: 02 00 02 00 05 00 05 00 05 00 05 00 05 00 05 00 
00000020: 19 00 19 00 31 00 31 00 39 00 39 00 2c 00 2c 00 
00000030: 1f 00 1f 00 0f 00 0f 00 0c 00 0c 00 00 00 00 00 
00000040: eb ff eb ff de ff de ff db ff db ff db ff db ff 
00000050: d3 ff d3 ff d6 ff d6 ff de ff de ff db ff db ff 
00000060: f0 ff f0 ff 07 00 07 00 0d 00 0d 00 07 00 07 00 
00000070: 0a 00 0a 00 0a 00 0a 00 02 00 02 00 00 00 00 00 
00000080: f0 ff f0 ff f0 ff f0 ff f8 ff f8 ff 02 00 02 00 
00000090: 0d 00 0d 00 0f 00 0f 00 0d 00 0d 00 0d 00 0d 00 
000000a0: 0d 00 0d 00 0d 00 0d 00 17 00 17 00 1c 00 1c 00 
000000b0: 17 00 17 00 0f 00 0f 00 05 00 05 00 fd ff fd ff 
000000c0: fd ff fd ff f0 ff f0 ff e3 ff e3 ff e3 ff e3 ff 
000000d0: e5 ff e5 ff e3 ff e3 ff e0 ff e0 ff e5 ff e5 ff 
000000e0: dd ff dd ff e8 ff e8 ff f0 ff f0 ff ea ff ea ff 
000000f0: ea ff ea ff f5 ff f5 ff fd ff fd ff f5 ff f5 ff 
00000100: fa ff fa ff 02 00 02 00 12 00 12 00 1a 00 1a 00 
00000110: 27 00 27 00 25 00 25 00 12 00 12 00 0f 00 0f 00 
00000120: 15 00 15 00 0f 00 0f 00 02 00 02 00 00 00 00 00 
00000130: fd ff fd ff fa ff fa ff fd ff fd ff f8 ff f8 ff 
00000140: f5 ff f5 ff fa ff fa ff fd ff fd ff fa ff fa ff 
00000150: fd ff fd ff fd ff fd ff 0a 00 0a 00 0f 00 0f 00 
00000160: 0a 00 0a 00 07 00 07 00 12 00 12 00 0f 00 0f 00 
00000170: 07 00 07 00 02 00 02 00 f0 ff f0 ff ea ff ea ff 
00000180: ea ff ea ff ea ff ea ff f5 ff f5 ff ea ff ea ff 
00000190: f0 ff f0 ff f8 ff f8 ff ed ff ed ff ed ff ed ff 
000001a0: ef ff ef ff f2 ff f2 ff f2 ff f2 ff 05 00 05 00 
000001b0: 08 00 08 00 08 00 08 00 08 00 08 00 05 00 05 00 
000001c0: 02 00 02 00 f5 ff f5 ff f5 ff f5 ff ed ff ed ff 
000001d0: ef ff ef ff f5 ff f5 ff f5 ff f5 ff 00 00 00 00 
000001e0: 15 00 15 00 1a 00 1a 00 0d 00 0d 00 0a 00 0a 00 
000001f0: 05 00 05 00 ea ff ea ff e5 ff e5 ff ea ff ea ff 
  ... (dump truncado 512 de 576 bytes)
[TRACK] ioctl(fd=15, path=/dev/akpcm_cdev0) req=0x800450e7 (type=0x50 nr=231 dir=2 size=4) arg=0xae1b0414
  ioctl retornó 0 (errno=OK)
  buf después (kernel->user):
00000000: 01 00 00 00 
[TRACK] write(fd=15, path=/dev/akpcm_cdev0, count=768)
  data a escribir (máx 512 bytes):
00000000: 00 00 00 00 05 00 05 00 08 00 08 00 05 00 05 00 
00000010: fd ff fd ff f5 ff f5 ff ef ff ef ff ea ff ea ff 
00000020: ea ff ea ff ef ff ef ff f2 ff f2 ff e7 ff e7 ff 
00000030: e7 ff e7 ff e2 ff e2 ff e2 ff e2 ff e2 ff e2 ff 
00000040: ea ff ea ff ed ff ed ff f5 ff f5 ff f2 ff f2 ff 
00000050: 00 00 00 00 0d 00 0d 00 15 00 15 00 10 00 10 00 
00000060: fd ff fd ff fa ff fa ff f2 ff f2 ff dc ff dc ff 
00000070: d9 ff d9 ff e4 ff e4 ff f2 ff f2 ff fd ff fd ff 
00000080: 10 00 10 00 10 00 10 00 13 00 13 00 1e 00 1e 00 
00000090: 18 00 18 00 1b 00 1b 00 1b 00 1b 00 1e 00 1e 00 
000000a0: 0a 00 0a 00 00 00 00 00 0a 00 0a 00 08 00 08 00 
000000b0: 00 00 00 00 00 00 00 00 f7 ff f7 ff f2 ff f2 ff 
000000c0: f7 ff f7 ff f7 ff f7 ff f5 ff f5 ff f7 ff f7 ff 
000000d0: fd ff fd ff 0a 00 0a 00 10 00 10 00 1b 00 1b 00 
000000e0: 15 00 15 00 1b 00 1b 00 13 00 13 00 08 00 08 00 
000000f0: fd ff fd ff f4 ff f4 ff ef ff ef ff f7 ff f7 ff 
00000100: fa ff fa ff f7 ff f7 ff 08 00 08 00 0d 00 0d 00 
00000110: 0b 00 0b 00 02 00 02 00 fd ff fd ff f4 ff f4 ff 
00000120: e9 ff e9 ff e7 ff e7 ff cb ff cb ff c8 ff c8 ff 
00000130: d6 ff d6 ff e7 ff e7 ff ec ff ec ff f7 ff f7 ff 
00000140: 02 00 02 00 05 00 05 00 0b 00 0b 00 13 00 13 00 
00000150: 13 00 13 00 0d 00 0d 00 0b 00 0b 00 08 00 08 00 
00000160: 00 00 00 00 fd ff fd ff fd ff fd ff fa ff fa ff 
00000170: 02 00 02 00 05 00 05 00 02 00 02 00 02 00 02 00 
00000180: 02 00 02 00 f4 ff f4 ff f2 ff f2 ff f4 ff f4 ff 
00000190: ec ff ec ff e9 ff e9 ff f2 ff f2 ff f7 ff f7 ff 
000001a0: fa ff fa ff f7 ff f7 ff e6 ff e6 ff e6 ff e6 ff 
000001b0: ef ff ef ff ec ff ec ff ef ff ef ff fa ff fa ff 
000001c0: 05 00 05 00 0b 00 0b 00 10 00 10 00 13 00 13 00 
000001d0: 10 00 10 00 10 00 10 00 19 00 19 00 0e 00 0e 00 
000001e0: 02 00 02 00 08 00 08 00 0e 00 0e 00 0e 00 0e 00 
000001f0: 16 00 16 00 1c 00 1c 00 16 00 16 00 19 00 19 00 
  ... (dump truncado 512 de 768 bytes)
[TRACK] ioctl(fd=15, path=/dev/akpcm_cdev0) req=0x800450e7 (type=0x50 nr=231 dir=2 size=4) arg=0xae1b0414
  ioctl retornó 0 (errno=OK)
  buf después (kernel->user):
00000000: 01 00 00 00 
[TRACK] write(fd=15, path=/dev/akpcm_cdev0, count=576)
  data a escribir (máx 512 bytes):
00000000: 14 00 14 00 0e 00 0e 00 fd ff fd ff f4 ff f4 ff 
00000010: e8 ff e8 ff ee ff ee ff f1 ff f1 ff fa ff fa ff 
00000020: 05 00 05 00 19 00 19 00 22 00 22 00 22 00 22 00 
00000030: 19 00 19 00 19 00 19 00 14 00 14 00 05 00 05 00 
00000040: fd ff fd ff eb ff eb ff e3 ff e3 ff e3 ff e3 ff 
00000050: e3 ff e3 ff f4 ff f4 ff eb ff eb ff ee ff ee ff 
00000060: f7 ff f7 ff fd ff fd ff 02 00 02 00 05 00 05 00 
00000070: f7 ff f7 ff f4 ff f4 ff e8 ff e8 ff eb ff eb ff 
00000080: ee ff ee ff ee ff ee ff ee ff ee ff f1 ff f1 ff 
00000090: f7 ff f7 ff 00 00 00 00 08 00 08 00 0b 00 0b 00 
000000a0: 0b 00 0b 00 1a 00 1a 00 28 00 28 00 1f 00 1f 00 
000000b0: 20 00 20 00 08 00 08 00 f1 ff f1 ff e5 ff e5 ff 
000000c0: d1 ff d1 ff ce ff ce ff c8 ff c8 ff e2 ff e2 ff 
000000d0: f1 ff f1 ff 00 00 00 00 11 00 11 00 1a 00 1a 00 
000000e0: 1a 00 1a 00 1a 00 1a 00 1d 00 1d 00 14 00 14 00 
000000f0: 0b 00 0b 00 00 00 00 00 f7 ff f7 ff 05 00 05 00 
00000100: f1 ff f1 ff ee ff ee ff f4 ff f4 ff fd ff fd ff 
00000110: 00 00 00 00 02 00 02 00 05 00 05 00 05 00 05 00 
00000120: ee ff ee ff e8 ff e8 ff eb ff eb ff eb ff eb ff 
00000130: ee ff ee ff f7 ff f7 ff f7 ff f7 ff e8 ff e8 ff 
00000140: ee ff ee ff 08 00 08 00 11 00 11 00 11 00 11 00 
00000150: 14 00 14 00 05 00 05 00 08 00 08 00 0b 00 0b 00 
00000160: 14 00 14 00 0e 00 0e 00 00 00 00 00 fa ff fa ff 
00000170: fa ff fa ff fd ff fd ff ee ff ee ff f4 ff f4 ff 
00000180: f7 ff f7 ff f4 ff f4 ff fa ff fa ff 00 00 00 00 
00000190: f4 ff f4 ff f7 ff f7 ff fd ff fd ff 0b 00 0b 00 
000001a0: 14 00 14 00 1a 00 1a 00 26 00 26 00 20 00 20 00 
000001b0: 14 00 14 00 11 00 11 00 08 00 08 00 00 00 00 00 
000001c0: f7 ff f7 ff e8 ff e8 ff e2 ff e2 ff df ff df ff 
000001d0: df ff df ff d9 ff d9 ff df ff df ff eb ff eb ff 
000001e0: eb ff eb ff f7 ff f7 ff 08 00 08 00 0e 00 0e 00 
000001f0: 02 00 02 00 02 00 02 00 14 00 14 00 05 00 05 00 
  ... (dump truncado 512 de 576 bytes)
[TRACK] ioctl(fd=15, path=/dev/akpcm_cdev0) req=0x800450e7 (type=0x50 nr=231 dir=2 size=4) arg=0xae1b0414
  ioctl retornó 0 (errno=OK)
  buf después (kernel->user):
00000000: 01 00 00 00 
[TRACK] write(fd=15, path=/dev/akpcm_cdev0, count=576)
  data a escribir (máx 512 bytes):
00000000: 11 00 11 00 1d 00 1d 00 1d 00 1d 00 14 00 14 00 
00000010: 0b 00 0b 00 02 00 02 00 fa ff fa ff 02 00 02 00 
00000020: 02 00 02 00 09 00 09 00 06 00 06 00 00 00 00 00 
00000030: fc ff fc ff 0c 00 0c 00 0c 00 0c 00 1b 00 1b 00 
00000040: 1e 00 1e 00 12 00 12 00 09 00 09 00 fc ff fc ff 
00000050: e1 ff e1 ff d8 ff d8 ff d5 ff d5 ff e1 ff e1 ff 
00000060: d8 ff d8 ff d2 ff d2 ff c9 ff c9 ff b1 ff b1 ff 
00000070: 9c ff 9c ff ae ff ae ff cc ff cc ff de ff de ff 
00000080: 00 00 00 00 2a 00 2a 00 3f 00 3f 00 3c 00 3c 00 
00000090: 42 00 42 00 36 00 36 00 33 00 33 00 33 00 33 00 
000000a0: 0c 00 0c 00 ed ff ed ff db ff db ff c6 ff c6 ff 
000000b0: c6 ff c6 ff b7 ff b7 ff d2 ff d2 ff ea ff ea ff 
000000c0: 09 00 09 00 21 00 21 00 4b 00 4b 00 52 00 52 00 
000000d0: 5b 00 5b 00 52 00 52 00 4f 00 4f 00 33 00 33 00 
000000e0: 18 00 18 00 fc ff fc ff f0 ff f0 ff d8 ff d8 ff 
000000f0: d2 ff d2 ff db ff db ff db ff db ff e1 ff e1 ff 
00000100: f6 ff f6 ff 12 00 12 00 1b 00 1b 00 15 00 15 00 
00000110: 15 00 15 00 09 00 09 00 f0 ff f0 ff f0 ff f0 ff 
00000120: f0 ff f0 ff f9 ff f9 ff f9 ff f9 ff fc ff fc ff 
00000130: ea ff ea ff f0 ff f0 ff e4 ff e4 ff e7 ff e7 ff 
00000140: ed ff ed ff 00 00 00 00 f9 ff f9 ff 09 00 09 00 
00000150: 12 00 12 00 1e 00 1e 00 24 00 24 00 1e 00 1e 00 
00000160: 18 00 18 00 09 00 09 00 f3 ff f3 ff e4 ff e4 ff 
00000170: db ff db ff de ff de ff c8 ff c8 ff c2 ff c2 ff 
00000180: b9 ff b9 ff a9 ff a9 ff a0 ff a0 ff b5 ff b5 ff 
00000190: d7 ff d7 ff ed ff ed ff 12 00 12 00 34 00 34 00 
000001a0: 40 00 40 00 4a 00 4a 00 4d 00 4d 00 44 00 44 00 
000001b0: 37 00 37 00 2b 00 2b 00 1b 00 1b 00 0f 00 0f 00 
000001c0: 09 00 09 00 fc ff fc ff f3 ff f3 ff ed ff ed ff 
000001d0: e7 ff e7 ff e4 ff e4 ff e7 ff e7 ff 06 00 06 00 
000001e0: 0c 00 0c 00 15 00 15 00 1b 00 1b 00 18 00 18 00 
000001f0: 12 00 12 00 18 00 18 00 22 00 22 00 1c 00 1c 00 
  ... (dump truncado 512 de 576 bytes)
[TRACK] ioctl(fd=15, path=/dev/akpcm_cdev0) req=0x800450e7 (type=0x50 nr=231 dir=2 size=4) arg=0xae1b0414
  ioctl retornó 0 (errno=OK)
  buf después (kernel->user):
00000000: 01 00 00 00 
[TRACK] write(fd=15, path=/dev/akpcm_cdev0, count=768)
  data a escribir (máx 512 bytes):
00000000: 06 00 06 00 fc ff fc ff ed ff ed ff e3 ff e3 ff 
00000010: da ff da ff d0 ff d0 ff d4 ff d4 ff c7 ff c7 ff 
00000020: e3 ff e3 ff f0 ff f0 ff 03 00 03 00 00 00 00 00 
00000030: f0 ff f0 ff f6 ff f6 ff f3 ff f3 ff fc ff fc ff 
00000040: 1f 00 1f 00 28 00 28 00 45 00 45 00 2f 00 2f 00 
00000050: 12 00 12 00 03 00 03 00 f3 ff f3 ff f0 ff f0 ff 
00000060: 06 00 06 00 0c 00 0c 00 12 00 12 00 16 00 16 00 
00000070: 0f 00 0f 00 09 00 09 00 06 00 06 00 06 00 06 00 
00000080: 06 00 06 00 06 00 06 00 09 00 09 00 03 00 03 00 
00000090: fc ff fc ff fc ff fc ff f3 ff f3 ff ec ff ec ff 
000000a0: f3 ff f3 ff f6 ff f6 ff f9 ff f9 ff fc ff fc ff 
000000b0: fc ff fc ff fc ff fc ff fc ff fc ff fc ff fc ff 
000000c0: f9 ff f9 ff fc ff fc ff fc ff fc ff fc ff fc ff 
000000d0: fc ff fc ff fc ff fc ff fd ff fd ff fd ff fd ff 
000000e0: fd ff fd ff fd ff fd ff fd ff fd ff fd ff fd ff 
000000f0: fd ff fd ff fd ff fd ff fd ff fd ff fd ff fd ff 
00000100: fd ff fd ff fd ff fd ff fd ff fd ff fa ff fa ff 
00000110: fa ff fa ff fa ff fa ff fa ff fa ff fa ff fa ff 
00000120: fa ff fa ff fa ff fa ff fa ff fa ff fd ff fd ff 
00000130: fd ff fd ff 00 00 00 00 fd ff fd ff 00 00 00 00 
00000140: 00 00 00 00 00 00 00 00 00 00 00 00 00 00 00 00 
00000150: 00 00 00 00 00 00 00 00 00 00 00 00 00 00 00 00 
00000160: 00 00 00 00 00 00 00 00 00 00 00 00 00 00 00 00 
00000170: 00 00 00 00 00 00 00 00 00 00 00 00 02 00 02 00 
00000180: 02 00 02 00 02 00 02 00 00 00 00 00 00 00 00 00 
00000190: 00 00 00 00 00 00 00 00 00 00 00 00 00 00 00 00 
000001a0: 00 00 00 00 00 00 00 00 00 00 00 00 00 00 00 00 
000001b0: 00 00 00 00 00 00 00 00 00 00 00 00 00 00 00 00 
000001c0: 00 00 00 00 00 00 00 00 00 00 00 00 fd ff fd ff 
000001d0: fd ff fd ff fd ff fd ff fd ff fd ff fd ff fd ff 
000001e0: 00 00 00 00 00 00 00 00 00 00 00 00 00 00 00 00 
000001f0: 00 00 00 00 00 00 00 00 00 00 00 00 00 00 00 00 
  ... (dump truncado 512 de 768 bytes)
[TRACK] ioctl(fd=15, path=/dev/akpcm_cdev0) req=0x800450e7 (type=0x50 nr=231 dir=2 size=4) arg=0xae1b0414
  ioctl retornó 0 (errno=OK)
  buf después (kernel->user):
00000000: 01 00 00 00 
[TRACK] write(fd=15, path=/dev/akpcm_cdev0, count=576)
  data a escribir (máx 512 bytes):
00000000: 00 00 00 00 00 00 00 00 fd ff fd ff fd ff fd ff 
00000010: fd ff fd ff fd ff fd ff fd ff fd ff fd ff fd ff 
00000020: 00 00 00 00 fd ff fd ff fd ff fd ff fd ff fd ff 
00000030: fd ff fd ff fd ff fd ff fd ff fd ff fd ff fd ff 
00000040: fd ff fd ff fd ff fd ff fd ff fd ff fd ff fd ff 
00000050: fd ff fd ff fd ff fd ff fd ff fd ff fd ff fd ff 
00000060: fd ff fd ff fd ff fd ff fd ff fd ff fd ff fd ff 
00000070: fd ff fd ff 00 00 00 00 00 00 00 00 00 00 00 00 
00000080: 00 00 00 00 00 00 00 00 00 00 00 00 00 00 00 00 
00000090: 00 00 00 00 00 00 00 00 00 00 00 00 00 00 00 00 
000000a0: 00 00 00 00 00 00 00 00 00 00 00 00 00 00 00 00 
000000b0: 00 00 00 00 00 00 00 00 00 00 00 00 00 00 00 00 
000000c0: 00 00 00 00 00 00 00 00 00 00 00 00 00 00 00 00 
000000d0: 00 00 00 00 00 00 00 00 00 00 00 00 00 00 00 00 
000000e0: 00 00 00 00 00 00 00 00 00 00 00 00 00 00 00 00 
000000f0: 00 00 00 00 00 00 00 00 00 00 00 00 00 00 00 00 
00000100: 00 00 00 00 00 00 00 00 00 00 00 00 00 00 00 00 
00000110: 00 00 00 00 00 00 00 00 00 00 00 00 00 00 00 00 
00000120: 00 00 00 00 00 00 00 00 00 00 00 00 00 00 00 00 
00000130: 00 00 00 00 00 00 00 00 00 00 00 00 00 00 00 00 
00000140: 00 00 00 00 00 00 00 00 00 00 00 00 00 00 00 00 
00000150: 00 00 00 00 00 00 00 00 00 00 00 00 00 00 00 00 
00000160: fa ff fa ff f8 ff f8 ff fd ff fd ff 00 00 00 00 
00000170: 00 00 00 00 02 00 02 00 05 00 05 00 05 00 05 00 
00000180: 05 00 05 00 05 00 05 00 02 00 02 00 0a 00 0a 00 
00000190: 0c 00 0c 00 05 00 05 00 fd ff fd ff fd ff fd ff 
000001a0: f8 ff f8 ff f3 ff f3 ff f3 ff f3 ff f3 ff f3 ff 
000001b0: f5 ff f5 ff f5 ff f5 ff 07 00 07 00 19 00 19 00 
000001c0: 0a 00 0a 00 fd ff fd ff f0 ff f0 ff ed ff ed ff 
000001d0: e1 ff e1 ff e1 ff e1 ff eb ff eb ff d6 ff d6 ff 
000001e0: d9 ff d9 ff fd ff fd ff 1f 00 1f 00 21 00 21 00 
000001f0: 21 00 21 00 21 00 21 00 1c 00 1c 00 14 00 14 00 
  ... (dump truncado 512 de 576 bytes)
[TRACK] ioctl(fd=15, path=/dev/akpcm_cdev0) req=0x800450e7 (type=0x50 nr=231 dir=2 size=4) arg=0xae1b0414
  ioctl retornó 0 (errno=OK)
  buf después (kernel->user):
00000000: 01 00 00 00 
[TRACK] write(fd=15, path=/dev/akpcm_cdev0, count=576)
  data a escribir (máx 512 bytes):
00000000: 12 00 12 00 1a 00 1a 00 14 00 14 00 14 00 14 00 
00000010: 1a 00 1a 00 0d 00 0d 00 fd ff fd ff e3 ff e3 ff 
00000020: d8 ff d8 ff db ff db ff e0 ff e0 ff e5 ff e5 ff 
00000030: fa ff fa ff 05 00 05 00 05 00 05 00 07 00 07 00 
00000040: 07 00 07 00 07 00 07 00 07 00 07 00 05 00 05 00 
00000050: f2 ff f2 ff ed ff ed ff f2 ff f2 ff f5 ff f5 ff 
00000060: e5 ff e5 ff e5 ff e5 ff f2 ff f2 ff fa ff fa ff 
00000070: f0 ff f0 ff f2 ff f2 ff f0 ff f0 ff 0d 00 0d 00 
00000080: 24 00 24 00 1f 00 1f 00 15 00 15 00 22 00 22 00 
00000090: 22 00 22 00 32 00 32 00 2c 00 2c 00 0a 00 0a 00 
000000a0: f5 ff f5 ff f5 ff f5 ff ed ff ed ff f2 ff f2 ff 
000000b0: f0 ff f0 ff e2 ff e2 ff e0 ff e0 ff e8 ff e8 ff 
000000c0: ed ff ed ff e0 ff e0 ff e5 ff e5 ff 05 00 05 00 
000000d0: 1a 00 1a 00 1d 00 1d 00 0f 00 0f 00 05 00 05 00 
000000e0: fd ff fd ff fa ff fa ff f2 ff f2 ff ed ff ed ff 
000000f0: fd ff fd ff ef ff ef ff ea ff ea ff fa ff fa ff 
00000100: 00 00 00 00 fd ff fd ff fd ff fd ff 00 00 00 00 
00000110: fa ff fa ff 05 00 05 00 fd ff fd ff e7 ff e7 ff 
00000120: e2 ff e2 ff ea ff ea ff e2 ff e2 ff e7 ff e7 ff 
00000130: f2 ff f2 ff f5 ff f5 ff f5 ff f5 ff 02 00 02 00 
00000140: 12 00 12 00 1a 00 1a 00 1a 00 1a 00 10 00 10 00 
00000150: 10 00 10 00 1a 00 1a 00 25 00 25 00 1a 00 1a 00 
00000160: 0d 00 0d 00 0a 00 0a 00 02 00 02 00 10 00 10 00 
00000170: 23 00 23 00 15 00 15 00 02 00 02 00 f7 ff f7 ff 
00000180: f2 ff f2 ff f7 ff f7 ff 00 00 00 00 05 00 05 00 
00000190: 12 00 12 00 12 00 12 00 02 00 02 00 f2 ff f2 ff 
000001a0: ed ff ed ff ea ff ea ff e7 ff e7 ff e7 ff e7 ff 
000001b0: e7 ff e7 ff e2 ff e2 ff ec ff ec ff f2 ff f2 ff 
000001c0: e7 ff e7 ff ef ff ef ff 0d 00 0d 00 13 00 13 00 
000001d0: 1d 00 1d 00 33 00 33 00 05 00 05 00 ec ff ec ff 
000001e0: f5 ff f5 ff ec ff ec ff df ff df ff e7 ff e7 ff 
000001f0: e7 ff e7 ff d9 ff d9 ff df ff df ff e1 ff e1 ff 
  ... (dump truncado 512 de 576 bytes)
[TRACK] ioctl(fd=15, path=/dev/akpcm_cdev0) req=0x800450e7 (type=0x50 nr=231 dir=2 size=4) arg=0xae1b0414
  ioctl retornó 0 (errno=OK)
  buf después (kernel->user):
00000000: 01 00 00 00 
[TRACK] write(fd=15, path=/dev/akpcm_cdev0, count=768)
  data a escribir (máx 512 bytes):
00000000: 36 00 36 00 31 00 31 00 34 00 34 00 29 00 29 00 
00000010: 13 00 13 00 0d 00 0d 00 08 00 08 00 18 00 18 00 
00000020: 2c 00 2c 00 26 00 26 00 0d 00 0d 00 fa ff fa ff 
00000030: ef ff ef ff fa ff fa ff 05 00 05 00 05 00 05 00 
00000040: 0b 00 0b 00 0d 00 0d 00 fd ff fd ff d9 ff d9 ff 
00000050: ce ff ce ff c0 ff c0 ff c3 ff c3 ff ce ff ce ff 
00000060: ec ff ec ff f2 ff f2 ff db ff db ff de ff de ff 
00000070: e1 ff e1 ff e4 ff e4 ff ec ff ec ff 05 00 05 00 
00000080: 10 00 10 00 19 00 19 00 0d 00 0d 00 02 00 02 00 
00000090: 0b 00 0b 00 19 00 19 00 13 00 13 00 0b 00 0b 00 
000000a0: 0b 00 0b 00 00 00 00 00 f2 ff f2 ff f4 ff f4 ff 
000000b0: f7 ff f7 ff ef ff ef ff ef ff ef ff f7 ff f7 ff 
000000c0: fa ff fa ff f7 ff f7 ff f7 ff f7 ff f4 ff f4 ff 
000000d0: f7 ff f7 ff 02 00 02 00 fd ff fd ff e9 ff e9 ff 
000000e0: fa ff fa ff 0e 00 0e 00 0e 00 0e 00 fd ff fd ff 
000000f0: fd ff fd ff 00 00 00 00 08 00 08 00 16 00 16 00 
00000100: 19 00 19 00 24 00 24 00 2f 00 2f 00 24 00 24 00 
00000110: 1c 00 1c 00 19 00 19 00 10 00 10 00 0b 00 0b 00 
00000120: fd ff fd ff f1 ff f1 ff e6 ff e6 ff e1 ff e1 ff 
00000130: d8 ff d8 ff e3 ff e3 ff db ff db ff de ff de ff 
00000140: ec ff ec ff f1 ff f1 ff f4 ff f4 ff 02 00 02 00 
00000150: 05 00 05 00 05 00 05 00 0b 00 0b 00 fa ff fa ff 
00000160: ef ff ef ff f4 ff f4 ff ef ff ef ff e9 ff e9 ff 
00000170: e6 ff e6 ff ec ff ec ff f1 ff f1 ff 02 00 02 00 
00000180: 0e 00 0e 00 1c 00 1c 00 2d 00 2d 00 30 00 30 00 
00000190: 1c 00 1c 00 16 00 16 00 13 00 13 00 0b 00 0b 00 
000001a0: 02 00 02 00 f4 ff f4 ff e0 ff e0 ff db ff db ff 
000001b0: d8 ff d8 ff dd ff dd ff e9 ff e9 ff e9 ff e9 ff 
000001c0: e9 ff e9 ff f1 ff f1 ff fa ff fa ff 00 00 00 00 
000001d0: 16 00 16 00 19 00 19 00 27 00 27 00 2d 00 2d 00 
000001e0: 22 00 22 00 16 00 16 00 0b 00 0b 00 00 00 00 00 
000001f0: f4 ff f4 ff db ff db ff d8 ff d8 ff f1 ff f1 ff 
  ... (dump truncado 512 de 768 bytes)
[TRACK] ioctl(fd=15, path=/dev/akpcm_cdev0) req=0x800450e7 (type=0x50 nr=231 dir=2 size=4) arg=0xae1b0414
  ioctl retornó 0 (errno=OK)
  buf después (kernel->user):
00000000: 01 00 00 00 
[TRACK] write(fd=15, path=/dev/akpcm_cdev0, count=576)
  data a escribir (máx 512 bytes):
00000000: fa ff fa ff 08 00 08 00 0e 00 0e 00 14 00 14 00 
00000010: 0b 00 0b 00 0b 00 0b 00 17 00 17 00 1d 00 1d 00 
00000020: 14 00 14 00 1a 00 1a 00 31 00 31 00 3d 00 3d 00 
00000030: 3a 00 3a 00 31 00 31 00 31 00 31 00 25 00 25 00 
00000040: 1a 00 1a 00 0b 00 0b 00 fd ff fd ff f1 ff f1 ff 
00000050: dc ff dc ff d4 ff d4 ff e2 ff e2 ff eb ff eb ff 
00000060: f7 ff f7 ff 00 00 00 00 08 00 08 00 0e 00 0e 00 
00000070: fd ff fd ff fa ff fa ff f7 ff f7 ff e5 ff e5 ff 
00000080: e8 ff e8 ff f7 ff f7 ff 00 00 00 00 fd ff fd ff 
00000090: fa ff fa ff f7 ff f7 ff f7 ff f7 ff fa ff fa ff 
000000a0: f4 ff f4 ff eb ff eb ff dc ff dc ff e5 ff e5 ff 
000000b0: e5 ff e5 ff df ff df ff e5 ff e5 ff df ff df ff 
000000c0: e5 ff e5 ff df ff df ff e5 ff e5 ff f1 ff f1 ff 
000000d0: 08 00 08 00 11 00 11 00 17 00 17 00 20 00 20 00 
000000e0: 0e 00 0e 00 0b 00 0b 00 0b 00 0b 00 08 00 08 00 
000000f0: 02 00 02 00 fd ff fd ff fd ff fd ff e8 ff e8 ff 
00000100: e8 ff e8 ff f1 ff f1 ff f7 ff f7 ff 00 00 00 00 
00000110: 08 00 08 00 0e 00 0e 00 26 00 26 00 2c 00 2c 00 
00000120: 29 00 29 00 23 00 23 00 2f 00 2f 00 26 00 26 00 
00000130: 14 00 14 00 0b 00 0b 00 05 00 05 00 fa ff fa ff 
00000140: df ff df ff eb ff eb ff 02 00 02 00 14 00 14 00 
00000150: 14 00 14 00 0e 00 0e 00 08 00 08 00 02 00 02 00 
00000160: 0e 00 0e 00 fd ff fd ff eb ff eb ff ca ff ca ff 
00000170: af ff af ff b2 ff b2 ff b8 ff b8 ff bb ff bb ff 
00000180: ca ff ca ff d9 ff d9 ff eb ff eb ff f9 ff f9 ff 
00000190: 09 00 09 00 1b 00 1b 00 15 00 15 00 15 00 15 00 
000001a0: 2d 00 2d 00 3f 00 3f 00 39 00 39 00 36 00 36 00 
000001b0: 2d 00 2d 00 24 00 24 00 1e 00 1e 00 15 00 15 00 
000001c0: 0c 00 0c 00 0c 00 0c 00 09 00 09 00 f6 ff f6 ff 
000001d0: e1 ff e1 ff e1 ff e1 ff e4 ff e4 ff ea ff ea ff 
000001e0: 03 00 03 00 0c 00 0c 00 0c 00 0c 00 03 00 03 00 
000001f0: e4 ff e4 ff cc ff cc ff c6 ff c6 ff cf ff cf ff 
  ... (dump truncado 512 de 576 bytes)
[TRACK] ioctl(fd=15, path=/dev/akpcm_cdev0) req=0x800450e7 (type=0x50 nr=231 dir=2 size=4) arg=0xae1b0414
  ioctl retornó 0 (errno=OK)
  buf después (kernel->user):
00000000: 01 00 00 00 
[TRACK] write(fd=15, path=/dev/akpcm_cdev0, count=576)
  data a escribir (máx 512 bytes):
00000000: e7 ff e7 ff db ff db ff d2 ff d2 ff bc ff bc ff 
00000010: b9 ff b9 ff c9 ff c9 ff d2 ff d2 ff e1 ff e1 ff 
00000020: ed ff ed ff fc ff fc ff 09 00 09 00 03 00 03 00 
00000030: 0c 00 0c 00 12 00 12 00 0c 00 0c 00 06 00 06 00 
00000040: 15 00 15 00 27 00 27 00 34 00 34 00 34 00 34 00 
00000050: 2d 00 2d 00 34 00 34 00 31 00 31 00 24 00 24 00 
00000060: 0c 00 0c 00 06 00 06 00 00 00 00 00 03 00 03 00 
00000070: f6 ff f6 ff f0 ff f0 ff ed ff ed ff de ff de ff 
00000080: ed ff ed ff f6 ff f6 ff 06 00 06 00 06 00 06 00 
00000090: f0 ff f0 ff de ff de ff f6 ff f6 ff 03 00 03 00 
000000a0: 0c 00 0c 00 0c 00 0c 00 06 00 06 00 fc ff fc ff 
000000b0: 06 00 06 00 15 00 15 00 12 00 12 00 12 00 12 00 
000000c0: 0c 00 0c 00 09 00 09 00 0c 00 0c 00 0c 00 0c 00 
000000d0: 03 00 03 00 ed ff ed ff e1 ff e1 ff d4 ff d4 ff 
000000e0: c2 ff c2 ff be ff be ff c1 ff c1 ff bb ff bb ff 
000000f0: b2 ff b2 ff c1 ff c1 ff ce ff ce ff e4 ff e4 ff 
00000100: f0 ff f0 ff f9 ff f9 ff 06 00 06 00 1c 00 1c 00 
00000110: 2e 00 2e 00 38 00 38 00 34 00 34 00 38 00 38 00 
00000120: 3b 00 3b 00 22 00 22 00 0c 00 0c 00 03 00 03 00 
00000130: f0 ff f0 ff f0 ff f0 ff f3 ff f3 ff ed ff ed ff 
00000140: f3 ff f3 ff f0 ff f0 ff f3 ff f3 ff 00 00 00 00 
00000150: f9 ff f9 ff 03 00 03 00 00 00 00 00 f3 ff f3 ff 
00000160: fc ff fc ff 1f 00 1f 00 25 00 25 00 32 00 32 00 
00000170: 3b 00 3b 00 45 00 45 00 3b 00 3b 00 22 00 22 00 
00000180: 12 00 12 00 09 00 09 00 03 00 03 00 f6 ff f6 ff 
00000190: 03 00 03 00 00 00 00 00 06 00 06 00 00 00 00 00 
000001a0: e9 ff e9 ff dd ff dd ff da ff da ff d7 ff d7 ff 
000001b0: ca ff ca ff ca ff ca ff d0 ff d0 ff da ff da ff 
000001c0: cd ff cd ff cd ff cd ff da ff da ff e9 ff e9 ff 
000001d0: e6 ff e6 ff dd ff dd ff e6 ff e6 ff f3 ff f3 ff 
000001e0: f0 ff f0 ff f0 ff f0 ff f0 ff f0 ff f9 ff f9 ff 
000001f0: 0f 00 0f 00 29 00 29 00 45 00 45 00 42 00 42 00 
  ... (dump truncado 512 de 576 bytes)
[TRACK] ioctl(fd=15, path=/dev/akpcm_cdev0) req=0x800450e7 (type=0x50 nr=231 dir=2 size=4) arg=0xae1b0414
  ioctl retornó 0 (errno=OK)
  buf después (kernel->user):
00000000: 01 00 00 00 
[TRACK] write(fd=15, path=/dev/akpcm_cdev0, count=768)
  data a escribir (máx 512 bytes):
00000000: 26 00 26 00 16 00 16 00 0f 00 0f 00 09 00 09 00 
00000010: 00 00 00 00 0c 00 0c 00 06 00 06 00 fc ff fc ff 
00000020: dc ff dc ff d3 ff d3 ff d6 ff d6 ff d6 ff d6 ff 
00000030: d6 ff d6 ff dc ff dc ff e3 ff e3 ff ec ff ec ff 
00000040: d9 ff d9 ff d9 ff d9 ff e6 ff e6 ff ef ff ef ff 
00000050: f9 ff f9 ff 00 00 00 00 06 00 06 00 f3 ff f3 ff 
00000060: f3 ff f3 ff f9 ff f9 ff e3 ff e3 ff cc ff cc ff 
00000070: d3 ff d3 ff e3 ff e3 ff ef ff ef ff f9 ff f9 ff 
00000080: 06 00 06 00 10 00 10 00 2d 00 2d 00 33 00 33 00 
00000090: 29 00 29 00 10 00 10 00 09 00 09 00 20 00 20 00 
000000a0: 26 00 26 00 13 00 13 00 16 00 16 00 2d 00 2d 00 
000000b0: 3a 00 3a 00 30 00 30 00 33 00 33 00 3d 00 3d 00 
000000c0: 40 00 40 00 2a 00 2a 00 10 00 10 00 06 00 06 00 
000000d0: 03 00 03 00 f6 ff f6 ff f6 ff f6 ff 03 00 03 00 
000000e0: 03 00 03 00 09 00 09 00 f6 ff f6 ff e2 ff e2 ff 
000000f0: d9 ff d9 ff c2 ff c2 ff b8 ff b8 ff a1 ff a1 ff 
00000100: a1 ff a1 ff b8 ff b8 ff bf ff bf ff b8 ff b8 ff 
00000110: c5 ff c5 ff d8 ff d8 ff fc ff fc ff 0d 00 0d 00 
00000120: f2 ff f2 ff f9 ff f9 ff 13 00 13 00 23 00 23 00 
00000130: 1d 00 1d 00 10 00 10 00 03 00 03 00 fc ff fc ff 
00000140: fc ff fc ff fc ff fc ff f9 ff f9 ff 09 00 09 00 
00000150: 10 00 10 00 10 00 10 00 10 00 10 00 13 00 13 00 
00000160: 13 00 13 00 0d 00 0d 00 06 00 06 00 16 00 16 00 
00000170: 16 00 16 00 09 00 09 00 03 00 03 00 03 00 03 00 
00000180: f2 ff f2 ff ec ff ec ff ef ff ef ff f2 ff f2 ff 
00000190: f9 ff f9 ff 00 00 00 00 13 00 13 00 27 00 27 00 
000001a0: 24 00 24 00 20 00 20 00 20 00 20 00 2a 00 2a 00 
000001b0: 24 00 24 00 2a 00 2a 00 37 00 37 00 2e 00 2e 00 
000001c0: 20 00 20 00 13 00 13 00 09 00 09 00 ec ff ec ff 
000001d0: db ff db ff d5 ff d5 ff d1 ff d1 ff c1 ff c1 ff 
000001e0: c4 ff c4 ff db ff db ff de ff de ff db ff db ff 
000001f0: de ff de ff d4 ff d4 ff ce ff ce ff bd ff bd ff 
  ... (dump truncado 512 de 768 bytes)
[TRACK] ioctl(fd=15, path=/dev/akpcm_cdev0) req=0x800450e7 (type=0x50 nr=231 dir=2 size=4) arg=0xae1b0414
  ioctl retornó 0 (errno=OK)
  buf después (kernel->user):
00000000: 01 00 00 00 
[TRACK] write(fd=15, path=/dev/akpcm_cdev0, count=576)
  data a escribir (máx 512 bytes):
00000000: 57 00 57 00 3c 00 3c 00 21 00 21 00 fc ff fc ff 
00000010: da ff da ff d0 ff d0 ff d7 ff d7 ff e8 ff e8 ff 
00000020: e1 ff e1 ff 00 00 00 00 1b 00 1b 00 28 00 28 00 
00000030: 28 00 28 00 28 00 28 00 3c 00 3c 00 3c 00 3c 00 
00000040: 4d 00 4d 00 36 00 36 00 25 00 25 00 1e 00 1e 00 
00000050: 0d 00 0d 00 03 00 03 00 f5 ff f5 ff eb ff eb ff 
00000060: eb ff eb ff e1 ff e1 ff e8 ff e8 ff eb ff eb ff 
00000070: d3 ff d3 ff d7 ff d7 ff d7 ff d7 ff dd ff dd ff 
00000080: c9 ff c9 ff c6 ff c6 ff d0 ff d0 ff d3 ff d3 ff 
00000090: da ff da ff e1 ff e1 ff e8 ff e8 ff f2 ff f2 ff 
000000a0: fc ff fc ff eb ff eb ff f5 ff f5 ff fc ff fc ff 
000000b0: 0a 00 0a 00 e8 ff e8 ff e8 ff e8 ff 0a 00 0a 00 
000000c0: 14 00 14 00 22 00 22 00 29 00 29 00 44 00 44 00 
000000d0: 4e 00 4e 00 4e 00 4e 00 41 00 41 00 3d 00 3d 00 
000000e0: 29 00 29 00 14 00 14 00 0d 00 0d 00 f5 ff f5 ff 
000000f0: ee ff ee ff f2 ff f2 ff f2 ff f2 ff 06 00 06 00 
00000100: 11 00 11 00 14 00 14 00 1b 00 1b 00 00 00 00 00 
00000110: eb ff eb ff e1 ff e1 ff dd ff dd ff e1 ff e1 ff 
00000120: cf ff cf ff c8 ff c8 ff cc ff cc ff e4 ff e4 ff 
00000130: ee ff ee ff f9 ff f9 ff 18 00 18 00 0a 00 0a 00 
00000140: 14 00 14 00 11 00 11 00 11 00 11 00 0d 00 0d 00 
00000150: 03 00 03 00 eb ff eb ff c5 ff c5 ff be ff be ff 
00000160: b7 ff b7 ff ba ff ba ff b3 ff b3 ff a9 ff a9 ff 
00000170: b3 ff b3 ff ba ff ba ff d6 ff d6 ff e7 ff e7 ff 
00000180: 00 00 00 00 1f 00 1f 00 2d 00 2d 00 3e 00 3e 00 
00000190: 34 00 34 00 2d 00 2d 00 34 00 34 00 2d 00 2d 00 
000001a0: 29 00 29 00 1b 00 1b 00 1b 00 1b 00 11 00 11 00 
000001b0: 1b 00 1b 00 22 00 22 00 30 00 30 00 29 00 29 00 
000001c0: 1f 00 1f 00 3e 00 3e 00 42 00 42 00 49 00 49 00 
000001d0: 50 00 50 00 49 00 49 00 3e 00 3e 00 1b 00 1b 00 
000001e0: 0a 00 0a 00 f9 ff f9 ff ee ff ee ff d2 ff d2 ff 
000001f0: d9 ff d9 ff e0 ff e0 ff d9 ff d9 ff b6 ff b6 ff 
  ... (dump truncado 512 de 576 bytes)
[TRACK] ioctl(fd=15, path=/dev/akpcm_cdev0) req=0x800450e7 (type=0x50 nr=231 dir=2 size=4) arg=0xae1b0414
  ioctl retornó 0 (errno=OK)
  buf después (kernel->user):
00000000: 01 00 00 00 
[TRACK] write(fd=15, path=/dev/akpcm_cdev0, count=576)
  data a escribir (máx 512 bytes):
00000000: f8 ff f8 ff 15 00 15 00 23 00 23 00 3f 00 3f 00 
00000010: 50 00 50 00 50 00 50 00 49 00 49 00 38 00 38 00 
00000020: 2d 00 2d 00 2d 00 2d 00 2d 00 2d 00 1f 00 1f 00 
00000030: 1c 00 1c 00 1c 00 1c 00 15 00 15 00 1c 00 1c 00 
00000040: 1c 00 1c 00 15 00 15 00 11 00 11 00 0e 00 0e 00 
00000050: 0a 00 0a 00 07 00 07 00 00 00 00 00 00 00 00 00 
00000060: f8 ff f8 ff f8 ff f8 ff f1 ff f1 ff f1 ff f1 ff 
00000070: ee ff ee ff ee ff ee ff ea ff ea ff ea ff ea ff 
00000080: ea ff ea ff ee ff ee ff ee ff ee ff ee ff ee ff 
00000090: ea ff ea ff ee ff ee ff ee ff ee ff ee ff ee ff 
000000a0: ee ff ee ff ee ff ee ff f1 ff f1 ff f1 ff f1 ff 
000000b0: f1 ff f1 ff f1 ff f1 ff f1 ff f1 ff f1 ff f1 ff 
000000c0: f5 ff f5 ff f5 ff f5 ff f5 ff f5 ff f5 ff f5 ff 
000000d0: f5 ff f5 ff f5 ff f5 ff f8 ff f8 ff f8 ff f8 ff 
000000e0: f8 ff f8 ff f5 ff f5 ff f8 ff f8 ff f8 ff f8 ff 
000000f0: f8 ff f8 ff fc ff fc ff fc ff fc ff fc ff fc ff 
00000100: fc ff fc ff 00 00 00 00 fc ff fc ff 00 00 00 00 
00000110: 00 00 00 00 00 00 00 00 00 00 00 00 00 00 00 00 
00000120: 00 00 00 00 00 00 00 00 00 00 00 00 00 00 00 00 
00000130: 00 00 00 00 00 00 00 00 00 00 00 00 00 00 00 00 
00000140: 00 00 00 00 00 00 00 00 03 00 03 00 03 00 03 00 
00000150: 03 00 03 00 03 00 03 00 03 00 03 00 03 00 03 00 
00000160: 03 00 03 00 03 00 03 00 00 00 00 00 00 00 00 00 
00000170: 03 00 03 00 03 00 03 00 03 00 03 00 03 00 03 00 
00000180: 00 00 00 00 00 00 00 00 00 00 00 00 00 00 00 00 
00000190: 00 00 00 00 00 00 00 00 00 00 00 00 00 00 00 00 
000001a0: 00 00 00 00 00 00 00 00 00 00 00 00 1c 00 1c 00 
000001b0: 1c 00 1c 00 0e 00 0e 00 ea ff ea ff df ff df ff 
000001c0: e6 ff e6 ff f1 ff f1 ff f8 ff f8 ff f8 ff f8 ff 
000001d0: 11 00 11 00 2e 00 2e 00 2e 00 2e 00 23 00 23 00 
000001e0: 2e 00 2e 00 1c 00 1c 00 07 00 07 00 fc ff fc ff 
000001f0: d4 ff d4 ff c6 ff c6 ff d1 ff d1 ff db ff db ff 
  ... (dump truncado 512 de 576 bytes)
[TRACK] ioctl(fd=15, path=/dev/akpcm_cdev0) req=0x800450e7 (type=0x50 nr=231 dir=2 size=4) arg=0xae1b0414
  ioctl retornó 0 (errno=OK)
  buf después (kernel->user):
00000000: 01 00 00 00 
[TRACK] write(fd=15, path=/dev/akpcm_cdev0, count=768)
  data a escribir (máx 512 bytes):
00000000: f1 ff f1 ff fc ff fc ff ed ff ed ff f1 ff f1 ff 
00000010: e6 ff e6 ff ed ff ed ff ea ff ea ff f1 ff f1 ff 
00000020: fc ff fc ff 03 00 03 00 0a 00 0a 00 15 00 15 00 
00000030: 2f 00 2f 00 32 00 32 00 24 00 24 00 07 00 07 00 
00000040: f5 ff f5 ff f8 ff f8 ff 19 00 19 00 1d 00 1d 00 
00000050: 12 00 12 00 20 00 20 00 33 00 33 00 45 00 45 00 
00000060: 5b 00 5b 00 5b 00 5b 00 33 00 33 00 f1 ff f1 ff 
00000070: db ff db ff c1 ff c1 ff d4 ff d4 ff 03 00 03 00 
00000080: fc ff fc ff d7 ff d7 ff d4 ff d4 ff c9 ff c9 ff 
00000090: d4 ff d4 ff f8 ff f8 ff 15 00 15 00 0e 00 0e 00 
000000a0: 0a 00 0a 00 2b 00 2b 00 20 00 20 00 15 00 15 00 
000000b0: 28 00 28 00 16 00 16 00 ed ff ed ff e2 ff e2 ff 
000000c0: d3 ff d3 ff c8 ff c8 ff d3 ff d3 ff de ff de ff 
000000d0: e2 ff e2 ff e6 ff e6 ff ed ff ed ff f1 ff f1 ff 
000000e0: f1 ff f1 ff f4 ff f4 ff d3 ff d3 ff d7 ff d7 ff 
000000f0: e6 ff e6 ff f1 ff f1 ff e2 ff e2 ff ed ff ed ff 
00000100: 00 00 00 00 03 00 03 00 0b 00 0b 00 0e 00 0e 00 
00000110: 07 00 07 00 0b 00 0b 00 fc ff fc ff db ff db ff 
00000120: e6 ff e6 ff de ff de ff 0e 00 0e 00 4d 00 4d 00 
00000130: 4d 00 4d 00 24 00 24 00 0b 00 0b 00 fc ff fc ff 
00000140: 03 00 03 00 19 00 19 00 12 00 12 00 12 00 12 00 
00000150: 30 00 30 00 3b 00 3b 00 3b 00 3b 00 3b 00 3b 00 
00000160: 37 00 37 00 1d 00 1d 00 03 00 03 00 f1 ff f1 ff 
00000170: de ff de ff d7 ff d7 ff d3 ff d3 ff cf ff cf ff 
00000180: c8 ff c8 ff b1 ff b1 ff 9b ff 9b ff 97 ff 97 ff 
00000190: b5 ff b5 ff c4 ff c4 ff da ff da ff f4 ff f4 ff 
000001a0: f4 ff f4 ff f1 ff f1 ff 0e 00 0e 00 1d 00 1d 00 
000001b0: 1d 00 1d 00 1a 00 1a 00 12 00 12 00 f8 ff f8 ff 
000001c0: f8 ff f8 ff e9 ff e9 ff e2 ff e2 ff e5 ff e5 ff 
000001d0: d6 ff d6 ff ed ff ed ff 16 00 16 00 1a 00 1a 00 
000001e0: 29 00 29 00 30 00 30 00 4e 00 4e 00 59 00 59 00 
000001f0: 5d 00 5d 00 61 00 61 00 4e 00 4e 00 43 00 43 00 
  ... (dump truncado 512 de 768 bytes)
[TRACK] ioctl(fd=15, path=/dev/akpcm_cdev0) req=0x800450e7 (type=0x50 nr=231 dir=2 size=4) arg=0xae1b0414
  ioctl retornó 0 (errno=OK)
  buf después (kernel->user):
00000000: 01 00 00 00 
[TRACK] write(fd=15, path=/dev/akpcm_cdev0, count=576)
  data a escribir (máx 512 bytes):
00000000: 0f 00 0f 00 03 00 03 00 f8 ff f8 ff c2 ff c2 ff 
00000010: b7 ff b7 ff c6 ff c6 ff ce ff ce ff ce ff ce ff 
00000020: d2 ff d2 ff d9 ff d9 ff e1 ff e1 ff e1 ff e1 ff 
00000030: e9 ff e9 ff f8 ff f8 ff fc ff fc ff 0f 00 0f 00 
00000040: 16 00 16 00 13 00 13 00 0f 00 0f 00 f8 ff f8 ff 
00000050: 03 00 03 00 0b 00 0b 00 22 00 22 00 2a 00 2a 00 
00000060: 13 00 13 00 03 00 03 00 03 00 03 00 03 00 03 00 
00000070: f8 ff f8 ff f0 ff f0 ff f0 ff f0 ff d5 ff d5 ff 
00000080: b7 ff b7 ff ab ff ab ff be ff be ff ba ff ba ff 
00000090: c6 ff c6 ff d9 ff d9 ff e8 ff e8 ff f8 ff f8 ff 
000000a0: fc ff fc ff 1e 00 1e 00 49 00 49 00 4d 00 4d 00 
000000b0: 4d 00 4d 00 64 00 64 00 58 00 58 00 41 00 41 00 
000000c0: 49 00 49 00 39 00 39 00 26 00 26 00 26 00 26 00 
000000d0: 07 00 07 00 e8 ff e8 ff dd ff dd ff e1 ff e1 ff 
000000e0: e8 ff e8 ff 00 00 00 00 0b 00 0b 00 fc ff fc ff 
000000f0: fc ff fc ff 0f 00 0f 00 17 00 17 00 0b 00 0b 00 
00000100: 03 00 03 00 e4 ff e4 ff be ff be ff 93 ff 93 ff 
00000110: 8b ff 8b ff 97 ff 97 ff a6 ff a6 ff b2 ff b2 ff 
00000120: c9 ff c9 ff f4 ff f4 ff 03 00 03 00 13 00 13 00 
00000130: 2a 00 2a 00 2e 00 2e 00 2e 00 2e 00 2e 00 2e 00 
00000140: 3a 00 3a 00 2e 00 2e 00 13 00 13 00 0b 00 0b 00 
00000150: 00 00 00 00 fc ff fc ff f0 ff f0 ff d9 ff d9 ff 
00000160: ec ff ec ff f4 ff f4 ff fc ff fc ff 1b 00 1b 00 
00000170: 27 00 27 00 27 00 27 00 23 00 23 00 23 00 23 00 
00000180: 1b 00 1b 00 00 00 00 00 dc ff dc ff e8 ff e8 ff 
00000190: f0 ff f0 ff f8 ff f8 ff f4 ff f4 ff f4 ff f4 ff 
000001a0: f8 ff f8 ff 00 00 00 00 17 00 17 00 32 00 32 00 
000001b0: 32 00 32 00 3a 00 3a 00 3a 00 3a 00 13 00 13 00 
000001c0: 00 00 00 00 fc ff fc ff 13 00 13 00 03 00 03 00 
000001d0: f4 ff f4 ff e0 ff e0 ff c1 ff c1 ff c5 ff c5 ff 
000001e0: e8 ff e8 ff f4 ff f4 ff e8 ff e8 ff e8 ff e8 ff 
000001f0: f0 ff f0 ff dc ff dc ff d4 ff d4 ff c4 ff c4 ff 
  ... (dump truncado 512 de 576 bytes)
[TRACK] ioctl(fd=15, path=/dev/akpcm_cdev0) req=0x800450e7 (type=0x50 nr=231 dir=2 size=4) arg=0xae1b0414
  ioctl retornó 0 (errno=OK)
  buf después (kernel->user):
00000000: 01 00 00 00 
[TRACK] write(fd=15, path=/dev/akpcm_cdev0, count=576)
  data a escribir (máx 512 bytes):
00000000: 00 00 00 00 00 00 00 00 0f 00 0f 00 07 00 07 00 
00000010: 0f 00 0f 00 0f 00 0f 00 0f 00 0f 00 13 00 13 00 
00000020: 37 00 37 00 3b 00 3b 00 57 00 57 00 53 00 53 00 
00000030: 47 00 47 00 37 00 37 00 1f 00 1f 00 0b 00 0b 00 
00000040: e8 ff e8 ff c0 ff c0 ff 9c ff 9c ff 88 ff 88 ff 
00000050: 8c ff 8c ff 98 ff 98 ff 90 ff 90 ff a0 ff a0 ff 
00000060: c4 ff c4 ff d8 ff d8 ff fc ff fc ff 13 00 13 00 
00000070: 1b 00 1b 00 0b 00 0b 00 13 00 13 00 1f 00 1f 00 
00000080: e8 ff e8 ff dc ff dc ff dc ff dc ff d0 ff d0 ff 
00000090: d8 ff d8 ff d4 ff d4 ff cc ff cc ff e8 ff e8 ff 
000000a0: f4 ff f4 ff 2b 00 2b 00 47 00 47 00 47 00 47 00 
000000b0: 4b 00 4b 00 47 00 47 00 57 00 57 00 47 00 47 00 
000000c0: 33 00 33 00 30 00 30 00 2c 00 2c 00 20 00 20 00 
000000d0: 14 00 14 00 08 00 08 00 f7 ff f7 ff 04 00 04 00 
000000e0: 08 00 08 00 10 00 10 00 18 00 18 00 18 00 18 00 
000000f0: 10 00 10 00 fb ff fb ff e7 ff e7 ff df ff df ff 
00000100: db ff db ff d7 ff d7 ff d3 ff d3 ff d3 ff d3 ff 
00000110: db ff db ff eb ff eb ff fb ff fb ff 04 00 04 00 
00000120: 0c 00 0c 00 14 00 14 00 08 00 08 00 00 00 00 00 
00000130: eb ff eb ff c3 ff c3 ff bb ff bb ff bb ff bb ff 
00000140: bb ff bb ff b7 ff b7 ff c3 ff c3 ff cb ff cb ff 
00000150: db ff db ff df ff df ff 00 00 00 00 14 00 14 00 
00000160: fb ff fb ff e3 ff e3 ff f3 ff f3 ff f7 ff f7 ff 
00000170: fb ff fb ff fb ff fb ff 0c 00 0c 00 14 00 14 00 
00000180: 1c 00 1c 00 28 00 28 00 38 00 38 00 34 00 34 00 
00000190: 28 00 28 00 1c 00 1c 00 14 00 14 00 14 00 14 00 
000001a0: 14 00 14 00 10 00 10 00 20 00 20 00 2c 00 2c 00 
000001b0: 49 00 49 00 49 00 49 00 44 00 44 00 65 00 65 00 
000001c0: 69 00 69 00 55 00 55 00 41 00 41 00 41 00 41 00 
000001d0: 30 00 30 00 14 00 14 00 fb ff fb ff d7 ff d7 ff 
000001e0: ba ff ba ff a6 ff a6 ff 9a ff 9a ff 9a ff 9a ff 
000001f0: 85 ff 85 ff 7d ff 7d ff 8d ff 8d ff 91 ff 91 ff 
  ... (dump truncado 512 de 576 bytes)
[TRACK] ioctl(fd=15, path=/dev/akpcm_cdev0) req=0x800450e7 (type=0x50 nr=231 dir=2 size=4) arg=0xae1b0414
  ioctl retornó 0 (errno=OK)
  buf después (kernel->user):
00000000: 01 00 00 00 
[TRACK] write(fd=15, path=/dev/akpcm_cdev0, count=768)
  data a escribir (máx 512 bytes):
00000000: e7 ff e7 ff eb ff eb ff f7 ff f7 ff 1c 00 1c 00 
00000010: 41 00 41 00 49 00 49 00 56 00 56 00 5e 00 5e 00 
00000020: 51 00 51 00 41 00 41 00 2d 00 2d 00 1c 00 1c 00 
00000030: 10 00 10 00 04 00 04 00 08 00 08 00 0c 00 0c 00 
00000040: 18 00 18 00 24 00 24 00 20 00 20 00 39 00 39 00 
00000050: 35 00 35 00 39 00 39 00 45 00 45 00 45 00 45 00 
00000060: 2d 00 2d 00 14 00 14 00 04 00 04 00 00 00 00 00 
00000070: ef ff ef ff d6 ff d6 ff c6 ff c6 ff d2 ff d2 ff 
00000080: d2 ff d2 ff c2 ff c2 ff c2 ff c2 ff a9 ff a9 ff 
00000090: a5 ff a5 ff a9 ff a9 ff be ff be ff ce ff ce ff 
000000a0: d6 ff d6 ff d2 ff d2 ff da ff da ff da ff da ff 
000000b0: df ff df ff da ff da ff e3 ff e3 ff e3 ff e3 ff 
000000c0: d2 ff d2 ff c2 ff c2 ff c6 ff c6 ff e3 ff e3 ff 
000000d0: 04 00 04 00 18 00 18 00 25 00 25 00 4a 00 4a 00 
000000e0: 5a 00 5a 00 56 00 56 00 4a 00 4a 00 39 00 39 00 
000000f0: 31 00 31 00 21 00 21 00 00 00 00 00 f7 ff f7 ff 
00000100: f7 ff f7 ff 04 00 04 00 04 00 04 00 0c 00 0c 00 
00000110: 1c 00 1c 00 31 00 31 00 35 00 35 00 3e 00 3e 00 
00000120: 3a 00 3a 00 29 00 29 00 18 00 18 00 10 00 10 00 
00000130: 0c 00 0c 00 0c 00 0c 00 f7 ff f7 ff f3 ff f3 ff 
00000140: 04 00 04 00 10 00 10 00 00 00 00 00 f3 ff f3 ff 
00000150: eb ff eb ff bd ff bd ff ac ff ac ff ac ff ac ff 
00000160: b0 ff b0 ff b9 ff b9 ff c1 ff c1 ff c9 ff c9 ff 
00000170: d2 ff d2 ff d6 ff d6 ff de ff de ff e6 ff e6 ff 
00000180: f3 ff f3 ff da ff da ff de ff de ff de ff de ff 
00000190: e2 ff e2 ff da ff da ff f3 ff f3 ff 00 00 00 00 
000001a0: 08 00 08 00 25 00 25 00 2d 00 2d 00 2d 00 2d 00 
000001b0: 2d 00 2d 00 10 00 10 00 0c 00 0c 00 eb ff eb ff 
000001c0: c5 ff c5 ff c5 ff c5 ff d1 ff d1 ff de ff de ff 
000001d0: eb ff eb ff 04 00 04 00 32 00 32 00 64 00 64 00 
000001e0: 68 00 68 00 71 00 71 00 82 00 82 00 7d 00 7d 00 
000001f0: 7d 00 7d 00 5c 00 5c 00 47 00 47 00 1d 00 1d 00 
  ... (dump truncado 512 de 768 bytes)
[TRACK] ioctl(fd=15, path=/dev/akpcm_cdev0) req=0x800450e7 (type=0x50 nr=231 dir=2 size=4) arg=0xae1b0414
  ioctl retornó 0 (errno=OK)
  buf después (kernel->user):
00000000: 01 00 00 00 
[TRACK] write(fd=15, path=/dev/akpcm_cdev0, count=576)
  data a escribir (máx 512 bytes):
00000000: d5 ff d5 ff c0 ff c0 ff 9d ff 9d ff 9d ff 9d ff 
00000010: aa ff aa ff 99 ff 99 ff a6 ff a6 ff bf ff bf ff 
00000020: ea ff ea ff f7 ff f7 ff 00 00 00 00 26 00 26 00 
00000030: 15 00 15 00 0c 00 0c 00 19 00 19 00 0c 00 0c 00 
00000040: 00 00 00 00 0c 00 0c 00 04 00 04 00 11 00 11 00 
00000050: 15 00 15 00 11 00 11 00 11 00 11 00 0c 00 0c 00 
00000060: 15 00 15 00 15 00 15 00 2a 00 2a 00 3c 00 3c 00 
00000070: 37 00 37 00 3c 00 3c 00 2a 00 2a 00 37 00 37 00 
00000080: 5e 00 5e 00 5a 00 5a 00 74 00 74 00 7c 00 7c 00 
00000090: 96 00 96 00 7c 00 7c 00 5a 00 5a 00 40 00 40 00 
000000a0: 11 00 11 00 dd ff dd ff ae ff ae ff 94 ff 94 ff 
000000b0: 90 ff 90 ff 8b ff 8b ff 9c ff 9c ff bf ff bf ff 
000000c0: d0 ff d0 ff d0 ff d0 ff cc ff cc ff c3 ff c3 ff 
000000d0: b2 ff b2 ff a5 ff a5 ff a9 ff a9 ff b2 ff b2 ff 
000000e0: b6 ff b6 ff cc ff cc ff e1 ff e1 ff ee ff ee ff 
000000f0: 04 00 04 00 26 00 26 00 2f 00 2f 00 2f 00 2f 00 
00000100: 49 00 49 00 33 00 33 00 1e 00 1e 00 19 00 19 00 
00000110: 08 00 08 00 f3 ff f3 ff ee ff ee ff e5 ff e5 ff 
00000120: d8 ff d8 ff c7 ff c7 ff d0 ff d0 ff e5 ff e5 ff 
00000130: e1 ff e1 ff 04 00 04 00 15 00 15 00 0d 00 0d 00 
00000140: f7 ff f7 ff 00 00 00 00 fb ff fb ff fb ff fb ff 
00000150: 00 00 00 00 00 00 00 00 08 00 08 00 08 00 08 00 
00000160: 2f 00 2f 00 3c 00 3c 00 52 00 52 00 94 00 94 00 
00000170: 82 00 82 00 34 00 34 00 3c 00 3c 00 22 00 22 00 
00000180: 0d 00 0d 00 11 00 11 00 08 00 08 00 dd ff dd ff 
00000190: cb ff cb ff d4 ff d4 ff d0 ff d0 ff cf ff cf ff 
000001a0: cb ff cb ff c7 ff c7 ff cb ff cb ff d8 ff d8 ff 
000001b0: dd ff dd ff c2 ff c2 ff cb ff cb ff dd ff dd ff 
000001c0: b5 ff b5 ff b5 ff b5 ff c2 ff c2 ff c2 ff c2 ff 
000001d0: cb ff cb ff dc ff dc ff e5 ff e5 ff ee ff ee ff 
000001e0: 00 00 00 00 08 00 08 00 11 00 11 00 1e 00 1e 00 
000001f0: 27 00 27 00 27 00 27 00 2b 00 2b 00 53 00 53 00 
  ... (dump truncado 512 de 576 bytes)
[TRACK] ioctl(fd=15, path=/dev/akpcm_cdev0) req=0x800450e7 (type=0x50 nr=231 dir=2 size=4) arg=0xae1b0414
  ioctl retornó 0 (errno=OK)
  buf después (kernel->user):
00000000: 01 00 00 00 
[TRACK] write(fd=15, path=/dev/akpcm_cdev0, count=576)
  data a escribir (máx 512 bytes):
00000000: 1e 00 1e 00 30 00 30 00 2c 00 2c 00 3d 00 3d 00 
00000010: 23 00 23 00 08 00 08 00 04 00 04 00 dc ff dc ff 
00000020: cf ff cf ff cf ff cf ff e1 ff e1 ff dc ff dc ff 
00000030: bd ff bd ff bd ff bd ff b4 ff b4 ff b9 ff b9 ff 
00000040: ca ff ca ff b4 ff b4 ff ab ff ab ff 9e ff 9e ff 
00000050: a7 ff a7 ff bd ff bd ff ca ff ca ff d8 ff d8 ff 
00000060: e1 ff e1 ff ee ff ee ff fb ff fb ff 0d 00 0d 00 
00000070: 1a 00 1a 00 1f 00 1f 00 23 00 23 00 23 00 23 00 
00000080: 2c 00 2c 00 1a 00 1a 00 16 00 16 00 f2 ff f2 ff 
00000090: e0 ff e0 ff 16 00 16 00 1a 00 1a 00 11 00 11 00 
000000a0: 0d 00 0d 00 1a 00 1a 00 28 00 28 00 54 00 54 00 
000000b0: 80 00 80 00 6f 00 6f 00 42 00 42 00 35 00 35 00 
000000c0: 3e 00 3e 00 50 00 50 00 47 00 47 00 47 00 47 00 
000000d0: 2c 00 2c 00 08 00 08 00 e5 ff e5 ff e5 ff e5 ff 
000000e0: dc ff dc ff ce ff ce ff dc ff dc ff e0 ff e0 ff 
000000f0: bd ff bd ff bd ff bd ff bd ff bd ff 99 ff 99 ff 
00000100: 99 ff 99 ff af ff af ff c1 ff c1 ff d3 ff d3 ff 
00000110: e0 ff e0 ff c5 ff c5 ff ab ff ab ff c1 ff c1 ff 
00000120: 90 ff 90 ff 94 ff 94 ff b8 ff b8 ff c1 ff c1 ff 
00000130: d7 ff d7 ff 0d 00 0d 00 28 00 28 00 23 00 23 00 
00000140: 11 00 11 00 35 00 35 00 3e 00 3e 00 5e 00 5e 00 
00000150: 74 00 74 00 50 00 50 00 43 00 43 00 59 00 59 00 
00000160: 43 00 43 00 16 00 16 00 0d 00 0d 00 fb ff fb ff 
00000170: 16 00 16 00 1a 00 1a 00 31 00 31 00 28 00 28 00 
00000180: 28 00 28 00 36 00 36 00 36 00 36 00 16 00 16 00 
00000190: 1b 00 1b 00 0d 00 0d 00 db ff db ff d7 ff d7 ff 
000001a0: bc ff bc ff c0 ff c0 ff b3 ff b3 ff e9 ff e9 ff 
000001b0: 12 00 12 00 2d 00 2d 00 24 00 24 00 00 00 00 00 
000001c0: e9 ff e9 ff ae ff ae ff b7 ff b7 ff d7 ff d7 ff 
000001d0: 09 00 09 00 12 00 12 00 db ff db ff d2 ff d2 ff 
000001e0: a5 ff a5 ff b7 ff b7 ff e4 ff e4 ff f2 ff f2 ff 
000001f0: c0 ff c0 ff bc ff bc ff c0 ff c0 ff 9c ff 9c ff 
  ... (dump truncado 512 de 576 bytes)
[TRACK] ioctl(fd=15, path=/dev/akpcm_cdev0) req=0x800450e7 (type=0x50 nr=231 dir=2 size=4) arg=0xae1b0414
  ioctl retornó 0 (errno=OK)
  buf después (kernel->user):
00000000: 01 00 00 00 
[TRACK] write(fd=15, path=/dev/akpcm_cdev0, count=768)
  data a escribir (máx 512 bytes):
00000000: 7a 00 7a 00 42 01 42 01 4b 01 4b 01 c8 00 c8 00 
00000010: c9 ff c9 ff d7 ff d7 ff 5b 00 5b 00 68 00 68 00 
00000020: a7 01 a7 01 7a 01 7a 01 9f 00 9f 00 ad ff ad ff 
00000030: ca fe ca fe dc fe dc fe 97 fe 97 fe ed ff ed ff 
00000040: 12 00 12 00 c9 ff c9 ff c0 ff c0 ff 49 ff 49 ff 
00000050: 72 ff 72 ff 9b ff 9b ff 5f 00 5f 00 89 00 89 00 
00000060: 49 00 49 00 1b 00 1b 00 89 ff 89 ff 72 ff 72 ff 
00000070: ad ff ad ff 00 00 00 00 20 00 20 00 12 00 12 00 
00000080: e9 ff e9 ff 6d ff 6d ff 44 ff 44 ff c9 ff c9 ff 
00000090: 5b 00 5b 00 84 00 84 00 a9 00 a9 00 6e 00 6e 00 
000000a0: 16 00 16 00 d2 ff d2 ff 09 00 09 00 20 00 20 00 
000000b0: 52 00 52 00 57 00 57 00 29 00 29 00 b6 ff b6 ff 
000000c0: 7f ff 7f ff 9f ff 9f ff 96 ff 96 ff f6 ff f6 ff 
000000d0: 20 00 20 00 24 00 24 00 0d 00 0d 00 f6 ff f6 ff 
000000e0: 0d 00 0d 00 09 00 09 00 3b 00 3b 00 73 00 73 00 
000000f0: 60 00 60 00 60 00 60 00 29 00 29 00 0d 00 0d 00 
00000100: 1b 00 1b 00 12 00 12 00 24 00 24 00 09 00 09 00 
00000110: f2 ff f2 ff c4 ff c4 ff b1 ff b1 ff d6 ff d6 ff 
00000120: f2 ff f2 ff 37 00 37 00 40 00 40 00 29 00 29 00 
00000130: fb ff fb ff c3 ff c3 ff cd ff cd ff e4 ff e4 ff 
00000140: d6 ff d6 ff cd ff cd ff ba ff ba ff 9a ff 9a ff 
00000150: a8 ff a8 ff cd ff cd ff f6 ff f6 ff 0d 00 0d 00 
00000160: 1b 00 1b 00 f6 ff f6 ff e8 ff e8 ff ed ff ed ff 
00000170: 09 00 09 00 20 00 20 00 29 00 29 00 f6 ff f6 ff 
00000180: d6 ff d6 ff d1 ff d1 ff d6 ff d6 ff f6 ff f6 ff 
00000190: 0d 00 0d 00 3c 00 3c 00 37 00 37 00 29 00 29 00 
000001a0: 25 00 25 00 17 00 17 00 1b 00 1b 00 45 00 45 00 
000001b0: 4f 00 4f 00 3c 00 3c 00 25 00 25 00 09 00 09 00 
000001c0: fb ff fb ff f2 ff f2 ff 20 00 20 00 20 00 20 00 
000001d0: 33 00 33 00 45 00 45 00 4f 00 4f 00 3c 00 3c 00 
000001e0: 33 00 33 00 41 00 41 00 1b 00 1b 00 04 00 04 00 
000001f0: e4 ff e4 ff d5 ff d5 ff d1 ff d1 ff b9 ff b9 ff 
  ... (dump truncado 512 de 768 bytes)
[TRACK] ioctl(fd=15, path=/dev/akpcm_cdev0) req=0x800450e7 (type=0x50 nr=231 dir=2 size=4) arg=0xae1b0414
  ioctl retornó 0 (errno=OK)
  buf después (kernel->user):
00000000: 01 00 00 00 
[TRACK] write(fd=15, path=/dev/akpcm_cdev0, count=576)
  data a escribir (máx 512 bytes):
00000000: 1c 00 1c 00 2a 00 2a 00 21 00 21 00 21 00 21 00 
00000010: fb ff fb ff e8 ff e8 ff de ff de ff c2 ff c2 ff 
00000020: bd ff bd ff c2 ff c2 ff da ff da ff da ff da ff 
00000030: f6 ff f6 ff 12 00 12 00 2f 00 2f 00 7b 00 7b 00 
00000040: 89 00 89 00 8e 00 8e 00 8e 00 8e 00 76 00 76 00 
00000050: 6d 00 6d 00 68 00 68 00 39 00 39 00 13 00 13 00 
00000060: f6 ff f6 ff d5 ff d5 ff c6 ff c6 ff c6 ff c6 ff 
00000070: cb ff cb ff cb ff cb ff de ff de ff f6 ff f6 ff 
00000080: 04 00 04 00 2a 00 2a 00 4c 00 4c 00 47 00 47 00 
00000090: 39 00 39 00 2a 00 2a 00 04 00 04 00 de ff de ff 
000000a0: cb ff cb ff b8 ff b8 ff 96 ff 96 ff b3 ff b3 ff 
000000b0: c6 ff c6 ff cb ff cb ff f1 ff f1 ff 09 00 09 00 
000000c0: f6 ff f6 ff d4 ff d4 ff d9 ff d9 ff d4 ff d4 ff 
000000d0: b3 ff b3 ff b8 ff b8 ff b8 ff b8 ff cb ff cb ff 
000000e0: d4 ff d4 ff c6 ff c6 ff d4 ff d4 ff bc ff bc ff 
000000f0: c1 ff c1 ff e3 ff e3 ff f6 ff f6 ff ec ff ec ff 
00000100: fb ff fb ff 26 00 26 00 3e 00 3e 00 5b 00 5b 00 
00000110: 5f 00 5f 00 4c 00 4c 00 39 00 39 00 5b 00 5b 00 
00000120: 81 00 81 00 99 00 99 00 99 00 99 00 90 00 90 00 
00000130: a3 00 a3 00 90 00 90 00 69 00 69 00 4c 00 4c 00 
00000140: 21 00 21 00 f6 ff f6 ff d4 ff d4 ff c6 ff c6 ff 
00000150: b7 ff b7 ff cb ff cb ff e7 ff e7 ff c6 ff c6 ff 
00000160: ae ff ae ff c1 ff c1 ff b2 ff b2 ff 95 ff 95 ff 
00000170: 7d ff 7d ff 6f ff 6f ff 78 ff 78 ff 8c ff 8c ff 
00000180: a4 ff a4 ff ad ff ad ff d9 ff d9 ff 00 00 00 00 
00000190: 39 00 39 00 52 00 52 00 4d 00 4d 00 52 00 52 00 
000001a0: 2b 00 2b 00 fb ff fb ff e3 ff e3 ff c6 ff c6 ff 
000001b0: a4 ff a4 ff 9f ff 9f ff a9 ff a9 ff b7 ff b7 ff 
000001c0: de ff de ff 09 00 09 00 21 00 21 00 52 00 52 00 
000001d0: 43 00 43 00 39 00 39 00 43 00 43 00 35 00 35 00 
000001e0: 1c 00 1c 00 1c 00 1c 00 13 00 13 00 fb ff fb ff 
000001f0: f6 ff f6 ff f1 ff f1 ff e7 ff e7 ff ec ff ec ff 
  ... (dump truncado 512 de 576 bytes)
[TRACK] ioctl(fd=15, path=/dev/akpcm_cdev0) req=0x800450e7 (type=0x50 nr=231 dir=2 size=4) arg=0xae1b0414
  ioctl retornó 0 (errno=OK)
  buf después (kernel->user):
00000000: 01 00 00 00 
[TRACK] write(fd=15, path=/dev/akpcm_cdev0, count=576)
  data a escribir (máx 512 bytes):
00000000: de ff de ff e2 ff e2 ff e2 ff e2 ff f6 ff f6 ff 
00000010: f1 ff f1 ff e2 ff e2 ff f1 ff f1 ff f6 ff f6 ff 
00000020: e7 ff e7 ff e7 ff e7 ff ec ff ec ff e7 ff e7 ff 
00000030: e7 ff e7 ff e7 ff e7 ff e2 ff e2 ff e7 ff e7 ff 
00000040: e2 ff e2 ff d4 ff d4 ff d9 ff d9 ff e7 ff e7 ff 
00000050: f1 ff f1 ff 00 00 00 00 09 00 09 00 0e 00 0e 00 
00000060: fb ff fb ff fb ff fb ff 00 00 00 00 d4 ff d4 ff 
00000070: ca ff ca ff f6 ff f6 ff f6 ff f6 ff 04 00 04 00 
00000080: 26 00 26 00 2b 00 2b 00 44 00 44 00 61 00 61 00 
00000090: 61 00 61 00 5c 00 5c 00 52 00 52 00 3f 00 3f 00 
000000a0: 30 00 30 00 22 00 22 00 00 00 00 00 09 00 09 00 
000000b0: 04 00 04 00 f1 ff f1 ff ec ff ec ff f6 ff f6 ff 
000000c0: 00 00 00 00 0e 00 0e 00 1d 00 1d 00 fb ff fb ff 
000000d0: f1 ff f1 ff f1 ff f1 ff e7 ff e7 ff c5 ff c5 ff 
000000e0: c5 ff c5 ff d3 ff d3 ff bb ff bb ff dd ff dd ff 
000000f0: f1 ff f1 ff e2 ff e2 ff cf ff cf ff dd ff dd ff 
00000100: dd ff dd ff d8 ff d8 ff d8 ff d8 ff 99 ff 99 ff 
00000110: a2 ff a2 ff 8f ff 8f ff 99 ff 99 ff bb ff bb ff 
00000120: fb ff fb ff 22 00 22 00 3f 00 3f 00 58 00 58 00 
00000130: 62 00 62 00 36 00 36 00 09 00 09 00 2c 00 2c 00 
00000140: 49 00 49 00 31 00 31 00 3f 00 3f 00 6c 00 6c 00 
00000150: 6c 00 6c 00 76 00 76 00 d8 00 d8 00 c4 00 c4 00 
00000160: 98 00 98 00 7f 00 7f 00 31 00 31 00 04 00 04 00 
00000170: c4 ff c4 ff bf ff bf ff b1 ff b1 ff 8e ff 8e ff 
00000180: a2 ff a2 ff a7 ff a7 ff 93 ff 93 ff b1 ff b1 ff 
00000190: d8 ff d8 ff bf ff bf ff ba ff ba ff d3 ff d3 ff 
000001a0: ce ff ce ff bf ff bf ff c9 ff c9 ff bf ff bf ff 
000001b0: b0 ff b0 ff 98 ff 98 ff 9d ff 9d ff a7 ff a7 ff 
000001c0: a2 ff a2 ff b5 ff b5 ff d3 ff d3 ff e2 ff e2 ff 
000001d0: fb ff fb ff f1 ff f1 ff f1 ff f1 ff 13 00 13 00 
000001e0: 04 00 04 00 13 00 13 00 31 00 31 00 3b 00 3b 00 
000001f0: 40 00 40 00 40 00 40 00 45 00 45 00 2c 00 2c 00 
  ... (dump truncado 512 de 576 bytes)
[TRACK] ioctl(fd=15, path=/dev/akpcm_cdev0) req=0x800450e7 (type=0x50 nr=231 dir=2 size=4) arg=0xae1b0414
  ioctl retornó 0 (errno=OK)
  buf después (kernel->user):
00000000: 01 00 00 00 
[TRACK] write(fd=15, path=/dev/akpcm_cdev0, count=768)
  data a escribir (máx 512 bytes):
00000000: c9 ff c9 ff d3 ff d3 ff b5 ff b5 ff ab ff ab ff 
00000010: ab ff ab ff b5 ff b5 ff e2 ff e2 ff 0e 00 0e 00 
00000020: 0e 00 0e 00 27 00 27 00 0e 00 0e 00 00 00 00 00 
00000030: 13 00 13 00 ec ff ec ff d3 ff d3 ff c9 ff c9 ff 
00000040: c4 ff c4 ff b5 ff b5 ff b5 ff b5 ff b5 ff b5 ff 
00000050: a6 ff a6 ff 6a ff 6a ff 74 ff 74 ff 83 ff 83 ff 
00000060: 83 ff 83 ff 9c ff 9c ff c8 ff c8 ff e1 ff e1 ff 
00000070: 37 00 37 00 3c 00 3c 00 2d 00 2d 00 55 00 55 00 
00000080: 4b 00 4b 00 f0 ff f0 ff 9b ff 9b ff 55 00 55 00 
00000090: b4 ff b4 ff 9b ff 9b ff fa ff fa ff d2 ff d2 ff 
000000a0: f5 ff f5 ff 19 00 19 00 ff 00 ff 00 14 00 14 00 
000000b0: a0 00 a0 00 f5 00 f5 00 82 00 82 00 c3 00 c3 00 
000000c0: 8c 00 8c 00 e7 00 e7 00 05 00 05 00 37 00 37 00 
000000d0: 64 00 64 00 af ff af ff 0a 00 0a 00 28 00 28 00 
