GWCFG_ParseItem(): GWCFG_CheckValue(0) failed with ret=-1! name="version",value="wls_xxr_v1.00"
[TRACK] ioctl(fd=11, path=/dev/video0) req=0xc02c563a (type=0x56 nr=58 dir=3 size=44) arg=0xbebeb9b4
  buf antes (user->kernel):
00000000: 01 00 00 00 f8 82 6b 00 ac 82 6b 00 b0 15 03 00 
00000010: 8b 4b 51 00 42 47 51 00 41 02 00 00 00 00 00 00 
00000020: 01 00 00 00 3c 91 ec b6 d8 6c 67 00 
  ioctl retornó 0 (errno=OK)
  buf después (kernel->user):
00000000: 01 00 00 00 00 00 00 00 00 00 00 00 00 05 00 00 
00000010: d0 02 00 00 00 00 00 00 00 00 00 00 00 05 00 00 
00000020: d0 02 00 00 01 00 00 00 01 00 00 00 
[TRACK] ioctl(fd=11, path=/dev/video0) req=0x80685600 (type=0x56 nr=0 dir=2 size=104) arg=0xbebeb948
  ioctl retornó 0 (errno=OK)
  buf después (kernel->user):
00000000: 61 6b 5f 63 61 6d 65 72 61 00 00 00 00 00 00 00 
00000010: 41 4b 5f 43 61 6d 65 72 61 00 00 00 00 00 00 00 
00000020: 00 00 00 00 00 00 00 00 00 00 00 00 00 00 00 00 
00000030: 00 00 00 00 00 00 00 00 00 00 00 00 00 00 00 00 
00000040: 00 00 00 00 00 00 00 00 00 00 00 00 00 00 00 00 
00000050: 23 04 03 00 01 00 00 04 00 00 00 00 00 00 00 00 
00000060: 00 00 00 00 00 00 00 00 
[TRACK] ioctl(fd=11, path=/dev/video0) req=0xc02c563a (type=0x56 nr=58 dir=3 size=44) arg=0xbebeb948
  buf antes (user->kernel):
00000000: 01 00 00 00 00 00 00 00 00 00 00 00 00 00 00 00 
00000010: 00 00 00 00 00 00 00 00 00 00 00 00 00 00 00 00 
00000020: 00 00 00 00 00 00 00 00 00 00 00 00 
  ioctl retornó 0 (errno=OK)
  buf después (kernel->user):
00000000: 01 00 00 00 00 00 00 00 00 00 00 00 00 05 00 00 
00000010: d0 02 00 00 00 00 00 00 00 00 00 00 00 05 00 00 
00000020: d0 02 00 00 01 00 00 00 01 00 00 00 
[TRACK] ioctl(fd=11, path=/dev/video0) req=0x4014563c (type=0x56 nr=60 dir=1 size=20) arg=0xbebeb934
  buf antes (user->kernel):
00000000: 01 00 00 00 00 00 00 00 00 00 00 00 00 05 00 00 
00000010: d0 02 00 00 
  ioctl retornó 0 (errno=OK)
[TRACK] ioctl(fd=11, path=/dev/video0) req=0xc0cc5605 (type=0x56 nr=5 dir=3 size=204) arg=0xbebeb8f4
  buf antes (user->kernel):
00000000: 01 00 00 00 00 05 00 00 d0 02 00 00 59 55 59 56 
00000010: 04 00 00 00 00 00 00 00 00 00 00 00 00 00 00 00 
00000020: 00 00 00 00 00 00 00 00 00 00 00 00 00 00 00 00 
00000030: 00 00 00 00 00 00 00 00 00 00 00 00 00 00 00 00 
00000040: 00 00 00 00 00 00 00 00 00 00 00 00 00 00 00 00 
00000050: 00 00 00 00 00 00 00 00 00 00 00 00 00 00 00 00 
00000060: 00 00 00 00 00 00 00 00 00 00 00 00 00 00 00 00 
00000070: 00 00 00 00 00 00 00 00 00 00 00 00 00 00 00 00 
00000080: 00 00 00 00 00 00 00 00 00 00 00 00 00 00 00 00 
00000090: 00 00 00 00 00 00 00 00 00 00 00 00 00 00 00 00 
000000a0: 00 00 00 00 00 00 00 00 00 00 00 00 00 00 00 00 
000000b0: 00 00 00 00 00 00 00 00 00 00 00 00 00 00 00 00 
000000c0: 00 00 00 00 00 00 00 00 00 00 00 00 
  ioctl retornó 0 (errno=OK)
  buf después (kernel->user):
00000000: 01 00 00 00 00 05 00 00 d0 02 00 00 59 55 59 56 
00000010: 04 00 00 00 00 0a 00 00 00 20 1c 00 00 00 00 00 
00000020: 00 00 00 00 00 00 00 00 00 00 00 00 00 00 00 00 
00000030: 00 00 00 00 00 00 00 00 00 00 00 00 00 00 00 00 
00000040: 00 00 00 00 00 00 00 00 00 00 00 00 00 00 00 00 
00000050: 00 00 00 00 00 00 00 00 00 00 00 00 00 00 00 00 
00000060: 00 00 00 00 00 00 00 00 00 00 00 00 00 00 00 00 
00000070: 00 00 00 00 00 00 00 00 00 00 00 00 00 00 00 00 
00000080: 00 00 00 00 00 00 00 00 00 00 00 00 00 00 00 00 
00000090: 00 00 00 00 00 00 00 00 00 00 00 00 00 00 00 00 
000000a0: 00 00 00 00 00 00 00 00 00 00 00 00 00 00 00 00 
000000b0: 00 00 00 00 00 00 00 00 00 00 00 00 00 00 00 00 
000000c0: 00 00 00 00 00 00 00 00 00 00 00 00 
[TRACK] ioctl(fd=11, path=/dev/video0) req=0xc0cc5616 (type=0x56 nr=22 dir=3 size=204) arg=0xbebeb8f4
  buf antes (user->kernel):
00000000: 01 00 00 00 01 00 00 00 80 02 00 00 68 01 00 00 
00000010: 00 00 00 00 00 00 00 00 00 00 00 00 00 00 00 00 
00000020: 00 00 00 00 00 00 00 00 00 00 00 00 00 00 00 00 
00000030: 00 00 00 00 00 00 00 00 00 00 00 00 00 00 00 00 
00000040: 00 00 00 00 00 00 00 00 00 00 00 00 00 00 00 00 
00000050: 00 00 00 00 00 00 00 00 00 00 00 00 00 00 00 00 
00000060: 00 00 00 00 00 00 00 00 00 00 00 00 00 00 00 00 
00000070: 00 00 00 00 00 00 00 00 00 00 00 00 00 00 00 00 
00000080: 00 00 00 00 00 00 00 00 00 00 00 00 00 00 00 00 
00000090: 00 00 00 00 00 00 00 00 00 00 00 00 00 00 00 00 
000000a0: 00 00 00 00 00 00 00 00 00 00 00 00 00 00 00 00 
000000b0: 00 00 00 00 00 00 00 00 00 00 00 00 00 00 00 00 
000000c0: 00 00 00 00 00 00 00 00 00 00 00 00 
  ioctl retornó 0 (errno=OK)
  buf después (kernel->user):
00000000: 01 00 00 00 01 00 00 00 80 02 00 00 68 01 00 00 
00000010: 00 00 00 00 00 00 00 00 00 00 00 00 00 00 00 00 
00000020: 00 00 00 00 00 00 00 00 00 00 00 00 00 00 00 00 
00000030: 00 00 00 00 00 00 00 00 00 00 00 00 00 00 00 00 
00000040: 00 00 00 00 00 00 00 00 00 00 00 00 00 00 00 00 
00000050: 00 00 00 00 00 00 00 00 00 00 00 00 00 00 00 00 
00000060: 00 00 00 00 00 00 00 00 00 00 00 00 00 00 00 00 
00000070: 00 00 00 00 00 00 00 00 00 00 00 00 00 00 00 00 
00000080: 00 00 00 00 00 00 00 00 00 00 00 00 00 00 00 00 
00000090: 00 00 00 00 00 00 00 00 00 00 00 00 00 00 00 00 
000000a0: 00 00 00 00 00 00 00 00 00 00 00 00 00 00 00 00 
000000b0: 00 00 00 00 00 00 00 00 00 00 00 00 00 00 00 00 
000000c0: 00 00 00 00 00 00 00 00 00 00 00 00 
[TRACK] ioctl(fd=12, path=/dev/akpcm_cdev1) req=0x40045010 (type=0x50 nr=16 dir=1 size=4) arg=0xbebeb9cc
  buf antes (user->kernel):
00000000: 02 00 00 00 
  ioctl retornó 0 (errno=OK)
[TRACK] ioctl(fd=12, path=/dev/akpcm_cdev1) req=0x40045070 (type=0x50 nr=112 dir=1 size=4) arg=0xbebeb9cc
  buf antes (user->kernel):
00000000: 01 00 00 00 
  ioctl retornó 0 (errno=OK)
[TRACK] ioctl(fd=12, path=/dev/akpcm_cdev1) req=0x40045030 (type=0x50 nr=48 dir=1 size=4) arg=0xbebeb9dc
  buf antes (user->kernel):
00000000: 07 00 00 00 
  ioctl retornó 0 (errno=OK)
[TRACK] ioctl(fd=12, path=/dev/akpcm_cdev1) req=0x50e3 (type=0x50 nr=227 dir=0 size=0) arg=0xbebeb9dc
  ioctl retornó 0 (errno=OK)
[TRACK] ioctl(fd=12, path=/dev/akpcm_cdev1) req=0x40045088 (type=0x50 nr=136 dir=1 size=4) arg=0xbebeb8f8
  buf antes (user->kernel):
00000000: 01 00 00 00 
  ioctl retornó 0 (errno=OK)
umount2 /dev/mmcblk0p1: Device or resource busy
mount /dev/mmcblk0p1: Device or resource busy
mount /dev/mmcblk0p1: Device or resource busy
mount /dev/mmcblk0p1: Device or resource busy
mount /dev/mmcblk0p1: Device or resource busy
mount /dev/mmcblk0p1: Device or resource busy
mount /dev/mmcblk0p1: Device or resource busy
mount /dev/mmcblk0p1: Device or resource busy
mount /dev/mmcblk0p1: Device or resource busy
mount /dev/mmcblk0p1: Device or resource busy
mount /dev/mmcblk0p1: Device or resource busy
mount /dev/mmcblk0p1: Device or resource busy
mount /dev/mmcblk0p1: Device or resource busy
[TRACK] ioctl(fd=15, path=/dev/akpcm_cdev0) req=0x40045081 (type=0x50 nr=129 dir=1 size=4) arg=0xbebeba14
  buf antes (user->kernel):
00000000: 01 00 00 00 
  ioctl retornó 0 (errno=OK)
[TRACK] ioctl(fd=15, path=/dev/akpcm_cdev0) req=0x50e3 (type=0x50 nr=227 dir=0 size=0) arg=(nil)
  ioctl retornó 0 (errno=OK)
[TRACK] ioctl(fd=15, path=/dev/akpcm_cdev0) req=0x40045030 (type=0x50 nr=48 dir=1 size=4) arg=0xbebebaac
  buf antes (user->kernel):
00000000: 05 00 00 00 
  ioctl retornó 0 (errno=OK)
mount /dev/mmcblk0p1: Device or resource busy
mount /dev/mmcblk0p1: Device or resource busy
mount /dev/mmcblk0p1: Device or resource busy
mount /dev/mmcblk0p1: Device or resource busy
mount /dev/mmcblk0p1: Device or resource busy
mount /dev/mmcblk0p1: Device or resource busy
mount /dev/mmcblk0p1: Device or resource busy
mount /dev/mmcblk0p1: Device or resource busy
Failed to connect to wpa_supplicant - wpa_ctrl_open: No such file or directory
mount /dev/mmcblk0p1: Device or resource busy
mount /dev/mmcblk0p1: Device or resource busy
[warn] Unable to add nameserver [240c::6666]:53: error 1
[warn] Unable to add nameserver [2001:4860:4860::8888]:53: error 1
[msg] Nameserver 8.8.8.8:53 has failed: Network is unreachable
[msg] Nameserver 114.114.114.114:53 has failed: Network is unreachable
[TRACK] ioctl(fd=11, path=/dev/video0) req=0xc0145608 (type=0x56 nr=8 dir=3 size=20) arg=0xbebeba44
  buf antes (user->kernel):
00000000: 04 00 00 00 01 00 00 00 02 00 00 00 00 00 00 00 
00000010: 00 00 00 00 
  ioctl retornó 0 (errno=OK)
  buf después (kernel->user):
00000000: 04 00 00 00 01 00 00 00 02 00 00 00 00 00 00 00 
00000010: 00 00 00 00 
[TRACK] ioctl(fd=11, path=/dev/video0) req=0xc044560f (type=0x56 nr=15 dir=3 size=68) arg=0xbebeb9d4
  buf antes (user->kernel):
00000000: 00 00 00 00 01 00 00 00 00 00 00 00 00 00 00 00 
00000010: 00 00 00 00 00 00 00 00 00 00 00 00 00 00 00 00 
00000020: 00 00 00 00 00 00 00 00 00 00 00 00 00 00 00 00 
00000030: 02 00 00 00 00 00 1f b5 00 30 23 00 00 00 00 00 
00000040: 00 00 00 00 
  ioctl retornó 0 (errno=OK)
  buf después (kernel->user):
00000000: 00 00 00 00 01 00 00 00 00 00 00 00 00 00 00 00 
00000010: 00 00 00 00 00 00 00 00 00 00 00 00 00 00 00 00 
00000020: 00 00 00 00 00 00 00 00 00 00 00 00 00 00 00 00 
00000030: 02 00 00 00 00 00 1f b5 00 30 23 00 00 00 00 00 
00000040: 00 00 00 00 
[TRACK] ioctl(fd=11, path=/dev/video0) req=0xc044560f (type=0x56 nr=15 dir=3 size=68) arg=0xbebeb9d4
  buf antes (user->kernel):
00000000: 01 00 00 00 01 00 00 00 00 00 00 00 00 00 00 00 
00000010: 00 00 00 00 00 00 00 00 00 00 00 00 00 00 00 00 
00000020: 00 00 00 00 00 00 00 00 00 00 00 00 00 00 00 00 
00000030: 02 00 00 00 00 30 42 b5 00 30 23 00 00 00 00 00 
00000040: 00 00 00 00 
  ioctl retornó 0 (errno=OK)
  buf después (kernel->user):
00000000: 01 00 00 00 01 00 00 00 00 00 00 00 00 00 00 00 
00000010: 00 00 00 00 00 00 00 00 00 00 00 00 00 00 00 00 
00000020: 00 00 00 00 00 00 00 00 00 00 00 00 00 00 00 00 
00000030: 02 00 00 00 00 30 42 b5 00 30 23 00 00 00 00 00 
00000040: 00 00 00 00 
[TRACK] ioctl(fd=11, path=/dev/video0) req=0xc044560f (type=0x56 nr=15 dir=3 size=68) arg=0xbebeb9d4
  buf antes (user->kernel):
00000000: 02 00 00 00 01 00 00 00 00 00 00 00 00 00 00 00 
00000010: 00 00 00 00 00 00 00 00 00 00 00 00 00 00 00 00 
00000020: 00 00 00 00 00 00 00 00 00 00 00 00 00 00 00 00 
00000030: 02 00 00 00 00 60 65 b5 00 30 23 00 00 00 00 00 
00000040: 00 00 00 00 
  ioctl retornó 0 (errno=OK)
  buf después (kernel->user):
00000000: 02 00 00 00 01 00 00 00 00 00 00 00 00 00 00 00 
00000010: 00 00 00 00 00 00 00 00 00 00 00 00 00 00 00 00 
00000020: 00 00 00 00 00 00 00 00 00 00 00 00 00 00 00 00 
00000030: 02 00 00 00 00 60 65 b5 00 30 23 00 00 00 00 00 
00000040: 00 00 00 00 
[TRACK] ioctl(fd=11, path=/dev/video0) req=0xc044560f (type=0x56 nr=15 dir=3 size=68) arg=0xbebeb9d4
  buf antes (user->kernel):
00000000: 03 00 00 00 01 00 00 00 00 00 00 00 00 00 00 00 
00000010: 00 00 00 00 00 00 00 00 00 00 00 00 00 00 00 00 
00000020: 00 00 00 00 00 00 00 00 00 00 00 00 00 00 00 00 
00000030: 02 00 00 00 00 90 88 b5 00 30 23 00 00 00 00 00 
00000040: 00 00 00 00 
  ioctl retornó 0 (errno=OK)
  buf después (kernel->user):
00000000: 03 00 00 00 01 00 00 00 00 00 00 00 00 00 00 00 
00000010: 00 00 00 00 00 00 00 00 00 00 00 00 00 00 00 00 
00000020: 00 00 00 00 00 00 00 00 00 00 00 00 00 00 00 00 
00000030: 02 00 00 00 00 90 88 b5 00 30 23 00 00 00 00 00 
00000040: 00 00 00 00 
[TRACK] ioctl(fd=11, path=/dev/video0) req=0x40045612 (type=0x56 nr=18 dir=1 size=4) arg=0xbebeba44
  buf antes (user->kernel):
00000000: 01 00 00 00 
  ioctl retornó 0 (errno=OK)
[TRACK] ioctl(fd=11, path=/dev/video0) req=0xc0445611 (type=0x56 nr=17 dir=3 size=68) arg=0x698970
  buf antes (user->kernel):
00000000: 00 00 00 00 01 00 00 00 00 00 00 00 00 00 00 00 
00000010: 00 00 00 00 00 00 00 00 00 00 00 00 00 00 00 00 
00000020: 00 00 00 00 00 00 00 00 00 00 00 00 00 00 00 00 
00000030: 02 00 00 00 00 00 00 00 00 00 00 00 00 00 00 00 
00000040: 00 00 00 00 
  ioctl retornó 0 (errno=OK)
  buf después (kernel->user):
00000000: 00 00 00 00 01 00 00 00 00 18 15 00 00 00 00 00 
00000010: 04 00 00 00 84 00 00 00 b0 1e 04 00 00 00 00 00 
00000020: 00 00 00 00 00 00 00 00 00 00 00 00 00 00 00 00 
00000030: 02 00 00 00 00 00 1f b5 00 18 15 00 00 00 00 00 
00000040: 00 00 00 00 
[TRACK] ioctl(fd=11, path=/dev/video0) req=0xc044560f (type=0x56 nr=15 dir=3 size=68) arg=0x754848
  buf antes (user->kernel):
00000000: 00 00 00 00 01 00 00 00 00 18 15 00 00 00 00 00 
00000010: 04 00 00 00 84 00 00 00 b0 1e 04 00 00 00 00 00 
00000020: 00 00 00 00 00 00 00 00 00 00 00 00 00 00 00 00 
00000030: 02 00 00 00 00 00 1f b5 00 18 15 00 00 00 00 00 
00000040: 00 00 00 00 
  ioctl retornó 0 (errno=OK)
  buf después (kernel->user):
00000000: 00 00 00 00 01 00 00 00 00 18 15 00 00 00 00 00 
00000010: 04 00 00 00 84 00 00 00 b0 1e 04 00 00 00 00 00 
00000020: 00 00 00 00 00 00 00 00 00 00 00 00 00 00 00 00 
00000030: 02 00 00 00 00 00 1f b5 00 18 15 00 00 00 00 00 
00000040: 00 00 00 00 
[TRACK] ioctl(fd=11, path=/dev/video0) req=0xc0445611 (type=0x56 nr=17 dir=3 size=68) arg=0x698970
  buf antes (user->kernel):
00000000: 00 00 00 00 01 00 00 00 00 00 00 00 00 00 00 00 
00000010: 00 00 00 00 00 00 00 00 00 00 00 00 00 00 00 00 
00000020: 00 00 00 00 00 00 00 00 00 00 00 00 00 00 00 00 
00000030: 02 00 00 00 00 00 00 00 00 00 00 00 00 00 00 00 
00000040: 00 00 00 00 
  ioctl retornó 0 (errno=OK)
  buf después (kernel->user):
00000000: 01 00 00 00 01 00 00 00 00 18 15 00 00 00 00 00 
00000010: 04 00 00 00 84 00 00 00 10 09 05 00 00 00 00 00 
00000020: 00 00 00 00 00 00 00 00 00 00 00 00 00 00 00 00 
00000030: 02 00 00 00 00 30 42 b5 00 18 15 00 00 00 00 00 
00000040: 00 00 00 00 
[TRACK] ioctl(fd=11, path=/dev/video0) req=0xc044560f (type=0x56 nr=15 dir=3 size=68) arg=0x754848
  buf antes (user->kernel):
00000000: 01 00 00 00 01 00 00 00 00 18 15 00 00 00 00 00 
00000010: 04 00 00 00 84 00 00 00 10 09 05 00 00 00 00 00 
00000020: 00 00 00 00 00 00 00 00 00 00 00 00 00 00 00 00 
00000030: 02 00 00 00 00 30 42 b5 00 18 15 00 00 00 00 00 
00000040: 00 00 00 00 
  ioctl retornó 0 (errno=OK)
  buf después (kernel->user):
00000000: 01 00 00 00 01 00 00 00 00 18 15 00 00 00 00 00 
00000010: 04 00 00 00 84 00 00 00 10 09 05 00 00 00 00 00 
00000020: 00 00 00 00 00 00 00 00 00 00 00 00 00 00 00 00 
00000030: 02 00 00 00 00 30 42 b5 00 18 15 00 00 00 00 00 
00000040: 00 00 00 00 
[TRACK] ioctl(fd=11, path=/dev/video0) req=0xc0445611 (type=0x56 nr=17 dir=3 size=68) arg=0x698970
  buf antes (user->kernel):
00000000: 00 00 00 00 01 00 00 00 00 00 00 00 00 00 00 00 
00000010: 00 00 00 00 00 00 00 00 00 00 00 00 00 00 00 00 
00000020: 00 00 00 00 00 00 00 00 00 00 00 00 00 00 00 00 
00000030: 02 00 00 00 00 00 00 00 00 00 00 00 00 00 00 00 
00000040: 00 00 00 00 
  ioctl retornó 0 (errno=OK)
  buf después (kernel->user):
00000000: 02 00 00 00 01 00 00 00 00 18 15 00 00 00 00 00 
00000010: 04 00 00 00 00 00 00 00 00 00 00 00 00 00 00 00 
00000020: 00 00 00 00 00 00 00 00 00 00 00 00 00 00 00 00 
00000030: 02 00 00 00 00 60 65 b5 00 18 15 00 00 00 00 00 
00000040: 00 00 00 00 
[TRACK] ioctl(fd=11, path=/dev/video0) req=0xc044560f (type=0x56 nr=15 dir=3 size=68) arg=0x754848
  buf antes (user->kernel):
00000000: 02 00 00 00 01 00 00 00 00 18 15 00 00 00 00 00 
00000010: 04 00 00 00 00 00 00 00 00 00 00 00 00 00 00 00 
00000020: 00 00 00 00 00 00 00 00 00 00 00 00 00 00 00 00 
00000030: 02 00 00 00 00 60 65 b5 00 18 15 00 00 00 00 00 
00000040: 00 00 00 00 
  ioctl retornó 0 (errno=OK)
  buf después (kernel->user):
00000000: 02 00 00 00 01 00 00 00 00 18 15 00 00 00 00 00 
00000010: 04 00 00 00 00 00 00 00 00 00 00 00 00 00 00 00 
00000020: 00 00 00 00 00 00 00 00 00 00 00 00 00 00 00 00 
00000030: 02 00 00 00 00 60 65 b5 00 18 15 00 00 00 00 00 
00000040: 00 00 00 00 
[TRACK] ioctl(fd=11, path=/dev/video0) req=0xc0445611 (type=0x56 nr=17 dir=3 size=68) arg=0x698970
  buf antes (user->kernel):
00000000: 00 00 00 00 01 00 00 00 00 00 00 00 00 00 00 00 
00000010: 00 00 00 00 00 00 00 00 00 00 00 00 00 00 00 00 
00000020: 00 00 00 00 00 00 00 00 00 00 00 00 00 00 00 00 
00000030: 02 00 00 00 00 00 00 00 00 00 00 00 00 00 00 00 
00000040: 00 00 00 00 
  ioctl retornó 0 (errno=OK)
  buf después (kernel->user):
00000000: 03 00 00 00 01 00 00 00 00 18 15 00 00 00 00 00 
00000010: 04 00 00 00 00 00 00 00 00 00 00 00 00 00 00 00 
00000020: 00 00 00 00 00 00 00 00 00 00 00 00 00 00 00 00 
00000030: 02 00 00 00 00 90 88 b5 00 18 15 00 00 00 00 00 
00000040: 00 00 00 00 
[TRACK] ioctl(fd=11, path=/dev/video0) req=0xc044560f (type=0x56 nr=15 dir=3 size=68) arg=0x754848
  buf antes (user->kernel):
00000000: 03 00 00 00 01 00 00 00 00 18 15 00 00 00 00 00 
00000010: 04 00 00 00 00 00 00 00 00 00 00 00 00 00 00 00 
00000020: 00 00 00 00 00 00 00 00 00 00 00 00 00 00 00 00 
00000030: 02 00 00 00 00 90 88 b5 00 18 15 00 00 00 00 00 
00000040: 00 00 00 00 
  ioctl retornó 0 (errno=OK)
  buf después (kernel->user):
00000000: 03 00 00 00 01 00 00 00 00 18 15 00 00 00 00 00 
00000010: 04 00 00 00 00 00 00 00 00 00 00 00 00 00 00 00 
00000020: 00 00 00 00 00 00 00 00 00 00 00 00 00 00 00 00 
00000030: 02 00 00 00 00 90 88 b5 00 18 15 00 00 00 00 00 
00000040: 00 00 00 00 
ioctl[SIOCSIWAP]: Operation not permitted
[TRACK] ioctl(fd=11, path=/dev/video0) req=0xc0445611 (type=0x56 nr=17 dir=3 size=68) arg=0x698970
  buf antes (user->kernel):
00000000: 00 00 00 00 01 00 00 00 00 00 00 00 00 00 00 00 
00000010: 00 00 00 00 00 00 00 00 00 00 00 00 00 00 00 00 
00000020: 00 00 00 00 00 00 00 00 00 00 00 00 00 00 00 00 
00000030: 02 00 00 00 00 00 00 00 00 00 00 00 00 00 00 00 
00000040: 00 00 00 00 
  ioctl retornó 0 (errno=OK)
  buf después (kernel->user):
00000000: 00 00 00 00 01 00 00 00 00 18 15 00 00 00 00 00 
00000010: 04 00 00 00 00 00 00 00 00 00 00 00 00 00 00 00 
00000020: 00 00 00 00 00 00 00 00 00 00 00 00 01 00 00 00 
00000030: 02 00 00 00 00 00 1f b5 00 18 15 00 00 00 00 00 
00000040: 00 00 00 00 
[TRACK] ioctl(fd=11, path=/dev/video0) req=0xc044560f (type=0x56 nr=15 dir=3 size=68) arg=0x75b630
  buf antes (user->kernel):
00000000: 00 00 00 00 01 00 00 00 00 18 15 00 00 00 00 00 
00000010: 04 00 00 00 00 00 00 00 00 00 00 00 00 00 00 00 
00000020: 00 00 00 00 00 00 00 00 00 00 00 00 01 00 00 00 
00000030: 02 00 00 00 00 00 1f b5 00 18 15 00 00 00 00 00 
00000040: 00 00 00 00 
  ioctl retornó 0 (errno=OK)
  buf después (kernel->user):
00000000: 00 00 00 00 01 00 00 00 00 18 15 00 00 00 00 00 
00000010: 04 00 00 00 00 00 00 00 00 00 00 00 00 00 00 00 
00000020: 00 00 00 00 00 00 00 00 00 00 00 00 01 00 00 00 
00000030: 02 00 00 00 00 00 1f b5 00 18 15 00 00 00 00 00 
00000040: 00 00 00 00 
[TRACK] ioctl(fd=11, path=/dev/video0) req=0xc0445611 (type=0x56 nr=17 dir=3 size=68) arg=0x698970
  buf antes (user->kernel):
00000000: 00 00 00 00 01 00 00 00 00 00 00 00 00 00 00 00 
00000010: 00 00 00 00 00 00 00 00 00 00 00 00 00 00 00 00 
00000020: 00 00 00 00 00 00 00 00 00 00 00 00 00 00 00 00 
00000030: 02 00 00 00 00 00 00 00 00 00 00 00 00 00 00 00 
00000040: 00 00 00 00 
  ioctl retornó 0 (errno=OK)
  buf después (kernel->user):
00000000: 01 00 00 00 01 00 00 00 00 18 15 00 00 00 00 00 
00000010: 04 00 00 00 84 00 00 00 c0 27 09 00 00 00 00 00 
00000020: 00 00 00 00 00 00 00 00 00 00 00 00 01 00 00 00 
00000030: 02 00 00 00 00 30 42 b5 00 18 15 00 00 00 00 00 
00000040: 00 00 00 00 
[TRACK] ioctl(fd=11, path=/dev/video0) req=0xc044560f (type=0x56 nr=15 dir=3 size=68) arg=0x75b708
  buf antes (user->kernel):
00000000: 01 00 00 00 01 00 00 00 00 18 15 00 00 00 00 00 
00000010: 04 00 00 00 84 00 00 00 c0 27 09 00 00 00 00 00 
00000020: 00 00 00 00 00 00 00 00 00 00 00 00 01 00 00 00 
00000030: 02 00 00 00 00 30 42 b5 00 18 15 00 00 00 00 00 
00000040: 00 00 00 00 
  ioctl retornó 0 (errno=OK)
  buf después (kernel->user):
00000000: 01 00 00 00 01 00 00 00 00 18 15 00 00 00 00 00 
00000010: 04 00 00 00 84 00 00 00 c0 27 09 00 00 00 00 00 
00000020: 00 00 00 00 00 00 00 00 00 00 00 00 01 00 00 00 
00000030: 02 00 00 00 00 30 42 b5 00 18 15 00 00 00 00 00 
00000040: 00 00 00 00 
[TRACK] ioctl(fd=11, path=/dev/video0) req=0xc0445611 (type=0x56 nr=17 dir=3 size=68) arg=0x698970
  buf antes (user->kernel):
00000000: 00 00 00 00 01 00 00 00 00 00 00 00 00 00 00 00 
00000010: 00 00 00 00 00 00 00 00 00 00 00 00 00 00 00 00 
00000020: 00 00 00 00 00 00 00 00 00 00 00 00 00 00 00 00 
00000030: 02 00 00 00 00 00 00 00 00 00 00 00 00 00 00 00 
00000040: 00 00 00 00 
  ioctl retornó 0 (errno=OK)
  buf después (kernel->user):
00000000: 02 00 00 00 01 00 00 00 00 18 15 00 00 00 00 00 
00000010: 04 00 00 00 84 00 00 00 30 39 0a 00 00 00 00 00 
00000020: 00 00 00 00 00 00 00 00 00 00 00 00 01 00 00 00 
00000030: 02 00 00 00 00 60 65 b5 00 18 15 00 00 00 00 00 
00000040: 00 00 00 00 
[TRACK] ioctl(fd=11, path=/dev/video0) req=0xc044560f (type=0x56 nr=15 dir=3 size=68) arg=0x75b708
  buf antes (user->kernel):
00000000: 02 00 00 00 01 00 00 00 00 18 15 00 00 00 00 00 
00000010: 04 00 00 00 84 00 00 00 30 39 0a 00 00 00 00 00 
00000020: 00 00 00 00 00 00 00 00 00 00 00 00 01 00 00 00 
00000030: 02 00 00 00 00 60 65 b5 00 18 15 00 00 00 00 00 
00000040: 00 00 00 00 
  ioctl retornó 0 (errno=OK)
  buf después (kernel->user):
00000000: 02 00 00 00 01 00 00 00 00 18 15 00 00 00 00 00 
00000010: 04 00 00 00 84 00 00 00 30 39 0a 00 00 00 00 00 
00000020: 00 00 00 00 00 00 00 00 00 00 00 00 01 00 00 00 
00000030: 02 00 00 00 00 60 65 b5 00 18 15 00 00 00 00 00 
00000040: 00 00 00 00 
[TRACK] ioctl(fd=11, path=/dev/video0) req=0xc0445611 (type=0x56 nr=17 dir=3 size=68) arg=0x698970
  buf antes (user->kernel):
00000000: 00 00 00 00 01 00 00 00 00 00 00 00 00 00 00 00 
00000010: 00 00 00 00 00 00 00 00 00 00 00 00 00 00 00 00 
00000020: 00 00 00 00 00 00 00 00 00 00 00 00 00 00 00 00 
00000030: 02 00 00 00 00 00 00 00 00 00 00 00 00 00 00 00 
00000040: 00 00 00 00 
  ioctl retornó 0 (errno=OK)
  buf después (kernel->user):
00000000: 03 00 00 00 01 00 00 00 00 18 15 00 00 00 00 00 
00000010: 04 00 00 00 86 00 00 00 00 35 0c 00 00 00 00 00 
00000020: 00 00 00 00 00 00 00 00 00 00 00 00 01 00 00 00 
00000030: 02 00 00 00 00 90 88 b5 00 18 15 00 00 00 00 00 
00000040: 00 00 00 00 
[TRACK] ioctl(fd=11, path=/dev/video0) req=0xc044560f (type=0x56 nr=15 dir=3 size=68) arg=0x75b9c0
  buf antes (user->kernel):
00000000: 03 00 00 00 01 00 00 00 00 18 15 00 00 00 00 00 
00000010: 04 00 00 00 86 00 00 00 00 35 0c 00 00 00 00 00 
00000020: 00 00 00 00 00 00 00 00 00 00 00 00 01 00 00 00 
00000030: 02 00 00 00 00 90 88 b5 00 18 15 00 00 00 00 00 
00000040: 00 00 00 00 
  ioctl retornó 0 (errno=OK)
  buf después (kernel->user):
00000000: 03 00 00 00 01 00 00 00 00 18 15 00 00 00 00 00 
00000010: 04 00 00 00 86 00 00 00 00 35 0c 00 00 00 00 00 
00000020: 00 00 00 00 00 00 00 00 00 00 00 00 01 00 00 00 
00000030: 02 00 00 00 00 90 88 b5 00 18 15 00 00 00 00 00 
00000040: 00 00 00 00 
[TRACK] ioctl(fd=11, path=/dev/video0) req=0xc0445611 (type=0x56 nr=17 dir=3 size=68) arg=0x698970
  buf antes (user->kernel):
00000000: 00 00 00 00 01 00 00 00 00 00 00 00 00 00 00 00 
00000010: 00 00 00 00 00 00 00 00 00 00 00 00 00 00 00 00 
00000020: 00 00 00 00 00 00 00 00 00 00 00 00 00 00 00 00 
00000030: 02 00 00 00 00 00 00 00 00 00 00 00 00 00 00 00 
00000040: 00 00 00 00 
  ioctl retornó 0 (errno=OK)
  buf después (kernel->user):
00000000: 00 00 00 00 01 00 00 00 00 18 15 00 00 00 00 00 
00000010: 04 00 00 00 86 00 00 00 70 46 0d 00 00 00 00 00 
00000020: 00 00 00 00 00 00 00 00 00 00 00 00 01 00 00 00 
00000030: 02 00 00 00 00 00 1f b5 00 18 15 00 00 00 00 00 
00000040: 00 00 00 00 
[TRACK] ioctl(fd=11, path=/dev/video0) req=0xc044560f (type=0x56 nr=15 dir=3 size=68) arg=0x75b9c0
  buf antes (user->kernel):
00000000: 00 00 00 00 01 00 00 00 00 18 15 00 00 00 00 00 
00000010: 04 00 00 00 86 00 00 00 70 46 0d 00 00 00 00 00 
00000020: 00 00 00 00 00 00 00 00 00 00 00 00 01 00 00 00 
00000030: 02 00 00 00 00 00 1f b5 00 18 15 00 00 00 00 00 
00000040: 00 00 00 00 
  ioctl retornó 0 (errno=OK)
  buf después (kernel->user):
00000000: 00 00 00 00 01 00 00 00 00 18 15 00 00 00 00 00 
00000010: 04 00 00 00 86 00 00 00 70 46 0d 00 00 00 00 00 
00000020: 00 00 00 00 00 00 00 00 00 00 00 00 01 00 00 00 
00000030: 02 00 00 00 00 00 1f b5 00 18 15 00 00 00 00 00 
00000040: 00 00 00 00 
[TRACK] ioctl(fd=11, path=/dev/video0) req=0xc0445611 (type=0x56 nr=17 dir=3 size=68) arg=0x698970
  buf antes (user->kernel):
00000000: 00 00 00 00 01 00 00 00 00 00 00 00 00 00 00 00 
00000010: 00 00 00 00 00 00 00 00 00 00 00 00 00 00 00 00 
00000020: 00 00 00 00 00 00 00 00 00 00 00 00 00 00 00 00 
00000030: 02 00 00 00 00 00 00 00 00 00 00 00 00 00 00 00 
00000040: 00 00 00 00 
  ioctl retornó 0 (errno=OK)
  buf después (kernel->user):
00000000: 01 00 00 00 01 00 00 00 00 18 15 00 00 00 00 00 
00000010: 04 00 00 00 86 00 00 00 d0 30 0e 00 00 00 00 00 
00000020: 00 00 00 00 00 00 00 00 00 00 00 00 01 00 00 00 
00000030: 02 00 00 00 00 30 42 b5 00 18 15 00 00 00 00 00 
00000040: 00 00 00 00 
[TRACK] ioctl(fd=11, path=/dev/video0) req=0xc044560f (type=0x56 nr=15 dir=3 size=68) arg=0x75b9c0
  buf antes (user->kernel):
00000000: 01 00 00 00 01 00 00 00 00 18 15 00 00 00 00 00 
00000010: 04 00 00 00 86 00 00 00 d0 30 0e 00 00 00 00 00 
00000020: 00 00 00 00 00 00 00 00 00 00 00 00 01 00 00 00 
00000030: 02 00 00 00 00 30 42 b5 00 18 15 00 00 00 00 00 
00000040: 00 00 00 00 
  ioctl retornó 0 (errno=OK)
  buf después (kernel->user):
00000000: 01 00 00 00 01 00 00 00 00 18 15 00 00 00 00 00 
00000010: 04 00 00 00 86 00 00 00 d0 30 0e 00 00 00 00 00 
00000020: 00 00 00 00 00 00 00 00 00 00 00 00 01 00 00 00 
00000030: 02 00 00 00 00 30 42 b5 00 18 15 00 00 00 00 00 
00000040: 00 00 00 00 
[TRACK] ioctl(fd=11, path=/dev/video0) req=0xc0445611 (type=0x56 nr=17 dir=3 size=68) arg=0x698970
  buf antes (user->kernel):
00000000: 00 00 00 00 01 00 00 00 00 00 00 00 00 00 00 00 
00000010: 00 00 00 00 00 00 00 00 00 00 00 00 00 00 00 00 
00000020: 00 00 00 00 00 00 00 00 00 00 00 00 00 00 00 00 
00000030: 02 00 00 00 00 00 00 00 00 00 00 00 00 00 00 00 
00000040: 00 00 00 00 
  ioctl retornó 0 (errno=OK)
  buf después (kernel->user):
00000000: 02 00 00 00 01 00 00 00 00 18 15 00 00 00 00 00 
00000010: 04 00 00 00 87 00 00 00 10 09 05 00 00 00 00 00 
00000020: 00 00 00 00 00 00 00 00 00 00 00 00 01 00 00 00 
00000030: 02 00 00 00 00 60 65 b5 00 18 15 00 00 00 00 00 
00000040: 00 00 00 00 
[TRACK] ioctl(fd=11, path=/dev/video0) req=0xc044560f (type=0x56 nr=15 dir=3 size=68) arg=0x75b9c0
  buf antes (user->kernel):
00000000: 02 00 00 00 01 00 00 00 00 18 15 00 00 00 00 00 
00000010: 04 00 00 00 87 00 00 00 10 09 05 00 00 00 00 00 
00000020: 00 00 00 00 00 00 00 00 00 00 00 00 01 00 00 00 
00000030: 02 00 00 00 00 60 65 b5 00 18 15 00 00 00 00 00 
00000040: 00 00 00 00 
  ioctl retornó 0 (errno=OK)
  buf después (kernel->user):
00000000: 02 00 00 00 01 00 00 00 00 18 15 00 00 00 00 00 
00000010: 04 00 00 00 87 00 00 00 10 09 05 00 00 00 00 00 
00000020: 00 00 00 00 00 00 00 00 00 00 00 00 01 00 00 00 
00000030: 02 00 00 00 00 60 65 b5 00 18 15 00 00 00 00 00 
00000040: 00 00 00 00 
[TRACK] ioctl(fd=11, path=/dev/video0) req=0xc0445611 (type=0x56 nr=17 dir=3 size=68) arg=0x698970
  buf antes (user->kernel):
00000000: 00 00 00 00 01 00 00 00 00 00 00 00 00 00 00 00 
00000010: 00 00 00 00 00 00 00 00 00 00 00 00 00 00 00 00 
00000020: 00 00 00 00 00 00 00 00 00 00 00 00 00 00 00 00 
00000030: 02 00 00 00 00 00 00 00 00 00 00 00 00 00 00 00 
00000040: 00 00 00 00 
  ioctl retornó 0 (errno=OK)
  buf después (kernel->user):
00000000: 03 00 00 00 01 00 00 00 00 18 15 00 00 00 00 00 
00000010: 04 00 00 00 87 00 00 00 80 1a 06 00 00 00 00 00 
00000020: 00 00 00 00 00 00 00 00 00 00 00 00 01 00 00 00 
00000030: 02 00 00 00 00 90 88 b5 00 18 15 00 00 00 00 00 
00000040: 00 00 00 00 
[TRACK] ioctl(fd=11, path=/dev/video0) req=0xc044560f (type=0x56 nr=15 dir=3 size=68) arg=0x75b9c0
  buf antes (user->kernel):
00000000: 03 00 00 00 01 00 00 00 00 18 15 00 00 00 00 00 
00000010: 04 00 00 00 87 00 00 00 80 1a 06 00 00 00 00 00 
00000020: 00 00 00 00 00 00 00 00 00 00 00 00 01 00 00 00 
00000030: 02 00 00 00 00 90 88 b5 00 18 15 00 00 00 00 00 
00000040: 00 00 00 00 
  ioctl retornó 0 (errno=OK)
  buf después (kernel->user):
00000000: 03 00 00 00 01 00 00 00 00 18 15 00 00 00 00 00 
00000010: 04 00 00 00 87 00 00 00 80 1a 06 00 00 00 00 00 
00000020: 00 00 00 00 00 00 00 00 00 00 00 00 01 00 00 00 
00000030: 02 00 00 00 00 90 88 b5 00 18 15 00 00 00 00 00 
00000040: 00 00 00 00 
[TRACK] ioctl(fd=11, path=/dev/video0) req=0xc0445611 (type=0x56 nr=17 dir=3 size=68) arg=0x698970
  buf antes (user->kernel):
00000000: 00 00 00 00 01 00 00 00 00 00 00 00 00 00 00 00 
00000010: 00 00 00 00 00 00 00 00 00 00 00 00 00 00 00 00 
00000020: 00 00 00 00 00 00 00 00 00 00 00 00 00 00 00 00 
00000030: 02 00 00 00 00 00 00 00 00 00 00 00 00 00 00 00 
00000040: 00 00 00 00 
  ioctl retornó 0 (errno=OK)
  buf después (kernel->user):
00000000: 00 00 00 00 01 00 00 00 00 18 15 00 00 00 00 00 
00000010: 04 00 00 00 87 00 00 00 30 39 0a 00 00 00 00 00 
00000020: 00 00 00 00 00 00 00 00 00 00 00 00 02 00 00 00 
00000030: 02 00 00 00 00 00 1f b5 00 18 15 00 00 00 00 00 
00000040: 00 00 00 00 
[TRACK] ioctl(fd=11, path=/dev/video0) req=0xc044560f (type=0x56 nr=15 dir=3 size=68) arg=0x75b9c0
  buf antes (user->kernel):
00000000: 00 00 00 00 01 00 00 00 00 18 15 00 00 00 00 00 
00000010: 04 00 00 00 87 00 00 00 30 39 0a 00 00 00 00 00 
00000020: 00 00 00 00 00 00 00 00 00 00 00 00 02 00 00 00 
00000030: 02 00 00 00 00 00 1f b5 00 18 15 00 00 00 00 00 
00000040: 00 00 00 00 
  ioctl retornó 0 (errno=OK)
  buf después (kernel->user):
00000000: 00 00 00 00 01 00 00 00 00 18 15 00 00 00 00 00 
00000010: 04 00 00 00 87 00 00 00 30 39 0a 00 00 00 00 00 
00000020: 00 00 00 00 00 00 00 00 00 00 00 00 02 00 00 00 
00000030: 02 00 00 00 00 00 1f b5 00 18 15 00 00 00 00 00 
00000040: 00 00 00 00 
[TRACK] ioctl(fd=11, path=/dev/video0) req=0xc0445611 (type=0x56 nr=17 dir=3 size=68) arg=0x698970
  buf antes (user->kernel):
00000000: 00 00 00 00 01 00 00 00 00 00 00 00 00 00 00 00 
00000010: 00 00 00 00 00 00 00 00 00 00 00 00 00 00 00 00 
00000020: 00 00 00 00 00 00 00 00 00 00 00 00 00 00 00 00 
00000030: 02 00 00 00 00 00 00 00 00 00 00 00 00 00 00 00 
00000040: 00 00 00 00 
  ioctl retornó 0 (errno=OK)
  buf después (kernel->user):
00000000: 01 00 00 00 01 00 00 00 00 18 15 00 00 00 00 00 
00000010: 04 00 00 00 87 00 00 00 90 23 0b 00 00 00 00 00 
00000020: 00 00 00 00 00 00 00 00 00 00 00 00 02 00 00 00 
00000030: 02 00 00 00 00 30 42 b5 00 18 15 00 00 00 00 00 
00000040: 00 00 00 00 
[TRACK] ioctl(fd=12, path=/dev/akpcm_cdev1) req=0x50e2 (type=0x50 nr=226 dir=0 size=0) arg=(nil)
  ioctl retornó 0 (errno=OK)
[TRACK] ioctl(fd=12, path=/dev/akpcm_cdev1) req=0x401c50f2 (type=0x50 nr=242 dir=1 size=28) arg=0x6b8448
  buf antes (user->kernel):
00000000: 80 3e 00 00 01 00 00 00 10 00 00 00 00 08 00 00 
00000010: 10 00 00 00 00 08 00 00 00 00 00 00 
  ioctl retornó 0 (errno=OK)
[TRACK] ioctl(fd=12, path=/dev/akpcm_cdev1) req=0x50e0 (type=0x50 nr=224 dir=0 size=0) arg=(nil)
  ioctl retornó 0 (errno=OK)
[TRACK] ioctl(fd=12, path=/dev/akpcm_cdev1) req=0x804050f0 (type=0x50 nr=240 dir=2 size=64) arg=0xaeb4890c
  ioctl retornó 0 (errno=OK)
  buf después (kernel->user):
00000000: fe 00 00 40 47 3e 00 00 40 1f 00 00 80 bb 00 00 
00000010: 05 00 00 00 01 00 00 00 01 00 00 00 00 02 00 00 
00000020: 00 80 00 00 04 00 00 00 00 02 00 00 05 00 00 00 
00000030: 0f 00 00 00 07 00 00 00 01 00 00 00 03 00 00 00 
[TRACK] ioctl(fd=11, path=/dev/video0) req=0xc044560f (type=0x56 nr=15 dir=3 size=68) arg=0x75d1a0
  buf antes (user->kernel):
00000000: 01 00 00 00 01 00 00 00 00 18 15 00 00 00 00 00 
00000010: 04 00 00 00 87 00 00 00 90 23 0b 00 00 00 00 00 
00000020: 00 00 00 00 00 00 00 00 00 00 00 00 02 00 00 00 
00000030: 02 00 00 00 00 30 42 b5 00 18 15 00 00 00 00 00 
00000040: 00 00 00 00 
  ioctl retornó 0 (errno=OK)
  buf después (kernel->user):
00000000: 01 00 00 00 01 00 00 00 00 18 15 00 00 00 00 00 
00000010: 04 00 00 00 87 00 00 00 90 23 0b 00 00 00 00 00 
00000020: 00 00 00 00 00 00 00 00 00 00 00 00 02 00 00 00 
00000030: 02 00 00 00 00 30 42 b5 00 18 15 00 00 00 00 00 
00000040: 00 00 00 00 
[TRACK] ioctl(fd=12, path=/dev/akpcm_cdev1) req=0x50e2 (type=0x50 nr=226 dir=0 size=0) arg=(nil)
  ioctl retornó 0 (errno=OK)
[TRACK] ioctl(fd=11, path=/dev/video0) req=0xc0445611 (type=0x56 nr=17 dir=3 size=68) arg=0x698970
  buf antes (user->kernel):
00000000: 00 00 00 00 01 00 00 00 00 00 00 00 00 00 00 00 
00000010: 00 00 00 00 00 00 00 00 00 00 00 00 00 00 00 00 
00000020: 00 00 00 00 00 00 00 00 00 00 00 00 00 00 00 00 
00000030: 02 00 00 00 00 00 00 00 00 00 00 00 00 00 00 00 
00000040: 00 00 00 00 
  ioctl retornó 0 (errno=OK)
  buf después (kernel->user):
00000000: 02 00 00 00 01 00 00 00 00 18 15 00 00 00 00 00 
00000010: 04 00 00 00 87 00 00 00 00 35 0c 00 00 00 00 00 
00000020: 00 00 00 00 00 00 00 00 00 00 00 00 02 00 00 00 
00000030: 02 00 00 00 00 60 65 b5 00 18 15 00 00 00 00 00 
00000040: 00 00 00 00 
[TRACK] ioctl(fd=11, path=/dev/video0) req=0xc044560f (type=0x56 nr=15 dir=3 size=68) arg=0x759d68
  buf antes (user->kernel):
00000000: 02 00 00 00 01 00 00 00 00 18 15 00 00 00 00 00 
00000010: 04 00 00 00 87 00 00 00 00 35 0c 00 00 00 00 00 
00000020: 00 00 00 00 00 00 00 00 00 00 00 00 02 00 00 00 
00000030: 02 00 00 00 00 60 65 b5 00 18 15 00 00 00 00 00 
00000040: 00 00 00 00 
  ioctl retornó 0 (errno=OK)
  buf después (kernel->user):
00000000: 02 00 00 00 01 00 00 00 00 18 15 00 00 00 00 00 
00000010: 04 00 00 00 87 00 00 00 00 35 0c 00 00 00 00 00 
00000020: 00 00 00 00 00 00 00 00 00 00 00 00 02 00 00 00 
00000030: 02 00 00 00 00 60 65 b5 00 18 15 00 00 00 00 00 
00000040: 00 00 00 00 
[TRACK] ioctl(fd=12, path=/dev/akpcm_cdev1) req=0x50e1 (type=0x50 nr=225 dir=0 size=0) arg=0xaeb4890c
[TRACK] ioctl(fd=11, path=/dev/video0) req=0xc0445611 (type=0x56 nr=17 dir=3 size=68) arg=0x698970
  buf antes (user->kernel):
00000000: 00 00 00 00 01 00 00 00 00 00 00 00 00 00 00 00 
00000010: 00 00 00 00 00 00 00 00 00 00 00 00 00 00 00 00 
00000020: 00 00 00 00 00 00 00 00 00 00 00 00 00 00 00 00 
00000030: 02 00 00 00 00 00 00 00 00 00 00 00 00 00 00 00 
00000040: 00 00 00 00 
  ioctl retornó 0 (errno=OK)
  buf después (kernel->user):
00000000: 03 00 00 00 01 00 00 00 00 18 15 00 00 00 00 00 
00000010: 04 00 00 00 87 00 00 00 70 46 0d 00 00 00 00 00 
00000020: 00 00 00 00 00 00 00 00 00 00 00 00 02 00 00 00 
00000030: 02 00 00 00 00 90 88 b5 00 18 15 00 00 00 00 00 
00000040: 00 00 00 00 
[TRACK] ioctl(fd=11, path=/dev/video0) req=0xc044560f (type=0x56 nr=15 dir=3 size=68) arg=0x75e558
  buf antes (user->kernel):
00000000: 03 00 00 00 01 00 00 00 00 18 15 00 00 00 00 00 
00000010: 04 00 00 00 87 00 00 00 70 46 0d 00 00 00 00 00 
00000020: 00 00 00 00 00 00 00 00 00 00 00 00 02 00 00 00 
00000030: 02 00 00 00 00 90 88 b5 00 18 15 00 00 00 00 00 
00000040: 00 00 00 00 
  ioctl retornó 0 (errno=OK)
  buf después (kernel->user):
00000000: 03 00 00 00 01 00 00 00 00 18 15 00 00 00 00 00 
00000010: 04 00 00 00 87 00 00 00 70 46 0d 00 00 00 00 00 
00000020: 00 00 00 00 00 00 00 00 00 00 00 00 02 00 00 00 
00000030: 02 00 00 00 00 90 88 b5 00 18 15 00 00 00 00 00 
00000040: 00 00 00 00 
[TRACK] ioctl(fd=11, path=/dev/video0) req=0xc0445611 (type=0x56 nr=17 dir=3 size=68) arg=0x698970
  buf antes (user->kernel):
00000000: 00 00 00 00 01 00 00 00 00 00 00 00 00 00 00 00 
00000010: 00 00 00 00 00 00 00 00 00 00 00 00 00 00 00 00 
00000020: 00 00 00 00 00 00 00 00 00 00 00 00 00 00 00 00 
00000030: 02 00 00 00 00 00 00 00 00 00 00 00 00 00 00 00 
00000040: 00 00 00 00 
  ioctl retornó 0 (errno=OK)
  buf después (kernel->user):
00000000: 00 00 00 00 01 00 00 00 00 18 15 00 00 00 00 00 
00000010: 04 00 00 00 87 00 00 00 d0 30 0e 00 00 00 00 00 
00000020: 00 00 00 00 00 00 00 00 00 00 00 00 02 00 00 00 
00000030: 02 00 00 00 00 00 1f b5 00 18 15 00 00 00 00 00 
00000040: 00 00 00 00 
[TRACK] ioctl(fd=11, path=/dev/video0) req=0xc044560f (type=0x56 nr=15 dir=3 size=68) arg=0x75e558
  buf antes (user->kernel):
00000000: 00 00 00 00 01 00 00 00 00 18 15 00 00 00 00 00 
00000010: 04 00 00 00 87 00 00 00 d0 30 0e 00 00 00 00 00 
00000020: 00 00 00 00 00 00 00 00 00 00 00 00 02 00 00 00 
00000030: 02 00 00 00 00 00 1f b5 00 18 15 00 00 00 00 00 
00000040: 00 00 00 00 
  ioctl retornó 0 (errno=OK)
  buf después (kernel->user):
00000000: 00 00 00 00 01 00 00 00 00 18 15 00 00 00 00 00 
00000010: 04 00 00 00 87 00 00 00 d0 30 0e 00 00 00 00 00 
00000020: 00 00 00 00 00 00 00 00 00 00 00 00 02 00 00 00 
00000030: 02 00 00 00 00 00 1f b5 00 18 15 00 00 00 00 00 
00000040: 00 00 00 00 
  ioctl retornó 0 (errno=OK)
[TRACK] ioctl(fd=12, path=/dev/akpcm_cdev1) req=0x80045085 (type=0x50 nr=133 dir=2 size=4) arg=0xaeb4890c
  ioctl retornó 0 (errno=OK)
  buf después (kernel->user):
00000000: 00 00 00 00 
[TRACK] ioctl(fd=12, path=/dev/akpcm_cdev1) req=0x40045086 (type=0x50 nr=134 dir=1 size=4) arg=0xaeb4890c
  buf antes (user->kernel):
00000000: 00 00 00 00 
[TRACK] ioctl(fd=11, path=/dev/video0) req=0xc0445611 (type=0x56 nr=17 dir=3 size=68) arg=0x698970
  buf antes (user->kernel):
00000000: 00 00 00 00 01 00 00 00 00 00 00 00 00 00 00 00 
00000010: 00 00 00 00 00 00 00 00 00 00 00 00 00 00 00 00 
00000020: 00 00 00 00 00 00 00 00 00 00 00 00 00 00 00 00 
00000030: 02 00 00 00 00 00 00 00 00 00 00 00 00 00 00 00 
00000040: 00 00 00 00 
  ioctl retornó 0 (errno=OK)
  buf después (kernel->user):
00000000: 01 00 00 00 01 00 00 00 00 18 15 00 00 00 00 00 
00000010: 04 00 00 00 87 00 00 00 30 1b 0f 00 00 00 00 00 
00000020: 00 00 00 00 00 00 00 00 00 00 00 00 02 00 00 00 
00000030: 02 00 00 00 00 30 42 b5 00 18 15 00 00 00 00 00 
00000040: 00 00 00 00 
[TRACK] ioctl(fd=11, path=/dev/video0) req=0xc044560f (type=0x56 nr=15 dir=3 size=68) arg=0x75e5a0
  buf antes (user->kernel):
00000000: 01 00 00 00 01 00 00 00 00 18 15 00 00 00 00 00 
00000010: 04 00 00 00 87 00 00 00 30 1b 0f 00 00 00 00 00 
00000020: 00 00 00 00 00 00 00 00 00 00 00 00 02 00 00 00 
00000030: 02 00 00 00 00 30 42 b5 00 18 15 00 00 00 00 00 
00000040: 00 00 00 00 
  ioctl retornó 0 (errno=OK)
  buf después (kernel->user):
00000000: 01 00 00 00 01 00 00 00 00 18 15 00 00 00 00 00 
00000010: 04 00 00 00 87 00 00 00 30 1b 0f 00 00 00 00 00 
00000020: 00 00 00 00 00 00 00 00 00 00 00 00 02 00 00 00 
00000030: 02 00 00 00 00 30 42 b5 00 18 15 00 00 00 00 00 
00000040: 00 00 00 00 
  ioctl retornó 0 (errno=OK)
[TRACK] ioctl(fd=12, path=/dev/akpcm_cdev1) req=0x800450e8 (type=0x50 nr=232 dir=2 size=4) arg=0xaeb28aa8
  ioctl retornó 0 (errno=OK)
  buf después (kernel->user):
00000000: 00 [TRACK] ioctl(fd=11, path=/dev/video0) req=0xc0445611 (type=0x56 nr=17 dir=3 size=68) arg=0x698970
  buf antes (user->kernel):
00000000: 00 00 00 00 01 00 00 00 00 00 00 00 00 00 00 00 
00000010: 00 00 00 00 00 00 00 00 00 00 00 00 00 00 00 00 
00000020: 00 00 00 00 00 00 00 00 00 00 00 00 00 00 00 00 
00000030: 02 00 00 00 00 00 00 00 00 00 00 00 00 00 00 00 
00000040: 00 00 00 00 
  ioctl retornó 0 (errno=OK)
  buf después (kernel->user):
00000000: 02 00 00 00 01 00 00 00 00 18 15 00 00 00 00 00 
00000010: 04 00 00 00 88 00 00 00 70 11 01 00 00 00 00 00 
00000020: 00 00 00 00 00 00 00 00 00 00 00 00 02 00 00 00 
00000030: 02 00 00 00 00 60 65 b5 00 18 15 00 00 00 00 00 
00000040: 00 00 00 00 
[TRACK] ioctl(fd=11, path=/dev/video0) req=0xc044560f (type=0x56 nr=15 dir=3 size=68) arg=0x754440
  buf antes (user->kernel):
00000000: 02 00 00 00 01 00 00 00 00 18 15 00 00 00 00 00 
00000010: 04 00 00 00 88 00 00 00 70 11 01 00 00 00 00 00 
00000020: 00 00 00 00 00 00 00 00 00 00 00 00 02 00 00 00 
00000030: 02 00 00 00 00 60 65 b5 00 18 15 00 00 00 00 00 
00000040: 00 00 00 00 
  ioctl retornó 0 (errno=OK)
  buf después (kernel->user):
00000000: 02 00 00 00 01 00 00 00 00 18 15 00 00 00 00 00 
00000010: 04 00 00 00 88 00 00 00 70 11 01 00 00 00 00 00 
00000020: 00 00 00 00 00 00 00 00 00 00 00 00 02 00 00 00 
00000030: 02 00 00 00 00 60 65 b5 00 18 15 00 00 00 00 00 
00000040: 00 00 00 00 
08 00 00 
[TRACK] read(fd=12, path=/dev/akpcm_cdev1) -> ret=2048
  data leída (máx 512 bytes):
00000000: 00 00 00 00 00 00 00 00 00 00 ff ff ff ff ff ff 
00000010: ff ff ff ff ff ff 00 00 ff ff ff ff ff ff 00 00 
00000020: 00 00 ff ff ff ff ff ff ff ff 00 00 00 00 00 00 
00000030: 00 00 00 00 ff ff 00 00 ff ff ff ff ff ff ff ff 
00000040: 00 00 00 00 00 00 00 00 00 00 ff ff ff ff ff ff 
00000050: 00 00 00 00 00 00 00 00 ff ff 00 00 00 00 ff ff 
00000060: ff ff ff ff ff ff fe ff ff ff 00 00 00 00 00 00 
00000070: 00 00 00 00 ff ff fe ff fe ff fe ff ff ff fe ff 
00000080: 00 00 ff ff ff ff fe ff ff ff fe ff ff ff 00 00 
00000090: fe ff fe ff 00 00 00 00 00 00 ff ff ff ff ff ff 
000000a0: ff ff 00 00 00 00 00 00 00 00 00 00 00 00 ff ff 
000000b0: ff ff ff ff 00 00 00 [TRACK] ioctl(fd=11, path=/dev/video0) req=0xc0445611 (type=0x56 nr=17 dir=3 size=68) arg=0x698970
  buf antes (user->kernel):
00000000: 00 00 00 00 01 00 00 00 00 00 00 00 00 00 00 00 
00000010: 00 00 00 00 00 00 00 00 00 00 00 00 00 00 00 00 
00000020: 00 00 00 00 00 00 00 00 00 00 00 00 00 00 00 00 
00000030: 02 00 00 00 00 00 00 00 00 00 00 00 00 00 00 00 
00000040: 00 00 00 00 
  ioctl retornó 0 (errno=OK)
  buf después (kernel->user):
00000000: 03 00 00 00 01 00 00 00 00 18 15 00 00 00 00 00 
00000010: 04 00 00 00 88 00 00 00 d0 fb 01 00 00 00 00 00 
00000020: 00 00 00 00 00 00 00 00 00 00 00 00 02 00 00 00 
00000030: 02 00 00 00 00 90 88 b5 00 18 15 00 00 00 00 00 
00000040: 00 00 00 00 
00 00 00 00 00 00 00 00 
000000c0: 00 00 ff ff 00 00 ff ff fe ff 00 00 00 00 00 00 
000000d0: 00 00 01 00 ff ff fe ff fd ff fc ff fe ff ff ff 
000000e0: 00 00 02 00 00 00 01 00 00 00 00 00 fe [TRACK] ioctl(fd=11, path=/dev/video0) req=0xc044560f (type=0x56 nr=15 dir=3 size=68) arg=0x75d1d0
  buf antes (user->kernel):
00000000: 03 00 00 00 01 00 00 00 00 18 15 00 00 00 00 00 
00000010: 04 00 00 00 88 00 00 00 d0 fb 01 00 00 00 00 00 
00000020: 00 00 00 00 00 00 00 00 00 00 00 00 02 00 00 00 
00000030: 02 00 00 00 00 90 88 b5 00 18 15 00 00 00 00 00 
00000040: 00 00 00 00 
  ioctl retornó 0 (errno=OK)
  buf después (kernel->user):
00000000: 03 00 00 00 01 00 00 00 00 18 15 00 00 00 00 00 
00000010: 04 00 00 00 88 00 00 00 d0 fb 01 00 00 00 00 00 
00000020: 00 00 00 00 00 00 00 00 00 00 00 00 02 00 00 00 
00000030: 02 00 00 00 00 90 88 b5 00 18 15 00 00 00 00 00 
00000040: 00 00 00 00 
fc ff 
000000f0: fb ff fd ff 00 00 03 00 03 00 03 00 02 00 00 00 
00000100: fc ff f7 ff f6 ff fa ff 00 00 04 00 07 00 06 00 
00000110: 03 00 fc ff f2 ff f0 ff f3 ff fa ff 02 00 12 00 
00000120: 17 00 10 00 00 00 ea ff d4 ff cb ff f0 ff 33 00 
00000130: c5 00 0a 02 f0 02 33 04 61 05 4c 06 fb 06 52 07 
00000140: 5f 07 27 07 ba 06 32 06 9b 05 09 05 7f 04 0b 04 
00000150: 98 03 2c 03 bb 02 46 02 df 01 83 01 39 01 03 01 
00000160: db 00 b4 00 87 00 52 00 15 00 cc ff 80 ff 3e ff 
00000170: 03 ff d7 fe b3 fe 91 fe 6e fe 43 fe 13 fe d6 fd 
00000180: 98 fd 59 fd 21 fd ef fc c5 fc a5 fc 88 fc 78 fc 
[TRACK] ioctl(fd=11, path=/dev/video0) req=0xc0445611 (type=0x56 nr=17 dir=3 size=68) arg=0x698970
  buf antes (user->kernel):
00000000: 00 00 00 00 01 00 00 00 00 00 00 00 00 00 00 00 
00000010: 00 00 00 00 00 00 00 00 00 00 00 00 00 00 00 00 
00000020: 00 00 00 00 00 00 00 00 00 00 00 00 00 00 00 00 
00000030: 02 00 00 00 00 00 00 00 00 00 00 00 00 00 00 00 
00000040: 00 00 00 00 
  ioctl retornó 0 (errno=OK)
  buf después (kernel->user):
00000000: 00 00 00 00 01 00 00 00 00 18 15 00 00 00 00 00 
00000010: 04 00 00 00 88 00 00 00 40 0d 03 00 00 00 00 00 
00000020: 00 00 00 00 00 00 00 00 00 00 00 00 03 00 00 00 
00000030: 02 00 00 00 00 00 1f b5 00 18 15 00 00 00 00 00 
00000040: 00 00 00 00 
00000190: 75 fc 7a fc 8d fc a7 fc bf fc d2 fc e0 fc e5 fc 
000001a0: ec fc f1 fc f6 fc f8 fc f0 fc d3 fc b0 fc 86 fc 
000001b0: 63 [TRACK] ioctl(fd=11, path=/dev/video0) req=0xc044560f (type=0x56 nr=15 dir=3 size=68) arg=0x75b698
  buf antes (user->kernel):
00000000: 00 00 00 00 01 00 00 00 00 18 15 00 00 00 00 00 
00000010: 04 00 00 00 88 00 00 00 40 0d 03 00 00 00 00 00 
00000020: 00 00 00 00 00 00 00 00 00 00 00 00 03 00 00 00 
00000030: 02 00 00 00 00 00 1f b5 00 18 15 00 00 00 00 00 
00000040: 00 00 00 00 
  ioctl retornó 0 (errno=OK)
  buf después (kernel->user):
00000000: 00 00 00 00 01 00 00 00 00 18 15 00 00 00 00 00 
00000010: 04 00 00 00 88 00 00 00 40 0d 03 00 00 00 00 00 
00000020: 00 00 00 00 00 00 00 00 00 00 00 00 03 00 00 00 
00000030: 02 00 00 00 00 00 1f b5 00 18 15 00 00 00 00 00 
00000040: 00 00 00 00 
fc 4f fc 4c fc 59 fc 67 fc 6d fc 66 fc 54 fc 
000001c0: 3f fc 34 fc 3e fc 5c fc 83 fc ad fc c6 fc d4 fc 
000001d0: d7 fc e2 fc ff fc 32 fd 73 fd af fd de fd eb fd 
000001e0: e1 fd c7 fd b4 fd b0 fd b5 fd cf fd e0 fd e8 fd 
000001f0: f6 fd fc fd 10 fe 35 fe 64 fe 96 fe bb fe d6 fe 
  ... (dump truncado 512 de 2048 bytes)
[TRACK] ioctl(fd=12, path=/dev/akpcm_cdev1) req=0x800450e8 (type=0x50 nr=232 dir=2 size=4) arg=0xaeb28aa8
  ioctl retornó 0 (errno=OK)
  buf después (kernel->user):
00000000: 00 18 00 00 
[TRACK] read(fd=12, path=/dev/akpcm_cdev1) -> ret=2048
  data leída (máx 512 bytes):
00000000: 00 00 0d 00 2c 00 47 00 52 00 49 00 33 00 1d 00 
00000010: 10 00 0d 00 0f 00 09 00 fc ff e6 ff d6 ff d5 ff 
00000020: ea ff 0d 00 34 00 51 00 5a 00 52 00 44 00 3c 00 
00000030: 44 00 5b 00 78 00 8e 00 94 00 85 00 69 00 4a 00 
00000040: 32 00 26 00 25 00 28 00 2a 00 29 00 28 00 2d 00 
00000050: 3e 00 5b 00 80 00 a4 00 c1 00 d0 00 d0 00 c1 00 
00000060: a8 00 87 00 64 00 48 00 3c 00 47 00 64 00 91 00 
00000070: bd 00 d8 00 d7 00 ba 00 8c 00 5a 00 38 00 2d 00 
00000080: 38 00 53 00 70 00 85 00 91 00 96 00 97 00 9a [TRACK] ioctl(fd=11, path=/dev/video0) req=0xc0445611 (type=0x56 nr=17 dir=3 size=68) arg=0x698970
  buf antes (user->kernel):
00000000: 00 00 00 00 01 00 00 00 00 00 00 00 00 00 00 00 
00000010: 00 00 00 00 00 00 00 00 00 00 00 00 00 00 00 00 
00000020: 00 00 00 00 00 00 00 00 00 00 00 00 00 00 00 00 
00000030: 02 00 00 00 00 00 00 00 00 00 00 00 00 00 00 00 
00000040: 00 00 00 00 
  ioctl retornó 0 (errno=OK)
  buf después (kernel->user):
00000000: 01 00 00 00 01 00 00 00 00 18 15 00 00 00 00 00 
00000010: 04 00 00 00 88 00 00 00 b0 1e 04 00 00 00 00 00 
00000020: 00 00 00 00 00 00 00 00 00 00 00 00 03 00 00 00 
00000030: 02 00 00 00 00 30 42 b5 00 18 15 00 00 00 00 00 
00000040: 00 00 00 00 

00000090: 9c 00 99 00 8d 00 76 00 55 00 30 00 0f 00 f7 ff 
000000a0: e6 ff d9 ff cd ff be ff ab ff 99 ff 89 ff 81 ff 
000000b0: 82 ff 8b ff 98 ff a6 ff b1 ff bc ff c3 ff c8 ff 
000000c0: cd ff [TRACK] ioctl(fd=11, path=/dev/video0) req=0xc044560f (type=0x56 nr=15 dir=3 size=68) arg=0x75d1d0
  buf antes (user->kernel):
00000000: 01 00 00 00 01 00 00 00 00 18 15 00 00 00 00 00 
00000010: 04 00 00 00 88 00 00 00 b0 1e 04 00 00 00 00 00 
00000020: 00 00 00 00 00 00 00 00 00 00 00 00 03 00 00 00 
00000030: 02 00 00 00 00 30 42 b5 00 18 15 00 00 00 00 00 
00000040: 00 00 00 00 
  ioctl retornó 0 (errno=OK)
  buf después (kernel->user):
00000000: 01 00 00 00 01 00 00 00 00 18 15 00 00 00 00 00 
00000010: 04 00 00 00 88 00 00 00 b0 1e 04 00 00 00 00 00 
00000020: 00 00 00 00 00 00 00 00 00 00 00 00 03 00 00 00 
00000030: 02 00 00 00 00 30 42 b5 00 18 15 00 00 00 00 00 
00000040: 00 00 00 00 
ce ff cd ff c8 ff c2 ff bc ff b8 ff b7 ff 
000000d0: b8 ff bd ff c2 ff c8 ff cf ff d6 ff dd ff e1 ff 
000000e0: df ff d7 ff c6 ff b0 ff 99 ff 85 ff 7c ff 7d ff 
000000f0: 8a ff 9b ff a9 ff b0 ff ab ff 9d ff 8b ff 7c ff 
00000100: 74 ff 76 ff 7f ff 89 ff 8f ff 8d ff 88 ff 83 ff 
00000110: 84 ff 8f ff a2 ff b9 ff ca ff ce ff c2 ff aa ff 
00000120: 8e ff 79 ff 74 ff 80 ff 99 ff b8 ff d3 ff e2 ff 
00000130: e5 ff de ff d2 ff c8 ff c4 ff c7 ff ce ff d8 ff 
00000140: e3 ff ee ff f7 ff fb ff fc ff f7 ff ee ff e6 ff 
00000150: df ff e2 ff ef ff 05 00 1e 00 35 00 42 00 41 00 
00000160: 33 00 1e 00 09 00 f8 ff f0 ff ef ff f4 ff fc ff 
00000170: 04 00 0e 00 14 00 19 00 1f 00 25 00 30 00 40 00 
00000180: 55 00 6b 00 7b 00 7f 00 71 00 50 00 23 00 f9 ff 
00000190: db ff d4 ff e4 ff 04 00 27 00 3e 00 43 00 34 00 
000001a0: 1a 00 01 00 f3 ff f0 ff f7 ff 05 00 15 00 27 00 
000001b0: 3d 00 55 00 6c 00 7d 00 7f 00 [TRACK] ioctl(fd=11, path=/dev/video0) req=0xc0445611 (type=0x56 nr=17 dir=3 size=68) arg=0x698970
  buf antes (user->kernel):
00000000: 00 00 00 00 01 00 00 00 00 00 00 00 00 00 00 00 
00000010: 00 00 00 00 00 00 00 00 00 00 00 00 00 00 00 00 
00000020: 00 00 00 00 00 00 00 00 00 00 00 00 00 00 00 00 
00000030: 02 00 00 00 00 00 00 00 00 00 00 00 00 00 00 00 
00000040: 00 00 00 00 
  ioctl retornó 0 (errno=OK)
  buf después (kernel->user):
00000000: 02 00 00 00 01 00 00 00 00 18 15 00 00 00 00 00 
00000010: 04 00 00 00 88 00 00 00 10 09 05 00 00 00 00 00 
00000020: 00 00 00 00 00 00 00 00 00 00 00 00 03 00 00 00 
00000030: 02 00 00 00 00 60 65 b5 00 18 15 00 00 00 00 00 
00000040: 00 00 00 00 
00 4f 00 29 00 
000001c0: 0b 00 ff ff ff ff 08 00 09 00 f8 ff ce ff 9a ff 
000001d0: 6c ff 59 ff 69 ff 99 ff da ff 14 00 38 00 3f 00 
000001e0: 2f 00 19 00 0c 00 12 00 2b 00 51 00 79 00 9b 00 
[TRACK] ioctl(fd=11, path=/dev/video0) req=0xc044560f (type=0x56 nr=15 dir=3 size=68) arg=0x759d68
  buf antes (user->kernel):
00000000: 02 00 00 00 01 00 00 00 00 18 15 00 00 00 00 00 
00000010: 04 00 00 00 88 00 00 00 10 09 05 00 00 00 00 00 
00000020: 00 00 00 00 00 00 00 00 00 00 00 00 03 00 00 00 
00000030: 02 00 00 00 00 60 65 b5 00 18 15 00 00 00 00 00 
00000040: 00 00 00 00 
  ioctl retornó 0 (errno=OK)
  buf después (kernel->user):
00000000: 02 00 00 00 01 00 00 00 00 18 15 00 00 00 00 00 
00000010: 04 00 00 00 88 00 00 00 10 09 05 00 00 00 00 00 
00000020: 00 00 00 00 00 00 00 00 00 00 00 00 03 00 00 00 
00000030: 02 00 00 00 00 60 65 b5 00 18 15 00 00 00 00 00 
00000040: 00 00 00 00 
b4 00 c0 00 c0 00 b4 00 a1 00 88 00 70 00 60 00 
  ... (dump truncado 512 de 2048 bytes)
[TRACK] ioctl(fd=12, path=/dev/akpcm_cdev1) req=0x800450e8 (type=0x50 nr=232 dir=2 size=4) arg=0xaeb28aa8
  ioctl retornó 0 (errno=OK)
  buf después (kernel->user):
00000000: 00 20 00 00 
[TRACK] read(fd=12, path=/dev/akpcm_cdev1) -> ret=2048
  data leída (máx 512 bytes):
00000000: 5e 00 4a 00 2e 00 14 00 06 00 06 00 12 00 1b 00 
00000010: 17 00 01 00 dc ff af ff 86 ff 6c ff 68 ff 77 ff 
00000020: 94 ff b4 ff cc ff d7 ff d4 ff c6 ff b1 ff 9b ff 
00000030: 8a ff 82 ff 86 ff 96 ff af ff cb ff e2 ff ee ff 
00000040: ea ff d9 ff c1 ff ad ff a5 ff ad ff c2 ff da ff 
00000050: eb ff ee ff e3 ff d3 ff ca ff d7 ff fd ff 39 00 
00000060: 7f 00 b9 00 d7 00 d4 00 b3 00 86 00 5c 00 46 00 
00000070: 48 00 5f 00 81 00 a3 00 ba 00 c1 00 bb 00 a8 00 
00000080: 8d 00 6c 00 49 00 28 00 0f 00 05 00 0f 00 2f 00 
00000090: 5f 00 97 00 cf 00 fd 00 1c 01 2f 01 35 01 31 01 
000000a0: [TRACK] ioctl(fd=11, path=/dev/video0) req=0xc0445611 (type=0x56 nr=17 dir=3 size=68) arg=0x698970
  buf antes (user->kernel):
00000000: 00 00 00 00 01 00 00 00 00 00 00 00 00 00 00 00 
00000010: 00 00 00 00 00 00 00 00 00 00 00 00 00 00 00 00 
00000020: 00 00 00 00 00 00 00 00 00 00 00 00 00 00 00 00 
00000030: 02 00 00 00 00 00 00 00 00 00 00 00 00 00 00 00 
00000040: 00 00 00 00 
  ioctl retornó 0 (errno=OK)
  buf después (kernel->user):
00000000: 03 00 00 00 01 00 00 00 00 18 15 00 00 00 00 00 
00000010: 04 00 00 00 88 00 00 00 80 1a 06 00 00 00 00 00 
00000020: 00 00 00 00 00 00 00 00 00 00 00 00 03 00 00 00 
00000030: 02 00 00 00 00 90 88 b5 00 18 15 00 00 00 00 00 
