[dmabuf] init(pid=492): ioctl=0xb6eb08c8 mmap=0xb6eaf110
[dmabuf] init(pid=494): ioctl=0xb6de18c8 mmap=0xb6de0110
GWCFG_ParseItem(): GWCFG_CheckValue(0) failed with ret=-1! name="version",value="wls_xxr_v1.00"
[dmabuf] mmap(fd=-1) -> 0xb66a4000 len=8388608
[dmabuf] init(pid=496): ioctl=0xb6dd98c8 mmap=0xb6dd8110
[dmabuf] init(pid=497): ioctl=0xb6ed08c8 mmap=0xb6ecf110
[dmabuf] final(pid=497): dmabuf_fd=-1 addr=(nil) len=0 have_cached=0 count=0
[0;36m[GW_APP] [1970-01-01 08:16:03:867705][main():375]
Welcome Gwell IPC System! gcc 4.8.5 [14:04:12 Jul 18 2023][0;37m [0m
[0;36m[GW_APP] [1970-01-01 08:16:04:191557][main():379]env PATH: [/bin:/sbin:/usr/bin:/usr/sbin:/ipc/bin:/ipc/sbin][0;37m [0m
[0;32m[GW_APP] [1970-01-01 08:16:06:184189][vSetIVAppVersionFromFile():78]ivappver=33.0.25, debug status=0[0;37m [0m
[0;36m[GW_APP] [1970-01-01 08:16:06:187266][SettingInfoInitFromFile():147]LastSettingInfoLength = 537[0;37m [0m
[0;32m[GW_APP] [1970-01-01 08:16:06:187557][SettingInfoInitFromFile():162]get setting info from file: /rom/ipc_setting.bin[0;37m [0m
[0;36m[GW_APP] [1970-01-01 08:16:06:187764][WorkStatusInit():63]begin.[0;37m [0m
[0;36m[GW_APP] [1970-01-01 08:16:06:187910][WorkStatusInit():79]end.[0;37m [0m
open gpio driver succ
>>>>>>>>   Sensor: [1;31m0x1345
[0m
>>>>>>>>   Sensor: [1;31m12800720[0m
Revision 16
Build Jul 18 2023 14:04:08
default log level=4
[ak_vi_match_sensor:938] config_file: /ipc/local/isp_sc1345_dvp.conf
[1;33m[isp.conf]version: 3.004_xc, sensor id: 0x1345, style id: 0
[m[isp.conf]modify time: 2021-4-27 11:09:22
[check_file:347] check isp cfg: /ipc/local/isp_sc1345_dvp.conf OK
[1;33m[match_sensor:519] ak_vi_match_sensor OK
[m[32m[00:00:00.000|  info|        ] [0minit isp success
[1;33m[ak_vi_open:979] register device, dev type: 0
[mnew device
[vi_register_device:774] new dev=0x6b8268
[dmabuf] IOC_MAP: dmabuf_fd=7
[dmabuf] DMABUF mmap: fd=7 addr=0xb4ea4000 len=25165824
[1;33m
----- libakuio.so V2.1.00 -----
[m[libakuio][/dev/ion] kernel config reserve mem size: 25165824, 0x1800000

[libakuio]ION: alloc 25165824 bytes for process 492
[libakuio]ION: yield 7 for iad 0x69c134

--------------- pmem info ---------------
    PMEM_GET_TOTAL_SIZE: 25165824 bytes
    PMEM_GET_PHYS: 0x80000000
    pmem.vaddr: 0xb4ea4000
--------------- info End ---------------

####akuio pmem init success###

ispsdk_lib version:V3.1.00 
--- AK_ISP_sdk_init g_fd=10 ---
hight light:
	frame_rate=15 max_exp_time=1500 low_light_gain=12
low light:
	frame_rate=10 max_exp_time=2046 light_gain=4
hight light fps: 15
[1;33m[isp_set_sensor_fps:1871] set sensor fps: 15
[m[1;33m[set_fps:185] set fps:15 ok
[mregister vi device ok, dev_count=1
[1;33m[ak_vi_open:989] register device OK, pdev: 0x6b8268
[m[1;33m[vi_new_user:577] now user_flg=0, user_ref=1
[m[32m[00:00:00.135|  info|        ] [0mResolution: 1280*720
[32m[00:00:00.135|  info|        ] [0mchn[VIDEO_CHN_MAIN] 1280 * 720

[32m[00:00:00.135|  info|        ] [0mchn[VIDEO_CHN_SUB] 640 * 360

[load_def_awb_step:205] get awb_attr ok, auto_awb_step:30
[dmabuf] mmap(fd=-1) -> 0xb4e8b000 len=102400
hight light:
	frame_rate=15 max_exp_time=1500 low_light_gain=12
low light:
	frame_rate=10 max_exp_time=2046 light_gain=4
hight light fps: 15
[1;33m[change_fps_pthread:714] thread id: 498
[m[1;33m[isp_set_sensor_fps:1871] set sensor fps: 15
[m[1;33m[set_fps:185] set fps:15 ok
[minit CROP succeedded! reset to CROP[1280, 720]
[1;33m[isp_set_sensor_fps:1871] set sensor fps: 15
[m[Platform_AV_Init:722] capture fps: 15
[1;31m
[ak_osd_init:698] chn 0 font file not init, use default
[m[ak_osd_init:715] ch:0 x:0 y:0 w:0 h:0fontS:32 res_w:1280 res_h:720
[1;31m
[ak_osd_init:698] chn 1 font file not init, use default
[m[ak_osd_init:715] ch:1 x:0 y:0 w:0 h:0fontS:16 res_w:640 res_h:360
[1;33m[ak_rb_init:37] init rb_size=8192 ring buffer OK
[m[init_pcm_adc:1351] frame interval: 100,. frame size: 3200
[1;33m[ak_ai_open:1543] ai version libplat_ai V2.9.01 
[m[1;33m[ak_ai_set_frame_interval:1841] audio frame_size=640
[m[1;33m[pcm_set_source:278] set ai source to MIC
[m[ak_ai_set_adc_volume:1887] set volume 8
[1;33m[pcm_adc_set_volume:1051] set DEV volume 7
[m[ak_ai_set_aslc_volume:1930] set volume 0
##--AudioFilter Version V1.13.09, type:11--
[dmabuf] mmap(fd=13) -> 0xb4e8a000 len=4
## aslc setMileStone:
(0, 0), (20000, 20000), (32767, 32700), 
## times: 2, 1, 1300
## aslc silence: level=0, smpcnt=800
## sr:16000, ch:1, bitsPerSmp:16, maxLenin:0, jointCh:0
## ASLC OPEN OK ena:1, lookAheadLen:32
## aslc setMileStone:
(0, 0), (3, 3), (10, 10), (32768, 32768), (32768, 32768), 
## times: 6, 3, 300
## ASLC SET OK, ena:1, lookAheadLen:96
[1;33m[ak_ai_set_nr_attr:2341] pcm_adc.prepare_flag=0
[m[1;33m[ak_ai_set_agc_attr:2179] pcm_adc.prepare_flag=0
[m##--AudioFilter Version V1.13.09, type:1--
[dmabuf] mmap(fd=13) -> 0xb4e8a000 len=4
## EQ mode:7, preGain:(0/1024.0), aslcEna:0
## sr:16000, ch:1, ibps:16, obps:16
##  (2100, 5, -12288, 2048)
##  (2600, 5, -12288, 921)
##  (2800, 3, -8192, 921)
## EQ open ok
[1;33m[get_eq_attr_param:1076] enable eq 
[m## _SD_Filter_GetEqTimePara(), info:0xbe833834  type:1
## _SD_EQ_GetEqTimePara(): cIsEnable(1), bands(3), prevol(1024), pab(0x6edd20)
##--leave AudioFilter Version V1.13.09, type:1--
## EQ close
[dmabuf] mmap(fd=-1) -> 0xb4e6b000 len=131072
[dmabuf] mmap(fd=-1) -> 0xb4e4b000 len=131072
[dmabuf] mmap(fd=-1) -> 0xb4e2b000 len=131072
umount2 /dev/mmcblk0p1: Device or resource busy
mount /dev/mmcblk0p1: Device or resource busy
mount /dev/mmcblk0p1: Device or resource busy
[0;36m[GW_APP] [1970-01-01 08:16:07:950156][vSmokeAlarmInit():785]vSmokeAlarmInit 0[0;37m [0m
Enter UISsInit
[0;32m[GW_APP] [1970-01-01 08:16:08:733882][vOpenSSLInit():19]start[0;37m [0m
[0;32m[GW_APP] [1970-01-01 08:16:09:992464][vOpenSSLInit():22]end[0;37m [0m
[0;36m[GW_APP] [1970-01-01 08:16:09:992695][NetMgProc_Init():1381]*************NetMgProc_Init******************[0;37m [0m
[0;36m[GW_APP] [1970-01-01 08:16:09:993035][UserCmdSetWifiProc_Init():255]*************UserCmdSetWifiProc_Init******************[0;37m [0m
[0;32m[GW_APP] [1970-01-01 08:16:10:000864][WhiteLight_Switch():363]this_status[0]
[0;37m [0m
[0;36m[GW_APP] [1970-01-01 08:16:10:001169][vIrcutSwitchToFilter():133]fgCutEn = 0[0;37m [0m
[0;36m[GW_APP] [1970-01-01 08:16:10:286988][vUserCmdSetWifiProc():162]*************enter vUserCmdSetWifiProc******************[0;37m [0m
[0;32m[GW_APP] [1970-01-01 08:16:10:387550][DiskProc():445]sd card plugged in! <<<<<<[0;37m [0m
[0;32m[GW_APP] [1970-01-01 08:16:10:387727][SDCard_Umount():345]umount2...[0;37m [0m
[0;32m[GW_APP] [1970-01-01 08:16:10:388313][SDCard_Mount():284]try to mounting...[0;37m [0m
[0;36m[GW_APP] [1970-01-01 08:16:10:399229][dm_update_tfCardInfo():999]tfCardStatus: 7, freeSpace: 124476416, totalSpace: -124864512[0;37m [0m
[reload_config_awb_step:225] get awb_attr ok, cur auto_awb_step:10, set to step:30
mount /dev/mmcblk0p1: Device or resource busy
mount /dev/mmcblk0p1: Device or resource busy
mount /dev/mmcblk0p1: Device or resource busy
mount /dev/mmcblk0p1: Device or resource busy
mount /dev/mmcblk0p1: Device or resource busy
mount /dev/mmcblk0p1: Device or resource busy
[dmabuf] mmap(fd=-1) -> 0xb4e0b000 len=131072
[dmabuf] mmap(fd=-1) -> 0xb4deb000 len=131072
[dmabuf] mmap(fd=-1) -> 0xb4dcb000 len=131072
[dmabuf] mmap(fd=-1) -> 0xb4dab000 len=131072
mount /dev/mmcblk0p1: Device or resource busy
mount /dev/mmcblk0p1: Device or resource busy
[0;32m[GW_APP] [1970-01-01 08:16:10:813323][SDCard_Mount():284]try to mounting...[0;37m [0m
[0;36m[GW_APP] [1970-01-01 08:16:10:817170][dm_update_tfCardInfo():999]tfCardStatus: 7, freeSpace: 124476416, totalSpace: -124864512[0;37m [0m
[0;32m[GW_APP] [1970-01-01 08:16:11:317762][SDCard_Mount():284]try to mounting...[0;37m [0m
[0;36m[GW_APP] [1970-01-01 08:16:11:319071][dm_update_tfCardInfo():999]tfCardStatus: 7, freeSpace: 124476416, totalSpace: -124864512[0;37m [0m
[0;32m[GW_APP] [1970-01-01 08:16:11:819646][SDCard_Mount():284]try to mounting...[0;37m [0m
[0;36m[GW_APP] [1970-01-01 08:16:11:823693][dm_update_tfCardInfo():999]tfCardStatus: 7, freeSpace: 124476416, totalSpace: -124864512[0;37m [0m
[0;36m[GW_APP] [1970-01-01 08:16:12:001554][vIrcutSwitchToFilter():133]fgCutEn = 1[0;37m [0m
[0;36m[GW_APP] [1970-01-01 08:16:12:007028][vKey_DrvProc():376]100 -> 150[0;37m [0m
[0;36m[GW_APP] [1970-01-01 08:16:12:007652][vKey_DrvProc():391]80 -> 100[0;37m [0m
[0;32m[GW_APP] [1970-01-01 08:16:12:164394][startRtspClientThread():4533]create rtsp client thread![0;37m [0m
[0;32m[GW_APP] [1970-01-01 08:16:12:168409][gw_adec_ao_init():367]samplerate: 16000, volume level: 10[0;37m [0m
[0;32m[GW_APP] [1970-01-01 08:16:12:170355][RtspClient_proc():4353][0;37m [0m
[0;32m[GW_APP] [1970-01-01 08:16:12:173731][vHandSelectProc():5056]=================begin=================[0;37m [0m
[0;32m[GW_APP] [1970-01-01 08:16:12:324345][SDCard_Mount():284]try to mounting...[0;37m [0m
[0;36m[GW_APP] [1970-01-01 08:16:12:325663][dm_update_tfCardInfo():999]tfCardStatus: 7, freeSpace: 124476416, totalSpace: -124864512[0;37m [0m
[PlatformAudioOut_SetVol] vol = 10
[AOVolSet] ak_ao_set_volume
[ak_ao_set_dac_volume:1112] set volume 6
[1;33m[pcm_dac_set_volume:766] set DEV volume 5
[m##--AudioFilter Version V1.13.09, type:11--
[dmabuf] mmap(fd=16) -> 0xb4daa000 len=4
## aslc setMileStone:
(0, 0), (20000, 20000), (32767, 32700), 
## times: 2, 1, 1300
## aslc silence: level=0, smpcnt=800
## sr:16000, ch:2, bitsPerSmp:16, maxLenin:0, jointCh:2
## ASLC OPEN OK ena:1, lookAheadLen:32
[dac_set_aslc:388] aslc volume = 6
## aslc setMileStone:
(0, 0), (104, 33), (328, 2603), (3277, 32768), (32768, 32768), 
## times: 6, 3, 300
## ASLC SET OK, ena:1, lookAheadLen:96
[ak_ao_set_aslc_volume:1159] set aslc volume 6 
mount /dev/mmcblk0p1: Device or resource busy
mount /dev/mmcblk0p1: Device or resource busy
[dmabuf] init(pid=507): ioctl=0xb6dd98c8 mmap=0xb6dd8110
[dmabuf] init(pid=508): ioctl=0xb6e018c8 mmap=0xb6e00110
mount /dev/mmcblk0p1: Device or resource busy
mount /dev/mmcblk0p1: Device or resource busy
[dmabuf] init(pid=509): ioctl=0xb6e5c8c8 mmap=0xb6e5b110
[dmabuf] final(pid=508): dmabuf_fd=-1 addr=(nil) len=0 have_cached=0 count=0
[dmabuf] init(pid=512): ioctl=0xb6e5e8c8 mmap=0xb6e5d110
[dmabuf] final(pid=512): dmabuf_fd=-1 addr=(nil) len=0 have_cached=0 count=0
[dmabuf] init(pid=513): ioctl=0xb6dfe8c8 mmap=0xb6dfd110
[dmabuf] init(pid=514): ioctl=0xb6e518c8 mmap=0xb6e50110
[dmabuf] final(pid=514): dmabuf_fd=-1 addr=(nil) len=0 have_cached=0mount /dev/mmcblk0p1: Device or resource busy
mount /dev/mmcblk0p1: Device or resource busy
 count=0
[dmabuf] mmap(fd=-1) -> 0xb4d8b000 len=131072
[dmabuf] init(pid=515): ioctl=0xb6eba8c8 mmap=0xb6eb9110
[dmabuf] mmap(fd=-1) -> 0xb458b000 len=8388608
[dmabuf] init(pid=517): ioctl=0xb6e968c8 mmap=0xb6e95110
Failed to connect to wpa_supplicant - wpa_ctrl_open: No such file or directory
[dmabuf] final(pid=517): dmabuf_fd=-1 addr=(nil) len=0 have_cached=0 count=0
[0;32m[GW_APP] [1970-01-01 08:16:12:806663][gw_adec_control():435]fgEnable: 1, ADecChnEnable[1]: 0[0;37m [0m
[0;32m[GW_APP] [1970-01-01 08:16:12:807214][gw_adec_control():453]create adec chn1 success[0;37m [0m
[0;36m[GW_APP] [1970-01-01 08:16:12:807474][vMotorInit():230]SUPPOR Preset MOTOR DRIVE[0;37m [0m
[0;32m[GW_APP] [1970-01-01 08:16:12:826255][SDCard_Mount():284]try to mounting...[0;37m [0m
[0;36m[GW_APP] [1970-01-01 08:16:12:827566][dm_update_tfCardInfo():999]tfCardStatus: 7, freeSpace: 124476416, totalSpace: -124864512[0;37m [0m
[0;31m[GW_APP] [1970-01-01 08:16:13:007804][vPreSetMotorDevInit():258]insmod /ipc/patch/ko/presetmotor.ko[0;37m [0m
[0;36m[GW_APP] [1970-01-01 08:16:13:007988][system_safe():176]cmdstring: [insmod /ipc/patch/ko/presetmotor.ko][0;37m [0m
[0;36m[GW_APP] [1970-01-01 08:16:13:288384][bNetCardDevSupport():394]State: -1[0;37m [0m
[0;36m[GW_APP] [1970-01-01 08:16:13:302862][vNewNetMgProc():1281]fgEthSupport: 0, fgWifiSupport: 1, fg4GSupport: 0[0;37m [0m
[0;36m[GW_APP] [1970-01-01 08:16:13:303110][vWifiInit():435]=====>wifi init[0;37m [0m
[0;32m[GW_APP] [1970-01-01 08:16:13:328403][SDCard_Mount():284]try to mounting...[0;37m [0m
[0;36m[GW_APP] [1970-01-01 08:16:13:329723][dm_update_tfCardInfo():999]tfCardStatus: 7, freeSpace: 124476416, totalSpace: -124864512[0;37m [0m
[0;36m[GW_APP] [1970-01-01 08:16:13:445258][vGetWifiPrmFromRomConfFile():346]Init SSID=MTNSL, EncType=2, Password=AJM.l1$Kr[0;37m [0m
[0;36m[GW_APP] [1970-01-01 08:16:13:451429][vGetWifiPrmFromRomConfFile():346]Init SSID=MTNSL, EncType=2, Password=AJM.l1$Kr[0;37m [0m
[0;36m[GW_APP] [1970-01-01 08:16:13:452613][vGetWifiPrmFromRomConfFile():346]Init SSID=Free-AP2, EncType=0, Password=[0;37m [0m
[0;36m[GW_APP] [1970-01-01 08:16:13:585321][vGetWifiPrmFromRomConfFile():346]Init SSID=Free-AP3, EncType=0, Password=[0;37m [0m
[0;36m[GW_APP] [1970-01-01 08:16:13:585572][copy_file():440]src: /rom/wpa_supplicant1.conf, dst: /mnt/ramdisk/wpa_supplicant0.conf[0;37m [0m
[0;36m[GW_APP] [1970-01-01 08:16:13:586766][vGetWifiPrmFromRomConfFile():346]Init SSID=MTNSL, EncType=2, Password=AJM.l1$Kr[0;37m [0m
[0;36m[GW_APP] [1970-01-01 08:16:13:587210][system_safe():176]cmdstring: [ifconfig wlan0 multicast][0;37m [0m
[0;36m[GW_APP] [1970-01-01 08:16:13:818373][iParseWifiModuleType():94]wifi type: WIFI_TYPE_8188FU[0;37m [0m
[0;32m[GW_APP] [1970-01-01 08:16:13:835892][SDCard_Mount():284]try to mounting...[0;37m [0m
[0;36m[GW_APP] [1970-01-01 08:16:13:837164][dm_update_tfCardInfo():999]tfCardStatus: 7, freeSpace: 124476416, totalSpace: -124864512[0;37m [0m
[0;36m[GW_APP] [1970-01-01 08:16:13:841521][fgWifiReconfig():691]cBuf: [wpa_cli -p /etc/Wireless -iwlan0 reconfigure][0;37m [0m
[0;36m[GW_APP] [1970-01-01 08:16:13:847830][vPreSetMotorDevInit():285]motor back to base point[0;37m [0m
[0;36m[GW_APP] [1970-01-01 08:16:13:848038][fgMotorRunToLastPosition():212]u32HMotorPreset = 76, u32VMotorPreset = 29[0;37m [0m
[0;36m[GW_APP] [1970-01-01 08:16:13:848954][iotvideo_sdk_init():26]Start ...[0;37m [0m
[0;32m[GW_APP] [1970-01-01 08:16:13:849158][iv_common_init():180]begin 
[0;37m [0m
[[0;35mIV_MID[0m] [0;36m[1970-01-01 00:16:14:089815]iv_cm_set_log_level()[2419]set iv sdk log level:5
[0m[[0;35mIV_MID[0m] [0;32m[1970-01-01 00:16:14:090239]iv_cm_init()[2380][0mbegin
[[0;35mIV_MID[0m] [0;32m[1970-01-01 00:16:14:094245]iv_cm_init()[2385][0mend
[0;32m[GW_APP] [1970-01-01 08:16:14:094471][iv_common_init():195]end 
[0;37m [0m
[0;36m[GW_APP] [1970-01-01 08:16:14:094617][dm_init():1579]begin.[0;37m [0m
[[0;35mIV_MID[0m] [0;32m[1970-01-01 00:16:14:094742]iv_dm_init()[109][0mbegin.
[0;36m[GW_APP] [1970-01-01 08:16:14:196626][fgWifiReconfig():700]result: [][0;37m [0m
[0;36m[GW_APP] [1970-01-01 08:16:14:196964][fgWifiReconfig():706]cBuf: [wpa_supplicant -B -iwlan0 -c /mnt/ramdisk/wpa_supplicant0.conf -P /mnt/ramdisk/wpa_pid.txt][0;37m [0m
[0;36m[GW_APP] [1970-01-01 08:16:14:197110][system_safe():176]cmdstring: [wpa_supplicant -B -iwlan0 -c /mnt/ramdisk/wpa_supplicant0.conf -P /mnt/ramdisk/wpa_pid.txt][dmabuf] init(pid=519): ioctl=0xb6e948c8 mmap=0xb6e93110
mount /dev/mmcblk0p1: Device or resource busy
mount /dev/mmcblk0p1: Device or resource busy
mount /dev/mmcblk0p1: Device or resource busy
mount /dev/mmcblk0p1: Device or resource busy
[dmabuf] init(pid=520): ioctl=0xb6e648c8 mmap=0xb6e63110
mount /dev/mmcblk0p1: Device or resource busy
mount /dev/mmcblk0p1: Device or resource busy
[warn] Unable to add nameserver [240c::6666]:53: error 1
[warn] Unable to add nameserver [2001:4860:4860::8888]:53: error 1
[0;37m [0m
[0;32m[GW_APP] [1970-01-01 08:16:14:339299][SDCard_Mount():284]try to mounting...[0;37m [0m
[0;36m[GW_APP] [1970-01-01 08:16:14:340894][dm_update_tfCardInfo():999]tfCardStatus: 7, freeSpace: 124476416, totalSpace: -124864512[0;37m [0m
[0;32m[GW_APP] [1970-01-01 08:16:14:845649][SDCard_Mount():284]try to mounting...[0;37m [0m
[0;36m[GW_APP] [1970-01-01 08:16:14:858643][dm_update_tfCardInfo():999]tfCardStatus: 7, freeSpace: 124476416, totalSpace: -124864512[0;37m [0m
[0;36m[GW_APP] [1970-01-01 08:16:14:859030][dm_update_tfCardInfo():999]tfCardStatus: 7, freeSpace: 124476416, totalSpace: -124864512[0;37m [0m
[[0;35mIV_MID[0m] [0;32m[1970-01-01 00:16:14:992316]iv_dm_init()[126][0mend.
[0;32m[GW_APP] [1970-01-01 08:16:14:998503][dm_update_devFuncCfg():1327]devFuncCfg: 0
[0;37m [0m
[0;31m[GW_APP] [1970-01-01 08:16:14:999479][dm_update_ZoomFocusCrop():1497]iv_dm_send_prowriteable_object_msg err: -200[0;37m [0m
[0;36m[GW_APP] [1970-01-01 08:16:15:002432][dm_update_ZoomFocusCrop():1504]zoomUp = 0.000000
[0;37m [0m
[0;36m[GW_APP] [1970-01-01 08:16:15:002617][dm_update_ZoomFocusCrop():1505]_multiple = 0.000000
[0;37m [0m
[0;36m[GW_APP] [1970-01-01 08:16:15:002771][dm_init():1623]end.[0;37m [0m
[0;36m[GW_APP] [1970-01-01 08:16:15:002941][sys_init():788]begin..[0;37m [0m
[0;32m[GW_APP] [1970-01-01 08:16:15:003079][sys_init():814]app version major:33, minor:0, revision:25,debug:0[0;37m [0m
[[0;35mIV_MID[0m] [0;32m[1970-01-01 00:16:15:119908]iv_sys_init()[1398][0mbegin.
[[0;35mIV_MID[0m] [0;36m[1970-01-01 00:16:15:120311]iv_sys_init()[1407]compile sdk version: V1.4.10596.4.debug,build@Jul 18 2023 13:50:40
[0m[[0;35mIV_MID[0m] [0;33m[1970-01-01 00:16:15:120444]iv_sys_check_init_parm()[1341]net_chn_ring_buff_size maybe small:0,default:524288
[0m[[0;35mIV_MID[0m] [0;32m[1970-01-01 00:16:15:120739]iv_share_init()[43][0mbegin:support max cap chn number:3
[[0;35mIV_MID[0m] [0;32m[1970-01-01 00:16:15:120920]iv_share_init()[81][0mend.
[[0;35mIV_MID[0m] [0;32m[1970-01-01 00:16:15:121234]iv_misc_get_device_mac()[56][0mmac: 4c:b0:08:9e:ec:d9
[[0;35mIV_MID[0m] [0;32m[1970-01-01 00:16:15:121638]iv_sys_access_init()[1037][0mp2p chn buff size:524288
[[0;35mIV_MID[0m] [0;36m[1970-01-01 00:16:15:121850]iv_sys_access_init()[1057]visible sdk version:16:20:10596.debug
[0m[0;32m[GW_APP] [1970-01-01 08:16:15:122128][sys_read_certificate():552]begin.
[0;37m [0m
[0;32m[GW_APP] [1970-01-01 08:16:15:122284][sys_read_certificate():557]eCertificateType:0
[0;37m [0m
[0;32m[GW_APP] [1970-01-01 08:16:15:245724][sys_read_certificate():608]end CertificateLen:192.[0;37m [0m
id=4763251443 cer_code=727747173 pid=0 utc=1659422934 unique_code=0

[0;32m[GW_APP] [1970-01-01 08:16:15:246467][sys_read_certificate():552]begin.
[0;37m [0m
[0;32m[GW_APP] [1970-01-01 08:16:15:246615][sys_read_certificate():557]eCertificateType:1
[0;37m [0m
[0;32m[GW_APP] [1970-01-01 08:16:15:251031][sys_read_certificate():608]end CertificateLen:144.[0;37m [0m
[0;36m[GW_APP] [1970-01-01 08:16:15:254499][vNewIrCutHanldeFun():304]2 -->> 1[0;37m [0m
[0;36m[GW_APP] [1970-01-01 08:16:15:254683][vNewIrCutHanldeFun():305]0 -->> 0[0;37m [0m
[0;32m[GW_APP] [1970-01-01 08:16:15:360730][SDCard_Mount():284]try to mounting...[0;37m [0m
[0;36m[GW_APP] [1970-01-01 08:16:15:362137][dm_update_tfCardInfo():999]tfCardStatus: 7, freeSpace: 124476416, totalSpace: -124864512[0;37m [0m
iv_access_init_param_cfg cer_code=727747173 dev_id=4763251443 pid=6442451392

[0;32m[GW_APP] [1970-01-01 08:16:15:413426][sys_read_certificate():552]begin.
[0;37m [0m
[0;32m[GW_APP] [1970-01-01 08:16:15:413578][sys_read_certificate():557]eCertificateType:2
[0;37m [0m
[[0;35mIV_MID[0m] [0;36m[1970-01-01 00:16:15:413714]iv_sys_read_certificate()[162]so path[24]:[/rom/ivcert/libwbckey.so]
[0m[[0;35mIV_MID[0m] [0;36m[1970-01-01 00:16:15:582298]iv_cm_get_local_data()[2975]type:1 empty
[0m[[0;35mIV_MID[0m] [0;33m[1970-01-01 00:16:15:582477]iv_cm_get_local_data()[2993]fail:-8
[0m[[0;35mIV_NET[0m] [1970-01-01 00:16:15.796]broadcast_init enter..
[dmabuf] mmap(fd=-1) -> 0xb3d8b000 len=8388608
[dmabuf] mmap(fd=-1) -> 0xb358b000 len=8388608
[dmabuf] mmap(fd=-1) -> 0xb2d8b000 len=8388608
[dmabuf] mmap(fd=-1) -> 0xb258b000 len=8388608
[dmabuf] mmap(fd=-1) -> 0xb1d8b000 len=8388608
[dmabuf] mmap(fd=-1) -> 0xb158b000 len=8388608
[dmabuf] mmap(fd=-1) -> 0xb0d8b000 len=8388608
[dmabuf] mmap(fd=-1) -> 0xb058b000 len=8388608
[[0;35mIV_NET[0m] broadcast_fd_init pMgr->fdRead=28
[[0;35mIV_NET[0m] [1970-01-01 00:16:15.836]broadcast_fd_init fdRead_ipv6 error!
[[0;35mIV_NET[0m] [1970-01-01 00:16:15.871]broadcast_fd_init create broad cast send ipv6fd socket error!
[[0;35mIV_NET[0m] [1970-01-01 00:16:15.871]broadcast_fd_init bind to udp port: 8901 failed!
[[0;35mIV_NET[0m] [1970-01-01 00:16:15.872]broadcast_init succeed!
[[0;35mIV_NET[0m] start_recv_thread begin
[[0;35mIV_NET[0m] start_recv_thread end
[[0;35mIV_NET[0m] iv_access_init dm_reset_value=0
[[0;35mIV_NET[0m] iv_comm_start_thread end
[[0;35mIV_NET[0m] Compile Date: Jul 18 2023 13:50:52
[[0;35mIV_MID[0m] [0;32m[1970-01-01 00:16:15:875688]iv_sys_access_init()[1101][0mtencent id:4763251443
[[0;35mIV_MID[0m] [0;32m[1970-01-01 00:16:15:875833]iv_cm_dealing_init()[258][0mbegin.
[[0;35mIV_MID[0m] [0;32m[1970-01-01 00:16:15:876548]iv_cm_dealing_init()[272][0mend.
[[0;35mIV_MID[0m] [0;32m[1970-01-01 00:16:15:876718]iv_sys_init()[1442][0mend.
[0;32m[GW_APP] [1970-01-01 08:16:15:876843][sys_init():857]iv_sys_get_gwell_dev_cert_info :0[0;37m [0m
[0;36m[GW_APP] [1970-01-01 08:16:15:876988][sys_init():859]opt: 0[0;37m [0m
[0;36m[GW_APP] [1970-01-01 08:16:15:877112][sys_init():860]resolution: 1[0;37m [0m
[0;36m[GW_APP] [1970-01-01 08:16:15:877234][sys_init():862]devFunc: 0x1[0;37m [0m
[0;36m[GW_APP] [1970-01-01 08:16:15:877357][sys_init():864]manufacturer_id: 1000000437[0;37m [0m
[0;36m[GW_APP] [1970-01-01 08:16:15:877483][sys_init():865]ip_camera: 0x1[0;37m [0m
[0;36m[GW_APP] [1970-01-01 08:16:15:877600][sys_init():866]door_bell: 0x0[0;37m [0m
[0;36m[GW_APP] [1970-01-01 08:16:15:877772][sys_init():867]panorama: 0x0[0;37m [0m
[0;36m[GW_APP] [1970-01-01 08:16:15:877896][sys_init():868]keepalive_wifi: 0x0[0;37m [0m
[0;36m[GW_APP] [1970-01-01 08:16:15:878058][sys_init():869]keepalive_ble: 0x0[0;37m [0m
[0;36m[GW_APP] [1970-01-01 08:16:15:878179][sys_init():870]wifi_extender: 0x0[0;37m [0m
[0;36m[GW_APP] [1970-01-01 08:16:15:878299][sys_init():871]support_gunball: 0[0;37m [0m
[0;36m[GW_APP] [1970-01-01 08:16:15:878418][sys_init():872]support_lowpower: 0[0;37m [0m
[0;36m[GW_APP] [1970-01-01 08:16:15:878539][sys_init():873]license_order_id: 2022072827820115[0;37m [0m
[0;36m[GW_APP] [1970-01-01 08:16:15:878674][sys_init():874]resv: [0;37m [0m
[0;36m[GW_APP] [1970-01-01 08:16:15:878792][sys_init():876]end.[0;37m [0m
[0;32m[GW_APP] [1970-01-01 08:16:15:878953][av_talk_init():781]begin.[0;37m [0m
[0;32m[GW_APP] [1970-01-01 08:16:15:879091][set_iv_head_version():769]=========>av_head_version: 0x8
[0;37m [0m
[0;32m[GW_APP] [1970-01-01 08:16:15:879247][av_talk_init():794]u32MaxFrameSize: 320[0;37m [0m
[[0;35mIV_MID[0m] [0;32m[1970-01-01 08:16:15:879410]iv_avt_init()[1878][0mbegin.
[[0;35mIV_MID[0m] [0;33m[1970-01-01 08:16:15:879568]iv_avt_check_init_parm()[107]avt recive cb function[0] NULL.
[0m[[0;35mIV_MID[0m] [0;33m[1970-01-01 08:16:15:879692]iv_avt_check_init_parm()[154]avt multiple cb function[0] NULL.
[0m[[0;35mIV_NET[0m] iv_dm_data_proc begin
[[0;35mIV_NET[0m] iv_comm_run, threadID=100
[[0;35mIV_NET[0m] iv_fast_connect_srv srv_num=3 fast_connect=1
[[0;35mIV_NET[0m] iv_fast_connect_srv primary_srv
[[0;35mIV_NET[0m] iv_comm_pingthread 1011
[[0;35mIV_NET[0m] broadcast recv proc start!
[[0;35mIV_MID[0m] [0;32m[1970-01-01 08:16:15:890715]iv_avt_init()[1914][0mend.
[0;32m[GW_APP] [1970-01-01 08:16:15:890893][av_talk_init():814]end.[0;37m [0m
[0;32m[GW_APP] [1970-01-01 08:16:15:891036][record_init():751]begin..
[0;37m [0m
[[0;35mIV_MID[0m] [0;32m[1970-01-01 08:16:15:891209]iv_rd_init()[9355][0mbegin.
[[0;35mIV_MID[0m] [0;36m[1970-01-01 08:16:15:891372]iv_rd_check_init_parm()[9311]will be not use iv_rd_get_recording_type_cb
[0m[[0;35mIV_MID[0m] [0;36m[1970-01-01 08:16:15:891494]iv_rd_check_init_parm()[9317]will be not use iv_rd_capture_thumbnail_cb
[0m[[0;35mIV_MID[0m] [0;36m[1970-01-01 08:16:15:891674]iv_rd_init()[9370]sd card path:/mnt/disc1
[0m[[0;35mIV_MID[0m] [0;31m[1970-01-01 08:16:15:892962]iv_load_rd_thumbnail_func()[5554]not support function: 'rd_thumbnail', please compile with libiotvideo_rd_thumbnail
[0m[dmabuf] mmap(fd=-1) -> 0xb056b000 len=131072
[dmabuf] mmap(fd=-1) -> 0xafd6b000 len=8388608
[msg] Nameserver 8.8.8.8:53 has failed: Network is unreachable
[msg] Nameserver 114.114.114.114:53 has failed: Network is unreachable
[dmabuf] mmap(fd=-1) -> 0xaf56b000 len=8388608
[[0;35mIV_MID[0m] [0;32m[1970-01-01 08:16:15:893288]iv_rd_init()[9395][0mend.
[0;32m[GW_APP] [1970-01-01 08:16:15:893482][record_resolution_set():585]recordResolution: 10[0;37m [0m
[0;32m[GW_APP] [1970-01-01 08:16:15:893645][record_resolution_init():591]recordResolution: 10 pstSettingInfo->recordResolution :1[0;37m [0m
[0;32m[GW_APP] [1970-01-01 08:16:15:894380][cloud_storage_init():301]begin..
[0;37m [0m
[[0;35mIV_MID[0m] [0;32m[1970-01-01 08:16:15:894602]iv_cs_init()[7953][0mbegin.
[[0;35mIV_MID[0m] [0;32m[1970-01-01 08:16:15:894817]iv_sys_dev_lowpower()[1564][0mdebug sdk force set
[[0;35mIV_MID[0m] [0;32m[1970-01-01 08:16:15:895579]iv_cs_init()[7975][0mend.
[0;36m[GW_APP] [1970-01-01 08:16:15:895745][upgrade_init():262]iv_ota_firmware_update_cb: 0xf9af8[0;37m [0m
[[0;35mIV_MID[0m] [0;32m[1970-01-01 08:16:15:895981]iv_ota_init()[979][0mbegin.
[[0;35mIV_MID[0m] [0;32m[1970-01-01 08:16:15:900860]iv_ota_init()[1003][0mend.
[0;36m[GW_APP] [1970-01-01 08:16:15:901071][SettingInfoLastestVersionIsChanged():387]sCurrentVersion: [33.0.25], sLastestVersion: [33.0.25][0;37m [0m
[[0;35mIV_MID[0m] [0;32m[1970-01-01 08:16:15:901296]iv_uc_init()[129][0mbegin.
[[0;35mIV_MID[0m] [0;32m[1970-01-01 08:16:15:901432]iv_uc_init()[140][0mend.
[0;32m[GW_APP] [1970-01-01 08:16:15:901544][download_res_file_init():427]begin..
[0;37m [0m
[0;36m[GW_APP] [1970-01-01 08:16:15:901673][iotvideo_sdk_init():55]End ...[0;37m [0m
[0;32m[GW_APP] [1970-01-01 08:16:15:901793][vStartMD():288]MD >>>[0;37m [0m
[0;32m[GW_APP] [1970-01-01 08:16:15:901910][vVIControl():263]dwChID= 3,set:1[0;37m [0m
[32m[00:00:08.501|  info|        ] [0menter PlatformViStart
[1;33m[malloc_capture_buffers:115] ion_mem: 0xb5228000, temp: 0x80384000
[m[[0;35mIV_MID[0m] [0;33m[1970-01-01 08:16:15:919536]iv_record_mp4_repair_default()[8406]no mp4 repair func found,use default,success
[0m[1;33m[malloc_capture_buffers:122] n_buffers: 0, start: 0xb5228000, length: 2306048
[m[1;33m[malloc_capture_buffers:122] n_buffers: 1, start: 0xb545b000, length: 2306048
[m[1;33m[malloc_capture_buffers:122] n_buffers: 2, start: 0xb568e000, length: 2306048
[m[1;33m[malloc_capture_buffers:122] n_buffers: 3, start: 0xb58c1000, length: 2306048
[m[malloc_capture_buffers:128] set buffer size: 2306048 ok
[1;33m[isp_vi_capture_on:719] stream on, drop first 4 frames
[m[dmabuf] DQBUF: idx=0 mem=2 bytesused=1382400 length=1382400
ioctl[SIOCSIWAP]: Operation not permitted
