[dmabuf] init(pid=497): ioctl=0xb6eb18c8 mmap=0xb6eb0110
[dmabuf] init(pid=499): ioctl=0xb6eb78c8 mmap=0xb6eb6110
GWCFG_ParseItem(): GWCFG_CheckValue(0) failed with ret=-1! name="version",value="wls_xxr_v1.00"
[dmabuf] mmap(fd=-1) -> 0xb66a5000 len=8388608
[dmabuf] init(pid=501): ioctl=0xb6ebc8c8 mmap=0xb6ebb110
[dmabuf] init(pid=502): ioctl=0xb6e1d8c8 mmap=0xb6e1c110
[dmabuf] final(pid=502): dmabuf_fd=-1 addr=(nil) len=0
[0;36m[GW_APP] [2025-09-23 19:09:25:952239][main():375]
Welcome Gwell IPC System! gcc 4.8.5 [14:04:12 Jul 18 2023][0;37m [0m
[0;36m[GW_APP] [2025-09-23 19:09:26:263745][main():379]env PATH: [/bin:/sbin:/usr/bin:/usr/sbin:/ipc/bin:/ipc/sbin][0;37m [0m
[0;32m[GW_APP] [2025-09-23 19:09:28:260453][vSetIVAppVersionFromFile():78]ivappver=33.0.25, debug status=0[0;37m [0m
[0;36m[GW_APP] [2025-09-23 19:09:28:263519][SettingInfoInitFromFile():147]LastSettingInfoLength = 537[0;37m [0m
[0;32m[GW_APP] [2025-09-23 19:09:28:263804][SettingInfoInitFromFile():162]get setting info from file: /rom/ipc_setting.bin[0;37m [0m
[0;36m[GW_APP] [2025-09-23 19:09:28:264006][WorkStatusInit():63]begin.[0;37m [0m
[0;36m[GW_APP] [2025-09-23 19:09:28:264147][WorkStatusInit():79]end.[0;37m [0m
open gpio driver succ
>>>>>>>>   Sensor: [1;31m0x1345
[0m
>>>>>>>>   Sensor: [1;31m12800720[0m
Revision 16
Build Jul 18 2023 14:04:08
default log level=4
[ak_vi_match_sensor:938] config_file: /ipc/local/isp_sc1345_dvp.conf
[1;33m[isp.conf]version: 3.004_xc, sensor id: 0x1345, style id: 0
[m[isp.conf]modify time: 2021-4-27 11:09:22
[check_file:347] check isp cfg: /ipc/local/isp_sc1345_dvp.conf OK
[1;33m[match_sensor:519] ak_vi_match_sensor OK
[m[32m[00:00:00.000|  info|        ] [0minit isp success
[1;33m[ak_vi_open:979] register device, dev type: 0
[mnew device
[vi_register_device:774] new dev=0x6b8268
[dmabuf] IOC_MAP: ion_fd=5 -> dmabuf_fd=7 (handle=3258170752)
[dmabuf] DMABUF mmap: fd=7 -> addr=0xb4ea5000 len=25165824
[1;33m
----- libakuio.so V2.1.00 -----
[m[libakuio][/dev/ion] kernel config reserve mem size: 25165824, 0x1800000

[libakuio]ION: alloc 25165824 bytes for process 497
[libakuio]ION: yield 7 for iad 0x69c134

--------------- pmem info ---------------
    PMEM_GET_TOTAL_SIZE: 25165824 bytes
    PMEM_GET_PHYS: 0x80000000
    pmem.vaddr: 0xb4ea5000
--------------- info End ---------------

####akuio pmem init success###

ispsdk_lib version:V3.1.00 
--- AK_ISP_sdk_init g_fd=10 ---
hight light:
	frame_rate=15 max_exp_time=1500 low_light_gain=12
low light:
	frame_rate=10 max_exp_time=2046 light_gain=4
hight light fps: 15
[1;33m[isp_set_sensor_fps:1871] set sensor fps: 15
[m[1;33m[set_fps:185] set fps:15 ok
[mregister vi device ok, dev_count=1
[1;33m[ak_vi_open:989] register device OK, pdev: 0x6b8268
[m[1;33m[vi_new_user:577] now user_flg=0, user_ref=1
[m[32m[00:00:00.136|  info|        ] [0mResolution: 1280*720
[32m[00:00:00.136|  info|        ] [0mchn[VIDEO_CHN_MAIN] 1280 * 720

[32m[00:00:00.137|  info|        ] [0mchn[VIDEO_CHN_SUB] 640 * 360

[load_def_awb_step:205] get awb_attr ok, auto_awb_step:30
[dmabuf] mmap(fd=-1) -> 0xb4e8c000 len=102400
hight light:
	frame_rate=15 max_exp_time=1500 low_light_gain=12
low light:
	frame_rate=10 max_exp_time=2046 light_gain=4
hight light fps: 15
[1;33m[change_fps_pthread:714] thread id: 503
[m[1;33m[isp_set_sensor_fps:1871] set sensor fps: 15
[m[1;33m[set_fps:185] set fps:15 ok
[minit CROP succeedded! reset to CROP[1280, 720]
[1;33m[isp_set_sensor_fps:1871] set sensor fps: 15
[m[Platform_AV_Init:722] capture fps: 15
[1;31m
[ak_osd_init:698] chn 0 font file not init, use default
[m[ak_osd_init:715] ch:0 x:0 y:0 w:0 h:0fontS:32 res_w:1280 res_h:720
[1;31m
[ak_osd_init:698] chn 1 font file not init, use default
[m[ak_osd_init:715] ch:1 x:0 y:0 w:0 h:0fontS:16 res_w:640 res_h:360
[1;33m[ak_rb_init:37] init rb_size=8192 ring buffer OK
[m[init_pcm_adc:1351] frame interval: 100,. frame size: 3200
[1;33m[ak_ai_open:1543] ai version libplat_ai V2.9.01 
[m[1;33m[ak_ai_set_frame_interval:1841] audio frame_size=640
[m[1;33m[pcm_set_source:278] set ai source to MIC
[m[ak_ai_set_adc_volume:1887] set volume 8
[1;33m[pcm_adc_set_volume:1051] set DEV volume 7
[m[ak_ai_set_aslc_volume:1930] set volume 0
##--AudioFilter Version V1.13.09, type:11--
[dmabuf] mmap(fd=13) -> 0xb4e8b000 len=4
## aslc setMileStone:
(0, 0), (20000, 20000), (32767, 32700), 
## times: 2, 1, 1300
## aslc silence: level=0, smpcnt=800
## sr:16000, ch:1, bitsPerSmp:16, maxLenin:0, jointCh:0
## ASLC OPEN OK ena:1, lookAheadLen:32
## aslc setMileStone:
(0, 0), (3, 3), (10, 10), (32768, 32768), (32768, 32768), 
## times: 6, 3, 300
## ASLC SET OK, ena:1, lookAheadLen:96
[1;33m[ak_ai_set_nr_attr:2341] pcm_adc.prepare_flag=0
[m[1;33m[ak_ai_set_agc_attr:2179] pcm_adc.prepare_flag=0
[m##--AudioFilter Version V1.13.09, type:1--
[dmabuf] mmap(fd=13) -> 0xb4e8b000 len=4
## EQ mode:7, preGain:(0/1024.0), aslcEna:0
## sr:16000, ch:1, ibps:16, obps:16
##  (2100, 5, -12288, 2048)
##  (2600, 5, -12288, 921)
##  (2800, 3, -8192, 921)
## EQ open ok
[1;33m[get_eq_attr_param:1076] enable eq 
[m## _SD_Filter_GetEqTimePara(), info:0xbed3c834  type:1
## _SD_EQ_GetEqTimePara(): cIsEnable(1), bands(3), prevol(1024), pab(0x6edd20)
##--leave AudioFilter Version V1.13.09, type:1--
## EQ close
[dmabuf] mmap(fd=-1) -> 0xb4e6c000 len=131072
[dmabuf] mmap(fd=-1) -> 0xb4e4c000 len=131072
[dmabuf] mmap(fd=-1) -> 0xb4e2c000 len=131072
umount2 /dev/mmcblk0p1: Device or resource busy
mount /dev/mmcblk0p1: Device or resource busy
mount /dev/mmcblk0p1: Device or resource busy
[0;36m[GW_APP] [2025-09-23 19:09:30:027897][vSmokeAlarmInit():785]vSmokeAlarmInit 0[0;37m [0m
Enter UISsInit
[0;32m[GW_APP] [2025-09-23 19:09:30:820993][vOpenSSLInit():19]start[0;37m [0m
[0;32m[GW_APP] [2025-09-23 19:09:32:072515][vOpenSSLInit():22]end[0;37m [0m
[0;36m[GW_APP] [2025-09-23 19:09:32:072744][NetMgProc_Init():1381]*************NetMgProc_Init******************[0;37m [0m
[0;36m[GW_APP] [2025-09-23 19:09:32:073079][UserCmdSetWifiProc_Init():255]*************UserCmdSetWifiProc_Init******************[0;37m [0m
[0;32m[GW_APP] [2025-09-23 19:09:32:080943][WhiteLight_Switch():363]this_status[0]
[0;37m [0m
[0;36m[GW_APP] [2025-09-23 19:09:32:081254][vIrcutSwitchToFilter():133]fgCutEn = 0[0;37m [0m
[0;32m[GW_APP] [2025-09-23 19:09:32:367713][DiskProc():445]sd card plugged in! <<<<<<[0;37m [0m
[0;32m[GW_APP] [2025-09-23 19:09:32:367892][SDCard_Umount():345]umount2...[0;37m [0m
[0;36m[GW_APP] [2025-09-23 19:09:32:368795][vUserCmdSetWifiProc():162]*************enter vUserCmdSetWifiProc******************[0;37m [0m
[0;32m[GW_APP] [2025-09-23 19:09:32:370145][SDCard_Mount():284]try to mounting...[0;37m [0m
[0;36m[GW_APP] [2025-09-23 19:09:32:383780][dm_update_tfCardInfo():999]tfCardStatus: 7, freeSpace: 124477824, totalSpace: -124864512[0;37m [0m
[reload_config_awb_step:225] get awb_attr ok, cur auto_awb_step:10, set to step:30
mount /dev/mmcblk0p1: Device or resource busy
mount /dev/mmcblk0p1: Device or resource busy
mount /dev/mmcblk0p1: Device or resource busy
mount /dev/mmcblk0p1: Device or resource busy
mount /dev/mmcblk0p1: Device or resource busy
mount /dev/mmcblk0p1: Device or resource busy
[dmabuf] mmap(fd=-1) -> 0xb4e0c000 len=131072
[dmabuf] mmap(fd=-1) -> 0xb4dec000 len=131072
[dmabuf] mmap(fd=-1) -> 0xb4dcc000 len=131072
[dmabuf] mmap(fd=-1) -> 0xb4dac000 len=131072
mount /dev/mmcblk0p1: Device or resource busy
mount /dev/mmcblk0p1: Device or resource busy
mount /dev/mmcblk0p1: Device or resource busy
mount /dev/mmcblk0p1: Device or resource busy
[0;32m[GW_APP] [2025-09-23 19:09:32:813818][SDCard_Mount():284]try to mounting...[0;37m [0m
[0;36m[GW_APP] [2025-09-23 19:09:32:815287][dm_update_tfCardInfo():999]tfCardStatus: 7, freeSpace: 124477824, totalSpace: -124864512[0;37m [0m
[0;32m[GW_APP] [2025-09-23 19:09:33:315905][SDCard_Mount():284]try to mounting...[0;37m [0m
[0;36m[GW_APP] [2025-09-23 19:09:33:319833][dm_update_tfCardInfo():999]tfCardStatus: 7, freeSpace: 124477824, totalSpace: -124864512[0;37m [0m
[0;32m[GW_APP] [2025-09-23 19:09:33:820463][SDCard_Mount():284]try to mounting...[0;37m [0m
[0;36m[GW_APP] [2025-09-23 19:09:33:824360][dm_update_tfCardInfo():999]tfCardStatus: 7, freeSpace: 124477824, totalSpace: -124864512[0;37m [0m
[0;36m[GW_APP] [2025-09-23 19:09:34:081661][vIrcutSwitchToFilter():133]fgCutEn = 1[0;37m [0m
[0;36m[GW_APP] [2025-09-23 19:09:34:087297][vKey_DrvProc():376]100 -> 150[0;37m [0m
[0;36m[GW_APP] [2025-09-23 19:09:34:087926][vKey_DrvProc():391]80 -> 100[0;37m [0m
[0;32m[GW_APP] [2025-09-23 19:09:34:245488][startRtspClientThread():4533]create rtsp client thread![0;37m [0m
[0;32m[GW_APP] [2025-09-23 19:09:34:249499][gw_adec_ao_init():367]samplerate: 16000, volume level: 10[0;37m [0m
[0;32m[GW_APP] [2025-09-23 19:09:34:251636][RtspClient_proc():4353][0;37m [0m
[0;32m[GW_APP] [2025-09-23 19:09:34:254804][vHandSelectProc():5056]=================begin=================[0;37m [0m
[0;32m[GW_APP] [2025-09-23 19:09:34:325130][SDCard_Mount():284]try to mounting...[0;37m [0m
[0;36m[GW_APP] [2025-09-23 19:09:34:326439][dm_update_tfCardInfo():999]tfCardStatus: 7, freeSpace: 124477824, totalSpace: -124864512[0;37m [0m
[0;32m[GW_APP] [2025-09-23 19:09:34:827068][SDCard_Mount():284]try to mounting...[0;37m [0m
[0;36m[GW_APP] [2025-09-23 19:09:34:828385][dm_update_tfCardInfo():999]tfCardStatus: 7, freeSpace: 124477824, totalSpace: -124864512[0;37m [0m
[PlatformAudioOut_SetVol] vol = 10
[AOVolSet] ak_ao_set_volume
[ak_ao_set_dac_volume:1112] set volume 6
[1;33m[pcm_dac_set_volume:766] set DEV volume 5
[m##--AudioFilter Version V1.13.09, type:11--
[dmabuf] mmap(fd=16) -> 0xb4dab000 len=4
## aslc setMileStone:
(0, 0), (20000, 20000), (32767, 32700), 
## times: 2, 1, 1300
## aslc silence: level=0, smpcnt=800
## sr:16000, ch:2, bitsPerSmp:16, maxLenin:0, jointCh:2
## ASLC OPEN OK ena:1, lookAheadLen:32
[dac_set_aslc:388] aslc volume = 6
## aslc setMileStone:
(0, 0), (104, 33), (328, 2603), (3277, 32768), (32768, 32768), 
## times: 6, 3, 300
## ASLC SET OK, ena:1, lookAheadLen:96
[ak_ao_set_aslc_volume:1159] set aslc volume 6 
[dmabuf] init(pid=512): ioctl=0xb6e618c8 mmap=0xb6e60110
[dmabuf] init(pid=513): ioctl=0xb6e798c8 mmap=0xb6e78110
mount /dev/mmcblk0p1: Device or resource busy
mount /dev/mmcblk0p1: Device or resource busy
[dmabuf] init(pid=514): ioctl=0xb6ddf8c8 mmap=0xb6dde110
[dmabuf] final(pid=513): dmabuf_fd=-1 addr=(nil) len=0
[dmabuf] init(pid=517): ioctl=0xb6e828c8 mmap=0xb6e81110
[dmabuf] final(pid=517): dmabuf_fd=-1 addr=(nil) len=0
[dmabuf] init(pid=518): ioctl=0xb6ecf8c8 mmap=0xb6ece110mount /dev/mmcblk0p1: Device or resource busy
mount /dev/mmcblk0p1: Device or resource busy

[dmabuf] init(pid=519): ioctl=0xb6e668c8 mmap=0xb6e65110
[dmabuf] final(pid=519): dmabuf_fd=-1 addr=(nil) len=0
[dmabuf] mmap(fd=-1) -> 0xb4d8c000 len=131072
[dmabuf] init(pid=520): ioctl=0xb6dd98c8 mmap=0xb6dd8110
[dmabuf] mmap(fd=-1) -> 0xb458c000 len=8388608
[dmabuf] init(pid=522): ioctl=0xb6ea18c8 mmap=0xb6ea0110
Failed to connect to wpa_supplicant - wpa_ctrl_open: No such file or directory
[dmabuf] final(pid=522): dmabuf_fd=-1 addr=(nil) len=0
[dmabuf] init(pid=524): ioctl=mount /dev/mmcblk0p1: Device or resource busy
mount /dev/mmcblk0p1: Device or resource busy
[0;32m[GW_APP] [2025-09-23 19:09:34:887616][gw_adec_control():435]fgEnable: 1, ADecChnEnable[1]: 0[0;37m [0m
[0;32m[GW_APP] [2025-09-23 19:09:34:888158][gw_adec_control():453]create adec chn1 success[0;37m [0m
[0;36m[GW_APP] [2025-09-23 19:09:34:888382][vMotorInit():230]SUPPOR Preset MOTOR DRIVE[0;37m [0m
[0;31m[GW_APP] [2025-09-23 19:09:35:088705][vPreSetMotorDevInit():258]insmod /ipc/patch/ko/presetmotor.ko[0;37m [0m
[0;36m[GW_APP] [2025-09-23 19:09:35:088889][system_safe():176]cmdstring: [insmod /ipc/patch/ko/presetmotor.ko][0;37m [0m
[0;32m[GW_APP] [2025-09-23 19:09:35:329116][SDCard_Mount():284]try to mounting...[0;37m [0m
[0;36m[GW_APP] [2025-09-23 19:09:35:330435][dm_update_tfCardInfo():999]tfCardStatus: 7, freeSpace: 124477824, totalSpace: -124864512[0;37m [0m
[0;36m[GW_APP] [2025-09-23 19:09:35:376021][bNetCardDevSupport():394]State: -1[0;37m [0m
[0;36m[GW_APP] [2025-09-23 19:09:35:378915][vNewNetMgProc():1281]fgEthSupport: 0, fgWifiSupport: 1, fg4GSupport: 0[0;37m [0m
[0;36m[GW_APP] [2025-09-23 19:09:35:379163][vWifiInit():435]=====>wifi init[0;37m [0m
[0;36m[GW_APP] [2025-09-23 19:09:35:519951][vGetWifiPrmFromRomConfFile():346]Init SSID=MTNSL, EncType=2, Password=AJM.l1$Kr[0;37m [0m
[0;36m[GW_APP] [2025-09-23 19:09:35:526307][vGetWifiPrmFromRomConfFile():346]Init SSID=MTNSL, EncType=2, Password=AJM.l1$Kr[0;37m [0m
[0;36m[GW_APP] [2025-09-23 19:09:35:527495][vGetWifiPrmFromRomConfFile():346]Init SSID=Free-AP2, EncType=0, Password=[0;37m [0m
[0;36m[GW_APP] [2025-09-23 19:09:35:660685][vGetWifiPrmFromRomConfFile():346]Init SSID=Free-AP3, EncType=0, Password=[0;37m [0m
[0;36m[GW_APP] [2025-09-23 19:09:35:660943][copy_file():440]src: /rom/wpa_supplicant1.conf, dst: /mnt/ramdisk/wpa_supplicant0.conf[0;37m [0m
[0;36m[GW_APP] [2025-09-23 19:09:35:662208][vGetWifiPrmFromRomConfFile():346]Init SSID=MTNSL, EncType=2, Password=AJM.l1$Kr[0;37m [0m
[0;36m[GW_APP] [2025-09-23 19:09:35:662654][system_safe():176]cmdstring: [ifconfig wlan0 multicast][0;37m [0m
[0;32m[GW_APP] [2025-09-23 19:09:35:831129][SDCard_Mount():284]try to mounting...[0;37m [0m
[0;36m[GW_APP] [2025-09-23 19:09:35:832455][dm_update_tfCardInfo():999]tfCardStatus: 7, freeSpace: 124477824, totalSpace: -124864512[0;37m [0m
[0;36m[GW_APP] [2025-09-23 19:09:35:893028][iParseWifiModuleType():94]wifi type: WIFI_TYPE_8188FU[0;37m [0m
[0;36m[GW_APP] [2025-09-23 19:09:35:904610][fgWifiReconfig():691]cBuf: [wpa_cli -p /etc/Wireless -iwlan0 reconfigure][0;37m [0m
[0;36m[GW_APP] [2025-09-23 19:09:35:928557][vPreSetMotorDevInit():285]motor back to base point[0;37m [0m
[0;36m[GW_APP] [2025-09-23 19:09:35:928763][fgMotorRunToLastPosition():212]u32HMotorPreset = 76, u32VMotorPreset = 29[0;37m [0m
[0;36m[GW_APP] [2025-09-23 19:09:35:936659][iotvideo_sdk_init():26]Start ...[0;37m [0m
[0;32m[GW_APP] [2025-09-23 19:09:35:936871][iv_common_init():180]begin 
[0;37m [0m
[[0;35mIV_MID[0m] [0;36m[2025-09-23 11:09:36:167689]iv_cm_set_log_level()[2419]set iv sdk log level:5
[0m[[0;35mIV_MID[0m] [0;32m[2025-09-23 11:09:36:168989]iv_cm_init()[2380][0mbegin
[[0;35mIV_MID[0m] [0;32m[2025-09-23 11:09:36:178023]iv_cm_init()[2385][0mend
[0;32m[GW_APP] [2025-09-23 19:09:36:178246][iv_common_init():195]end 
[0;37m [0m
[0;36m[GW_APP] [2025-09-23 19:09:36:178394][dm_init():1579]begin.[0;37m [0m
[[0;35mIV_MID[0m] [0;32m[2025-09-23 11:09:36:178512]iv_dm_init()[109][0mbegin.
[0;36m[GW_APP] [2025-09-23 19:09:36:278937][fgWifiReconfig():700]result: [][0;37m [0m
[0;36m[GW_APP] [2025-09-23 19:09:36:279283][fgWifiReconfig():706]cBuf: [wpa_supplicant -B -iwlan0 -c /mnt/ramdisk/wpa_supplicant0.conf -P /mnt/ramdisk/wpa_pid.txt][0;37m [0m
[0;36m[GW_APP] [2025-09-23 19:09:36:279435][system_safe():176]cmdstring: [wpa_supplicant -B -iwlan0 -c /mnt/ramdisk/wpa_supplicant0.conf -P /mnt/ramdisk/wpa_pid.txt][0;37m [0m
[0;32m[GW_APP] [2025-09-23 19:09:36:333141][SDCard_Mount():284]try to mounting...[0;37m [0m
[0;36m[GW_APP] [2025-09-23 19:09:36:334513][dm_update_tfCardInfo():999]tfCardStatus: 7, freeSpace: 124477824, totalSpace: -1248645120xb6e178c8 mmap=0xb6e16110
mount /dev/mmcblk0p1: Device or resource busy
mount /dev/mmcblk0p1: Device or resource busy
mount /dev/mmcblk0p1: Device or resource busy
mount /dev/mmcblk0p1: Device or resource busy
[dmabuf] init(pid=525): ioctl=0xb6e5d8c8 mmap=0xb6e5c110
[warn] Unable to add nameserver [240c::6666]:53: error 1
[warn] Unable to add nameserver [2001:4860:4860::8888]:53: error 1
[0;37m [0m
[0;32m[GW_APP] [2025-09-23 19:09:36:838322][SDCard_Mount():284]try to mounting...[0;37m [0m
[0;36m[GW_APP] [2025-09-23 19:09:36:850662][dm_update_tfCardInfo():999]tfCardStatus: 7, freeSpace: 124477824, totalSpace: -124864512[0;37m [0m
[0;36m[GW_APP] [2025-09-23 19:09:36:850980][dm_update_tfCardInfo():999]tfCardStatus: 7, freeSpace: 124477824, totalSpace: -124864512[0;37m [0m
[[0;35mIV_MID[0m] [0;32m[2025-09-23 11:09:37:070820]iv_dm_init()[126][0mend.
[0;32m[GW_APP] [2025-09-23 19:09:37:076957][dm_update_devFuncCfg():1327]devFuncCfg: 0
[0;37m [0m
[0;31m[GW_APP] [2025-09-23 19:09:37:077776][dm_update_ZoomFocusCrop():1497]iv_dm_send_prowriteable_object_msg err: -200[0;37m [0m
[0;36m[GW_APP] [2025-09-23 19:09:37:080744][dm_update_ZoomFocusCrop():1504]zoomUp = 0.000000
[0;37m [0m
[0;36m[GW_APP] [2025-09-23 19:09:37:080984][dm_update_ZoomFocusCrop():1505]_multiple = 0.000000
[0;37m [0m
[0;36m[GW_APP] [2025-09-23 19:09:37:081136][dm_init():1623]end.[0;37m [0m
[0;36m[GW_APP] [2025-09-23 19:09:37:081306][sys_init():788]begin..[0;37m [0m
[0;32m[GW_APP] [2025-09-23 19:09:37:081444][sys_init():814]app version major:33, minor:0, revision:25,debug:0[0;37m [0m
[[0;35mIV_MID[0m] [0;32m[2025-09-23 11:09:37:197758]iv_sys_init()[1398][0mbegin.
[[0;35mIV_MID[0m] [0;36m[2025-09-23 11:09:37:197976]iv_sys_init()[1407]compile sdk version: V1.4.10596.4.debug,build@Jul 18 2023 13:50:40
[0m[[0;35mIV_MID[0m] [0;33m[2025-09-23 11:09:37:198098]iv_sys_check_init_parm()[1341]net_chn_ring_buff_size maybe small:0,default:524288
[0m[[0;35mIV_MID[0m] [0;32m[2025-09-23 11:09:37:198386]iv_share_init()[43][0mbegin:support max cap chn number:3
[[0;35mIV_MID[0m] [0;32m[2025-09-23 11:09:37:198567]iv_share_init()[81][0mend.
[[0;35mIV_MID[0m] [0;32m[2025-09-23 11:09:37:198834]iv_misc_get_device_mac()[56][0mmac: 4c:b0:08:9e:ec:d9
[[0;35mIV_MID[0m] [0;32m[2025-09-23 11:09:37:199278]iv_sys_access_init()[1037][0mp2p chn buff size:524288
[[0;35mIV_MID[0m] [0;36m[2025-09-23 11:09:37:199482]iv_sys_access_init()[1057]visible sdk version:16:20:10596.debug
[0m[0;32m[GW_APP] [2025-09-23 19:09:37:199756][sys_read_certificate():552]begin.
[0;37m [0m
[0;32m[GW_APP] [2025-09-23 19:09:37:199907][sys_read_certificate():557]eCertificateType:0
[0;37m [0m
[0;32m[GW_APP] [2025-09-23 19:09:37:317894][sys_read_certificate():608]end CertificateLen:192.[0;37m [0m
id=4763251443 cer_code=727747173 pid=0 utc=1659422934 unique_code=0

[0;32m[GW_APP] [2025-09-23 19:09:37:318632][sys_read_certificate():552]begin.
[0;37m [0m
[0;32m[GW_APP] [2025-09-23 19:09:37:318777][sys_read_certificate():557]eCertificateType:1
[0;37m [0m
[0;32m[GW_APP] [2025-09-23 19:09:37:320726][sys_read_certificate():608]end CertificateLen:144.[0;37m [0m
[0;36m[GW_APP] [2025-09-23 19:09:37:332358][vNewIrCutHanldeFun():304]2 -->> 1[0;37m [0m
[0;36m[GW_APP] [2025-09-23 19:09:37:332551][vNewIrCutHanldeFun():305]0 -->> 0[0;37m [0m
[0;32m[GW_APP] [2025-09-23 19:09:37:353045][SDCard_Mount():284]try to mounting...[0;37m [0m
[0;36m[GW_APP] [2025-09-23 19:09:37:362512][dm_update_tfCardInfo():999]tfCardStatus: 7, freeSpace: 124477824, totalSpace: -124864512[0;37m [0m
iv_access_init_param_cfg cer_code=727747173 dev_id=4763251443 pid=6442451392

[0;32m[GW_APP] [2025-09-23 19:09:37:486213][sys_read_certificate():552]begin.
[0;37m [0m
[0;32m[GW_APP] [2025-09-23 19:09:37:488826][sys_read_certificate():557]eCertificateType:2
[0;37m [0m
[[0;35mIV_MID[0m] [0;36m[2025-09-23 11:09:37:491321]iv_sys_read_certificate()[162]so path[24]:[/rom/ivcert/libwbckey.so]
[0m[[0;35mIV_MID[0m] [0;36m[2025-09-23 11:09:37:653961]iv_cm_get_local_data()[2975]type:1 empty
[0m[[0;35mIV_MID[0m] [0;33m[2025-09-23 11:09:37:654138]iv_cm_get_local_data()[2993]fail:-8
[0m[[0;35mIV_NET[0m] [2025-09-23 11:09:37.878]broadcast_init enter..
[[0;35mIV_NET[0m] broadcast_fd_init pMgr->fdRead=28
[[0;35mIV_NET[0m] [2025-09-23 11:09:37.909]broadcast_fd_init fdRead_ipv6 error!
[[0;35mIV_NET[0m] [2025-09-23 11:09:37.937]broadcast_fd_init create broad cast send ipv6fd socket error!
[dmabuf] mmap(fd=-1) -> 0xb3d8c000 len=8388608
[dmabuf] mmap(fd=-1) -> 0xb358c000 len=8388608
[dmabuf] mmap(fd=-1) -> 0xb2d8c000 len=8388608
[dmabuf] mmap(fd=-1) -> 0xb258c000 len=8388608
[dmabuf] mmap(fd=-1) -> 0xb1d8c000 len=8388608
[dmabuf] mmap(fd=-1) -> 0xb158c000 len=8388608
[msg] Nameserver 8.8.8.8:53 has failed: Network is unreachable
[msg] Nameserver 114.114.114.114:53 has failed: Network is unreachable
[dmabuf] mmap(fd=-1) -> 0xb0d8c000 len=8388608
[dmabuf] mmap(fd=-1) -> 0xb058c000 len=8388608
[[0;35mIV_NET[0m] [2025-09-23 11:09:37.938]broadcast_fd_init bind to udp port: 8901 failed!
[[0;35mIV_NET[0m] [2025-09-23 11:09:37.938]broadcast_init succeed!
[[0;35mIV_NET[0m] start_recv_thread begin
[[0;35mIV_NET[0m] start_recv_thread end
[[0;35mIV_NET[0m] iv_access_init dm_reset_value=0
[[0;35mIV_NET[0m] iv_comm_start_thread end
[[0;35mIV_NET[0m] Compile Date: Jul 18 2023 13:50:52
[[0;35mIV_MID[0m] [0;32m[2025-09-23 11:09:37:942214]iv_sys_access_init()[1101][0mtencent id:4763251443
[[0;35mIV_MID[0m] [0;32m[2025-09-23 11:09:37:942353]iv_cm_dealing_init()[258][0mbegin.
[[0;35mIV_MID[0m] [0;32m[2025-09-23 11:09:37:943072]iv_cm_dealing_init()[272][0mend.
[[0;35mIV_MID[0m] [0;32m[2025-09-23 11:09:37:943240]iv_sys_init()[1442][0mend.
[0;32m[GW_APP] [2025-09-23 19:09:37:943362][sys_init():857]iv_sys_get_gwell_dev_cert_info :0[0;37m [0m
[0;36m[GW_APP] [2025-09-23 19:09:37:943503][sys_init():859]opt: 0[0;37m [0m
[0;36m[GW_APP] [2025-09-23 19:09:37:943672][sys_init():860]resolution: 1[0;37m [0m
[0;36m[GW_APP] [2025-09-23 19:09:37:943801][sys_init():862]devFunc: 0x1[0;37m [0m
[0;36m[GW_APP] [2025-09-23 19:09:37:943921][sys_init():864]manufacturer_id: 1000000437[0;37m [0m
[0;36m[GW_APP] [2025-09-23 19:09:37:944043][sys_init():865]ip_camera: 0x1[0;37m [0m
[[0;35mIV_NET[0m] iv_dm_data_proc begin
[[0;35mIV_NET[0m] iv_comm_run, threadID=100
[[0;35mIV_NET[0m] iv_fast_connect_srv srv_num=3 fast_connect=1
[[0;35mIV_NET[0m] iv_fast_connect_srv primary_srv
[[0;35mIV_NET[0m] broadcast recv proc start!
[[0;35mIV_NET[0m] iv_comm_pingthread 1011
[0;36m[GW_APP] [2025-09-23 19:09:37:944159][sys_init():866]door_bell: 0x0[0;37m [0m
[0;36m[GW_APP] [2025-09-23 19:09:37:961523][sys_init():867]panorama: 0x0[0;37m [0m
[0;36m[GW_APP] [2025-09-23 19:09:37:961712][sys_init():868]keepalive_wifi: 0x0[0;37m [0m
[0;36m[GW_APP] [2025-09-23 19:09:37:961842][sys_init():869]keepalive_ble: 0x0[0;37m [0m
[0;36m[GW_APP] [2025-09-23 19:09:37:961960][sys_init():870]wifi_extender: 0x0[0;37m [0m
[0;36m[GW_APP] [2025-09-23 19:09:37:962078][sys_init():871]support_gunball: 0[0;37m [0m
[0;36m[GW_APP] [2025-09-23 19:09:37:962196][sys_init():872]support_lowpower: 0[0;37m [0m
[0;36m[GW_APP] [2025-09-23 19:09:37:962313][sys_init():873]license_order_id: 2022072827820115[0;37m [0m
[0;36m[GW_APP] [2025-09-23 19:09:37:962446][sys_init():874]resv: [0;37m [0m
[0;36m[GW_APP] [2025-09-23 19:09:37:962563][sys_init():876]end.[0;37m [0m
[0;32m[GW_APP] [2025-09-23 19:09:37:962728][av_talk_init():781]begin.[0;37m [0m
[0;32m[GW_APP] [2025-09-23 19:09:37:962870][set_iv_head_version():769]=========>av_head_version: 0x8
[0;37m [0m
[0;32m[GW_APP] [2025-09-23 19:09:37:963029][av_talk_init():794]u32MaxFrameSize: 320[0;37m [0m
[[0;35mIV_MID[0m] [0;32m[2025-09-23 19:09:37:963191]iv_avt_init()[1878][0mbegin.
[[0;35mIV_MID[0m] [0;33m[2025-09-23 19:09:37:963356]iv_avt_check_init_parm()[107]avt recive cb function[0] NULL.
[0m[[0;35mIV_MID[0m] [0;33m[2025-09-23 19:09:37:963482]iv_avt_check_init_parm()[154]avt multiple cb function[0] NULL.
[0m[[0;35mIV_MID[0m] [0;32m[2025-09-23 19:09:37:964546]iv_avt_init()[1914][0mend.
[0;32m[GW_APP] [2025-09-23 19:09:37:964876][av_talk_init():814]end.[0;37m [0m
[0;32m[GW_APP] [2025-09-23 19:09:37:965029][record_init():751]begin..
[0;37m [0m
[[0;35mIV_MID[0m] [0;32m[2025-09-23 19:09:37:965201]iv_rd_init()[9355][0mbegin.
[[0;35mIV_MID[0m] [0;36m[2025-09-23 19:09:37:965366]iv_rd_check_init_parm()[9311]will be not use iv_rd_get_recording_type_cb
[0m[[0;35mIV_MID[0m] [0;36m[2025-09-23 19:09:37:965481]iv_rd_check_init_parm()[9317]will be not use iv_rd_capture_thumbnail_cb
[0m[[0;35mIV_MID[0m] [0;36m[2025-09-23 19:09:37:965617]iv_rd_init()[9370]sd card path:/mnt/disc1
[0m[[0;35mIV_MID[0m] [0;31m[2025-09-23 19:09:37:966913]iv_load_rd_thumbnail_func()[5554]not support function: 'rd_thumbnail', please compile with libiotvideo_rd_thumbnail
[0m[[0;35mIV_MID[0m] [0;32m[2025-09-23 19:09:37:967113]iv_rd_init()[9395][0mend.
[0;32m[GW_APP] [2025-09-23 19:09:37:967288][record_resolution_set():585]recordResolution: 10[dmabuf] mmap(fd=-1) -> 0xb056c000 len=131072
[dmabuf] mmap(fd=-1) -> 0xafd6c000 len=8388608
[dmabuf] mmap(fd=-1) -> 0xaf56c000 len=8388608
[0;37m [0m
[0;32m[GW_APP] [2025-09-23 19:09:37:967564][record_resolution_init():591]recordResolution: 10 pstSettingInfo->recordResolution :1[0;37m [0m
[0;32m[GW_APP] [2025-09-23 19:09:37:968374][cloud_storage_init():301]begin..
[0;37m [0m
[[0;35mIV_MID[0m] [0;32m[2025-09-23 19:09:37:968553]iv_cs_init()[7953][0mbegin.
[[0;35mIV_MID[0m] [0;32m[2025-09-23 19:09:37:968767]iv_sys_dev_lowpower()[1564][0mdebug sdk force set
[[0;35mIV_MID[0m] [0;32m[2025-09-23 19:09:37:969557]iv_cs_init()[7975][0mend.
[0;36m[GW_APP] [2025-09-23 19:09:37:969728][upgrade_init():262]iv_ota_firmware_update_cb: 0xf9af8[0;37m [0m
[[0;35mIV_MID[0m] [0;32m[2025-09-23 19:09:37:969920]iv_ota_init()[979][0mbegin.
[[0;35mIV_MID[0m] [0;32m[2025-09-23 19:09:37:970795]iv_ota_init()[1003][0mend.
[0;36m[GW_APP] [2025-09-23 19:09:37:970999][SettingInfoLastestVersionIsChanged():387]sCurrentVersion: [33.0.25], sLastestVersion: [33.0.25][0;37m [0m
[[0;35mIV_MID[0m] [0;32m[2025-09-23 19:09:37:971217]iv_uc_init()[129][0mbegin.
[[0;35mIV_MID[0m] [0;32m[2025-09-23 19:09:37:971352]iv_uc_init()[140][0mend.
[0;32m[GW_APP] [2025-09-23 19:09:37:971462][download_res_file_init():427]begin..
[0;37m [0m
[0;36m[GW_APP] [2025-09-23 19:09:37:971586][iotvideo_sdk_init():55]End ...[0;37m [0m
[0;32m[GW_APP] [2025-09-23 19:09:37:971702][vStartMD():288]MD >>>[0;37m [0m
[0;32m[GW_APP] [2025-09-23 19:09:37:971815][vVIControl():263]dwChID= 3,set:1[0;37m [0m
[32m[00:00:08.492|  info|        ] [0menter PlatformViStart
[1;33m[malloc_capture_buffers:115] ion_mem: 0xb5229000, temp: 0x80384000
[m[1;33m[malloc_capture_buffers:122] n_buffers: 0, start: 0xb5229000, length: 2306048
[m[1;33m[malloc_capture_buffers:122] n_buffers: 1, start: 0xb545c000, length: 2306048
[m[1;33m[malloc_capture_buffers:122] n_buffers: 2, start: 0xb568f000, length: 2306048
[m[1;33m[malloc_capture_buffers:122] n_buffers: 3, start: 0xb58c2000, length: 2306048
[m[malloc_capture_buffers:128] set buffer size: 2306048 ok
[1;33m[isp_vi_capture_on:719] stream on, drop first 4 frames
[m[dmabuf] DQBUF: index=0 memory=2 bytesused=1382400 length=1382400
[dmabuf]  userptr=0xb5229000 index=0 len=1382400
ioctl[SIOCSIWAP]: Operation not permitted
[dmabuf] init(pid=564): ioctl=0xb6ea68c8 mmap=0xb6ea5110
[dmabuf] init(pid=565): ioctl=0xb6ea78c8 mmap=0xb6ea6110
[dmabuf]  MATCH: offset=3686400 (dmabuf_fd=7 base=0xb4ea5000 len=25165824)
[dmabuf] mmap(fd=-1) -> 0xaed6c000 len=8388608
[dmabuf] mmap(fd=-1) -> 0xaed4c000 len=131072
[dmabuf] final(pid=565): dmabuf_fd=-1 addr=(nil) len=0
[dmabuf] init(pid=568): ioctl=0xb6e568c8 mmap=0xb6e55110
[dmabuf] init(pid=569): ioctl=0xb6e5e8c8 mmap=0xb6e5d110
Adapter index 3
MAC 90:de:80:3e:0a:b9
udhcpc (v1.24.1) started
Executing /usr/share/udhcpc/default.script deconfig
[dmabuf] init(pid=570): ioctl=0xb6ddc8c8 mmap=0xb6ddb110
[dmabuf] init(pid=571): ioctl=0xb6e418c8 mmap=0xb6e40110
[dmabuf] final(pid=571): dmabuf_fd=-1 addr=(nil) len=0
Entering listen mode: raw
Opening raw socket on ifindex 3
Got raw socket fd
Created raw socket
Adapter index 3
MAC 90:de:80:3e:0a:b9
Sending discover...
Waiting on select 3 seconds
[dmabuf] init(pid=572): ioctl=0xb6def8c8 mmap=0xb6dee110
[dmabuf] init(pid=573): ioctl=0xb6f158c8 mmap=0xb6f14110
[dmabuf] final(pid=573): dmabuf_fd=-1 addr=(nil) len=0
[dmabuf] init(pid=574): ioctl=0xb6e758c8 mmap=0xb6e74110
[dmabuf] final(pid=574): dmabuf_fd=-1 addr=(nil) len=0
[msg] Nameserver 119.29.29.29:53 has failed: Network is unreachable
[msg] All nameservers have failed
[dmabuf] init(pid=575): ioctl=0xb6e158c8 mmap=0xb6e14110
[dmabuf] init(pid=576): ioctl=0xb6f3a8c8 mmap=0xb6f39110
[dmabuf] final(pid=576): dmabuf_fd=-[dmabuf] init(pid=1 addr=(nil) len=0
577): ioctl=0xb6e098c8 mmap=0xb6e08110
[dmabuf] final(pid=577): dmabuf_fd=-1 addr=(nil) len=0
Adapter index 3
MAC 90:de:80:3e:0a:b9
Sending discover...
Waiting on select 3 seconds
Received SIGTERM
[dmabuf] final(pid=569): dmabuf_fd=-1 addr=(nil) len=0
[dmabuf] init(pid=578): ioctl=0xb6e398c8 mmap=0xb6e38110
[dmabuf] init(pid=579): ioctl=0xb6e7d8c8 mmap=0xb6e7c110
Adapter index 3
MAC 90:de:80:3e:0a:b9
udhcpc (v1.24.1) started
Executing /usr/share/udhcpc/default.script deconfig
[dmabuf] init(pid=580): ioctl=0xb6e838c8 mmap=0xb6e82110
[dmabuf] init(pid=581): ioctl=0xb6e718c8 mmap=0xb6e70110
[dmabuf] final(pid=581): dmabuf_fd=-1 addr=(nil) len=0
Entering listen mode: raw
Opening raw socket on ifindex 3
Got raw socket fd
Created raw socket
Adapter index 3
MAC 90:de:80:3e:0a:b9
Sending discover...
Waiting on select 3 seconds
Unrelated/bogus packet, ignoring
Waiting on select 3 seconds
Unrelated/bogus packet, ignoring
Waiting on select 2 seconds
Received a packet
Adapter index 3
MAC 90:de:80:3e:0a:b9
Sending select for 192.168.18.217...
Waiting on select 3 seconds
Received a packet
Lease of 192.168.18.217 obtained, lease time 3600
Executing /usr/share/udhcpc/default.script bound
[dmabuf] init(pid=582): ioctl=0xb6eb88c8 mmap=0xb6eb7110
[dmabuf] init(pid=583): ioctl=0xb6ed18c8 mmap=0xb6ed0110
[dmabuf] init(pid=584): ioctl=0xb6efe8c8 mmap=0xb6efd110
[dmabuf] final(pid=584): dmabuf_fd=-1 addr=(nil) len=0
[dmabuf] init(pid=585): ioctl=0xb6e4f8c8 mmap=0xb6e4e110
[dmabuf] final(pid=585): dmabuf_fd=-1 addr=(nil) len=0
[dmabuf] init(pid=586): ioctl=0xb6dd68c8 mmap=0xb6dd5110
[dmabuf] final(pid=586): dmabuf_fd=-1 addr=(nil) len=0
deleting routes
[dmabuf] init(pid=587): ioctl=0xb6e648c8 mmap=0xb6e63110
route: SIOCDELRT: No such process
[dmabuf] final(pid=587): dmabuf_fd=-1 addr=(nil) len=0
[dmabuf] init(pid=588): ioctl=0xb6dfc8c8 mmap=0xb6dfb110
[dmabuf] final(pid=588): dmabuf_fd=-1 addr=(nil) len=0
adding dns 192.168.18.1
Entering listen mode: none
[dmabuf] final(pid=579): dmabuf_fd=-1 addr=(nil) len=0
[msg] Nameserver 8.8.8.8:53 is back up
[msg] Nameserver 114.114.114.114:53 is back up
[dmabuf] init(pid=590): ioctl=0xb6e298c8 mmap=0xb6e28110
[dmabuf] init(pid=591): ioctl=0xb6f888c8 mmap=0xb6f87110
[dmabuf] final(pid=591): dmabuf_fd=-1 addr=(nil) len=0
[dmabuf] init(pid=592): ioctl=0xb6e078c8 mmap=0xb6e06110
[dmabuf] final(pid=592): dmabuf_fd=-1 addr=(nil) len=0
[dmabuf] init(pid=597): ioctl=0xb6e8c8c8 mmap=0xb6e8b110
[dmabuf] init(pid=598): ioctl=0xb6e228c8 mmap=0xb6e21110
[dmabuf] final(pid=598): dmabuf_fd=-1 addr=(nil) len=0
[dmabuf] init(pid=599): ioctl=0xb6dfe8c8 mmap=0xb6dfd110
[dmabuf] init(pid=600): ioctl=0xb6f098c8 mmap=0xb6f08110
[dmabuf] final(pid=600): dmabuf_fd=-1 addr=(nil) len=0
[dmabuf] init(pid=601): ioctl=0xb6de88c8 mmap=0xb6de7110
[dmabuf] final(pid=601): dmabuf_fd=-1 addr=(nil) len=0
[dmabuf] init(pid=606): ioctl=0xb6e688c8 mmap=0xb6e67110
[dmabuf] init(pid=607): ioctl=0xb6f228c8 mmap=0xb6f21110
[dmabuf] final(pid=607): dmabuf_fd=-1 addr=(nil)[dmabuf] init(pid= len=0
608): ioctl=0xb6dde8c8 mmap=0xb6ddd110
[dmabuf] final(pid=608): dmabuf_fd=-1 addr=(nil) len=0
[dmabuf] init(pid=613): ioctl=0xb6e268c8 mmap=0xb6e25110
[dmabuf] init(pid=614): ioctl=0xb6e998c8 mmap=0xb6e98110
[dmabuf] init(pid=[dmabuf] final(pid=614): dmabuf_fd=-1 addr=(nil) len=0
615): ioctl=0xb6ead8c8 mmap=0xb6eac110
[dmabuf] final(pid=615): dmabuf_fd=-1 addr=(nil) len=0
[dmabuf] init(pid=620): ioctl=0xb6ec18c8 mmap=0xb6ec0110
[dmabuf] init(pid=621): ioctl=0xb6f7c8c8 mmap=0xb6f7b110
[dmabuf] final(pid=621): dmabuf_fd=-1 addr=(nil) len=0
[dmabuf] init(pid=622): ioctl=0xb6ecd8c8 mmap=0xb6ecc110
[dmabuf] final(pid=622): dmabuf_fd=-1 addr=(nil) len=0
[dmabuf] init(pid=627): ioctl=0xb6e4a8c8 mmap=0xb6e49110
[dmabuf] init(pid=628): ioctl=0xb6f2b8c8 mmap=0xb6f2a110
[dmabuf] final(pid=628): dmabuf_fd=-1 addr=(nil) len=0
[dmabuf] init(pid=629): ioctl=0xb6e5b8c8 mmap=0xb6e5a110
[dmabuf] final(pid=629): dmabuf_fd=-1 addr=(nil) len=0
[dmabuf] init(pid=634): ioctl=0xb6e708c8 mmap=0xb6e6f110
[dmabuf] init(pid=635): ioctl=0xb6ed78c8 mmap=0xb6ed6110
[dmabuf] final(pid=635): dmabuf_fd=-1 addr=(nil) len=0
[dmabuf] init(pid=636): ioctl=0xb6dea8c8 mmap=0xb6de9110
[dmabuf] final(pid=636): dmabuf_fd=-1 addr=(nil) len=0
[dmabuf] init(pid=641): ioctl=0xb6e998c8 mmap=0xb6e98110
[dmabuf] init(pid=642): ioctl=0xb6e9b8c8 mmap=0xb6e9a110
[dmabuf] final(pid=642): dmabuf_fd=-1 addr=(nil) len=0
[dmabuf] init(pid=643): ioctl=0xb6e9a8c8 mmap=0xb6e99110
[dmabuf] final(pid=643): dmabuf_fd=-1 addr=(nil) len=0
[dmabuf] init(pid=648): ioctl=0xb6e6b8c8 mmap=0xb6e6a110
[dmabuf] init(pid=649): ioctl=0xb6ead8c8 mmap=0xb6eac110
[dmabuf] final(pid=649): dmabuf_fd=-1 addr=(nil) len=0
[dmabuf] init(pid=650): ioctl=0xb6ec18c8 mmap=0xb6ec0110
[dmabuf] final(pid=650): dmabuf_fd=-1 addr=(nil) len=0
[dmabuf] init(pid=655): ioctl=0xb6ea98c8 mmap=0xb6ea8110
[dmabuf] init(pid=656): ioctl=0xb6ef98c8 mmap=[dmabuf] init(pid=0xb6ef8110
[dmabuf] final(pid=656): dmabuf_fd=-1 addr=(nil) len=0
657): ioctl=0xb6e0e8c8 mmap=0xb6e0d110
[dmabuf] final(pid=657): dmabuf_fd=-1 addr=(nil) len=0
[dmabuf] init(pid=662): ioctl=0xb6e4d8c8 mmap=0xb6e4c110
[dmabuf] init(pid=663): ioctl=0xb6f008c8 mmap=0xb6eff110
[dmabuf] final(pid=663): dmabuf_fd=-1 addr=(nil) len=0
[dmabuf] init(pid=664): ioctl=0xb6e0d8c8 mmap=0xb6e0c110
[dmabuf] final(pid=664): dmabuf_fd=-1 addr=(nil) len=0
