100402293 1 AK_ISP_sdk_init()
[ret] AK_ISP_sdk_init -> 0x00000000
100479538 2 AK_ISP_set_blc_attr(0x006b86bc)
100479950 3 AK_ISP_set_lsc_attr(0x006b8776)
100480365 4 AK_ISP_set_raw_lut_attr(0x006b8836)
100480641 5 AK_ISP_set_nr1_attr(0x006b8ba2)
100480885 6 AK_ISP_set_nr2_attr(0x006b9298)
100481105 7 AK_ISP_set_3d_nr_attr(0x006b947e)
100481332 8 AK_ISP_set_gb_attr(0x006b98be)
100481539 9 AK_ISP_set_demo_attr(0x006b9914)
100481749 10 AK_ISP_set_rgb_gamma_attr(0x006b992a)
100482000 11 AK_ISP_set_ccm_attr(0x006b9c96)
100482288 12 AK_ISP_set_fcs_attr(0x006b9d1e)
100482530 13 AK_ISP_set_wdr_attr(0x006b9d88)
100483209 14 AK_ISP_set_sharp_attr(0x006bc476)
100483694 15 AK_ISP_set_sharp_ex_attr(0x006befac)
100483947 16 AK_ISP_set_saturation_attr(0x006befce)
100484167 17 AK_ISP_set_contrast_attr(0x006bf09c)
100484378 18 AK_ISP_set_rgb2yuv_attr(0x006bf0dc)
100484581 19 AK_ISP_set_effect_attr(0x006bf0e2)
100484782 20 AK_ISP_set_dpc_attr(0x006bf0f0)
100484978 21 AK_ISP_set_sdpc_attr()
[ret] AK_ISP_set_sdpc_attr -> 0x00000000
100485239 22 AK_ISP_set_weight_attr(0x006c014c)
100485468 23 AK_ISP_set_af_attr(0x006c0250)
100485674 24 AK_ISP_set_wb_type(0x006c027e)
100485870 25 AK_ISP_set_mwb_attr(0x006c0280)
100486070 26 AK_ISP_set_awb_attr(0x006c028c)
100486277 27 AK_ISP_set_awb_ex_attr(0x006c0346)
100486487 28 AK_ISP_set_raw_hist_attr(0x006c048e)
100486685 29 AK_ISP_set_rgb_hist_attr(0x006c0490)
100486882 30 AK_ISP_set_yuv_hist_attr(0x006c0492)
100487071 31 AK_ISP_set_exp_type(0x006c0494)
100487258 32 AK_ISP_set_frame_rate(0x006c0496)
100487480 33 AK_ISP_set_ae_attr(0x006c04ae)
100487693 34 AK_ISP_get_frame_rate(0xbeb21940)
100499688 35 AK_ISP_set_misc_attr(0x006c057e)
100499942 36 AK_ISP_set_Y_gamma_attr(0x006c059c)
100500341 37 AK_ISP_set_hue_attr(0x006c06ce)
100505288 38 AK_ISP_set_3d_nr_ref_attr(0xbeb219a8)
100505540 39 AK_ISP_get_awb_attr(0xbeb21900)
100506807 40 AK_ISP_set_awb_attr(0xbeb21900)
100507569 41 AK_ISP_get_frame_rate(0xbeb21990)
103517725 42 AK_ISP_get_awb_attr(0xb4e0aa10)
103588308 43 AK_ISP_set_awb_attr(0xb4e0aa10)
103588612 44 AK_ISP_get_ae_run_info(0xb4e0aa10)
103688972 45 AK_ISP_get_ae_run_info(0xb4e0aa10)
103789389 46 AK_ISP_get_ae_run_info(0xb4e0aa10)
103889775 47 AK_ISP_get_ae_run_info(0xb4e0aa10)
103990175 48 AK_ISP_get_ae_run_info(0xb4e0aa10)
104090571 49 AK_ISP_get_ae_run_info(0xb4e0aa10)
104190943 50 AK_ISP_get_ae_run_info(0xb4e0aa10)
104291339 51 AK_ISP_get_ae_run_info(0xb4e0aa10)
104391750 52 AK_ISP_get_ae_run_info(0xb4e0aa10)
104492139 53 AK_ISP_get_ae_run_info(0xb4e0aa10)
104592535 54 AK_ISP_get_ae_run_info(0xb4e0aa10)
104692943 55 AK_ISP_get_ae_run_info(0xb4e0aa10)
104793338 56 AK_ISP_get_ae_run_info(0xb4e0aa10)
104893747 57 AK_ISP_get_ae_run_info(0xb4e0aa10)
104994719 58 AK_ISP_get_ae_run_info(0xb4e0aa10)
105095679 59 AK_ISP_get_ae_run_info(0xb4e0aa10)
105196227 60 AK_ISP_get_ae_run_info(0xb4e0aa10)
105296620 61 AK_ISP_get_ae_run_info(0xb4e0aa10)
105397019 62 AK_ISP_get_ae_run_info(0xb4e0aa10)
105497415 63 AK_ISP_get_ae_run_info(0xb4e0aa10)
105597820 64 AK_ISP_get_ae_run_info(0xb4e0aa10)
105698202 65 AK_ISP_get_ae_run_info(0xb4e0aa10)
105798602 66 AK_ISP_get_ae_run_info(0xb4e0aa10)
105899004 67 AK_ISP_get_ae_run_info(0xb4e0aa10)
106004286 68 AK_ISP_get_ae_run_info(0xb4e0aa10)
106105965 69 AK_ISP_get_ae_run_info(0xb4e0aa10)
106206769 70 AK_ISP_get_ae_run_info(0xb4e0aa10)
106307217 71 AK_ISP_get_ae_run_info(0xb4e0aa10)
106407666 72 AK_ISP_get_ae_run_info(0xb4e0aa10)
106508138 73 AK_ISP_get_ae_run_info(0xb4e0aa10)
106608548 74 AK_ISP_get_ae_run_info(0xb4e0aa10)
106712847 75 AK_ISP_get_ae_run_info(0xb4e0aa10)
106813515 76 AK_ISP_get_ae_run_info(0xb4e0aa10)
106914015 77 AK_ISP_get_ae_run_info(0xb4e0aa10)
107014511 78 AK_ISP_get_ae_run_info(0xb4e0aa10)
107114949 79 AK_ISP_get_ae_run_info(0xb4e0aa10)
107218269 80 AK_ISP_get_ae_run_info(0xb4e0aa10)
107318666 81 AK_ISP_get_ae_run_info(0xb4e0aa10)
107419053 82 AK_ISP_get_ae_run_info(0xb4e0aa10)
107519509 83 AK_ISP_get_ae_run_info(0xb4e0aa10)
107620998 84 AK_ISP_get_ae_run_info(0xb4e0aa10)
107727154 85 AK_ISP_get_ae_run_info(0xb4e0aa10)
107827922 86 AK_ISP_get_ae_run_info(0xb4e0aa10)
107928489 87 AK_ISP_get_ae_run_info(0xb4e0aa10)
108028878 88 AK_ISP_get_ae_run_info(0xb4e0aa10)
108129819 89 AK_ISP_get_ae_run_info(0xb4e0aa10)
108231613 90 AK_ISP_get_ae_run_info(0xb4e0aa10)
108332005 91 AK_ISP_get_ae_run_info(0xb4e0aa10)
108432429 92 AK_ISP_get_ae_run_info(0xb4e0aa10)
108532933 93 AK_ISP_get_ae_run_info(0xb4e0aa10)
108633352 94 AK_ISP_get_ae_run_info(0xb4e0aa10)
108733808 95 AK_ISP_get_ae_run_info(0xb4e0aa10)
108834263 96 AK_ISP_get_ae_run_info(0xb4e0aa10)
108934667 97 AK_ISP_get_ae_run_info(0xb4e0aa10)
109035089 98 AK_ISP_get_ae_run_info(0xb4e0aa10)
109135499 99 AK_ISP_get_ae_run_info(0xb4e0aa10)
109235906 100 AK_ISP_get_ae_run_info(0xb4e0aa10)
109336400 101 AK_ISP_get_ae_run_info(0xb4e0aa10)
109437707 102 AK_ISP_get_ae_run_info(0xb4e0aa10)
109538177 103 AK_ISP_get_ae_run_info(0xb4e0aa10)
109638662 104 AK_ISP_get_ae_run_info(0xb4e0aa10)
109739026 105 AK_ISP_get_ae_run_info(0xb4e0aa10)
109839473 106 AK_ISP_get_ae_run_info(0xb4e0aa10)
109939882 107 AK_ISP_get_ae_run_info(0xb4e0aa10)
110040459 108 AK_ISP_get_ae_run_info(0xb4e0aa10)
110142349 109 AK_ISP_get_ae_run_info(0xb4e0aa10)
110242792 110 AK_ISP_get_ae_run_info(0xb4e0aa10)
110345820 111 AK_ISP_get_ae_run_info(0xb4e0aa10)
110447834 112 AK_ISP_get_ae_run_info(0xb4e0aa10)
110548732 113 AK_ISP_get_ae_run_info(0xb4e0aa10)
110649465 114 AK_ISP_get_ae_run_info(0xb4e0aa10)
110751917 115 AK_ISP_get_ae_run_info(0xb4e0aa10)
110852960 116 AK_ISP_get_ae_run_info(0xb4e0aa10)
110955409 117 AK_ISP_get_ae_run_info(0xb4e0aa10)
111056882 118 AK_ISP_get_ae_run_info(0xb4e0aa10)
111157558 119 AK_ISP_get_ae_run_info(0xb4e0aa10)
111258546 120 AK_ISP_get_ae_run_info(0xb4e0aa10)
111359716 121 AK_ISP_get_ae_run_info(0xb4e0aa10)
111460103 122 AK_ISP_get_ae_run_info(0xb4e0aa10)
111560478 123 AK_ISP_get_ae_run_info(0xb4e0aa10)
111660856 124 AK_ISP_get_ae_run_info(0xb4e0aa10)
111761247 125 AK_ISP_get_ae_run_info(0xb4e0aa10)
111861631 126 AK_ISP_get_ae_run_info(0xb4e0aa10)
111962038 127 AK_ISP_get_ae_run_info(0xb4e0aa10)
112062452 128 AK_ISP_get_ae_run_info(0xb4e0aa10)
112162879 129 AK_ISP_get_ae_run_info(0xb4e0aa10)
112263248 130 AK_ISP_get_ae_run_info(0xb4e0aa10)
112363619 131 AK_ISP_get_ae_run_info(0xb4e0aa10)
112464000 132 AK_ISP_get_ae_run_info(0xb4e0aa10)
112564369 133 AK_ISP_get_ae_run_info(0xb4e0aa10)
112664770 134 AK_ISP_get_ae_run_info(0xb4e0aa10)
112765139 135 AK_ISP_get_ae_run_info(0xb4e0aa10)
112865640 136 AK_ISP_get_ae_run_info(0xb4e0aa10)
112966052 137 AK_ISP_get_ae_run_info(0xb4e0aa10)
113067521 138 AK_ISP_get_ae_run_info(0xb4e0aa10)
113167936 139 AK_ISP_get_ae_run_info(0xb4e0aa10)
113268363 140 AK_ISP_get_ae_run_info(0xb4e0aa10)
113368844 141 AK_ISP_get_ae_run_info(0xb4e0aa10)
113375741 142 AK_ISP_get_3d_nr_stat_info(0x00676d34)
113386294 143 AK_ISP_get_3d_nr_stat_info(0x00676d34)
113396754 144 AK_ISP_get_3d_nr_stat_info(0x00676d34)
113407211 145 AK_ISP_get_3d_nr_stat_info(0x00676d34)
113420756 146 AK_ISP_get_3d_nr_stat_info(0x00676d34)
113473139 147 AK_ISP_get_ae_run_info(0xb4e0aa10)
113491449 148 AK_ISP_get_3d_nr_stat_info(0x00676d34)
113501992 149 AK_ISP_get_3d_nr_stat_info(0x00676d34)
113521224 150 AK_ISP_get_3d_nr_stat_info(0x00676d34)
113531659 151 AK_ISP_get_3d_nr_stat_info(0x00676d34)
113542135 152 AK_ISP_get_3d_nr_stat_info(0x00676d34)
113552680 153 AK_ISP_get_3d_nr_stat_info(0x00676d34)
113563131 154 AK_ISP_get_3d_nr_stat_info(0x00676d34)
113591121 155 AK_ISP_get_ae_run_info(0xb4e0aa10)
113591395 156 AK_ISP_get_3d_nr_stat_info(0x00676d34)
113601824 157 AK_ISP_get_3d_nr_stat_info(0x00676d34)
113612284 158 AK_ISP_get_3d_nr_stat_info(0x00676d34)
113622779 159 AK_ISP_get_3d_nr_stat_info(0x00676d34)
113633953 160 AK_ISP_get_3d_nr_stat_info(0x00676d34)
113644450 161 AK_ISP_get_3d_nr_stat_info(0x00676d34)
113654897 162 AK_ISP_get_3d_nr_stat_info(0x00676d34)
113714562 163 AK_ISP_get_3d_nr_stat_info(0x00676d34)
113715051 164 AK_ISP_get_ae_run_info(0xb4e0aa10)
113725095 165 AK_ISP_get_3d_nr_stat_info(0x00676d34)
113735612 166 AK_ISP_get_3d_nr_stat_info(0x00676d34)
113746260 167 AK_ISP_get_3d_nr_stat_info(0x00676d34)
113752991 168 AK_ISP_set_blc_attr(0x0075a224)
113753321 169 AK_ISP_set_lsc_attr(0x0075a2de)
113753515 170 AK_ISP_set_raw_lut_attr(0x0075a39e)
113753722 171 AK_ISP_set_nr1_attr(0x0075a70a)
113753963 172 AK_ISP_set_nr2_attr(0x0075ae00)
113754127 173 AK_ISP_set_3d_nr_attr(0x0075afe6)
113754283 174 AK_ISP_set_gb_attr(0x0075b426)
113754422 175 AK_ISP_set_demo_attr(0x0075b47c)
113754559 176 AK_ISP_set_rgb_gamma_attr(0x0075b492)
113754739 177 AK_ISP_set_ccm_attr(0x0075b7fe)
113754885 178 AK_ISP_set_fcs_attr(0x0075b886)
113756910 180 AK_ISP_get_3d_nr_stat_info(0x00676d34)
113755029 179 AK_ISP_set_wdr_attr(0x0075b8f0)
113761651 181 AK_ISP_set_sharp_attr(0x0075dfde)
113762044 182 AK_ISP_set_sharp_ex_attr(0x00760b14)
113762219 183 AK_ISP_set_saturation_attr(0x00760b36)
113762371 184 AK_ISP_set_contrast_attr(0x00760c04)
113765864 185 AK_ISP_set_rgb2yuv_attr(0x00760c44)
113766041 186 AK_ISP_set_effect_attr(0x00760c4a)
113766184 187 AK_ISP_set_dpc_attr(0x00760c58)
113766323 188 AK_ISP_set_sdpc_attr()
[ret] AK_ISP_set_sdpc_attr -> 0x00000000
113766495 189 AK_ISP_set_weight_attr(0x00761cb4)
113766673 190 AK_ISP_set_af_attr(0x00761db8)
113766825 191 AK_ISP_set_wb_type(0x00761de6)
113766960 192 AK_ISP_set_mwb_attr(0x00761de8)
113767090 193 AK_ISP_set_awb_attr(0x00761df4)
113767227 194 AK_ISP_set_awb_ex_attr(0x00761eae)
113767481 195 AK_ISP_get_3d_nr_stat_info(0x00676d34)
113767857 196 AK_ISP_set_raw_hist_attr(0x00761ff6)
113768036 197 AK_ISP_set_rgb_hist_attr(0x00761ff8)
113768173 198 AK_ISP_set_yuv_hist_attr(0x00761ffa)
113768303 199 AK_ISP_set_exp_type(0x00761ffc)
113768454 200 AK_ISP_set_frame_rate(0x00761ffe)
113768591 201 AK_ISP_set_ae_attr(0x00762016)
113768740 202 AK_ISP_get_frame_rate(0xbeb219e0)
113777984 203 AK_ISP_get_3d_nr_stat_info(0x00676d34)
113788679 204 AK_ISP_get_3d_nr_stat_info(0x00676d34)
113799101 205 AK_ISP_get_3d_nr_stat_info(0x00676d34)
113801627 206 AK_ISP_set_Y_gamma_attr(0x00762104)
113809511 207 AK_ISP_get_3d_nr_stat_info(0x00676d34)
113810487 208 AK_ISP_set_hue_attr(0x00762236)
113810774 209 AK_ISP_get_effect_attr(0xbeb2195c)
113811460 210 AK_ISP_set_effect_attr(0xbeb2195c)
113816251 212 AK_ISP_get_ae_attr(0xbeb2195c)
113816441 213 AK_ISP_set_ae_attr(0xbeb2195c)
113816591 214 AK_ISP_get_effect_attr(0xbeb2195c)
113816725 215 AK_ISP_set_effect_attr(0xbeb2195c)
113816985 216 AK_ISP_get_effect_attr(0xbeb2195c)
113817136 217 AK_ISP_set_effect_attr(0xbeb2195c)
113817807 218 AK_ISP_set_sharp_attr(0xbeb1ee00)
113815770 211 AK_ISP_get_ae_run_info(0xb4e0aa10)
113819949 219 AK_ISP_get_frame_rate(0xbeb219f0)
113820648 220 AK_ISP_get_3d_nr_stat_info(0x00676d34)
113836444 221 AK_ISP_get_3d_nr_stat_info(0x00676d34)
113837150 222 AK_ISP_get_ae_attr(0xbeb2195c)
113837356 223 AK_ISP_set_ae_attr(0xbeb2195c)
113846904 224 AK_ISP_get_3d_nr_stat_info(0x00676d34)
113857309 225 AK_ISP_get_3d_nr_stat_info(0x00676d34)
113867732 226 AK_ISP_get_3d_nr_stat_info(0x00676d34)
113878153 227 AK_ISP_get_3d_nr_stat_info(0x00676d34)
113888547 228 AK_ISP_get_3d_nr_stat_info(0x00676d34)
113898958 229 AK_ISP_get_3d_nr_stat_info(0x00676d34)
113909351 230 AK_ISP_get_3d_nr_stat_info(0x00676d34)
113918906 231 AK_ISP_get_ae_run_info(0xb4e0aa10)
113919802 232 AK_ISP_get_3d_nr_stat_info(0x00676d34)
113930338 233 AK_ISP_get_3d_nr_stat_info(0x00676d34)
113940720 234 AK_ISP_get_3d_nr_stat_info(0x00676d34)
113951129 235 AK_ISP_get_3d_nr_stat_info(0x00676d34)
113961514 236 AK_ISP_get_3d_nr_stat_info(0x00676d34)
113971922 237 AK_ISP_get_3d_nr_stat_info(0x00676d34)
113982291 238 AK_ISP_get_3d_nr_stat_info(0x00676d34)
113992669 239 AK_ISP_get_3d_nr_stat_info(0x00676d34)
114003170 240 AK_ISP_get_3d_nr_stat_info(0x00676d34)
114013558 241 AK_ISP_get_3d_nr_stat_info(0x00676d34)
114019302 242 AK_ISP_get_ae_run_info(0xb4e0aa10)
114024450 243 AK_ISP_get_3d_nr_stat_info(0x00676d34)
114035017 244 AK_ISP_get_3d_nr_stat_info(0x00676d34)
114045620 245 AK_ISP_get_3d_nr_stat_info(0x00676d34)
114055986 246 AK_ISP_get_3d_nr_stat_info(0x00676d34)
114066364 247 AK_ISP_get_3d_nr_stat_info(0x00676d34)
114076752 248 AK_ISP_get_3d_nr_stat_info(0x00676d34)
114087173 249 AK_ISP_get_3d_nr_stat_info(0x00676d34)
114097558 250 AK_ISP_get_3d_nr_stat_info(0x00676d34)
114108058 251 AK_ISP_get_3d_nr_stat_info(0x00676d34)
114118498 252 AK_ISP_get_3d_nr_stat_info(0x00676d34)
114119691 253 AK_ISP_get_ae_run_info(0xb4e0aa10)
114128883 254 AK_ISP_get_3d_nr_stat_info(0x00676d34)
114139268 255 AK_ISP_get_3d_nr_stat_info(0x00676d34)
114149666 256 AK_ISP_get_3d_nr_stat_info(0x00676d34)
114160060 257 AK_ISP_get_3d_nr_stat_info(0x00676d34)
114170483 258 AK_ISP_get_3d_nr_stat_info(0x00676d34)
114180868 259 AK_ISP_get_3d_nr_stat_info(0x00676d34)
114191278 260 AK_ISP_get_3d_nr_stat_info(0x00676d34)
114201754 261 AK_ISP_get_3d_nr_stat_info(0x00676d34)
114212564 262 AK_ISP_get_3d_nr_stat_info(0x00676d34)
114220132 263 AK_ISP_get_ae_run_info(0xb4e0aa10)
114223016 264 AK_ISP_get_3d_nr_stat_info(0x00676d34)
114233414 265 AK_ISP_get_3d_nr_stat_info(0x00676d34)
114243814 266 AK_ISP_get_3d_nr_stat_info(0x00676d34)
114254199 267 AK_ISP_get_3d_nr_stat_info(0x00676d34)
114264576 268 AK_ISP_get_3d_nr_stat_info(0x00676d34)
114274973 269 AK_ISP_get_3d_nr_stat_info(0x00676d34)
114285391 270 AK_ISP_get_3d_nr_stat_info(0x00676d34)
114295780 271 AK_ISP_get_3d_nr_stat_info(0x00676d34)
114306160 272 AK_ISP_get_3d_nr_stat_info(0x00676d34)
114316562 273 AK_ISP_get_3d_nr_stat_info(0x00676d34)
114320510 274 AK_ISP_get_ae_run_info(0xb4e0aa10)
114326960 275 AK_ISP_get_3d_nr_stat_info(0x00676d34)
114337353 276 AK_ISP_get_3d_nr_stat_info(0x00676d34)
114347736 277 AK_ISP_get_3d_nr_stat_info(0x00676d34)
114358149 278 AK_ISP_get_3d_nr_stat_info(0x00676d34)
114368530 279 AK_ISP_get_3d_nr_stat_info(0x00676d34)
114379048 280 AK_ISP_get_3d_nr_stat_info(0x00676d34)
114389429 281 AK_ISP_get_3d_nr_stat_info(0x00676d34)
114399811 282 AK_ISP_get_3d_nr_stat_info(0x00676d34)
114410401 283 AK_ISP_get_3d_nr_stat_info(0x00676d34)
114420891 284 AK_ISP_get_ae_run_info(0xb4e0aa10)
114421171 285 AK_ISP_get_3d_nr_stat_info(0x00676d34)
114431556 286 AK_ISP_get_3d_nr_stat_info(0x00676d34)
114441943 287 AK_ISP_get_3d_nr_stat_info(0x00676d34)
114452315 288 AK_ISP_get_3d_nr_stat_info(0x00676d34)
114462704 289 AK_ISP_get_3d_nr_stat_info(0x00676d34)
114473112 290 AK_ISP_get_3d_nr_stat_info(0x00676d34)
114483502 291 AK_ISP_get_3d_nr_stat_info(0x00676d34)
114493891 292 AK_ISP_get_3d_nr_stat_info(0x00676d34)
114504320 293 AK_ISP_get_3d_nr_stat_info(0x00676d34)
114515441 294 AK_ISP_get_3d_nr_stat_info(0x00676d34)
114521464 295 AK_ISP_get_ae_run_info(0xb4e0aa10)
114525844 296 AK_ISP_get_3d_nr_stat_info(0x00676d34)
114536247 297 AK_ISP_get_3d_nr_stat_info(0x00676d34)
114546671 298 AK_ISP_get_3d_nr_stat_info(0x00676d34)
114557050 299 AK_ISP_get_3d_nr_stat_info(0x00676d34)
114567436 300 AK_ISP_get_3d_nr_stat_info(0x00676d34)
114577858 301 AK_ISP_get_3d_nr_stat_info(0x00676d34)
114588248 302 AK_ISP_get_3d_nr_stat_info(0x00676d34)
114598619 303 AK_ISP_get_3d_nr_stat_info(0x00676d34)
114608994 304 AK_ISP_get_3d_nr_stat_info(0x00676d34)
114619363 305 AK_ISP_get_3d_nr_stat_info(0x00676d34)
114621863 306 AK_ISP_get_ae_run_info(0xb4e0aa10)
114629766 307 AK_ISP_get_3d_nr_stat_info(0x00676d34)
114640274 308 AK_ISP_get_3d_nr_stat_info(0x00676d34)
114650697 309 AK_ISP_get_3d_nr_stat_info(0x00676d34)
114661083 310 AK_ISP_get_3d_nr_stat_info(0x00676d34)
114671487 311 AK_ISP_get_3d_nr_stat_info(0x00676d34)
114681933 312 AK_ISP_get_3d_nr_stat_info(0x00676d34)
114692323 313 AK_ISP_get_3d_nr_stat_info(0x00676d34)
114702723 314 AK_ISP_get_3d_nr_stat_info(0x00676d34)
114713134 315 AK_ISP_get_3d_nr_stat_info(0x00676d34)
114722325 316 AK_ISP_get_ae_run_info(0xb4e0aa10)
114723927 317 AK_ISP_get_3d_nr_stat_info(0x00676d34)
114734536 318 AK_ISP_get_3d_nr_stat_info(0x00676d34)
114745063 319 AK_ISP_get_3d_nr_stat_info(0x00676d34)
114755453 320 AK_ISP_get_3d_nr_stat_info(0x00676d34)
114765865 321 AK_ISP_get_3d_nr_stat_info(0x00676d34)
114776490 322 AK_ISP_get_3d_nr_stat_info(0x00676d34)
114786978 323 AK_ISP_get_3d_nr_stat_info(0x00676d34)
114797347 324 AK_ISP_get_3d_nr_stat_info(0x00676d34)
114807743 325 AK_ISP_get_3d_nr_stat_info(0x00676d34)
114818320 326 AK_ISP_get_3d_nr_stat_info(0x00676d34)
114822819 327 AK_ISP_get_ae_run_info(0xb4e0aa10)
114828710 328 AK_ISP_get_3d_nr_stat_info(0x00676d34)
114839138 329 AK_ISP_get_3d_nr_stat_info(0x00676d34)
114849520 330 AK_ISP_get_3d_nr_stat_info(0x00676d34)
114859883 331 AK_ISP_get_3d_nr_stat_info(0x00676d34)
114870691 332 AK_ISP_get_3d_nr_stat_info(0x00676d34)
114881139 333 AK_ISP_get_3d_nr_stat_info(0x00676d34)
114891529 334 AK_ISP_get_3d_nr_stat_info(0x00676d34)
114901935 335 AK_ISP_get_3d_nr_stat_info(0x00676d34)
114912344 336 AK_ISP_get_3d_nr_stat_info(0x00676d34)
114922730 337 AK_ISP_get_3d_nr_stat_info(0x00676d34)
114923294 338 AK_ISP_get_ae_run_info(0xb4e0aa10)
114933760 339 AK_ISP_get_3d_nr_stat_info(0x00676d34)
114944199 340 AK_ISP_get_3d_nr_stat_info(0x00676d34)
114954607 341 AK_ISP_get_3d_nr_stat_info(0x00676d34)
114964995 342 AK_ISP_get_3d_nr_stat_info(0x00676d34)
114975376 343 AK_ISP_get_3d_nr_stat_info(0x00676d34)
114985770 344 AK_ISP_get_3d_nr_stat_info(0x00676d34)
114996160 345 AK_ISP_get_3d_nr_stat_info(0x00676d34)
115006545 346 AK_ISP_get_3d_nr_stat_info(0x00676d34)
115016939 347 AK_ISP_get_3d_nr_stat_info(0x00676d34)
115023645 348 AK_ISP_get_ae_run_info(0xb4e0aa10)
115027353 349 AK_ISP_get_3d_nr_stat_info(0x00676d34)
115037722 350 AK_ISP_get_3d_nr_stat_info(0x00676d34)
115048122 351 AK_ISP_get_3d_nr_stat_info(0x00676d34)
115058505 352 AK_ISP_get_3d_nr_stat_info(0x00676d34)
115068889 353 AK_ISP_get_3d_nr_stat_info(0x00676d34)
115079300 354 AK_ISP_get_3d_nr_stat_info(0x00676d34)
115089694 355 AK_ISP_get_3d_nr_stat_info(0x00676d34)
115100143 356 AK_ISP_get_3d_nr_stat_info(0x00676d34)
115110683 357 AK_ISP_get_3d_nr_stat_info(0x00676d34)
115121085 358 AK_ISP_get_3d_nr_stat_info(0x00676d34)
115124004 359 AK_ISP_get_ae_run_info(0xb4e0aa10)
115131481 360 AK_ISP_get_3d_nr_stat_info(0x00676d34)
115141879 361 AK_ISP_get_3d_nr_stat_info(0x00676d34)
115152373 362 AK_ISP_get_3d_nr_stat_info(0x00676d34)
115162761 363 AK_ISP_get_3d_nr_stat_info(0x00676d34)
115173306 364 AK_ISP_get_3d_nr_stat_info(0x00676d34)
115183765 365 AK_ISP_get_3d_nr_stat_info(0x00676d34)
115194218 366 AK_ISP_get_3d_nr_stat_info(0x00676d34)
115204732 367 AK_ISP_get_3d_nr_stat_info(0x00676d34)
115215211 368 AK_ISP_get_3d_nr_stat_info(0x00676d34)
115224532 369 AK_ISP_get_ae_run_info(0xb4e0aa10)
115225676 370 AK_ISP_get_3d_nr_stat_info(0x00676d34)
115236127 371 AK_ISP_get_3d_nr_stat_info(0x00676d34)
115246566 372 AK_ISP_get_3d_nr_stat_info(0x00676d34)
115257269 373 AK_ISP_get_3d_nr_stat_info(0x00676d34)
115267674 374 AK_ISP_get_3d_nr_stat_info(0x00676d34)
115278227 375 AK_ISP_get_3d_nr_stat_info(0x00676d34)
115288676 376 AK_ISP_get_3d_nr_stat_info(0x00676d34)
115299154 377 AK_ISP_get_3d_nr_stat_info(0x00676d34)
115309599 378 AK_ISP_get_3d_nr_stat_info(0x00676d34)
115320154 379 AK_ISP_get_3d_nr_stat_info(0x00676d34)
115324957 380 AK_ISP_get_ae_run_info(0xb4e0aa10)
115330610 381 AK_ISP_get_3d_nr_stat_info(0x00676d34)
115341109 382 AK_ISP_get_3d_nr_stat_info(0x00676d34)
115351568 383 AK_ISP_get_3d_nr_stat_info(0x00676d34)
115362163 384 AK_ISP_get_3d_nr_stat_info(0x00676d34)
115372651 385 AK_ISP_get_3d_nr_stat_info(0x00676d34)
115383120 386 AK_ISP_get_3d_nr_stat_info(0x00676d34)
115393594 387 AK_ISP_get_3d_nr_stat_info(0x00676d34)
115404405 388 AK_ISP_get_3d_nr_stat_info(0x00676d34)
115414840 389 AK_ISP_get_3d_nr_stat_info(0x00676d34)
115425316 390 AK_ISP_get_ae_run_info(0xb4e0aa10)
115425226 391 AK_ISP_get_3d_nr_stat_info(0x00676d34)
115436188 392 AK_ISP_get_3d_nr_stat_info(0x00676d34)
115446651 393 AK_ISP_get_3d_nr_stat_info(0x00676d34)
115457034 394 AK_ISP_get_3d_nr_stat_info(0x00676d34)
115467462 395 AK_ISP_get_3d_nr_stat_info(0x00676d34)
115477912 396 AK_ISP_get_3d_nr_stat_info(0x00676d34)
115488313 397 AK_ISP_get_3d_nr_stat_info(0x00676d34)
115498704 398 AK_ISP_get_3d_nr_stat_info(0x00676d34)
115509082 399 AK_ISP_get_3d_nr_stat_info(0x00676d34)
115519491 400 AK_ISP_get_3d_nr_stat_info(0x00676d34)
115525665 401 AK_ISP_get_ae_run_info(0xb4e0aa10)
115530541 402 AK_ISP_get_3d_nr_stat_info(0x00676d34)
115540933 403 AK_ISP_get_3d_nr_stat_info(0x00676d34)
115551324 404 AK_ISP_get_3d_nr_stat_info(0x00676d34)
115561710 405 AK_ISP_get_3d_nr_stat_info(0x00676d34)
115572398 406 AK_ISP_get_3d_nr_stat_info(0x00676d34)
115583013 407 AK_ISP_get_3d_nr_stat_info(0x00676d34)
115593621 408 AK_ISP_get_3d_nr_stat_info(0x00676d34)
115604371 409 AK_ISP_get_3d_nr_stat_info(0x00676d34)
115614754 410 AK_ISP_get_3d_nr_stat_info(0x00676d34)
115625272 411 AK_ISP_get_3d_nr_stat_info(0x00676d34)
115626055 412 AK_ISP_get_ae_run_info(0xb4e0aa10)
115635652 413 AK_ISP_get_3d_nr_stat_info(0x00676d34)
115646034 414 AK_ISP_get_3d_nr_stat_info(0x00676d34)
115656413 415 AK_ISP_get_3d_nr_stat_info(0x00676d34)
115666825 416 AK_ISP_get_3d_nr_stat_info(0x00676d34)
115677286 417 AK_ISP_get_3d_nr_stat_info(0x00676d34)
115687667 418 AK_ISP_get_3d_nr_stat_info(0x00676d34)
115698447 419 AK_ISP_get_3d_nr_stat_info(0x00676d34)
115708854 420 AK_ISP_get_3d_nr_stat_info(0x00676d34)
115719251 421 AK_ISP_get_3d_nr_stat_info(0x00676d34)
115726424 422 AK_ISP_get_ae_run_info(0xb4e0aa10)
115729634 423 AK_ISP_get_3d_nr_stat_info(0x00676d34)
115740073 424 AK_ISP_get_3d_nr_stat_info(0x00676d34)
115750482 425 AK_ISP_get_3d_nr_stat_info(0x00676d34)
115761268 426 AK_ISP_get_3d_nr_stat_info(0x00676d34)
115771790 427 AK_ISP_get_3d_nr_stat_info(0x00676d34)
115782215 428 AK_ISP_get_3d_nr_stat_info(0x00676d34)
115792617 429 AK_ISP_get_3d_nr_stat_info(0x00676d34)
115803073 430 AK_ISP_get_3d_nr_stat_info(0x00676d34)
115813443 431 AK_ISP_get_3d_nr_stat_info(0x00676d34)
115823818 432 AK_ISP_get_3d_nr_stat_info(0x00676d34)
115826777 433 AK_ISP_get_ae_run_info(0xb4e0aa10)
115834226 434 AK_ISP_get_3d_nr_stat_info(0x00676d34)
115844646 435 AK_ISP_get_3d_nr_stat_info(0x00676d34)
115855055 436 AK_ISP_get_3d_nr_stat_info(0x00676d34)
115865448 437 AK_ISP_get_3d_nr_stat_info(0x00676d34)
115875923 438 AK_ISP_get_3d_nr_stat_info(0x00676d34)
115886360 439 AK_ISP_get_3d_nr_stat_info(0x00676d34)
115896744 440 AK_ISP_get_3d_nr_stat_info(0x00676d34)
115907139 441 AK_ISP_get_3d_nr_stat_info(0x00676d34)
115917541 442 AK_ISP_get_3d_nr_stat_info(0x00676d34)
115927191 443 AK_ISP_get_ae_run_info(0xb4e0aa10)
115927929 444 AK_ISP_get_3d_nr_stat_info(0x00676d34)
115938354 445 AK_ISP_get_3d_nr_stat_info(0x00676d34)
115948748 446 AK_ISP_get_3d_nr_stat_info(0x00676d34)
115959120 447 AK_ISP_get_3d_nr_stat_info(0x00676d34)
115969507 448 AK_ISP_get_3d_nr_stat_info(0x00676d34)
115979879 449 AK_ISP_get_3d_nr_stat_info(0x00676d34)
115990587 450 AK_ISP_get_3d_nr_stat_info(0x00676d34)
116000977 451 AK_ISP_get_3d_nr_stat_info(0x00676d34)
116011389 452 AK_ISP_get_3d_nr_stat_info(0x00676d34)
116021774 453 AK_ISP_get_3d_nr_stat_info(0x00676d34)
116027562 454 AK_ISP_get_ae_run_info(0xb4e0aa10)
116032175 455 AK_ISP_get_3d_nr_stat_info(0x00676d34)
116042561 456 AK_ISP_get_3d_nr_stat_info(0x00676d34)
116052942 457 AK_ISP_get_3d_nr_stat_info(0x00676d34)
116063324 458 AK_ISP_get_3d_nr_stat_info(0x00676d34)
116073713 459 AK_ISP_get_3d_nr_stat_info(0x00676d34)
116084106 460 AK_ISP_get_3d_nr_stat_info(0x00676d34)
116094516 461 AK_ISP_get_3d_nr_stat_info(0x00676d34)
116104899 462 AK_ISP_get_3d_nr_stat_info(0x00676d34)
116115270 463 AK_ISP_get_3d_nr_stat_info(0x00676d34)
116125641 464 AK_ISP_get_3d_nr_stat_info(0x00676d34)
116127954 465 AK_ISP_get_ae_run_info(0xb4e0aa10)
116136062 466 AK_ISP_get_3d_nr_stat_info(0x00676d34)
116146459 467 AK_ISP_get_3d_nr_stat_info(0x00676d34)
116156841 468 AK_ISP_get_3d_nr_stat_info(0x00676d34)
116167224 469 AK_ISP_get_3d_nr_stat_info(0x00676d34)
116177598 470 AK_ISP_get_3d_nr_stat_info(0x00676d34)
116187979 471 AK_ISP_get_3d_nr_stat_info(0x00676d34)
116198370 472 AK_ISP_get_3d_nr_stat_info(0x00676d34)
116208752 473 AK_ISP_get_3d_nr_stat_info(0x00676d34)
116219154 474 AK_ISP_get_3d_nr_stat_info(0x00676d34)
116228395 475 AK_ISP_get_ae_run_info(0xb4e0aa10)
116229911 476 AK_ISP_get_3d_nr_stat_info(0x00676d34)
116240420 477 AK_ISP_get_3d_nr_stat_info(0x00676d34)
116251097 478 AK_ISP_get_3d_nr_stat_info(0x00676d34)
116261490 479 AK_ISP_get_3d_nr_stat_info(0x00676d34)
116271891 480 AK_ISP_get_3d_nr_stat_info(0x00676d34)
116282457 481 AK_ISP_get_3d_nr_stat_info(0x00676d34)
116292841 482 AK_ISP_get_3d_nr_stat_info(0x00676d34)
116303357 483 AK_ISP_get_3d_nr_stat_info(0x00676d34)
116314108 484 AK_ISP_get_3d_nr_stat_info(0x00676d34)
116324746 485 AK_ISP_get_3d_nr_stat_info(0x00676d34)
116328782 486 AK_ISP_get_ae_run_info(0xb4e0aa10)
116336752 487 AK_ISP_get_3d_nr_stat_info(0x00676d34)
116347154 488 AK_ISP_get_3d_nr_stat_info(0x00676d34)
116357543 489 AK_ISP_get_3d_nr_stat_info(0x00676d34)
116367920 490 AK_ISP_get_3d_nr_stat_info(0x00676d34)
116378305 491 AK_ISP_get_3d_nr_stat_info(0x00676d34)
116388722 492 AK_ISP_get_3d_nr_stat_info(0x00676d34)
116399118 493 AK_ISP_get_3d_nr_stat_info(0x00676d34)
116409535 494 AK_ISP_get_3d_nr_stat_info(0x00676d34)
116420194 495 AK_ISP_get_3d_nr_stat_info(0x00676d34)
116429140 496 AK_ISP_get_ae_run_info(0xb4e0aa10)
116430617 497 AK_ISP_get_3d_nr_stat_info(0x00676d34)
116440995 498 AK_ISP_get_3d_nr_stat_info(0x00676d34)
116451374 499 AK_ISP_get_3d_nr_stat_info(0x00676d34)
116461753 500 AK_ISP_get_3d_nr_stat_info(0x00676d34)
116472120 501 AK_ISP_get_3d_nr_stat_info(0x00676d34)
116482692 502 AK_ISP_get_3d_nr_stat_info(0x00676d34)
116493225 503 AK_ISP_get_3d_nr_stat_info(0x00676d34)
116503647 504 AK_ISP_get_3d_nr_stat_info(0x00676d34)
116514050 505 AK_ISP_get_3d_nr_stat_info(0x00676d34)
116524445 506 AK_ISP_get_3d_nr_stat_info(0x00676d34)
116529502 507 AK_ISP_get_ae_run_info(0xb4e0aa10)
116534834 508 AK_ISP_get_3d_nr_stat_info(0x00676d34)
116545225 509 AK_ISP_get_3d_nr_stat_info(0x00676d34)
116555776 510 AK_ISP_get_3d_nr_stat_info(0x00676d34)
116566164 511 AK_ISP_get_3d_nr_stat_info(0x00676d34)
116576553 512 AK_ISP_get_3d_nr_stat_info(0x00676d34)
116587109 513 AK_ISP_get_3d_nr_stat_info(0x00676d34)
116597480 514 AK_ISP_get_3d_nr_stat_info(0x00676d34)
116607897 515 AK_ISP_get_3d_nr_stat_info(0x00676d34)
116618288 516 AK_ISP_get_3d_nr_stat_info(0x00676d34)
116628669 517 AK_ISP_get_3d_nr_stat_info(0x00676d34)
116629891 518 AK_ISP_get_ae_run_info(0xb4e0aa10)
116639069 519 AK_ISP_get_3d_nr_stat_info(0x00676d34)
116649451 520 AK_ISP_get_3d_nr_stat_info(0x00676d34)
116659821 521 AK_ISP_get_3d_nr_stat_info(0x00676d34)
116670340 522 AK_ISP_get_3d_nr_stat_info(0x00676d34)
116680834 523 AK_ISP_get_3d_nr_stat_info(0x00676d34)
116691222 524 AK_ISP_get_3d_nr_stat_info(0x00676d34)
116701622 525 AK_ISP_get_3d_nr_stat_info(0x00676d34)
116712027 526 AK_ISP_get_3d_nr_stat_info(0x00676d34)
116722427 527 AK_ISP_get_3d_nr_stat_info(0x00676d34)
116730381 528 AK_ISP_get_ae_run_info(0xb4e0aa10)
116732849 529 AK_ISP_get_3d_nr_stat_info(0x00676d34)
116743234 530 AK_ISP_get_3d_nr_stat_info(0x00676d34)
116753758 531 AK_ISP_get_3d_nr_stat_info(0x00676d34)
116764180 532 AK_ISP_get_3d_nr_stat_info(0x00676d34)
116774572 533 AK_ISP_get_3d_nr_stat_info(0x00676d34)
116784945 534 AK_ISP_get_3d_nr_stat_info(0x00676d34)
116795469 535 AK_ISP_get_3d_nr_stat_info(0x00676d34)
116805852 536 AK_ISP_get_3d_nr_stat_info(0x00676d34)
116816254 537 AK_ISP_get_3d_nr_stat_info(0x00676d34)
116826650 538 AK_ISP_get_3d_nr_stat_info(0x00676d34)
116830764 539 AK_ISP_get_ae_run_info(0xb4e0aa10)
116837031 540 AK_ISP_get_3d_nr_stat_info(0x00676d34)
116847409 541 AK_ISP_get_3d_nr_stat_info(0x00676d34)
116857803 542 AK_ISP_get_3d_nr_stat_info(0x00676d34)
116868281 543 AK_ISP_get_3d_nr_stat_info(0x00676d34)
116878660 544 AK_ISP_get_3d_nr_stat_info(0x00676d34)
116889068 545 AK_ISP_get_3d_nr_stat_info(0x00676d34)
116899424 546 AK_ISP_get_3d_nr_stat_info(0x00676d34)
116909814 547 AK_ISP_get_3d_nr_stat_info(0x00676d34)
116920351 548 AK_ISP_get_3d_nr_stat_info(0x00676d34)
116930774 549 AK_ISP_get_3d_nr_stat_info(0x00676d34)
116931217 550 AK_ISP_get_ae_run_info(0xb4e0aa10)
116941781 551 AK_ISP_get_3d_nr_stat_info(0x00676d34)
116952183 552 AK_ISP_get_3d_nr_stat_info(0x00676d34)
116962580 553 AK_ISP_get_3d_nr_stat_info(0x00676d34)
116972982 554 AK_ISP_get_3d_nr_stat_info(0x00676d34)
116983425 555 AK_ISP_get_3d_nr_stat_info(0x00676d34)
116994184 556 AK_ISP_get_3d_nr_stat_info(0x00676d34)
117004805 557 AK_ISP_get_3d_nr_stat_info(0x00676d34)
117015405 558 AK_ISP_get_3d_nr_stat_info(0x00676d34)
117026015 559 AK_ISP_get_3d_nr_stat_info(0x00676d34)
117031566 560 AK_ISP_get_ae_run_info(0xb4e0aa10)
117036551 561 AK_ISP_get_3d_nr_stat_info(0x00676d34)
117047024 562 AK_ISP_get_3d_nr_stat_info(0x00676d34)
117057408 563 AK_ISP_get_3d_nr_stat_info(0x00676d34)
117067783 564 AK_ISP_get_3d_nr_stat_info(0x00676d34)
117078145 565 AK_ISP_get_3d_nr_stat_info(0x00676d34)
117088571 566 AK_ISP_get_3d_nr_stat_info(0x00676d34)
117098953 567 AK_ISP_get_3d_nr_stat_info(0x00676d34)
117109371 568 AK_ISP_get_3d_nr_stat_info(0x00676d34)
117119758 569 AK_ISP_get_3d_nr_stat_info(0x00676d34)
117130171 570 AK_ISP_get_3d_nr_stat_info(0x00676d34)
117131921 571 AK_ISP_get_ae_run_info(0xb4e0aa10)
117140582 572 AK_ISP_get_3d_nr_stat_info(0x00676d34)
117151005 573 AK_ISP_get_3d_nr_stat_info(0x00676d34)
117161388 574 AK_ISP_get_3d_nr_stat_info(0x00676d34)
117171765 575 AK_ISP_get_3d_nr_stat_info(0x00676d34)
117182151 576 AK_ISP_get_3d_nr_stat_info(0x00676d34)
117192519 577 AK_ISP_get_3d_nr_stat_info(0x00676d34)
117202901 578 AK_ISP_get_3d_nr_stat_info(0x00676d34)
117213281 579 AK_ISP_get_3d_nr_stat_info(0x00676d34)
117223709 580 AK_ISP_get_3d_nr_stat_info(0x00676d34)
117232301 581 AK_ISP_get_ae_run_info(0xb4e0aa10)
117234131 582 AK_ISP_get_3d_nr_stat_info(0x00676d34)
117244568 583 AK_ISP_get_3d_nr_stat_info(0x00676d34)
117254946 584 AK_ISP_get_3d_nr_stat_info(0x00676d34)
117265316 585 AK_ISP_get_3d_nr_stat_info(0x00676d34)
117275694 586 AK_ISP_get_3d_nr_stat_info(0x00676d34)
117286084 587 AK_ISP_get_3d_nr_stat_info(0x00676d34)
117296466 588 AK_ISP_get_3d_nr_stat_info(0x00676d34)
117306841 589 AK_ISP_get_3d_nr_stat_info(0x00676d34)
117317205 590 AK_ISP_get_3d_nr_stat_info(0x00676d34)
117328124 591 AK_ISP_get_3d_nr_stat_info(0x00676d34)
117332869 592 AK_ISP_get_ae_run_info(0xb4e0aa10)
117338516 593 AK_ISP_get_3d_nr_stat_info(0x00676d34)
117348944 594 AK_ISP_get_3d_nr_stat_info(0x00676d34)
117359383 595 AK_ISP_get_3d_nr_stat_info(0x00676d34)
117371279 596 AK_ISP_get_3d_nr_stat_info(0x00676d34)
117381810 597 AK_ISP_get_3d_nr_stat_info(0x00676d34)
117392303 598 AK_ISP_get_3d_nr_stat_info(0x00676d34)
117402722 599 AK_ISP_get_3d_nr_stat_info(0x00676d34)
117413395 600 AK_ISP_get_3d_nr_stat_info(0x00676d34)
117423972 601 AK_ISP_get_3d_nr_stat_info(0x00676d34)
117439652 602 AK_ISP_get_ae_run_info(0xb4e0aa10)
117440191 603 AK_ISP_get_3d_nr_stat_info(0x00676d34)
117450815 604 AK_ISP_get_3d_nr_stat_info(0x00676d34)
117462121 605 AK_ISP_get_3d_nr_stat_info(0x00676d34)
117473915 606 AK_ISP_get_3d_nr_stat_info(0x00676d34)
117485260 607 AK_ISP_get_3d_nr_stat_info(0x00676d34)
117499995 608 AK_ISP_get_3d_nr_stat_info(0x00676d34)
117540213 609 AK_ISP_get_ae_run_info(0xb4e0aa10)
