518   00:12:23.674447 open("/dev/ion", O_RDWR) = 3</dev/ion> <0.000401>
518   00:12:23.677112 ioctl(3</dev/ion>, ION_IOC_ALLOC, 0xbe800b7c) = 0 <0.000359>
518   00:12:23.679176 ioctl(3</dev/ion>, ION_IOC_MAP, 0xbe800ab0) = 0 <0.000416>
518   00:12:23.682963 close(3</dev/ion>) = 0 <0.000289>
518   00:12:23.690283 open("/dev/uio0", O_RDWR) = 3</dev/uio0> <0.000400>
518   00:12:23.694685 open("/dev/isp_char", O_RDWR) = 7</dev/isp_char> <0.000701>
518   00:12:23.698018 open("/dev/video0", O_RDWR|O_NONBLOCK) = 8</dev/video0> <0.066505>
518   00:12:23.799838 ioctl(7</dev/isp_char>, _IOC(_IOC_WRITE, 0x49, 0x02, 0x04), 0x16274) = 0 <0.000343>
518   00:12:23.802771 ioctl(7</dev/isp_char>, _IOC(_IOC_WRITE, 0x49, 0x04, 0x04), 0x1632e) = 0 <0.000302>
518   00:12:23.805208 ioctl(7</dev/isp_char>, _IOC(_IOC_WRITE, 0x49, 0x0a, 0x04), 0x163ee) = 0 <0.000326>
518   00:12:23.807644 ioctl(7</dev/isp_char>, _IOC(_IOC_WRITE, 0x49, 0x0c, 0x04), 0x1675a) = 0 <0.000314>
518   00:12:23.809349 ioctl(7</dev/isp_char>, _IOC(_IOC_WRITE, 0x49, 0x2b, 0x04), 0x16e54) = 0 <0.000230>
518   00:12:23.812069 ioctl(7</dev/isp_char>, _IOC(_IOC_WRITE, 0x49, 0x2f, 0x04), 0x17036) = 0 <0.000300>
518   00:12:23.814478 ioctl(7</dev/isp_char>, _IOC(_IOC_WRITE, 0x49, 0x06, 0x04), 0x17476) = 0 <0.000280>
518   00:12:23.816878 ioctl(7</dev/isp_char>, _IOC(_IOC_WRITE, 0x49, 0x0e, 0x04), 0x174cc) = 0 <0.000282>
518   00:12:23.819278 ioctl(7</dev/isp_char>, _IOC(_IOC_WRITE, 0x49, 0x1a, 0x04), 0x174e2) = 0 <0.000326>
518   00:12:23.821820 ioctl(7</dev/isp_char>, _IOC(_IOC_WRITE, 0x49, 0x12, 0x04), 0x1784e) = 0 <0.000281>
518   00:12:23.824260 ioctl(7</dev/isp_char>, _IOC(_IOC_WRITE, 0x49, 0x36, 0x04), 0x178d6) = 0 <0.000281>
518   00:12:23.826696 ioctl(7</dev/isp_char>, _IOC(_IOC_WRITE, 0x49, 0x1b, 0x04), 0x17940) = 0 <0.000515>
518   00:12:23.829345 ioctl(7</dev/isp_char>, _IOC(_IOC_WRITE, 0x49, 0x25, 0x04), 0x1a02e) = 0 <0.000465>
518   00:12:23.831394 ioctl(7</dev/isp_char>, _IOC(_IOC_WRITE, 0x49, 0x27, 0x04), 0x1cb68) = 0 <0.000280>
518   00:12:23.833792 ioctl(7</dev/isp_char>, _IOC(_IOC_WRITE, 0x49, 0x3b, 0x04), 0x1cb86) = 0 <0.000284>
518   00:12:23.836212 ioctl(7</dev/isp_char>, _IOC(_IOC_WRITE, 0x49, 0x39, 0x04), 0x1cc54) = 0 <0.000281>
518   00:12:23.838604 ioctl(7</dev/isp_char>, _IOC(_IOC_WRITE, 0x49, 0x3f, 0x04), 0x1cc94) = 0 <0.000278>
518   00:12:23.841112 ioctl(7</dev/isp_char>, _IOC(_IOC_WRITE, 0x49, 0x41, 0x04), 0x1cc9a) = 0 <0.000283>
518   00:12:23.843523 ioctl(7</dev/isp_char>, _IOC(_IOC_WRITE, 0x49, 0x10, 0x04), 0x1cca8) = 0 <0.000278>
518   00:12:23.845906 ioctl(7</dev/isp_char>, _IOC(_IOC_WRITE, 0x49, 0x5e, 0x04), 0x1dd04) = 0 <0.000304>
518   00:12:23.848376 ioctl(7</dev/isp_char>, _IOC(_IOC_WRITE, 0x49, 0x60, 0x04), 0x1de08) = 0 <0.000285>
518   00:12:23.850929 ioctl(7</dev/isp_char>, _IOC(_IOC_WRITE, 0x49, 0x53, 0x04), 0x1de36) = 0 <0.000275>
518   00:12:23.852632 ioctl(7</dev/isp_char>, _IOC(_IOC_WRITE, 0x49, 0x63, 0x04), 0x1de3c) = 0 <0.000276>
518   00:12:23.854297 ioctl(7</dev/isp_char>, _IOC(_IOC_WRITE, 0x49, 0x55, 0x04), 0x1de48) = 0 <0.000284>
518   00:12:23.855994 ioctl(7</dev/isp_char>, _IOC(_IOC_WRITE, 0x49, 0x73, 0x04), 0x1df02) = 0 <0.000285>
518   00:12:23.858406 ioctl(7</dev/isp_char>, _IOC(_IOC_WRITE, 0x49, 0x43, 0x04), 0x1e046) = 0 <0.000274>
518   00:12:23.860184 ioctl(7</dev/isp_char>, _IOC(_IOC_WRITE, 0x49, 0x46, 0x04), 0x1e04c) = 0 <0.000270>
518   00:12:23.861906 ioctl(7</dev/isp_char>, _IOC(_IOC_WRITE, 0x49, 0x49, 0x04), 0x1e04e) = 0 <0.000275>
518   00:12:23.863559 ioctl(7</dev/isp_char>, _IOC(_IOC_WRITE, 0x49, 0x4c, 0x04), 0x1e050) = 0 <0.000275>
518   00:12:23.865237 ioctl(7</dev/isp_char>, _IOC(_IOC_WRITE, 0x49, 0x4e, 0x04), 0x1e052) = 0 <0.000277>
518   00:12:23.866901 ioctl(7</dev/isp_char>, _IOC(_IOC_WRITE, 0x49, 0x50, 0x04), 0x1e06a) = 0 <0.000286>
518   00:12:23.869337 ioctl(7</dev/isp_char>, _IOC(_IOC_READ, 0x49, 0x4f, 0x04), 0x1e052) = 0 <0.000273>
518   00:12:23.871864 ioctl(7</dev/isp_char>, _IOC(_IOC_WRITE, 0x49, 0x7a, 0x04), 0xbe8008c0) = 0 <0.006126>
518   00:12:23.880328 ioctl(7</dev/isp_char>, _IOC(_IOC_WRITE, 0x49, 0x6e, 0x04), 0x1e136) = 0 <0.000305>
518   00:12:23.882960 ioctl(7</dev/isp_char>, _IOC(_IOC_WRITE, 0x49, 0x75, 0x04), 0x1e154) = 0 <0.000328>
518   00:12:23.885499 ioctl(7</dev/isp_char>, _IOC(_IOC_WRITE, 0x49, 0x77, 0x04), 0x1e286) = 0 <0.000298>
518   00:12:23.887924 ioctl(7</dev/isp_char>, _IOC(_IOC_WRITE, 0x49, 0x69, 0x04), 0xbe8008c0) = 0 <0.035499>
518   00:12:23.931269 close(8</dev/video0>) = 0 <0.501677>
518   00:12:24.434289 close(3</dev/uio0>) = 0 <0.000364>
518   00:12:24.444528 +++ exited with 1 +++
