[0;36m[GW_APP] [1970-01-01 08:14:15:625541][main():375]
Welcome Gwell IPC System! gcc 4.8.5 [14:04:12 Jul 18 2023][0;37m [0m
[0;36m[GW_APP] [1970-01-01 08:14:15:937400][main():379]env PATH: [/bin:/sbin:/usr/bin:/usr/sbin:/ipc/bin:/ipc/sbin][0;37m [0m
[0;32m[GW_APP] [1970-01-01 08:14:17:933500][vSetIVAppVersionFromFile():78]ivappver=33.0.25, debug status=0[0;37m [0m
[0;36m[GW_APP] [1970-01-01 08:14:17:936568][SettingInfoInitFromFile():147]LastSettingInfoLength = 537[0;37m [0m
[0;32m[GW_APP] [1970-01-01 08:14:17:936859][SettingInfoInitFromFile():162]get setting info from file: /rom/ipc_setting.bin[0;37m [0m
[0;36m[GW_APP] [1970-01-01 08:14:17:937068][WorkStatusInit():63]begin.[0;37m [0m
[0;36m[GW_APP] [1970-01-01 08:14:17:937212][WorkStatusInit():79]end.[0;37m [0m
open gpio driver succ
>>>>>>>>   Sensor: [1;31m0x1345
[0m
>>>>>>>>   Sensor: [1;31m12800720[0m
Revision 16
Build Jul 18 2023 14:04:08
default log level=4
[ak_vi_match_sensor:938] config_file: /ipc/local/isp_sc1345_dvp.conf
[1;33m[isp.conf]version: 3.004_xc, sensor id: 0x1345, style id: 0
[m[isp.conf]modify time: 2021-4-27 11:09:22
[check_file:347] check isp cfg: /ipc/local/isp_sc1345_dvp.conf OK
[1;33m[match_sensor:519] ak_vi_match_sensor OK
[m[32m[00:00:00.000|  info|        ] [0minit isp success
[1;33m[ak_vi_open:979] register device, dev type: 0
[mnew device
[vi_register_device:774] new dev=0x6b8268
[1;33m
----- libakuio.so V2.1.00 -----
[m[libakuio][/dev/ion] kernel config reserve mem size: 25165824, 0x1800000

[libakuio]ION: alloc 25165824 bytes for process 516
[libakuio]ION: yield 7 for iad 0x69c134

--------------- pmem info ---------------
    PMEM_GET_TOTAL_SIZE: 25165824 bytes
    PMEM_GET_PHYS: 0x80000000
    pmem.vaddr: 0xb4dd3000
--------------- info End ---------------

####akuio pmem init success###

ispsdk_lib version:V3.1.00 
--- AK_ISP_sdk_init g_fd=10 ---
hight light:
	frame_rate=15 max_exp_time=1500 low_light_gain=12
low light:
	frame_rate=10 max_exp_time=2046 light_gain=4
hight light fps: 15
[1;33m[isp_set_sensor_fps:1871] set sensor fps: 15
[m[1;33m[set_fps:185] set fps:15 ok
[mregister vi device ok, dev_count=1
[1;33m[ak_vi_open:989] register device OK, pdev: 0x6b8268
[m[1;33m[vi_new_user:577] now user_flg=0, user_ref=1
[m[32m[00:00:00.169|  info|        ] [0mResolution: 1280*720
[32m[00:00:00.169|  info|        ] [0mchn[VIDEO_CHN_MAIN] 1280 * 720

[32m[00:00:00.170|  info|        ] [0mchn[VIDEO_CHN_SUB] 640 * 360

[load_def_awb_step:205] get awb_attr ok, auto_awb_step:30
hight light:
	frame_rate=15 max_exp_time=1500 low_light_gain=12
low light:
	frame_rate=10 max_exp_time=2046 light_gain=4
hight light fps: 15
[1;33m[isp_set_sensor_fps:1871] set sensor fps: 15
[m[1;33m[change_fps_pthread:714] thread id: 521
[m[1;33m[set_fps:185] set fps:15 ok
[minit CROP succeedded! reset to CROP[1280, 720]
[1;33m[isp_set_sensor_fps:1871] set sensor fps: 15
[m[Platform_AV_Init:722] capture fps: 15
[1;31m
[ak_osd_init:698] chn 0 font file not init, use default
[m[ak_osd_init:715] ch:0 x:0 y:0 w:0 h:0fontS:32 res_w:1280 res_h:720
[1;31m
[ak_osd_init:698] chn 1 font file not init, use default
[m[ak_osd_init:715] ch:1 x:0 y:0 w:0 h:0fontS:16 res_w:640 res_h:360
[1;33m[ak_rb_init:37] init rb_size=8192 ring buffer OK
[m[init_pcm_adc:1351] frame interval: 100,. frame size: 3200
[1;33m[ak_ai_open:1543] ai version libplat_ai V2.9.01 
[m[1;33m[ak_ai_set_frame_interval:1841] audio frame_size=640
[m[1;33m[pcm_set_source:278] set ai source to MIC
[m[ak_ai_set_adc_volume:1887] set volume 8
[1;33m[pcm_adc_set_volume:1051] set DEV volume 7
[m[ak_ai_set_aslc_volume:1930] set volume 0
##--AudioFilter Version V1.13.09, type:11--
## aslc setMileStone:
(0, 0), (20000, 20000), (32767, 32700), 
## times: 2, 1, 1300
## aslc silence: level=0, smpcnt=800
## sr:16000, ch:1, bitsPerSmp:16, maxLenin:0, jointCh:0
## ASLC OPEN OK ena:1, lookAheadLen:32
## aslc setMileStone:
(0, 0), (3, 3), (10, 10), (32768, 32768), (32768, 32768), 
## times: 6, 3, 300
## ASLC SET OK, ena:1, lookAheadLen:96
[1;33m[ak_ai_set_nr_attr:2341] pcm_adc.prepare_flag=0
[m[1;33m[ak_ai_set_agc_attr:2179] pcm_adc.prepare_flag=0
[m##--AudioFilter Version V1.13.09, type:1--
## EQ mode:7, preGain:(0/1024.0), aslcEna:0
## sr:16000, ch:1, ibps:16, obps:16
##  (2100, 5, -12288, 2048)
##  (2600, 5, -12288, 921)
##  (2800, 3, -8192, 921)
## EQ open ok
[1;33m[get_eq_attr_param:1076] enable eq 
[m## _SD_Filter_GetEqTimePara(), info:0xbec04844  type:1
## _SD_EQ_GetEqTimePara(): cIsEnable(1), bands(3), prevol(1024), pab(0x6edd20)
##--leave AudioFilter Version V1.13.09, type:1--
## EQ close
[0;36m[GW_APP] [1970-01-01 08:14:19:745850][vSmokeAlarmInit():785]vSmokeAlarmInit 0[0;37m [0m
Enter UISsInit
[0;32m[GW_APP] [1970-01-01 08:14:20:525369][vOpenSSLInit():19]start[0;37m [0m
[0;32m[GW_APP] [1970-01-01 08:14:21:784785][vOpenSSLInit():22]end[0;37m [0m
[0;36m[GW_APP] [1970-01-01 08:14:21:785014][NetMgProc_Init():1381]*************NetMgProc_Init******************[0;37m [0m
[0;36m[GW_APP] [1970-01-01 08:14:21:785354][UserCmdSetWifiProc_Init():255]*************UserCmdSetWifiProc_Init******************[0;37m [0m
[0;32m[GW_APP] [1970-01-01 08:14:22:076599][DiskProc():445]sd card plugged in! <<<<<<[0;37m [0m
[0;32m[GW_APP] [1970-01-01 08:14:22:076780][SDCard_Umount():345]umount2...[0;37m [0m
[0;32m[GW_APP] [1970-01-01 08:14:22:077462][SDCard_Mount():284]try to mounting...[0;37m [0m
[0;36m[GW_APP] [1970-01-01 08:14:22:079721][vUserCmdSetWifiProc():162]*************enter vUserCmdSetWifiProc******************[0;37m [0m
[0;32m[GW_APP] [1970-01-01 08:14:22:080890][WhiteLight_Switch():363]this_status[0]
[0;37m [0m
[0;36m[GW_APP] [1970-01-01 08:14:22:089594][dm_update_tfCardInfo():999]tfCardStatus: 7, freeSpace: 124755968, totalSpace: -124864512[0;37m [0m
[0;36m[GW_APP] [1970-01-01 08:14:22:099622][vIrcutSwitchToFilter():133]fgCutEn = 0[0;37m [0m
[reload_config_awb_step:225] get awb_attr ok, cur auto_awb_step:10, set to step:30
[0;32m[GW_APP] [1970-01-01 08:14:22:519704][SDCard_Mount():284]try to mounting...[0;37m [0m
[0;36m[GW_APP] [1970-01-01 08:14:22:521373][dm_update_tfCardInfo():999]tfCardStatus: 7, freeSpace: 124755968, totalSpace: -124864512[0;37m [0m
[0;32m[GW_APP] [1970-01-01 08:14:23:021991][SDCard_Mount():284]try to mounting...[0;37m [0m
[0;36m[GW_APP] [1970-01-01 08:14:23:023610][dm_update_tfCardInfo():999]tfCardStatus: 7, freeSpace: 124755968, totalSpace: -124864512[0;37m [0m
[0;32m[GW_APP] [1970-01-01 08:14:23:524221][SDCard_Mount():284]try to mounting...[0;37m [0m
[0;36m[GW_APP] [1970-01-01 08:14:23:525756][dm_update_tfCardInfo():999]tfCardStatus: 7, freeSpace: 124755968, totalSpace: -124864512[0;37m [0m
[0;32m[GW_APP] [1970-01-01 08:14:24:026392][SDCard_Mount():284]try to mounting...[0;37m [0m
[0;36m[GW_APP] [1970-01-01 08:14:24:027919][dm_update_tfCardInfo():999]tfCardStatus: 7, freeSpace: 124755968, totalSpace: -124864512[0;37m [0m
[0;36m[GW_APP] [1970-01-01 08:14:24:103035][vIrcutSwitchToFilter():133]fgCutEn = 1[0;37m [0m
[0;36m[GW_APP] [1970-01-01 08:14:24:107820][vKey_DrvProc():376]100 -> 150[0;37m [0m
[0;36m[GW_APP] [1970-01-01 08:14:24:110421][vKey_DrvProc():391]80 -> 100[0;37m [0m
[0;32m[GW_APP] [1970-01-01 08:14:24:266963][startRtspClientThread():4533]create rtsp client thread![0;37m [0m
[0;32m[GW_APP] [1970-01-01 08:14:24:267753][gw_adec_ao_init():367]samplerate: 16000, volume level: 10[0;37m [0m
[0;32m[GW_APP] [1970-01-01 08:14:24:270134][RtspClient_proc():4353][0;37m [0m
[0;32m[GW_APP] [1970-01-01 08:14:24:271448][vHandSelectProc():5056]=================begin=================[0;37m [0m
[0;32m[GW_APP] [1970-01-01 08:14:24:528549][SDCard_Mount():284]try to mounting...[0;37m [0m
[0;36m[GW_APP] [1970-01-01 08:14:24:530219][dm_update_tfCardInfo():999]tfCardStatus: 7, freeSpace: 124755968, totalSpace: -124864512[0;37m [0m
[PlatformAudioOut_SetVol] vol = 10
[AOVolSet] ak_ao_set_volume
[ak_ao_set_dac_volume:1112] set volume 6
[1;33m[pcm_dac_set_volume:766] set DEV volume 5
[m##--AudioFilter Version V1.13.09, type:11--
## aslc setMileStone:
(0, 0), (20000, 20000), (32767, 32700), 
## times: 2, 1, 1300
## aslc silence: level=0, smpcnt=800
## sr:16000, ch:2, bitsPerSmp:16, maxLenin:0, jointCh:2
## ASLC OPEN OK ena:1, lookAheadLen:32
[dac_set_aslc:388] aslc volume = 6
## aslc setMileStone:
(0, 0), (104, 33), (328, 2603), (3277, 32768), (32768, 32768), 
## times: 6, 3, 300
## ASLC SET OK, ena:1, lookAheadLen:96
[ak_ao_set_aslc_volume:1159] set aslc volume 6 
[0;32m[GW_APP] [1970-01-01 08:14:24:899291][gw_adec_control():435]fgEnable: 1, ADecChnEnable[1]: 0[0;37m [0m
[0;32m[GW_APP] [1970-01-01 08:14:24:899838][gw_adec_control():453]create adec chn1 success[0;37m [0m
[0;36m[GW_APP] [1970-01-01 08:14:24:900209][vMotorInit():230]SUPPOR Preset MOTOR DRIVE[0;37m [0m
[0;32m[GW_APP] [1970-01-01 08:14:25:030879][SDCard_Mount():284]try to mounting...[0;37m [0m
[0;36m[GW_APP] [1970-01-01 08:14:25:032440][dm_update_tfCardInfo():999]tfCardStatus: 7, freeSpace: 124755968, totalSpace: -124864512[0;37m [0m
[0;31m[GW_APP] [1970-01-01 08:14:25:100554][vPreSetMotorDevInit():258]insmod /ipc/patch/ko/presetmotor.ko[0;37m [0m
[0;36m[GW_APP] [1970-01-01 08:14:25:100737][system_safe():176]cmdstring: [insmod /ipc/patch/ko/presetmotor.ko][0;37m [0m
[0;36m[GW_APP] [1970-01-01 08:14:25:105750][bNetCardDevSupport():394]State: -1[0;37m [0m
[0;36m[GW_APP] [1970-01-01 08:14:25:109610][vNewNetMgProc():1281]fgEthSupport: 0, fgWifiSupport: 1, fg4GSupport: 0[0;37m [0m
[0;36m[GW_APP] [1970-01-01 08:14:25:109855][vWifiInit():435]=====>wifi init[0;37m [0m
[0;36m[GW_APP] [1970-01-01 08:14:25:146414][vGetWifiPrmFromRomConfFile():346]Init SSID=MTNSL, EncType=2, Password=AJM.l1$Kr[0;37m [0m
[0;36m[GW_APP] [1970-01-01 08:14:25:169826][vGetWifiPrmFromRomConfFile():346]Init SSID=MTNSL, EncType=2, Password=AJM.l1$Kr[0;37m [0m
[0;36m[GW_APP] [1970-01-01 08:14:25:171510][vGetWifiPrmFromRomConfFile():346]Init SSID=Free-AP2, EncType=0, Password=[0;37m [0m
[0;36m[GW_APP] [1970-01-01 08:14:25:173128][vGetWifiPrmFromRomConfFile():346]Init SSID=Free-AP3, EncType=0, Password=[0;37m [0m
[0;36m[GW_APP] [1970-01-01 08:14:25:173380][copy_file():440]src: /rom/wpa_supplicant1.conf, dst: /mnt/ramdisk/wpa_supplicant0.conf[0;37m [0m
[0;36m[GW_APP] [1970-01-01 08:14:25:177196][vGetWifiPrmFromRomConfFile():346]Init SSID=MTNSL, EncType=2, Password=AJM.l1$Kr[0;37m [0m
[0;36m[GW_APP] [1970-01-01 08:14:25:178095][system_safe():176]cmdstring: [ifconfig wlan0 multicast][0;37m [0m
[0;32m[GW_APP] [1970-01-01 08:14:25:537179][SDCard_Mount():284]try to mounting...[0;37m [0m
[0;36m[GW_APP] [1970-01-01 08:14:25:538713][dm_update_tfCardInfo():999]tfCardStatus: 7, freeSpace: 124755968, totalSpace: -124864512[0;37m [0m
[0;32m[GW_APP] [1970-01-01 08:14:26:039699][SDCard_Mount():284]try to mounting...[0;37m [0m
[0;36m[GW_APP] [1970-01-01 08:14:26:041401][dm_update_tfCardInfo():999]tfCardStatus: 7, freeSpace: 124755968, totalSpace: -124864512[0;37m [0m
[0;36m[GW_APP] [1970-01-01 08:14:26:217951][iParseWifiModuleType():94]wifi type: WIFI_TYPE_8188FU[0;37m [0m
[0;36m[GW_APP] [1970-01-01 08:14:26:220856][fgWifiReconfig():691]cBuf: [wpa_cli -p /etc/Wireless -iwlan0 reconfigure][0;37m [0m
[0;36m[GW_APP] [1970-01-01 08:14:26:363531][vPreSetMotorDevInit():285]motor back to base point[0;37m [0m
[0;36m[GW_APP] [1970-01-01 08:14:26:363741][fgMotorRunToLastPosition():212]u32HMotorPreset = 76, u32VMotorPreset = 29[0;37m [0m
[0;36m[GW_APP] [1970-01-01 08:14:26:364432][iotvideo_sdk_init():26]Start ...[0;37m [0m
[0;32m[GW_APP] [1970-01-01 08:14:26:364634][iv_common_init():180]begin 
[0;37m [0m
[0;36m[GW_APP] [1970-01-01 08:14:26:494800][fgWifiReconfig():700]result: [][0;37m [0m
[0;36m[GW_APP] [1970-01-01 08:14:26:495143][fgWifiReconfig():706]cBuf: [wpa_supplicant -B -iwlan0 -c /mnt/ramdisk/wpa_supplicant0.conf -P /mnt/ramdisk/wpa_pid.txt][0;37m [0m
[0;36m[GW_APP] [1970-01-01 08:14:26:495294][system_safe():176]cmdstring: [wpa_supplicant -B -iwlan0 -c /mnt/ramdisk/wpa_supplicant0.conf -P /mnt/ramdisk/wpa_pid.txt][0;37m [0m
[0;32m[GW_APP] [1970-01-01 08:14:26:544226][SDCard_Mount():284]try to mounting...[0;37m [0m
[0;36m[GW_APP] [1970-01-01 08:14:26:545862][dm_update_tfCardInfo():999]tfCardStatus: 7, freeSpace: 124755968, totalSpace: -124864512[0;37m [0m
[0;36m[GW_APP] [1970-01-01 08:14:26:546166][dm_update_tfCardInfo():999]tfCardStatus: 7, freeSpace: 124755968, totalSpace: -124864512[0;37m [0m
[[0;35mIV_MID[0m] [0;36m[1970-01-01 00:14:26:678794]iv_cm_set_log_level()[2419]set iv sdk log level:5
[0m[[0;35mIV_MID[0m] [0;32m[1970-01-01 00:14:26:679460]iv_cm_init()[2380][0mbegin
[[0;35mIV_MID[0m] [0;32m[1970-01-01 00:14:26:680169]iv_cm_init()[2385][0mend
[0;32m[GW_APP] [1970-01-01 08:14:26:680389][iv_common_init():195]end 
[0;37m [0m
[0;36m[GW_APP] [1970-01-01 08:14:26:680538][dm_init():1579]begin.[0;37m [0m
[[0;35mIV_MID[0m] [0;32m[1970-01-01 00:14:26:680660]iv_dm_init()[109][0mbegin.
[0;32m[GW_APP] [1970-01-01 08:14:27:047147][SDCard_Mount():284]try to mounting...[0;37m [0m
[0;36m[GW_APP] [1970-01-01 08:14:27:048755][dm_update_tfCardInfo():999]tfCardStatus: 7, freeSpace: 124755968, totalSpace: -124864512[0;37m [0m
[0;36m[GW_APP] [1970-01-01 08:14:27:404950][vNewIrCutHanldeFun():304]2 -->> 1[0;37m [0m
[0;36m[GW_APP] [1970-01-01 08:14:27:405134][vNewIrCutHanldeFun():305]0 -->> 0[0;37m [0m
[[0;35mIV_MID[0m] [0;32m[1970-01-01 00:14:27:550385]iv_dm_init()[126][0mend.
[0;32m[GW_APP] [1970-01-01 08:14:27:556297][dm_update_devFuncCfg():1327]devFuncCfg: 0
[0;37m [0m
[0;31m[GW_APP] [1970-01-01 08:14:27:556613][dm_update_ZoomFocusCrop():1497]iv_dm_send_prowriteable_object_msg err: -200[0;37m [0m
[0;36m[GW_APP] [1970-01-01 08:14:27:556770][dm_update_ZoomFocusCrop():1504]zoomUp = 0.000000
[0;37m [0m
[0;36m[GW_APP] [1970-01-01 08:14:27:556933][dm_update_ZoomFocusCrop():1505]_multiple = 0.000000
[0;37m [0m
[0;36m[GW_APP] [1970-01-01 08:14:27:557082][dm_init():1623]end.[0;37m [0m
[0;36m[GW_APP] [1970-01-01 08:14:27:557237][sys_init():788]begin..[0;37m [0m
[0;32m[GW_APP] [1970-01-01 08:14:27:557372][sys_init():814]app version major:33, minor:0, revision:25,debug:0[0;37m [0m
[[0;35mIV_MID[0m] [0;32m[1970-01-01 00:14:27:632269]iv_sys_init()[1398][0mbegin.
[[0;35mIV_MID[0m] [0;36m[1970-01-01 00:14:27:632503]iv_sys_init()[1407]compile sdk version: V1.4.10596.4.debug,build@Jul 18 2023 13:50:40
[0m[[0;35mIV_MID[0m] [0;33m[1970-01-01 00:14:27:632635]iv_sys_check_init_parm()[1341]net_chn_ring_buff_size maybe small:0,default:524288
[0m[[0;35mIV_MID[0m] [0;32m[1970-01-01 00:14:27:632936]iv_share_init()[43][0mbegin:support max cap chn number:3
[[0;35mIV_MID[0m] [0;32m[1970-01-01 00:14:27:633124]iv_share_init()[81][0mend.
[[0;35mIV_MID[0m] [0;32m[1970-01-01 00:14:27:633872]iv_misc_get_device_mac()[56][0mmac: 4c:b0:08:9e:ec:d9
[[0;35mIV_MID[0m] [0;32m[1970-01-01 00:14:27:634318]iv_sys_access_init()[1037][0mp2p chn buff size:524288
[[0;35mIV_MID[0m] [0;36m[1970-01-01 00:14:27:634530]iv_sys_access_init()[1057]visible sdk version:16:20:10596.debug
[0m[0;32m[GW_APP] [1970-01-01 08:14:27:634819][sys_read_certificate():552]begin.
[0;37m [0m
[0;32m[GW_APP] [1970-01-01 08:14:27:634979][sys_read_certificate():557]eCertificateType:0
[0;37m [0m
[0;32m[GW_APP] [1970-01-01 08:14:27:638624][sys_read_certificate():608]end CertificateLen:192.[0;37m [0m
id=4763251443 cer_code=727747173 pid=0 utc=1659422934 unique_code=0

[0;32m[GW_APP] [1970-01-01 08:14:27:639371][sys_read_certificate():552]begin.
[0;37m [0m
[0;32m[GW_APP] [1970-01-01 08:14:27:639519][sys_read_certificate():557]eCertificateType:1
[0;37m [0m
[0;32m[GW_APP] [1970-01-01 08:14:27:641623][sys_read_certificate():608]end CertificateLen:144.[0;37m [0m
iv_access_init_param_cfg cer_code=727747173 dev_id=4763251443 pid=6442451392

[0;32m[GW_APP] [1970-01-01 08:14:27:788806][sys_read_certificate():552]begin.
[0;37m [0m
[0;32m[GW_APP] [1970-01-01 08:14:27:789595][sys_read_certificate():557]eCertificateType:2
[0;37m [0m
[[0;35mIV_MID[0m] [0;36m[1970-01-01 00:14:27:790378]iv_sys_read_certificate()[162]so path[24]:[/rom/ivcert/libwbckey.so]
[0m[[0;35mIV_MID[0m] [0;36m[1970-01-01 00:14:27:925821]iv_cm_get_local_data()[2975]type:1 empty
[0m[[0;35mIV_MID[0m] [0;33m[1970-01-01 00:14:27:926000]iv_cm_get_local_data()[2993]fail:-8
[0m[[0;35mIV_NET[0m] [1970-01-01 00:14:28.174]broadcast_init enter..
[[0;35mIV_NET[0m] broadcast_fd_init pMgr->fdRead=28
[[0;35mIV_NET[0m] [1970-01-01 00:14:28.199]broadcast_fd_init fdRead_ipv6 error!
[[0;35mIV_NET[0m] [1970-01-01 00:14:28.243]broadcast_fd_init create broad cast send ipv6fd socket error!
[[0;35mIV_NET[0m] [1970-01-01 00:14:28.244]broadcast_fd_init bind to udp port: 8901 failed!
[[0;35mIV_NET[0m] [1970-01-01 00:14:28.244]broadcast_init succeed!
[[0;35mIV_NET[0m] start_recv_thread begin
[[0;35mIV_NET[0m] start_recv_thread end
[[0;35mIV_NET[0m] iv_access_init dm_reset_value=0
[[0;35mIV_NET[0m] iv_comm_start_thread end
[[0;35mIV_NET[0m] Compile Date: Jul 18 2023 13:50:52
[[0;35mIV_MID[0m] [0;32m[1970-01-01 00:14:28:247215]iv_sys_access_init()[1101][0mtencent id:4763251443
[[0;35mIV_MID[0m] [0;32m[1970-01-01 00:14:28:247364]iv_cm_dealing_init()[258][0mbegin.
[[0;35mIV_MID[0m] [0;32m[1970-01-01 00:14:28:247916]iv_cm_dealing_init()[272][0mend.
[[0;35mIV_MID[0m] [0;32m[1970-01-01 00:14:28:248089]iv_sys_init()[1442][0mend.
[0;32m[GW_APP] [1970-01-01 08:14:28:248218][sys_init():857]iv_sys_get_gwell_dev_cert_info :0[0;37m [0m
[0;36m[GW_APP] [1970-01-01 08:14:28:248366][sys_init():859]opt: 0[0;37m [0m
[0;36m[GW_APP] [1970-01-01 08:14:28:248492][sys_init():860]resolution: 1[0;37m [0m
[0;36m[GW_APP] [1970-01-01 08:14:28:248616][sys_init():862]devFunc: 0x1[0;37m [0m
[0;36m[GW_APP] [1970-01-01 08:14:28:248738][sys_init():864]manufacturer_id: 1000000437[0;37m [0m
[0;36m[GW_APP] [1970-01-01 08:14:28:248866][sys_init():865]ip_camera: 0x1[0;37m [0m
[0;36m[GW_APP] [1970-01-01 08:14:28:248986][sys_init():866]door_bell: 0x0[0;37m [0m
[0;36m[GW_APP] [1970-01-01 08:14:28:249105][sys_init():867]panorama: 0x0[0;37m [0m
[0;36m[GW_APP] [1970-01-01 08:14:28:249223][sys_init():868]keepalive_wifi: 0x0[0;37m [0m
[0;36m[GW_APP] [1970-01-01 08:14:28:249342][sys_init():869]keepalive_ble: 0x0[0;37m [0m
[0;36m[GW_APP] [1970-01-01 08:14:28:249502][sys_init():870]wifi_extender: 0x0[0;37m [0m
[0;36m[GW_APP] [1970-01-01 08:14:28:249635][sys_init():871]support_gunball: 0[0;37m [0m
[0;36m[GW_APP] [1970-01-01 08:14:28:249761][sys_init():872]support_lowpower: 0[0;37m [0m
[0;36m[GW_APP] [1970-01-01 08:14:28:249882][sys_init():873]license_order_id: 2022072827820115[[0;35mIV_NET[0m] iv_comm_pingthread 1011
[[0;35mIV_NET[0m] iv_dm_data_proc begin
[[0;35mIV_NET[0m] iv_comm_run, threadID=100
[[0;35mIV_NET[0m] iv_fast_connect_srv srv_num=3 fast_connect=1
[[0;35mIV_NET[0m] iv_fast_connect_srv primary_srv
[[0;35mIV_NET[0m] broadcast recv proc start!
[0;37m [0m
[0;36m[GW_APP] [1970-01-01 08:14:28:269206][sys_init():874]resv: [0;37m [0m
[0;36m[GW_APP] [1970-01-01 08:14:28:269843][sys_init():876]end.[0;37m [0m
[0;32m[GW_APP] [1970-01-01 08:14:28:274119][av_talk_init():781]begin.[0;37m [0m
[0;32m[GW_APP] [1970-01-01 08:14:28:274295][set_iv_head_version():769]=========>av_head_version: 0x8
[0;37m [0m
[0;32m[GW_APP] [1970-01-01 08:14:28:274466][av_talk_init():794]u32MaxFrameSize: 320[0;37m [0m
[[0;35mIV_MID[0m] [0;32m[1970-01-01 08:14:28:274635]iv_avt_init()[1878][0mbegin.
[[0;35mIV_MID[0m] [0;33m[1970-01-01 08:14:28:274809]iv_avt_check_init_parm()[107]avt recive cb function[0] NULL.
[0m[[0;35mIV_MID[0m] [0;33m[1970-01-01 08:14:28:274940]iv_avt_check_init_parm()[154]avt multiple cb function[0] NULL.
[0m[[0;35mIV_MID[0m] [0;32m[1970-01-01 08:14:28:275509]iv_avt_init()[1914][0mend.
[0;32m[GW_APP] [1970-01-01 08:14:28:275680][av_talk_init():814]end.[0;37m [0m
[0;32m[GW_APP] [1970-01-01 08:14:28:275816][record_init():751]begin..
[0;37m [0m
[[0;35mIV_MID[0m] [0;32m[1970-01-01 08:14:28:275984]iv_rd_init()[9355][0mbegin.
[[0;35mIV_MID[0m] [0;36m[1970-01-01 08:14:28:276150]iv_rd_check_init_parm()[9311]will be not use iv_rd_get_recording_type_cb
[0m[[0;35mIV_MID[0m] [0;36m[1970-01-01 08:14:28:276274]iv_rd_check_init_parm()[9317]will be not use iv_rd_capture_thumbnail_cb
[0m[[0;35mIV_MID[0m] [0;36m[1970-01-01 08:14:28:276411]iv_rd_init()[9370]sd card path:/mnt/disc1
[0m[[0;35mIV_MID[0m] [0;31m[1970-01-01 08:14:28:289589]iv_load_rd_thumbnail_func()[5554]not support function: 'rd_thumbnail', please compile with libiotvideo_rd_thumbnail
[0m[[0;35mIV_MID[0m] [0;32m[1970-01-01 08:14:28:289860]iv_rd_init()[9395][0mend.
[0;32m[GW_APP] [1970-01-01 08:14:28:290168][record_resolution_set():585]recordResolution: 10[0;37m [0m
[0;32m[GW_APP] [1970-01-01 08:14:28:290653][record_resolution_init():591]recordResolution: 10 pstSettingInfo->recordResolution :1[0;37m [0m
[0;32m[GW_APP] [1970-01-01 08:14:28:291262][cloud_storage_init():301]begin..
[0;37m [0m
[[0;35mIV_MID[0m] [0;32m[1970-01-01 08:14:28:291445]iv_cs_init()[7953][0mbegin.
[[0;35mIV_MID[0m] [0;32m[1970-01-01 08:14:28:291714]iv_sys_dev_lowpower()[1564][0mdebug sdk force set
[[0;35mIV_MID[0m] [0;32m[1970-01-01 08:14:28:292291]iv_cs_init()[7975][0mend.
[0;36m[GW_APP] [1970-01-01 08:14:28:292465][upgrade_init():262]iv_ota_firmware_update_cb: 0xf9af8[0;37m [0m
[[0;35mIV_MID[0m] [0;32m[1970-01-01 08:14:28:292663]iv_ota_init()[979][0mbegin.
[[0;35mIV_MID[0m] [0;32m[1970-01-01 08:14:28:293297]iv_ota_init()[1003][0mend.
[0;36m[GW_APP] [1970-01-01 08:14:28:293501][SettingInfoLastestVersionIsChanged():387]sCurrentVersion: [33.0.25], sLastestVersion: [33.0.25][0;37m [0m
[[0;35mIV_MID[0m] [0;32m[1970-01-01 08:14:28:293722]iv_uc_init()[129][0mbegin.
[[0;35mIV_MID[0m] [0;32m[1970-01-01 08:14:28:293859]iv_uc_init()[140][0mend.
[0;32m[GW_APP] [1970-01-01 08:14:28:293971][download_res_file_init():427]begin..
[0;37m [0m
[0;36m[GW_APP] [1970-01-01 08:14:28:294095][iotvideo_sdk_init():55]End ...[0;37m [0m
[0;32m[GW_APP] [1970-01-01 08:14:28:294214][vStartMD():288]MD >>>[0;37m [0m
[0;32m[GW_APP] [1970-01-01 08:14:28:294329][vVIControl():263]dwChID= 3,set:1[0;37m [0m
[32m[00:00:09.156|  info|        ] [0menter PlatformViStart
[1;33m[malloc_capture_buffers:115] ion_mem: 0xb5157000, temp: 0x80384000
[m[1;33m[malloc_capture_buffers:122] n_buffers: 0, start: 0xb5157000, length: 2306048
[m[1;33m[malloc_capture_buffers:122] n_buffers: 1, start: 0xb538a000, length: 2306048
[m[1;33m[malloc_capture_buffers:122] n_buffers: 2, start: 0xb55bd000, length: 2306048
[m[1;33m[malloc_capture_buffers:122] n_buffers: 3, start: 0xb57f0000, length: 2306048
[m[malloc_capture_buffers:128] set buffer size: 2306048 ok
[1;33m[isp_vi_capture_on:719] stream on, drop first 4 frames
[m[0;32m[GW_APP] [1970-01-01 08:14:28:812645][video_flip_set():599]bFlip: 0, sensorDir: 0[0;37m [0m
[0;32m[GW_APP] [1970-01-01 08:14:28:812844][video_flip_set():602]bFlipRealStatus: 0[0;37m [0m
[0;32m[GW_APP] [1970-01-01 08:14:28:813682][vVIControl():316]vVIControl enable[0;37m [0m
[32m[00:00:09.676|  info|        ] [0menter PlatformStartMD
########MT Lib V1.0.05########
[0m[00:00:09.683|debug2| Thread ] [0mCreated Thread(ID: 1, Nick: _process_mt_even).
[0;36m[GW_APP] [1970-01-01 08:14:28:821975][main():421]WatchDog set ot 30s[0;37m [0m
Deal [0;36mKEY_REPORT_WHITELIGHT_STATUS
[0m[0;32m[GW_APP] [1970-01-01 08:14:28:822288][fgReportWhiteLightStatus():270]timeMs: 868822[0;37m [0m
[0;32m[GW_APP] [1970-01-01 08:14:28:822948][av_talk_report_whiteLight_status():145]sendJson: {"type":12,"data":{"whiteLightStatus":0}}[0;37m [0m
Deal [0;36mKEY_SENSOR_SW_TO_DAY_MODE
[0m[0;32m[GW_APP] [1970-01-01 08:14:28:823273][fgSwitchToDayMode():377]timeMs: 868823[0;37m [0m
[0;32m[GW_APP] [1970-01-01 08:14:28:823429][fgSwitchToDayMode():381]switch off[0;37m [0m
[0;36m[GW_APP] [1970-01-01 08:14:28:824101][vIrcutSwitchToFilter():133]fgCutEn = 1[0;37m [0m
[0m[00:00:09.689|debug2| Thread ] [0mEnter Thread(ID: 1, Nick: _process_mt_even).
[32m[00:00:09.887|  info|        ] [0menter PlatformISPSetDayNightModeStatus
[isp_switch:152] switching isp mode -> day
[1;31m
[check_data:259] /ipc/local/isp_sc1345_dvp.conf no this subfile! mode : 2
[m[check_file:338] read sensor fail
[1;31m
[isp_switch:157] file load failed
[m[isp_switch:152] switching isp mode -> day
[1;33m[isp.conf]version: 3.004_xc, sensor id: 0x1345, style id: 0
[m[isp.conf]modify time: 2021-4-27 11:09:22
[check_file:347] check isp cfg: /ipc/local/isp_sc1345_dvp.conf OK
hight light:
	frame_rate=15 max_exp_time=1500 low_light_gain=12
low light:
	frame_rate=10 max_exp_time=2046 light_gain=4
hight light fps: 15
[1;33m[isp_set_sensor_fps:1871] set sensor fps: 15
[m[1;33m[set_fps:185] set fps:15 ok
[mhight light:
	frame_rate=15 max_exp_time=1500 low_light_gain=12
low light:
	frame_rate=10 max_exp_time=2046 light_gain=4
hight light fps: 15
[1;33m[isp_set_sensor_fps:1871] set sensor fps: 15
[m[1;33m[set_fps:185] set fps:15 ok
[m[0;36m[GW_APP] [1970-01-01 08:14:29:316208][record_get_lastest_dir():445]lastest_dir: [/mnt/disc1/iotVideo/record/2025-09-21][0;37m [0m
[0;36m[GW_APP] [1970-01-01 08:14:29:323199][record_lastest_time_get():470]lastest_file: 1758462484391-60057-allday.mp4[0;37m [0m
[0;36m[GW_APP] [1970-01-01 08:14:29:323607][record_condition_check():529]lastest record Time: 1758462484391, sync time from last record.[0;37m [0m
[0;32m[GW_APP] [2025-09-21 22:02:33:704251][SyncSystemTime():172]set system time success: 1758463353704 ms, Sun Sep 21 14:02:33 2025
[0;37m [0m
[0;36m[GW_APP] [2025-09-21 22:02:33:704443][record_start():238]begin.[0;37m [0m
[[0;35mIV_MID[0m] [0;36m[2025-09-21 22:02:33:711031]iv_record_create_file()[8574]new file time:1758463353710
[0m[[0;35mIV_MID[0m] [0;36m[2025-09-21 22:02:33:711387]iv_record_create_file()[8612]start create record [/mnt/disc1/iotVideo/record/2025-09-21/.1758463353710.mp4]
[0m[0;36m[GW_APP] [2025-09-21 22:02:33:956301][vNewNetMgProc():1314]bNetSel = 1[0;37m [0m
[0;36m[GW_APP] [2025-09-21 22:02:33:956501][SettingInfoSaveToFile():171]begin.[0;37m [0m
[0;36m[GW_APP] [2025-09-21 22:02:34:120095][SettingInfoSaveToFile():193]end.[0;37m [0m
[0;32m[GW_APP] [2025-09-21 22:02:34:120459][vNewNetSelDoChange():1104]3 -->> 1[0;37m [0m
[0;36m[GW_APP] [2025-09-21 22:02:34:120618][vNewNetSelDoChange():1137]net card switch[0;37m [0m
[0;36m[GW_APP] [2025-09-21 22:02:34:120761][fgWifiReconfig():691]cBuf: [wpa_cli -p /etc/Wireless -iwlan0 reconfigure][0;37m [0m
Deal [0;36mKEY_ETHERNET_DISCONN
[0m[0;32m[GW_APP] [2025-09-21 22:02:34:127296][fgEthernetDisconnect():469]timeMs: 1758463354127[0;37m [0m
[[0;35mIV_MID[0m] [0;32m[2025-09-21 22:02:35:599130]iv_rd_mp4_writer_init_h264()[1074][0mcreate video track success,pgpac->vtrack_num:2
[0;36m[GW_APP] [2025-09-21 22:02:35:605135][record_start():268]end.[0;37m [0m
[0;32m[GW_APP] [2025-09-21 22:02:35:607132][VirVencChnCtl():510]2222222222222222222222222222222222222222222, VirChn: [10/12], fgEnable: 1[0;37m [0m
[0;32m[GW_APP] [2025-09-21 22:02:35:607425][StartVencChn():388]chnID: 1[0;37m [0m
[0;32m[GW_APP] [2025-09-21 22:02:35:607586][StartVencChn():407]Video encode chn[1] isnot being used, need to start[0;37m [0m
[0;32m[GW_APP] [2025-09-21 22:02:35:607725][vVIControl():263]dwChID= 1,set:1[0;37m [0m
[32m[00:00:12.089|  info|        ] [0menter PlatformVEncInit, ChannelID = 1
[ak_venc_open:1839] init enc_grp=2, enc_mode=0
[1;33m[set_h264_encode_param:374] main profile
[mH.264 params:
	w=640, h=360, qpMin=28, qpMax=43,bps=245760, gop=30, fps=15

--VIDAK39--Enc AK39 Encoder Lib V1.10.08--

[set_channel_rc:547] VBR video mode: 80
[set_encode_br_mode:509] set chn 0 br: VBR, 1
[ak_venc_open:1921] allocating type=2, enc_mode=1, enc_handle: 0x75a400

[37m[00:00:12.186| debug|        ] [0mInit OSD(1) @ 4,4,250,24
[37m[00:00:12.186| debug|        ] [0mGet OSD(1) Canvas Rect [4,4,250,24].
[ak_osd_set_rect:782] xstart: 4 ystart: 4 w: 256 h: 32
[1;33m[ak_osd_set_rect:810] x:4, y:4, w:256, h:32
[m[request_osd_mem:627] ch1 p_osd_buffer:0xb5b2b4f0
[request_osd_dma_mem:287] alloc osd dma.dma: 0x80d594f0 size: 4096 w: 256 h: 32
[1;33m[ak_venc_request_stream:2552] user's id=0, req_ref=1, grp_type=2, enc_mode=1
[m[ak_venc_request_stream:2554] vi_handle=0x6b82f8, enc_handle=0x75a400
[1;33m[ak_venc_request_stream:2563] encode_frames=15, record.fps=15, capture_frames=15
[m[1;33m[ak_venc_request_stream:2577] new_handle=0x759250, grp_type=2, enc_mode=2, req_grp_nr=1
[m[ak_venc_request_stream:2584] init thread list
[capture_thread:1416] start to capture, thread id: 589
[1;33m[capture_thread:1421] capture thread sleep...
[m[start_service_work:1777] create capture_thread, tid=2930983120
[encode_thread:1684] start to encode, thread id: 590
[start_service_work:1781] create encode_thread, tid=2930778320
[1;33m[capture_thread:1424] capture thread wakeup...
[m[capture_encode_frame:1363] cap_run=1, req_grp_nr=1
[1;33m[isp_vi_get_frame:842] capture on --> real get frame time=2578
[m[1;31m
[ak_vi_get_frame:1470] get frame failed
[m[start_service_work:1789] service start

[ak_venc_request_stream:2591] grp_type=2, request OK, enc_mode=2
[0;32m[GW_APP] [2025-09-21 22:02:35:785301][StartVencChn():410]UseCnt: 1[0;37m [0m
[0;36m[GW_APP] [2025-09-21 22:02:35:785959][video_stream_list_create():169]head->next: 0x7547d4, ppTail: 0x7547d4, count: 0[0;37m [0m
[0;32m[GW_APP] [2025-09-21 22:02:35:786160][AudioVirChnCtl():475]1111111111111111111111111111111111, VirChn: [10/12], fgEnable: 1[0;37m [0m
[0;36m[GW_APP] [2025-09-21 22:02:35:786329][audio_stream_list_create():89]head->next: 0x7547f4, ppTail: 0x7547f4, count: 0[0;37m [0m
[0;32m[GW_APP] [2025-09-21 22:02:35:786477][AudioEncCHnControl():429]audioEncChn = 3, fgEnable = 1[0;37m [0m
[0;32m[GW_APP] [2025-09-21 22:02:35:786613][AudioEncCHnControl():445]Audio encode chn isnot being used, need to start[0;37m [0m
[0;32m[GW_APP] [2025-09-21 22:02:35:786730][AudioEncRealChnControl():401]audioEncChn = 3, fgEnable = 1[0;37m [0m
[0;32m[GW_APP] [2025-09-21 22:02:35:786857][AudioAACEncCtl():132]aac aenc open[0;37m [0m
[1;33m[ak_aenc_open:1241] aenc version libmpi_aenc V2.3.01 
[m[0;32m[GW_APP] [2025-09-21 22:02:35:790359][GetVideoFromEncoderProcess():131]create thread GetVideoFromEncoderProcess[0;37m [0m
[1;33m[isp_vi_get_frame:842] capture on --> real get frame time=2607
[m[1;31m
[ak_vi_get_frame:1470] get frame failed
[m--AudioCodec Version V1.16.00_svn5418--
## ChipIdval = 0x20150200
## CHIP OK
[1;33m[isp_vi_get_frame:842] capture on --> real get frame time=2647
[m[1;31m
[ak_vi_get_frame:1470] get frame failed
[m[smooth_ts:1201] init smooth_index=13070
sr(16000), ich(1), och(1), bitrate(32000)
[1;33m[check_work_scene_changed:1451] current work scene=1, outdoor
[m[0;33m[GW_APP] [2025-09-21 22:02:37:125074][GetVirChnAudioStream():558]AEN_G.client[10]:pop audio data failed
[0;37m [0m
[1;33m[pcm_set_aec_agc:325] cur_aec_switch=0, prepare_flag=1
[m[1;33m[pcm_set_aec_agc:339] *** enable NR&AGC ***
[m[1;31m
[copy_agc_attr:487] m_aecEna=0, m_PreprocessEna=1, m_framelen=128, m_tail=512,	m_agcEna=1, m_agcLevel=29491, m_maxGain=0, m_farThreshold=9830,m_farDigiGain=1024, 	m_nearDigiGain=512, m_minGain=4, m_nearSensitivity=1
[m[1;31m
[copy_nr_attr:502] m_aecEna=0, m_PreprocessEna=1, m_framelen=128, m_tail=512,	m_agcEna=1, m_agcLevel=29491, m_maxGain=0, m_farThreshold=9830,m_farDigiGain=1024, m_nearDigiGain=512,	m_noiseSuppressDb =-40
[m[1;31m
[init_echo_lib_attr:519] set===== adc_dev_set_echo_attr
[m[capture_pcm_thread:1262] thread id: 593
[capture_pcm_thread:1272] sleep...
[capture_pcm_thread:1274] wakup...
## aslc: len_in=2048, bpspl=16, ch=1, tmpwp=0, looklen=96, sz=1120
[0;36m[GW_APP] [2025-09-21 22:02:37:673464][fgWifiReconfig():700]result: [OK
][0;37m [0m
[0;36m[GW_APP] [2025-09-21 22:02:37:673904][DhcpRestart():514] >> run [udhcpc -i wlan0 -t 15 -b -v -x hostname:GWIPC-4763251443 -p /mnt/ramdisk/dhcpc_ra0_pid.txt &][0;37m [0m
[0;36m[GW_APP] [2025-09-21 22:02:37:674057][system_safe():176]cmdstring: [udhcpc -i wlan0 -t 15 -b -v -x hostname:GWIPC-4763251443 -p /mnt/ramdisk/dhcpc_ra0_pid.txt &][0;37m [0m
[1;33m[read_pcm_data:1176] we had dropped the first 360 ms audio data
[m[1;33m[mark_ts_to_data:1103] *** we get the first audio, ts=873356, time=309 ***

[mAdapter index 3
MAC 90:de:80:3e:0a:b9
udhcpc (v1.24.1) started
Executing /usr/share/udhcpc/default.script deconfig
Entering listen mode: raw
Opening raw socket on ifindex 3
Got raw socket fd
Created raw socket
Adapter index 3
MAC 90:de:80:3e:0a:b9
Sending discover...
Waiting on select 3 seconds
Adapter index 3
MAC 90:de:80:3e:0a:b9
Sending discover...
Waiting on select 3 seconds
Received SIGTERM
Adapter index 3
MAC 90:de:80:3e:0a:b9
udhcpc (v1.24.1) started
Executing /usr/share/udhcpc/default.script deconfig
Entering listen mode: raw
Opening raw socket on ifindex 3
Got raw socket fd
Created raw socket
Adapter index 3
MAC 90:de:80:3e:0a:b9
Sending discover...
Waiting on select 3 seconds
Received a packet
Adapter index 3
MAC 90:de:80:3e:0a:b9
Sending select for 192.168.18.217...
Waiting on select 3 seconds
Received a packet
Lease of 192.168.18.217 obtained, lease time 3600
Executing /usr/share/udhcpc/default.script bound
deleting routes
adding dns 192.168.18.1
Entering listen mode: none
[0;31m[GW_APP] [2025-09-21 22:02:37:824909][SendAudioToEncoderProc():154]Get PlatformAACAudioEncStream Failed  ret=-1[0;37m [0m
[0;36m[GW_APP] [2025-09-21 22:02:41:117737][fgWifiCheckLinkState():864]result: [wpa_state=ASSOCIATING
][0;37m [0m
[0;36m[GW_APP] [2025-09-21 22:02:41:117944][NowNetSelectIsWifi():758]fgNetState: 0[0;37m [0m
[0;36m[GW_APP] [2025-09-21 22:02:43:407545][tryGetDhcp():594]wlan0 link up renew IP[0;37m [0m
[0;36m[GW_APP] [2025-09-21 22:02:43:421144][DhcpRestart():514] >> run [udhcpc -i wlan0 -t 15 -b -v -x hostname:GWIPC-4763251443 -p /mnt/ramdisk/dhcpc_ra0_pid.txt &][0;37m [0m
[0;36m[GW_APP] [2025-09-21 22:02:43:421320][system_safe():176]cmdstring: [udhcpc -i wlan0 -t 15 -b -v -x hostname:GWIPC-4763251443 -p /mnt/ramdisk/dhcpc_ra0_pid.txt &][0;37m [0m
[0;36m[GW_APP] [2025-09-21 22:02:47:221369][NowNetSelectIsWifi():945][wwp]: wifi connect ok!
[0;37m [0m
[[0;35mIV_NET[0m] iv_dns_callback_v2: failcnt=1 list.iotvideo.cloudlinks.cn -> non-recoverable failure in name resolution
[[0;35mIV_MID[0m] [0;36m[2025-09-21 22:02:47:789339]iv_sys_sync_net_time()[658]sync time 1758471476073 ms
[0m[0;36m[GW_APP] [2025-09-21 22:02:47:789503][sys_sync_net_time():740]stop record before sync time[0;37m [0m
[0;36m[GW_APP] [2025-09-21 22:02:47:789656][record_stop():292]begin.[0;37m [0m
[0;32m[GW_APP] [2025-09-21 22:02:47:809030][AudioVirChnCtl():475]1111111111111111111111111111111111, VirChn: [10/12], fgEnable: 0[0;37m [0m
[0;32m[GW_APP] [2025-09-21 22:02:47:809257][audio_stream_list_destroy():95][0;37m [0m
[0;32m[GW_APP] [2025-09-21 22:02:47:809404][audio_channel_remove_disable_client():325][0;37m [0m
[0;32m[GW_APP] [2025-09-21 22:02:47:809538][AudioEncCHnControl():429]audioEncChn = 3, fgEnable = 0[0;37m [0m
[0;32m[GW_APP] [2025-09-21 22:02:47:809673][AudioEncCHnControl():455]Audio encode chn is being used, usecnt--[0;37m [0m
[0;32m[GW_APP] [2025-09-21 22:02:47:809793][AudioEncCHnControl():460]Audio encode chn is being used by none user...close it[0;37m [0m
[0;32m[GW_APP] [2025-09-21 22:02:47:818367][AudioEncRealChnControl():401]audioEncChn = 3, fgEnable = 0[0;37m [0m
[0;32m[GW_APP] [2025-09-21 22:02:47:818543][AudioAACEncCtl():132]aac aenc close[0;37m [0m
[0;32m[GW_APP] [2025-09-21 22:02:47:834775][VirVencChnCtl():510]2222222222222222222222222222222222222222222, VirChn: [10/12], fgEnable: 0[0;37m [0m
[0;32m[GW_APP] [2025-09-21 22:02:47:835005][video_channel_remove_disable_client():350][0;37m [0m
[0;32m[GW_APP] [2025-09-21 22:02:47:835186][StopVencChn():447]UseCnt: 1[0;37m [0m
[0;32m[GW_APP] [2025-09-21 22:02:47:835325][StopVencChn():451]UseCnt: 0[0;37m [0m
[0;36m[GW_APP] [2025-09-21 22:02:47:849546][VencChnExit():220]begin.[0;37m [0m
[1;33m[ak_venc_cancel_stream:2779] enter grp_type=2, id=0, steam handle=0x759250
[m[1;33m[ak_venc_cancel_stream:2789] req_ref=0, user_map=0, enc_mode=2
[m[encode_thread_group_exit:828] join capture thread, tid=2930983120
[1;33m[capture_encode_frame:1405] leave...
[m[capture_thread:1431] ### thread id: 589 exit ###
[1;33m[encode_thread_group_exit:830] join capture thread OK
[m[encode_thread:1695] ### thread id: 590 exit ###
[encode_thread_group_exit:836] join encode thread, tid=2930778320
[1;33m[encode_thread_group_exit:838] join encode thread OK
[m[venc_release_useless_frames:807] all useless frames were released
[ak_venc_cancel_stream:2811] release stream resource ok
[1;33m[ak_venc_cancel_stream:2818] grp_type=2, leave...

[m[1;33m[ak_venc_close:2474] start close encode handle, grp_type=2
[m[encode_group_exit:766] VideoStream_Enc_Close OK
[ak_venc_close:2488] enc_handle:0x75a400, type:2 exit OK, free handle
[ak_venc_close:2497] enc_handle free OK
[1;33m[ak_venc_close:2500] close encode handle OK, grp_type=2

[m[0;32m[GW_APP] [2025-09-21 22:02:47:935191][vVIControl():263]dwChID= 1,set:0[0;37m [0m
[0;36m[GW_APP] [2025-09-21 22:02:47:935410][VencChnExit():236]end.[0;37m [0m
[0;36m[GW_APP] [2025-09-21 22:02:47:972688][record_stop():314]end.[0;37m [0m
[0;32m[GW_APP] [2025-09-22 00:17:56:073219][SyncSystemTime():172]set system time success: 1758471476073 ms, Sun Sep 21 16:17:56 2025
[0;37m [0m
[0;36m[GW_APP] [2025-09-22 00:17:56:323134][fgUpdateLocalDnsFile():243]fgUpdateLocalDnsFile:nameserver 114.114.114.114
[0;37m [0m
[0;36m[GW_APP] [2025-09-22 00:17:56:323344][fgUpdateLocalDnsFile():259]fgUpdateLocalDnsFile:nameserver 8.8.8.8
[0;37m [0m
[0;36m[GW_APP] [2025-09-22 00:17:56:323492][fgUpdateLocalDnsFile():275]fgUpdateLocalDnsFile:nameserver 1.1.1.1
[0;37m [0m
Deal [0;36mKEY_WIFI_CONN
[0m[0;32m[GW_APP] [2025-09-22 00:17:56:324517][fgWifiConnect():439]timeMs: 1758471476324[0;37m [0m
[0;36m[GW_APP] [2025-09-22 00:17:56:324698][vIPCTimerSetLinkFailTrigger_time():178]link_fail_trigger_time: 0, link_fail_type: 2[0;37m [0m
[0;36m[GW_APP] [2025-09-22 00:17:56:324883][SettingInfoSaveToFile():171]begin.[0;37m [0m
[0;36m[GW_APP] [2025-09-22 00:17:56:323912][system_safe():176]cmdstring: [ifconfig wlan0 mtu 1460][0;37m [0m
[0;36m[GW_APP] [2025-09-22 00:17:56:494808][vIPCTimerSetAutoRebootTime():423]currentTime: 1758471476, timezone: 8.000000[0;37m [0m
[0;36m[GW_APP] [2025-09-22 00:17:56:495225][vIPCTimerSetAutoRebootTime():431]auto_reboot_time: 1758918407[0;37m [0m
[0;36m[GW_APP] [2025-09-22 00:17:56:495410][WhiteLightStatusInit():109]get white light init status, whiteLightFlag: 0x0[0;37m [0m
[0;36m[GW_APP] [2025-09-22 00:17:56:495542][WhiteLightStatusInit():146]whiteLightFlag: 0x0[0;37m [0m
[0;36m[GW_APP] [2025-09-22 00:17:56:520887][SettingInfoSaveToFile():193]end.[0;37m [0m
[0;32m[GW_APP] [2025-09-22 00:17:56:526828][WhiteLight_Switch():363]this_status[0]
[0;37m [0m
[0;36m[GW_APP] [2025-09-22 00:17:56:527002][SettingInfoSaveToFile():171]begin.[0;37m [0m
[0;36m[GW_APP] [2025-09-22 00:17:56:559424][SettingInfoSaveToFile():193]end.[0;37m [0m
[0;36m[GW_APP] [2025-09-22 00:17:56:690094][dm_update_tfCardInfo():999]tfCardStatus: 7, freeSpace: 124755200, totalSpace: -124864512[0;37m [0m
[0;36m[GW_APP] [2025-09-22 00:17:56:690531][dm_update_whiteLightCtrlInfo():1071]Action.whiteLightCtrl.t: 1758471476[0;37m [0m
[[0;35mIV_NET[0m] iv_gutes_on_respfrm_Detect opt_busy=0
[[0;35mIV_NET[0m] [2025-09-22 00:17:56.690]iv_switch_curp2psrv: commtype 0 server 43.157.97.227 port 28800
[[0;35mIV_NET[0m] iv_gutes_start_active_certify_req not tid
[[0;35mIV_NET[0m] iv_gutes_add_send_pkt  active_code=804746526 cert_code=727747173
[[0;35mIV_NET[0m] iv_gutes_add_send_pkt frm_sqnum=3621165585 frm_chkval=1885155628 cert_code=727747173
[0;36m[GW_APP] [2025-09-22 00:17:56:735866][record_start():238]begin.[0;37m [0m
[[0;35mIV_MID[0m] [0;36m[2025-09-22 00:17:56:736232]iv_record_create_file()[8574]new file time:1758471476736
[0m[[0;35mIV_MID[0m] [0;36m[2025-09-22 00:17:56:736632]iv_record_create_file()[8612]start create record [/mnt/disc1/iotVideo/record/2025-09-21/.1758471476736.mp4]
[0m[[0;35mIV_MID[0m] [0;32m[2025-09-22 00:17:56:741743]iv_rd_mp4_writer_init_h264()[1074][0mcreate video track success,pgpac->vtrack_num:2
[0;36m[GW_APP] [2025-09-22 00:17:56:742604][record_start():268]end.[0;37m [0m
[0;32m[GW_APP] [2025-09-22 00:17:56:752661][VirVencChnCtl():510]2222222222222222222222222222222222222222222, VirChn: [10/12], fgEnable: 1[0;37m [0m
[0;32m[GW_APP] [2025-09-22 00:17:56:752874][StartVencChn():388]chnID: 1[0;37m [0m
[0;32m[GW_APP] [2025-09-22 00:17:56:753005][StartVencChn():407]Video encode chn[1] isnot being used, need to start[0;37m [0m
[0;32m[GW_APP] [2025-09-22 00:17:56:753138][vVIControl():263]dwChID= 1,set:1[0;37m [0m
[32m[00:00:25.135|  info|        ] [0menter PlatformVEncInit, ChannelID = 1
[ak_venc_open:1839] init enc_grp=2, enc_mode=0
[1;33m[set_h264_encode_param:374] main profile
[mH.264 params:
	w=640, h=360, qpMin=28, qpMax=43,bps=245760, gop=30, fps=15

--VIDAK39--Enc AK39 Encoder Lib V1.10.08--

[[0;35mIV_NET[0m] iv_gutes_on_rcvfrm_ack current_tick=884316 ntpInfo.ms_term_tick=884213
[[0;35mIV_NET[0m] iv_gutes_on_rcvfrm_ack net_time=1758471476905 
[[0;35mIV_MID[0m] [0;36m[2025-09-22 00:17:56:796997]iv_sys_period_sync_net_time()[670]sync time 1758471476905 ms
[0m[0;32m[GW_APP] [2025-09-22 00:17:56:797159][sys_period_sync_net_time():753]net_time_ms=1758471476905, cur_time=1758471476.797148[0;37m [0m
[0;32m[GW_APP] [2025-09-22 00:17:56:797411][sys_period_sync_net_time():775]adjtime success, old_delta = 0.0[0;37m [0m
[[0;35mIV_NET[0m] gutes_on_respfrm_certify_resp session_id=7552577481141320707
[[0;35mIV_MID[0m] [0;36m[2025-09-22 00:17:56:804350]iv_sys_srv_link_notify()[335]online result: 9
[0m[0;32m[GW_APP] [2025-09-22 00:17:56:804667][cm_notify_module_status():142]sys online result:9
[0;37m [0m
[[0;35mIV_NET[0m] iv_dev_support_oracle_cos devFuncCfg=525312
[[0;35mIV_NET[0m] gat_make_fp_json out={"zoomFocusC":{"zoomUp":0,"zoomDown":0,"stepSize":0},"devFuncCfg":525312,"_versionInfo":{"sdkVer":2694850916,"swVer":1107296281,"hwVer":0},"_productInfo":{"productModel":"GW-IPC-AK-200.25","productID":"6442451392","funcCode":3,"revision":12,"revisionUtc":1681815251,"resolution":{"width":0,"height":0},"videoCodec":"","audioCodec":"","streamChnNum":0}} len=352 
[[0;35mIV_NET[0m] gat_send_init_info_msg certinfo.product_id=6442451392 gdf_ProductID=2147484096
[[0;35mIV_NET[0m] gat_send_init_info_msg out_st={"simCard":{"stVal":{"iccid":"","moduleType":"","exOpt":0},"t":-1},"power":{"stVal":{"mode":0,"charging":0,"battery":0},"t":-1},"devInfo":{"stVal":{"video":{"ch1":{"res":{"w":1280,"h":720},"enc":1},"ch2":{"res":{"w":640,"h":360},"enc":1}},"audio":{"enc":4,"samplerate":16000}},"t":1758471476},"connectInfo":{"stVal":{"type":2,"signal":62},"t":1758471476},"tfInfo":{"stVal":{"total":-124864512,"remain":124755200,"stat":1},"t":1758471476}} str_len=438 frm_len=864
[[0;35mIV_MID[0m] [0;36m[2025-09-22 00:17:56:826186]iv_cs_create_new_service()[7835]begin
[0m[[0;35mIV_MID[0m] [0;32m[2025-09-22 00:17:56:831174]iv_cs_event_picture_init()[6781][0mevent param: rec:8,interval:180,depth:0
[[0;35mIV_MID[0m] [0;32m[2025-09-22 00:17:56:833357]iv_cs_parse_server_auth_info_video()[4403][0mtsEncryptKey NULL/not exist.
[[0;35mIV_MID[0m] [0;36m[2025-09-22 00:17:56:833564]iv_cs_parse_service_info_file()[7613]video service capab 3, manual set open
[0m[[0;35mIV_MID[0m] [0;36m[2025-09-22 00:17:56:834870]iv_cs_parse_service_info_file()[7653]picture service capab 255, manual set open
[0m[[0;35mIV_MID[0m] [0;36m[2025-09-22 00:17:56:835374]iv_cs_ctrl_proc()[7252]running
[0m[[0;35mIV_MID[0m] [0;36m[2025-09-22 00:17:56:835592]iv_cs_event_picture_ctrl()[7107]event picture cs try[0] get cos auth info
[0m[[0;35mIV_MID[0m] [0;36m[2025-09-22 00:17:56:850543]iv_cs_event_deal_thread()[6199]running
[0m[[0;35mIV_MID[0m] [0;36m[2025-09-22 00:17:56:850755]iv_cs_event_deal_thread()[6231]wait new event trigger
[0m[[0;35mIV_MID[0m] [0;32m[2025-09-22 00:17:56:870472]iv_cs_get_server_auth_info()[4717][0mstart.
[[0;35mIV_NET[0m] [2025-09-22 00:17:56.894]iv_gutes_resend_proc type=166 waitAck resend...
[set_channel_rc:547] VBR video mode: 80
[set_encode_br_mode:509] set chn 0 br: VBR, 1
[ak_venc_open:1921] allocating type=2, enc_mode=1, enc_handle: 0x760230

[37m[00:00:25.382| debug|        ] [0mInit OSD(1) @ 4,4,250,24
[37m[00:00:25.382| debug|        ] [0mGet OSD(1) Canvas Rect [4,4,250,24].
[ak_osd_set_rect:782] xstart: 4 ystart: 4 w: 256 h: 32
[1;33m[ak_osd_set_rect:810] x:4, y:4, w:256, h:32
[m[1;33m[ak_venc_request_stream:2552] user's id=0, req_ref=1, grp_type=2, enc_mode=1
[m[ak_venc_request_stream:2554] vi_handle=0x6b82f8, enc_handle=0x760230
[1;33m[ak_venc_request_stream:2563] encode_frames=15, record.fps=15, capture_frames=15
[m[1;33m[ak_venc_request_stream:2577] new_handle=0x760450, grp_type=2, enc_mode=2, req_grp_nr=1
[m[ak_venc_request_stream:2584] init thread list
[capture_thread:1416] start to capture, thread id: 638
[1;33m[capture_thread:1421] capture thread sleep...
[m[start_service_work:1777] create capture_thread, tid=2930778320
[encode_thread:1684] start to encode, thread id: 639
[start_service_work:1781] create encode_thread, tid=2930983120
[1;33m[capture_thread:1424] capture thread wakeup...
[m[capture_encode_frame:1363] cap_run=1, req_grp_nr=1
[[0;35mIV_NET[0m] gat_on_rcvpkt_LIST_RESP ipv6 list, ip: ::, port 51701
[[0;35mIV_NET[0m] iv_store_srv_info 8032
[start_service_work:1789] service start

[ak_venc_request_stream:2591] grp_type=2, request OK, enc_mode=2
[[0;35mIV_NET[0m] gute_recv_fragment_init mtu=1032 opt_lan=0 
[[0;35mIV_NET[0m] gute_recv_fragment_init frag_frm->orgin_len=1196 pkt=0x76fda8 frm_sqnum=-1976687150, all_cnt=2 fragdata_size=1008
[[0;35mIV_NET[0m] rcv frag_idx=0 movelen=0 frag_frm->frm_len=1032 rcv_cnt=1
[[0;35mIV_NET[0m] rcv frag_idx=1 movelen=1008 frag_frm->frm_len=212 rcv_cnt=2
[[0;35mIV_NET[0m] gute_recv_fragment_data complete
[0;32m[GW_APP] [2025-09-22 00:17:57:144731][StartVencChn():410]UseCnt: 1[0;37m [0m
[0;36m[GW_APP] [2025-09-22 00:17:57:145126][video_stream_list_create():169]head->next: 0x768804, ppTail: 0x768804, count: 0[0;37m [0m
[0;32m[GW_APP] [2025-09-22 00:17:57:145312][AudioVirChnCtl():475]1111111111111111111111111111111111, VirChn: [10/12], fgEnable: 1[0;37m [0m
[0;36m[GW_APP] [2025-09-22 00:17:57:145479][audio_stream_list_create():89]head->next: 0x75a0f4, ppTail: 0x75a0f4, count: 0[0;37m [0m
[0;32m[GW_APP] [2025-09-22 00:17:57:145626][AudioEncCHnControl():429]audioEncChn = 3, fgEnable = 1[0;37m [0m
[0;32m[GW_APP] [2025-09-22 00:17:57:145758][AudioEncCHnControl():445]Audio encode chn isnot being used, need to start[0;37m [0m
[0;32m[GW_APP] [2025-09-22 00:17:57:145877][AudioEncRealChnControl():401]audioEncChn = 3, fgEnable = 1[0;37m [0m
[0;32m[GW_APP] [2025-09-22 00:17:57:146005][AudioAACEncCtl():132]aac aenc open[0;37m [0m
[1;33m[ak_aenc_open:1241] aenc version libmpi_aenc V2.3.01 
[m[0;32m[GW_APP] [2025-09-22 00:17:57:147872][GetVideoFromEncoderProcess():131]create thread GetVideoFromEncoderProcess[0;37m [0m
--AudioCodec Version V1.16.00_svn5418--
[1;33m[isp_vi_get_frame:842] capture on --> real get frame time=15867
[m[1;31m
[ak_vi_get_frame:1470] get frame failed
[m## ChipIdval = 0x20150200
## CHIP OK
sr(16000), ich(1), och(1), bitrate(32000)
[[0;35mIV_MID[0m] [0;32m[2025-09-22 00:17:57:181137]iv_cs_get_server_auth_info()[4749][0mend.
[1;33m[isp_vi_get_frame:842] capture on --> real get frame time=15909
[m[1;31m
[ak_vi_get_frame:1470] get frame failed
[mDeal [0;36mKEY_REPORT_WHITELIGHT_STATUS
[0m[0;32m[GW_APP] [2025-09-22 00:17:57:222302][fgReportWhiteLightStatus():270]timeMs: 1758471477222[0;37m [0m
[0;32m[GW_APP] [2025-09-22 00:17:57:223512][av_talk_report_whiteLight_status():145]sendJson: {"type":12,"data":{"whiteLightStatus":0}}[0;37m [0m
[0;31m[GW_APP] [2025-09-22 00:17:57:234118][SendAudioToEncoderProc():154]Get PlatformAACAudioEncStream Failed  ret=-1[0;37m [0m
[[0;35mIV_NET[0m] gat_on_rcvpkt_LIST_RESP ipv6 list, ip: ::, port 51701
[1;33m[isp_vi_get_frame:842] capture on --> real get frame time=15955
[m[1;31m
[ak_vi_get_frame:1470] get frame failed
[m[smooth_ts:1201] init smooth_index=13269
[[0;35mIV_MID[0m] [0;36m[2025-09-22 00:17:57:356079]iv_cs_video_service_ctrl()[7064]capab 3, try[0] get cos auth info
[0m[[0;35mIV_MID[0m] [0;32m[2025-09-22 00:17:57:357794]iv_cs_get_server_auth_info()[4717][0mstart.
[[0;35mIV_NET[0m] unzip ok ! origlen 1931 , ziplen 926
[[0;35mIV_NET[0m] gat_rcv_init_info_msg_resp srv_id=870
[[0;35mIV_NET[0m] gat_rcv_init_info_msg_resp opt_with_gdm_SP=1
[[0;35mIV_NET[0m] gat_rcv_init_info_msg_resp need_proc_srv_dm_msg=1
[[0;35mIV_MID[0m] [0;36m[2025-09-22 00:17:57:502999]iv_sys_srv_link_notify()[335]online result: 1
[0m[0;32m[GW_APP] [2025-09-22 00:17:57:503356][cm_notify_module_status():142]sys online result:1
[0;37m [0m
[[0;35mIV_NET[0m] iv_gutes_on_respfrm_Detect opt_busy=0
[[0;35mIV_NET[0m] iv_dm_data_proc 855
[[0;35mIV_MID[0m] [0;36m[2025-09-22 00:17:57:604412]iv_cs_remote_notify()[7746]serviceType=3 utcExpire=2073258367,pause=0,systemTime:1758471477
[0m[[0;35mIV_MID[0m] [0;32m[2025-09-22 00:17:57:604671]iv_cs_remote_notify()[7802][0mservice capability=3,status=1
[[0;35mIV_MID[0m] [0;32m[2025-09-22 00:17:57:619780]iv_ota_mode_set()[898][0mota mode:1.
[0;32m[GW_APP] [2025-09-22 00:17:57:619986][iv_usrcb_ProWritable_timeZone():89]set timeZone 2.000000, time: 1757976663[0;37m [0m
[0;36m[GW_APP] [2025-09-22 00:17:57:620197][SettingInfoSaveToFile():171]begin.[0;37m [0m
[[0;35mIV_NET[0m] [2025-09-21 18:17:57.717]gat_send_heart_frm begin...term_id=4763251443 ip 43.157.97.227 port 28800  ip_env=1 srv_id=870
[[0;35mIV_NET[0m] iv_gutes_on_respfrm_Detect opt_busy=0
[[0;35mIV_NET[0m] gute_recv_fragment_init mtu=1032 opt_lan=0 
[[0;35mIV_NET[0m] gute_recv_fragment_init frag_frm->orgin_len=1413 pkt=0x76e8b0 frm_sqnum=-1976622761, all_cnt=2 fragdata_size=1008
[[0;35mIV_NET[0m] rcv frag_idx=0 movelen=0 frag_frm->frm_len=1032 rcv_cnt=1
[[0;35mIV_NET[0m] rcv frag_idx=1 movelen=1008 frag_frm->frm_len=429 rcv_cnt=2
[[0;35mIV_NET[0m] gute_recv_fragment_data complete
[[0;35mIV_NET[0m] unzip ok ! origlen 1483 , ziplen 1413
[0;36m[GW_APP] [2025-09-22 00:17:57:741709][SettingInfoSaveToFile():193]end.[0;37m [0m
[0;32m[GW_APP] [2025-09-22 00:17:57:741971][iv_usrcb_ProWritable_volume():108]set ao volume: 7, time: 1757976644[0;37m [0m
[PlatformAudioOut_SetVol] vol = 7
[AOVolSet] ak_ao_set_volume
[ak_ao_set_dac_volume:1112] set volume 5
[1;33m[pcm_dac_set_volume:766] set DEV volume 4
[m[[0;35mIV_MID[0m] [0;32m[2025-09-21 18:17:57:766501]iv_cs_parse_server_auth_info_video()[4403][0mtsEncryptKey NULL/not exist.
[[0;35mIV_MID[0m] [0;32m[2025-09-21 18:17:57:767106]iv_cs_get_server_auth_info()[4749][0mend.
[[0;35mIV_MID[0m] [0;32m[2025-09-21 18:17:57:767287]iv_cs_video_service_ctrl()[7071][0mget info success.
[dac_set_aslc:388] aslc volume = 0
## aslc setMileStone:
[[0;35mIV_NET[0m] iv_gutes_on_rcvfrm_ack current_tick=885311 ntpInfo.ms_term_tick=885237
[[0;35mIV_NET[0m] iv_gutes_on_rcvfrm_ack net_time=1758471477880 
[[0;35mIV_MID[0m] [0;36m[2025-09-21 18:17:57:792465]iv_sys_period_sync_net_time()[670]sync time 1758471477880 ms
[0m[0;32m[GW_APP] [2025-09-22 00:17:57:792625][sys_period_sync_net_time():753]net_time_ms=1758471477880, cur_time=1758471477.792614[0;37m [0m
[0;32m[GW_APP] [2025-09-22 00:17:57:792822][sys_period_sync_net_time():775]adjtime success, old_delta = 0.0[0;37m [0m
[[0;35mIV_MID[0m] [0;36m[2025-09-21 18:17:57:793212]iv_sys_srv_link_notify()[335]online result: 1
[0m[1;33m[check_work_scene_changed:1451] current work scene=1, outdoor
[m(0, 0), (104, 33), [0;32m[GW_APP] [2025-09-22 00:17:57:814380][cm_notify_module_status():142]sys online result:1
[0;37m [0m
[[0;35mIV_NET[0m] gat_on_rcvfrm_HeartResp score=60
(328, 328), (26029, 32768), (32768, 32768), 
## times: 6, 3, 300
## ASLC SET OK, ena:1, lookAheadLen:96
[ak_ao_set_aslc_volume:1159] set aslc volume 0 
[0;36m[GW_APP] [2025-09-22 00:17:57:910935][SettingInfoSaveToFile():171]begin.[0;37m [0m
[0;36m[GW_APP] [2025-09-22 00:17:57:950725][SettingInfoSaveToFile():193]end.[0;37m [0m
[0;32m[GW_APP] [2025-09-22 00:17:57:950997][iv_usrcb_ProWritable_onvifEn():146]set onvif enable time: 1757976736[0;37m [0m
[[0;35mIV_MID[0m] [0;36m[2025-09-21 18:17:58:911003]iv_cs_create_new_service()[7835]begin
[0m[[0;35mIV_MID[0m] [0;36m[2025-09-21 18:17:58:911248]iv_cs_create_new_service()[7852]cap chn0, service created
[0m[[0;35mIV_MID[0m] [0;36m[2025-09-21 18:17:58:911391]iv_cs_check_notice()[6963]iv cs type 1,capab 3, option = 1,now status:1
[0m[[0;35mIV_MID[0m] [0;32m[2025-09-21 18:17:58:911537]iv_cs_check_notice()[6974][0mcapab 1, status same[1:1],no need any option
[0;36m[GW_APP] [2025-09-22 00:17:58:954792][onvif_init():1804]MAIN width:1280, height:720 SUB width:640, height:360[0;37m [0m
[0;36m[GW_APP] [2025-09-22 00:17:58:955559][onvif_init():1808]create thread vOnvifDiscoverProbe[0;37m [0m
[0;36m[GW_APP] [2025-09-22 00:17:58:956127][onvif_init():1813]create thread vOnvifProbe[0;37m [0m
[0;36m[GW_APP] [2025-09-22 00:17:58:956303][SetRtspNewPasswordType():139]dwRtspNewPasswordType: 2[0;37m [0m
[0;36m[GW_APP] [2025-09-22 00:17:58:956477][SettingInfoSaveToFile():171]begin.[0;37m [0m
[0;36m[GW_APP] [2025-09-22 00:17:59:021230][SettingInfoSaveToFile():193]end.[0;37m [0m
[0;32m[GW_APP] [2025-09-22 00:17:59:021510][iv_usrcb_ProWritable_recordParm():186]set record mode 0, alarm record duration: 60, allday record enable, time: 1757976644[0;37m [0m
[0;32m[GW_APP] [2025-09-22 00:17:59:021746][record_mode_set():568]ps8RecordType: allday[0;37m [0m
<<< [ iv_usrcb_ProWritable_recordParm ] recordParm.setVal.mode = 0, recordParm.setVal.tfVideoRes = 1
[0;32m[GW_APP] [2025-09-22 00:17:59:021908][record_resolution_set():585]recordResolution: 10[0;37m [0m
[0;32m[GW_APP] [2025-09-22 00:17:59:022035][record_plan_set():369]start time: 0:00[0;37m [0m
[0;32m[GW_APP] [2025-09-22 00:17:59:022164][record_plan_set():370]end time: 0:00[0;37m [0m
[0;32m[GW_APP] [2025-09-22 00:17:59:022288][record_plan_set():378]week day: 1/1/1/1/1/1/1[0;37m [0m
[0;36m[GW_APP] [2025-09-22 00:17:59:022449][SettingInfoSaveToFile():171]begin.[0;37m [0m
[0;36m[GW_APP] [2025-09-22 00:17:59:048158][SettingInfoSaveToFile():193]end.[0;37m [0m
[0;32m[GW_APP] [2025-09-22 00:17:59:048420][iv_usrcb_ProWritable_guardParm():225]set enable true, motion detection level: 3, motion tracking disable, sound alarm disable, light alarm disable, time: 1757976644[0;37m [0m
[0;32m[GW_APP] [2025-09-22 00:17:59:048712][iv_usrcb_ProWritable_guardParm():226]start time: 0:00[0;37m [0m
[0;32m[GW_APP] [2025-09-22 00:17:59:048870][iv_usrcb_ProWritable_guardParm():227]end time: 0:00[0;37m [0m
[0;32m[GW_APP] [2025-09-22 00:17:59:049003][iv_usrcb_ProWritable_guardParm():228]week day: 127[0;37m [0m
[0;32m[GW_APP] [2025-09-22 00:17:59:049125][iv_usrcb_ProWritable_guardParm():229]aiDetectEn: 1[0;37m [0m
[0;36m[GW_APP] [2025-09-22 00:17:59:049253][vMotionTrackingStop():884]motion tracking already stop[0;37m [0m
[0;32m[GW_APP] [2025-09-22 00:17:59:053200][defense_plan_set():136]start time: 0:00[0;37m [0m
[0;32m[GW_APP] [2025-09-22 00:17:59:053406][defense_plan_set():137]end time: 0:00[0;37m [0m
[0;32m[GW_APP] [2025-09-22 00:17:59:053544][defense_plan_set():145]week day: 1/1/1/1/1/1/1[0;37m [0m
[0;36m[GW_APP] [2025-09-22 00:17:59:053716][SettingInfoSaveToFile():171]begin.[0;37m [0m
[0;36m[GW_APP] [2025-09-22 00:17:59:097482][SettingInfoSaveToFile():193]end.[0;37m [0m
[0;31m[GW_APP] [2025-09-22 00:17:59:097711][iv_usrcb_ProWritable_antiFlick():280]ignore antiFlick[0;37m [0m
[0;32m[GW_APP] [2025-09-22 00:17:59:097869][iv_usrcb_ProWritable_videoParm():299]set flip: 0, videoLevel: 2, time: 1757976705[0;37m [0m
[0;32m[GW_APP] [2025-09-22 00:17:59:098137][video_flip_set():599]bFlip: 0, sensorDir: 0[0;37m [0m
[0;32m[GW_APP] [2025-09-22 00:17:59:098282][video_flip_set():602]bFlipRealStatus: 0[0;37m [0m
[32m[00:00:27.495|  info|        ]Running /ipc/abnormal_reboot.sh now...
Running /ipc/TimeBeforeReboot.sh
TimeBeforeRestart:"1758471481"
 [0menter PlatformVEncSetFrameRateBitRate
[33m[00:00:27.496|  warn|        ] [0m"platform_av.c:992" Condition ( "((void *)0) != _venc_handle[ChannelID]" ) Failed.
[0;36m[GW_APP] [2025-09-22 00:17:59:115210][SettingInfoSaveToFile():171]begin.[0;37m [0m
[0;36m[GW_APP] [2025-09-22 00:17:59:183909][SettingInfoSaveToFile():193]end.[0;37m [0m
[0;32m[GW_APP] [2025-09-22 00:17:59:184137][iv_usrcb_ProWritable_csVideoRes():329]set cloud storage resolution: 1, time: 1757976686[0;37m [0m
[0;32m[GW_APP] [2025-09-22 00:17:59:184451][iv_usrcb_ProWritable_whiteLightPlan():355]set white light planEn: disable, plan1: -1, plan2: -1, plan3: -1, plan4: -1, plan5: -1, plan6: -1, time: 1757976644[0;37m [0m
[0;36m[GW_APP] [2025-09-22 00:17:59:184740][SettingInfoSaveToFile():171]begin.[0;37m [0m
[0;36m[GW_APP] [2025-09-22 00:17:59:233273][SettingInfoSaveToFile():193]end.[0;37m [0m
[0;32m[GW_APP] [2025-09-22 00:17:59:233502][iv_usrcb_ProWritable_resFile():531]supportFunc: 0, resId: , resName: [0;37m [0m
[0;32m[GW_APP] [2025-09-22 00:17:59:233686][dm_report_flag_check():216]keycall not support[0;37m [0m
[0;32m[GW_APP] [2025-09-22 00:17:59:233823][iv_usrcb_ProWritable_pressKeyCall():596]setVal: 0, pressKeyCallStatus: 0, time: -1[0;37m [0m
[0;32m[GW_APP] [2025-09-22 00:17:59:233966][iv_usrcb_ProWritable_pressKeyCall():605]pressKeyCallStatus off[0;37m [0m
[0;36m[GW_APP] [2025-09-22 00:17:59:234091][SettingInfoSaveToFile():171]begin.[0;37m [0m
[0;36m[GW_APP] [2025-09-22 00:17:59:246639][SettingInfoSaveToFile():193]end.[0;37m [0m
Deal [0;36mKEY_CROP_ZOOM
[0m[0;31m[GW_APP] [2025-09-22 00:18:00:202996][SetIPCExit():121]Error ! exit ![0;37m [0m
[0;31m[GW_APP] [2025-09-22 00:18:00:203212][SetIPCExit():122]vNPCExit Exit by signal: 2[0;37m [0m
[0;36m[GW_APP] [2025-09-22 00:18:00:203475][system_safe():176]cmdstring: [/ipc/abnormal_reboot.sh &][0;37m [0m
[0;32m[GW_APP] [2025-09-22 00:18:01:174850][vStopMD():309]<<<[0;37m [0m
[32m[00:00:29.556|  info|        ] [0menter PlatformStopMD
[0m[00:00:29.557|debug2| Thread ] [0mSync Terminate Thread(ID: 1, Nick: _process_mt_even).
[0m[00:00:29.568|debug2| Thread ] [0mLeave Thread(ID: 1, Nick: _process_mt_even).
[0m[00:00:29.569|debug2| Thread ] [0mSync Terminate Thread(ID: 1, Nick: _process_mt_even) Finished.
[0;32m[GW_APP] [2025-09-22 00:18:01:187863][vVIControl():263]dwChID= 3,set:0[0;37m [0m
[0;36m[GW_APP] [2025-09-22 00:18:01:188052][iotvideo_sdk_exit():62]Start ...[0;37m [0m
[[0;35mIV_MID[0m] [0;32m[2025-09-21 18:18:01:188190]iv_uc_exit()[154][0mbegin.
[[0;35mIV_MID[0m] [0;32m[2025-09-21 18:18:01:188325]iv_uc_exit()[155][0mend.
[[0;35mIV_MID[0m] [0;32m[2025-09-21 18:18:01:188441]iv_ota_exit()[1019][0mbegin.
[[0;35mIV_MID[0m] [0;32m[2025-09-21 18:18:01:188854]iv_ota_proc()[753][0mexit
[[0;35mIV_MID[0m] [0;32m[2025-09-21 18:18:01:189482]iv_ota_exit()[1023][0mend.
[0;36m[GW_APP] [2025-09-22 00:18:01:189678][cloud_storage_stop():216]begin.[0;37m [0m
[0;36m[GW_APP] [2025-09-22 00:18:01:189896][cloud_storage_stop():229]end.[0;37m [0m
[[0;35mIV_MID[0m] [0;32m[2025-09-21 18:18:01:190099]iv_cs_exit()[8015][0mbegin.
[0;32m[GW_APP] [2025-09-22 00:18:01:235858][MdProc():217]<<--[0;37m [0m
[[0;35mIV_MID[0m] [0;32m[2025-09-21 18:18:01:913035]iv_cs_ctrl_proc()[7268][0mexit
[[0;35mIV_MID[0m] [0;32m[2025-09-21 18:18:01:937062]iv_cs_event_deal_thread()[6658][0mexit
[[0;35mIV_MID[0m] [0;32m[2025-09-21 18:18:01:956387]iv_cs_exit()[8026][0mend.
[0;36m[GW_APP] [2025-09-22 00:18:01:956584][record_stop():292]begin.[0;37m [0m
[0;32m[GW_APP] [2025-09-22 00:18:01:977035][AudioVirChnCtl():475]1111111111111111111111111111111111, VirChn: [10/12], fgEnable: 0[0;37m [0m
[0;32m[GW_APP] [2025-09-22 00:18:01:977254][audio_stream_list_destroy():95][0;37m [0m
[0;32m[GW_APP] [2025-09-22 00:18:01:977398][audio_channel_remove_disable_client():325][0;37m [0m
[0;32m[GW_APP] [2025-09-22 00:18:01:977520][AudioEncCHnControl():429]audioEncChn = 3, fgEnable = 0[0;37m [0m
[0;32m[GW_APP] [2025-09-22 00:18:01:977656][AudioEncCHnControl():455]Audio encode chn is being used, usecnt--:  We need [1;31mreboot[0m.
Running /ipc/abnormal_reboot.sh now...
Running /ipc/TimeBeforeReboot.sh
