[0;36m[GW_APP] [1970-01-01 08:06:36:004348][main():375]
Welcome Gwell IPC System! gcc 4.8.5 [14:04:12 Jul 18 2023][0;37m [0m
[0;36m[GW_APP] [1970-01-01 08:06:36:316472][main():379]env PATH: [/bin:/sbin:/usr/bin:/usr/sbin:/ipc/bin:/ipc/sbin][0;37m [0m
[0;32m[GW_APP] [1970-01-01 08:06:38:458616][vSetIVAppVersionFromFile():78]ivappver=33.0.25, debug status=0[0;37m [0m
[0;36m[GW_APP] [1970-01-01 08:06:38:466822][SettingInfoInitFromFile():147]LastSettingInfoLength = 537[0;37m [0m
[0;32m[GW_APP] [1970-01-01 08:06:38:470499][SettingInfoInitFromFile():162]get setting info from file: /rom/ipc_setting.bin[0;37m [0m
[0;36m[GW_APP] [1970-01-01 08:06:38:471522][WorkStatusInit():63]begin.[0;37m [0m
[0;36m[GW_APP] [1970-01-01 08:06:38:472494][WorkStatusInit():79]end.[0;37m [0m
open gpio driver succ
>>>>>>>>   Sensor: [1;31m0x1345
[0m
>>>>>>>>   Sensor: [1;31m12800720[0m
Revision 16
Build Jul 18 2023 14:04:08
default log level=4
[ak_vi_match_sensor:938] config_file: /ipc/local/isp_sc1345_dvp.conf
[1;33m[isp.conf]version: 3.004_xc, sensor id: 0x1345, style id: 0
[m[isp.conf]modify time: 2021-4-27 11:09:22
[check_file:347] check isp cfg: /ipc/local/isp_sc1345_dvp.conf OK
[1;33m[match_sensor:519] ak_vi_match_sensor OK
[m[32m[00:00:00.000|  info|        ] [0minit isp success
[1;33m[ak_vi_open:979] register device, dev type: 0
[mnew device
[vi_register_device:774] new dev=0x6b8268
[1;33m
----- libakuio.so V2.1.00 -----
[m[libakuio][/dev/ion] kernel config reserve mem size: 25165824, 0x1800000

[libakuio]ION: alloc 25165824 bytes for process 495
[libakuio]ION: yield 7 for iad 0x69c134

--------------- pmem info ---------------
    PMEM_GET_TOTAL_SIZE: 25165824 bytes
    PMEM_GET_PHYS: 0x80000000
    pmem.vaddr: 0xb4e4e000
--------------- info End ---------------

####akuio pmem init success###

ispsdk_lib version:V3.1.00 
--- AK_ISP_sdk_init g_fd=10 ---
hight light:
	frame_rate=15 max_exp_time=1500 low_light_gain=12
low light:
	frame_rate=10 max_exp_time=2046 light_gain=4
hight light fps: 15
[1;33m[isp_set_sensor_fps:1871] set sensor fps: 15
[m[1;33m[set_fps:185] set fps:15 ok
[mregister vi device ok, dev_count=1
[1;33m[ak_vi_open:989] register device OK, pdev: 0x6b8268
[m[1;33m[vi_new_user:577] now user_flg=0, user_ref=1
[m[32m[00:00:00.749|  info|        ] [0mResolution: 1280*720
[32m[00:00:00.750|  info|        ] [0mchn[VIDEO_CHN_MAIN] 1280 * 720

[32m[00:00:00.751|  info|        ] [0mchn[VIDEO_CHN_SUB] 640 * 360

[load_def_awb_step:205] get awb_attr ok, auto_awb_step:30
[1;33m[change_fps_pthread:714] thread id: 500
[mhight light:
	frame_rate=15 max_exp_time=1500 low_light_gain=12
low light:
	frame_rate=10 max_exp_time=2046 light_gain=4
hight light fps: 15
[1;33m[isp_set_sensor_fps:1871] set sensor fps: 15
[m[1;33m[set_fps:185] set fps:15 ok
[minit CROP succeedded! reset to CROP[1280, 720]
[1;33m[isp_set_sensor_fps:1871] set sensor fps: 15
[m[Platform_AV_Init:722] capture fps: 15
[1;31m
[ak_osd_init:698] chn 0 font file not init, use default
[m[ak_osd_init:715] ch:0 x:0 y:0 w:0 h:0fontS:32 res_w:1280 res_h:720
[1;31m
[ak_osd_init:698] chn 1 font file not init, use default
[m[ak_osd_init:715] ch:1 x:0 y:0 w:0 h:0fontS:16 res_w:640 res_h:360
[1;33m[ak_rb_init:37] init rb_size=8192 ring buffer OK
[m[init_pcm_adc:1351] frame interval: 100,. frame size: 3200
[1;33m[ak_ai_open:1543] ai version libplat_ai V2.9.01 
[m[1;33m[ak_ai_set_frame_interval:1841] audio frame_size=640
[m[1;33m[pcm_set_source:278] set ai source to MIC
[m[ak_ai_set_adc_volume:1887] set volume 8
[1;33m[pcm_adc_set_volume:1051] set DEV volume 7
[m[ak_ai_set_aslc_volume:1930] set volume 0
##--AudioFilter Version V1.13.09, type:11--
## aslc setMileStone:
(0, 0), (20000, 20000), (32767, 32700), 
## times: 2, 1, 1300
## aslc silence: level=0, smpcnt=800
## sr:16000, ch:1, bitsPerSmp:16, maxLenin:0, jointCh:0
## ASLC OPEN OK ena:1, lookAheadLen:32
## aslc setMileStone:
(0, 0), (3, 3), (10, 10), (32768, 32768), (32768, 32768), 
## times: 6, 3, 300
## ASLC SET OK, ena:1, lookAheadLen:96
[1;33m[ak_ai_set_nr_attr:2341] pcm_adc.prepare_flag=0
[m[1;33m[ak_ai_set_agc_attr:2179] pcm_adc.prepare_flag=0
[m##--AudioFilter Version V1.13.09, type:1--
## EQ mode:7, preGain:(0/1024.0), aslcEna:0
## sr:16000, ch:1, ibps:16, obps:16
##  (2100, 5, -12288, 2048)
##  (2600, 5, -12288, 921)
##  (2800, 3, -8192, 921)
## EQ open ok
[1;33m[get_eq_attr_param:1076] enable eq 
[m## _SD_Filter_GetEqTimePara(), info:0xbeaba844  type:1
## _SD_EQ_GetEqTimePara(): cIsEnable(1), bands(3), prevol(1024), pab(0x6edd20)
##--leave AudioFilter Version V1.13.09, type:1--
## EQ close
[0;36m[GW_APP] [1970-01-01 08:06:42:852083][vSmokeAlarmInit():785]vSmokeAlarmInit 0[0;37m [0m
Enter UISsInit
[reload_config_awb_step:225] get awb_attr ok, cur auto_awb_step:10, set to step:30
[0;32m[GW_APP] [1970-01-01 08:06:45:922748][vOpenSSLInit():19]start[0;37m [0m
[0;32m[GW_APP] [1970-01-01 08:06:47:292922][vOpenSSLInit():22]end[0;37m [0m
[0;36m[GW_APP] [1970-01-01 08:06:47:293989][NetMgProc_Init():1381]*************NetMgProc_Init******************[0;37m [0m
[0;36m[GW_APP] [1970-01-01 08:06:47:295237][UserCmdSetWifiProc_Init():255]*************UserCmdSetWifiProc_Init******************[0;37m [0m
[0;32m[GW_APP] [1970-01-01 08:06:47:599377][DiskProc():445]sd card plugged in! <<<<<<[0;37m [0m
[0;32m[GW_APP] [1970-01-01 08:06:47:600474][SDCard_Umount():345]umount2...[0;37m [0m
[0;32m[GW_APP] [1970-01-01 08:06:47:607618][SDCard_Mount():284]try to mounting...[0;37m [0m
[0;36m[GW_APP] [1970-01-01 08:06:47:635634][vUserCmdSetWifiProc():162]*************enter vUserCmdSetWifiProc******************[0;37m [0m
[0;36m[GW_APP] [1970-01-01 08:06:47:640518][dm_update_tfCardInfo():999]tfCardStatus: 7, freeSpace: 124754304, totalSpace: -124864512[0;37m [0m
[0;32m[GW_APP] [1970-01-01 08:06:47:913146][WhiteLight_Switch():363]this_status[0]
[0;37m [0m
[0;36m[GW_APP] [1970-01-01 08:06:48:031558][vIrcutSwitchToFilter():133]fgCutEn = 0[0;37m [0m
[0;32m[GW_APP] [1970-01-01 08:06:48:143085][SDCard_Mount():284]try to mounting...[0;37m [0m
[0;36m[GW_APP] [1970-01-01 08:06:48:158672][dm_update_tfCardInfo():999]tfCardStatus: 7, freeSpace: 124754304, totalSpace: -124864512[0;37m [0m
[0;32m[GW_APP] [1970-01-01 08:06:48:662801][SDCard_Mount():284]try to mounting...[0;37m [0m
[0;36m[GW_APP] [1970-01-01 08:06:48:678080][dm_update_tfCardInfo():999]tfCardStatus: 7, freeSpace: 124754304, totalSpace: -124864512[0;37m [0m
[0;32m[GW_APP] [1970-01-01 08:06:49:182390][SDCard_Mount():284]try to mounting...[0;37m [0m
[0;36m[GW_APP] [1970-01-01 08:06:49:197741][dm_update_tfCardInfo():999]tfCardStatus: 7, freeSpace: 124754304, totalSpace: -124864512[0;37m [0m
[0;32m[GW_APP] [1970-01-01 08:06:49:701917][SDCard_Mount():284]try to mounting...[0;37m [0m
[0;36m[GW_APP] [1970-01-01 08:06:49:717302][dm_update_tfCardInfo():999]tfCardStatus: 7, freeSpace: 124754304, totalSpace: -124864512[0;37m [0m
[0;36m[GW_APP] [1970-01-01 08:06:50:040289][vIrcutSwitchToFilter():133]fgCutEn = 1[0;37m [0m
[0;36m[GW_APP] [1970-01-01 08:06:50:248828][vKey_DrvProc():376]100 -> 150[0;37m [0m
[0;36m[GW_APP] [1970-01-01 08:06:50:249871][vKey_DrvProc():391]80 -> 100[0;37m [0m
[0;32m[GW_APP] [1970-01-01 08:06:50:264882][startRtspClientThread():4533]create rtsp client thread![0;37m [0m
[0;32m[GW_APP] [1970-01-01 08:06:50:273590][RtspClient_proc():4353][0;37m [0m
[0;32m[GW_APP] [1970-01-01 08:06:50:284664][vHandSelectProc():5056]=================begin=================[0;37m [0m
[0;32m[GW_APP] [1970-01-01 08:06:50:291340][gw_adec_ao_init():367]samplerate: 16000, volume level: 10[0;37m [0m
[0;32m[GW_APP] [1970-01-01 08:06:50:373839][SDCard_Mount():284]try to mounting...[0;37m [0m
[0;36m[GW_APP] [1970-01-01 08:06:50:390242][dm_update_tfCardInfo():999]tfCardStatus: 7, freeSpace: 124754304, totalSpace: -124864512[0;37m [0m
[0;36m[GW_APP] [1970-01-01 08:06:50:639290][bNetCardDevSupport():394]State: -1[0;37m [0m
[0;36m[GW_APP] [1970-01-01 08:06:50:654179][vNewNetMgProc():1281]fgEthSupport: 0, fgWifiSupport: 1, fg4GSupport: 0[0;37m [0m
[0;36m[GW_APP] [1970-01-01 08:06:50:655225][vWifiInit():435]=====>wifi init[0;37m [0m
[0;36m[GW_APP] [1970-01-01 08:06:50:684181][vGetWifiPrmFromRomConfFile():346]Init SSID=MTNSL, EncType=2, Password=AJM.l1$Kr[0;37m [0m
[0;36m[GW_APP] [1970-01-01 08:06:50:697749][vGetWifiPrmFromRomConfFile():346]Init SSID=MTNSL, EncType=2, Password=AJM.l1$Kr[0;37m [0m
[0;36m[GW_APP] [1970-01-01 08:06:50:703873][vGetWifiPrmFromRomConfFile():346]Init SSID=Free-AP2, EncType=0, Password=[0;37m [0m
[0;36m[GW_APP] [1970-01-01 08:06:50:709698][vGetWifiPrmFromRomConfFile():346]Init SSID=Free-AP3, EncType=0, Password=[0;37m [0m
[0;36m[GW_APP] [1970-01-01 08:06:50:711640][copy_file():440]src: /rom/wpa_supplicant1.conf, dst: /mnt/ramdisk/wpa_supplicant0.conf[0;37m [0m
[0;36m[GW_APP] [1970-01-01 08:06:50:752302][vGetWifiPrmFromRomConfFile():346]Init SSID=MTNSL, EncType=2, Password=AJM.l1$Kr[0;37m [0m
[0;36m[GW_APP] [1970-01-01 08:06:50:760243][system_safe():176]cmdstring: [ifconfig wlan0 multicast][0;37m [0m
[0;32m[GW_APP] [1970-01-01 08:06:52:982407][SDCard_Mount():284]try to mounting...[0;37m [0m
[0;36m[GW_APP] [1970-01-01 08:06:53:045662][dm_update_tfCardInfo():999]tfCardStatus: 7, freeSpace: 124754048, totalSpace: -124864512[0;37m [0m
[PlatformAudioOut_SetVol] vol = 10
[AOVolSet] ak_ao_set_volume
[ak_ao_set_dac_volume:1112] set volume 6
[1;33m[pcm_dac_set_volume:766] set DEV volume 5
[m[0;32m[GW_APP] [1970-01-01 08:06:53:676352][SDCard_Mount():284]try to mounting...[0;37m [0m
[0;36m[GW_APP] [1970-01-01 08:06:53:691743][dm_update_tfCardInfo():999]tfCardStatus: 7, freeSpace: 124754048, totalSpace: -124864512[0;37m [0m
[0;36m[GW_APP] [1970-01-01 08:06:53:694690][iParseWifiModuleType():94]wifi type: WIFI_TYPE_8188FU[0;37m [0m
[0;36m[GW_APP] [1970-01-01 08:06:53:697563][fgWifiReconfig():691]cBuf: [wpa_cli -p /etc/Wireless -iwlan0 reconfigure][0;37m [0m
##--AudioFilter Version V1.13.09, type:11--
[0;36m[GW_APP] [1970-01-01 08:06:54:043408][fgWifiReconfig():700]result: [][0;37m [0m
[0;36m[GW_APP] [1970-01-01 08:06:54:046397][fgWifiReconfig():706]cBuf: [wpa_supplicant -B -iwlan0 -c /mnt/ramdisk/wpa_supplicant0.conf -P /mnt/ramdisk/wpa_pid.txt][0;37m [0m
[0;36m[GW_APP] [1970-01-01 08:06:54:047392][system_safe():176]cmdstring: [wpa_supplicant -B -iwlan0 -c /mnt/ramdisk/wpa_supplicant0.conf -P /mnt/ramdisk/wpa_pid.txt][0;37m [0m
## aslc setMileStone:
[0;32m[GW_APP] [1970-01-01 08:06:56:343822][SDCard_Mount():284]try to mounting...[0;37m [0m
[0;36m[GW_APP] [1970-01-01 08:06:56:449671][dm_update_tfCardInfo():999]tfCardStatus: 7, freeSpace: 124753920, totalSpace: -124864512[0;37m [0m
(0, 0), (20000, 20000), (32767, 32700), 
## times: 2, 1, 1300
## aslc silence: level=0, smpcnt=800
## sr:16000, ch:2, bitsPerSmp:16, maxLenin:0, jointCh:2
## ASLC OPEN OK ena:1, lookAheadLen:32
[dac_set_aslc:388] aslc volume = 6
## aslc setMileStone:
[0;32m[GW_APP] [1970-01-01 08:06:57:191070][SDCard_Mount():284]try to mounting...[0;37m [0m
[0;36m[GW_APP] [1970-01-01 08:06:57:223063][dm_update_tfCardInfo():999]tfCardStatus: 7, freeSpace: 124753920, totalSpace: -124864512[0;37m [0m
[0;36m[GW_APP] [1970-01-01 08:06:57:227065][dm_update_tfCardInfo():999]tfCardStatus: 7, freeSpace: 124753920, totalSpace: -124864512[0;37m [0m
(0, 0), (104, 33), (328, 2603), (3277, 32768), (32768, 32768), 
## times: 6, 3, 300
## ASLC SET OK, ena:1, lookAheadLen:96
[ak_ao_set_aslc_volume:1159] set aslc volume 6 
Running /ipc/abnormal_reboot.sh now...
Running /ipc/TimeBeforeReboot.sh
TimeBeforeRestart:"420"
:  We need [1;31mreboot[0m.
