Process 494 attached
[pid   494] 00:17:10.482301 +++ exited with 0 +++
00:17:10.485354 --- SIGCHLD {si_signo=SIGCHLD, si_code=CLD_EXITED, si_pid=494, si_uid=0, si_status=0, si_utime=0, si_stime=26} ---
GWCFG_ParseItem(): GWCFG_CheckValue(0) failed with ret=-1! name="version",value="wls_xxr_v1.00"
Process 495 attached
Process 496 attached
Process 497 attached
[pid   497] 00:17:13.178688 +++ exited with 0 +++
[pid   496] 00:17:13.180464 --- SIGCHLD {si_signo=SIGCHLD, si_code=CLD_EXITED, si_pid=497, si_uid=0, si_status=0, si_utime=1, si_stime=29} ---
[pid   496] 00:17:13.183034 +++ exited with 0 +++
[pid   495] 00:17:13.184232 --- SIGCHLD {si_signo=SIGCHLD, si_code=CLD_EXITED, si_pid=496, si_uid=0, si_status=0, si_utime=0, si_stime=12} ---
[0;36m[GW_APP] [1970-01-01 08:17:09:505092][main():375]
Welcome Gwell IPC System! gcc 4.8.5 [14:04:12 Jul 18 2023][0;37m [0m
[0;36m[GW_APP] [1970-01-01 08:17:09:816556][main():379]env PATH: [/bin:/sbin:/usr/bin:/usr/sbin:/ipc/bin:/ipc/sbin][0;37m [0m
[0;32m[GW_APP] [1970-01-01 08:17:11:941569][vSetIVAppVersionFromFile():78]ivappver=33.0.25, debug status=0[0;37m [0m
[0;36m[GW_APP] [1970-01-01 08:17:11:948471][SettingInfoInitFromFile():147]LastSettingInfoLength = 537[0;37m [0m
[0;32m[GW_APP] [1970-01-01 08:17:11:950974][SettingInfoInitFromFile():162]get setting info from file: /rom/ipc_setting.bin[0;37m [0m
[0;36m[GW_APP] [1970-01-01 08:17:11:951672][WorkStatusInit():63]begin.[0;37m [0m
[0;36m[GW_APP] [1970-01-01 08:17:11:952322][WorkStatusInit():79]end.[0;37m [0m
open gpio driver succ
>>>>>>>>   Sensor: [1;31m0x1345
[0m
>>>>>>>>   Sensor: [1;31m12800720[0m
Revision 16
Build Jul 18 2023 14:04:08
default log level=4
[ak_vi_match_sensor:938] config_file: /ipc/local/isp_sc1345_dvp.conf
[1;33m[isp.conf]version: 3.004_xc, sensor id: 0x1345, style id: 0
[m[isp.conf]modify time: 2021-4-27 11:09:22
[check_file:347] check isp cfg: /ipc/local/isp_sc1345_dvp.conf OK
[1;33m[match_sensor:519] ak_vi_match_sensor OK
[m[32m[00:00:00.000|  info|        ] [0minit isp success
[1;33m[ak_vi_open:979] register device, dev type: 0
[mnew device
[vi_register_device:774] new dev=0x6b8268
[pid   493] 00:17:13.315147 open("/dev/ion", O_RDONLY) = 5
[pid   493] 00:17:13.328727 ioctl(5, ION_IOC_ALLOC, 0x69c134) = 0
[pid   493] 00:17:13.331813 ioctl(5, ION_IOC_MAP, 0x69c148) = 0
[1;33m
----- libakuio.so V2.1.00 -----
[m[libakuio][/dev/ion] kernel config reserve mem size: 25165824, 0x1800000

[libakuio]ION: alloc 25165824 bytes for process 493
[libakuio]ION: yield 7 for iad 0x69c134

--------------- pmem info ---------------
    PMEM_GET_TOTAL_SIZE: 25165824 bytes
    PMEM_GET_PHYS: 0x80000000
    pmem.vaddr: 0xb4ea6000
--------------- info End ---------------

####akuio pmem init success###

ispsdk_lib version:V3.1.00 
--- AK_ISP_sdk_init g_fd=10 ---
hight light:
	frame_rate=15 max_exp_time=1500 low_light_gain=12
low light:
	frame_rate=10 max_exp_time=2046 light_gain=4
hight light fps: 15
[1;33m[isp_set_sensor_fps:1871] set sensor fps: 15
[m[1;33m[set_fps:185] set fps:15 ok
[mregister vi device ok, dev_count=1
[1;33m[ak_vi_open:989] register device OK, pdev: 0x6b8268
[m[1;33m[vi_new_user:577] now user_flg=0, user_ref=1
[m[32m[00:00:00.241|  info|        ] [0mResolution: 1280*720
[32m[00:00:00.242|  info|        ] [0mchn[VIDEO_CHN_MAIN] 1280 * 720

[32m[00:00:00.242|  info|        ] [0mchn[VIDEO_CHN_SUB] 640 * 360

[load_def_awb_step:205] get awb_attr ok, auto_awb_step:30
Process 499 attached
hight light:
	frame_rate=15 max_exp_time=1500 low_light_gain=12
[1;33m[change_fps_pthread:714] thread id: 499
[mlow light:
	frame_rate=10 max_exp_time=2046 light_gain=4
hight light fps: 15
[1;33m[isp_set_sensor_fps:1871] set sensor fps: 15
[m[1;33m[set_fps:185] set fps:15 ok
[minit CROP succeedded! reset to CROP[1280, 720]
[1;33m[isp_set_sensor_fps:1871] set sensor fps: 15
[m[Platform_AV_Init:722] capture fps: 15
[1;31m
[ak_osd_init:698] chn 0 font file not init, use default
[m[ak_osd_init:715] ch:0 x:0 y:0 w:0 h:0fontS:32 res_w:1280 res_h:720
[1;31m
[ak_osd_init:698] chn 1 font file not init, use default
[m[ak_osd_init:715] ch:1 x:0 y:0 w:0 h:0fontS:16 res_w:640 res_h:360
[1;33m[ak_rb_init:37] init rb_size=8192 ring buffer OK
[m[init_pcm_adc:1351] frame interval: 100,. frame size: 3200
[1;33m[ak_ai_open:1543] ai version libplat_ai V2.9.01 
[m[1;33m[ak_ai_set_frame_interval:1841] audio frame_size=640
[m[1;33m[pcm_set_source:278] set ai source to MIC
[m[ak_ai_set_adc_volume:1887] set volume 8
[1;33m[pcm_adc_set_volume:1051] set DEV volume 7
[m[ak_ai_set_aslc_volume:1930] set volume 0
##--AudioFilter Version V1.13.09, type:11--
## aslc setMileStone:
(0, 0), (20000, 20000), (32767, 32700), 
## times: 2, 1, 1300
## aslc silence: level=0, smpcnt=800
## sr:16000, ch:1, bitsPerSmp:16, maxLenin:0, jointCh:0
## ASLC OPEN OK ena:1, lookAheadLen:32
## aslc setMileStone:
(0, 0), (3, 3), (10, 10), (32768, 32768), (32768, 32768), 
## times: 6, 3, 300
## ASLC SET OK, ena:1, lookAheadLen:96
[1;33m[ak_ai_set_nr_attr:2341] pcm_adc.prepare_flag=0
[m[1;33m[ak_ai_set_agc_attr:2179] pcm_adc.prepare_flag=0
[m##--AudioFilter Version V1.13.09, type:1--
## EQ mode:7, preGain:(0/1024.0), aslcEna:0
## sr:16000, ch:1, ibps:16, obps:16
##  (2100, 5, -12288, 2048)
##  (2600, 5, -12288, 921)
##  (2800, 3, -8192, 921)
## EQ open ok
[1;33m[get_eq_attr_param:1076] enable eq 
[m## _SD_Filter_GetEqTimePara(), info:0xbe90c864  type:1
## _SD_EQ_GetEqTimePara(): cIsEnable(1), bands(3), prevol(1024), pab(0x6edd20)
##--leave AudioFilter Version V1.13.09, type:1--
## EQ close
[0;36m[GW_APP] [1970-01-01 08:17:14:211907][vSmokeAlarmInit():785]vSmokeAlarmInit 0[0;37m [0m
Enter UISsInit
[0;32m[GW_APP] [1970-01-01 08:17:16:153453][vOpenSSLInit():19]start[0;37m [0m
[reload_config_awb_step:225] get awb_attr ok, cur auto_awb_step:10, set to step:30
Process 501 attached
Process 500 attached
Process 502 attached
umount2 /dev/mmcblk0p1: Device or resource busy
mount /dev/mmcblk0p1: Device or resource busy
mount /dev/mmcblk0p1: Device or resource busy
mount /dev/mmcblk0p1: Device or resource busy
mount /dev/mmcblk0p1: Device or resource busy
mount /dev/mmcblk0p1: Device or resource busy
mount /dev/mmcblk0p1: Device or resource busy
mount /dev/mmcblk0p1: Device or resource busy
mount /dev/mmcblk0p1: Device or resource busy
mount /dev/mmcblk0p1: Device or resource busy
mount /dev/mmcblk0p1: Device or resource busy
Process 503 attached
Process 504 attached
Process 505 attached
Process 506 attached
mount /dev/mmcblk0p1: Device or resource busy
mount /dev/mmcblk0p1: Device or resource busy
[0;32m[GW_APP] [1970-01-01 08:17:17:439189][vOpenSSLInit():22]end[0;37m [0m
[0;36m[GW_APP] [1970-01-01 08:17:17:439884][NetMgProc_Init():1381]*************NetMgProc_Init******************[0;37m [0m
[0;36m[GW_APP] [1970-01-01 08:17:17:440867][UserCmdSetWifiProc_Init():255]*************UserCmdSetWifiProc_Init******************[0;37m [0m
[0;32m[GW_APP] [1970-01-01 08:17:17:743393][DiskProc():445]sd card plugged in! <<<<<<[0;37m [0m
[0;32m[GW_APP] [1970-01-01 08:17:17:743989][SDCard_Umount():345]umount2...[0;37m [0m
[0;32m[GW_APP] [1970-01-01 08:17:17:749006][SDCard_Mount():284]try to mounting...[0;37m [0m
[0;36m[GW_APP] [1970-01-01 08:17:17:770267][vUserCmdSetWifiProc():162]*************enter vUserCmdSetWifiProc******************[0;37m [0m
[0;32m[GW_APP] [1970-01-01 08:17:17:774329][WhiteLight_Switch():363]this_status[0]
[0;37m [0m
[0;36m[GW_APP] [1970-01-01 08:17:17:777537][vIrcutSwitchToFilter():133]fgCutEn = 0[0;37m [0m
[0;36m[GW_APP] [1970-01-01 08:17:17:779201][dm_update_tfCardInfo():999]tfCardStatus: 7, freeSpace: 124478720, totalSpace: -124864512[0;37m [0m
[0;32m[GW_APP] [1970-01-01 08:17:18:208765][SDCard_Mount():284]try to mounting...[0;37m [0m
[0;36m[GW_APP] [1970-01-01 08:17:18:219737][dm_update_tfCardInfo():999]tfCardStatus: 7, freeSpace: 124478720, totalSpace: -124864512[0;37m [0m
[0;32m[GW_APP] [1970-01-01 08:17:18:722292][SDCard_Mount():284]try to mounting...[0;37m [0m
[0;36m[GW_APP] [1970-01-01 08:17:18:732319][dm_update_tfCardInfo():999]tfCardStatus: 7, freeSpace: 124478720, totalSpace: -124864512[0;37m [0m
[0;32m[GW_APP] [1970-01-01 08:17:19:234873][SDCard_Mount():284]try to mounting...[0;37m [0m
[0;36m[GW_APP] [1970-01-01 08:17:19:244854][dm_update_tfCardInfo():999]tfCardStatus: 7, freeSpace: 124478720, totalSpace: -124864512[0;37m [0m
[0;32m[GW_APP] [1970-01-01 08:17:19:747261][SDCard_Mount():284]try to mounting...[0;37m [0m
[0;36m[GW_APP] [1970-01-01 08:17:19:757269][dm_update_tfCardInfo():999]tfCardStatus: 7, freeSpace: 124478720, totalSpace: -124864512[0;37m [0m
[0;36m[GW_APP] [1970-01-01 08:17:19:779426][vIrcutSwitchToFilter():133]fgCutEn = 1[0;37m [0m
[0;36m[GW_APP] [1970-01-01 08:17:19:946773][vKey_DrvProc():376]100 -> 150[0;37m [0m
[0;36m[GW_APP] [1970-01-01 08:17:19:947456][vKey_DrvProc():391]80 -> 100[0;37m [0m
[0;32m[GW_APP] [1970-01-01 08:17:19:950704][startRtspClientThread():4533]create rtsp client thread![0;37m [0m
[0;32m[GW_APP] [1970-01-01 08:17:19:953708][gw_adec_ao_init():367]samplerate: 16000, volume level: 10[0;37m [0m
[0;32m[GW_APP] [1970-01-01 08:17:19:962110][RtspClient_proc():4353][0;37m [0m
[0;32m[GW_APP] [1970-01-01 08:17:19:968567][vHandSelectProc():5056]=================begin=================[0;37m [0m
[0;32m[GW_APP] [1970-01-01 08:17:20:259695][SDCard_Mount():284]try to mounting...[0;37m [0m
[0;36m[GW_APP] [1970-01-01 08:17:20:269818][dm_update_tfCardInfo():999]tfCardStatus: 7, freeSpace: 124478720, totalSpace: -124864512[0;37m [0m
[PlatformAudioOut_SetVol] vol = 10
[AOVolSet] ak_ao_set_volume
[ak_ao_set_dac_volume:1112] set volume 6
[1;33m[pcm_dac_set_volume:766] set DEV volume 5
[m##--AudioFilter Version V1.13.09, type:11--
## aslc setMileStone:
(0, 0), (20000, 20000), (32767, 32700), 
## times: 2, 1, 1300
## aslc silence: level=0, smpcnt=800
## sr:16000, ch:2, bitsPerSmp:16, maxLenin:0, jointCh:2
## ASLC OPEN OK ena:1, lookAheadLen:32
[dac_set_aslc:388] aslc volume = 6
## aslc setMileStone:
(0, 0), (104, 33), (328, 2603), (3277, 32768), (32768, 32768), 
## times: 6, 3, 300
## ASLC SET OK, ena:1, lookAheadLen:96
[ak_ao_set_aslc_volume:1159] set aslc volume 6 
mount /dev/mmcblk0p1: Device or resource busy
mount /dev/mmcblk0p1: Device or resource busy
Process 507 attached
[pid   507] 00:17:20.865506 close(5)    = 0
Process 509 attached
Process 508 attached
[pid   509] 00:17:22.051883 close(5)    = 0
Process 510 attached
mount /dev/mmcblk0p1: Device or resource busy
mount /dev/mmcblk0p1: Device or resource busy
[pid   508] 00:17:23.679311 +++ exited with 0 +++
[pid   507] 00:17:23.681569 --- SIGCHLD {si_signo=SIGCHLD, si_code=CLD_EXITED, si_pid=508, si_uid=0, si_status=0, si_utime=0, si_stime=14} ---
[pid   507] 00:17:23.686087 +++ exited with 0 +++
[pid   501] 00:17:23.688188 --- SIGCHLD {si_signo=SIGCHLD, si_code=CLD_EXITED, si_pid=507, si_uid=0, si_status=0, si_utime=9, si_stime=29} ---
Process 511 attached
Process 512 attached
[pid   510] 00:17:23.886058 +++ exited with 0 +++
[pid   509] 00:17:23.887570 --- SIGCHLD {si_signo=SIGCHLD, si_code=CLD_EXITED, si_pid=510, si_uid=0, si_status=0, si_utime=0, si_stime=18} ---
[pid   509] 00:17:23.890383 +++ exited with 0 +++
[pid   493] 00:17:23.892278 --- SIGCHLD {si_signo=SIGCHLD, si_code=CLD_EXITED, si_pid=509, si_uid=0, si_status=0, si_utime=2, si_stime=28} ---
mount /dev/mmcblk0p1: Device or resource busy
mount /dev/mmcblk0p1: [pid   512] 00:17:24.024082 +++ exited with 0 +++
[pid   511] 00:17:24.025327 --- SIGCHLD {si_signo=SIGCHLD, si_code=CLD_EXITED, si_pid=512, si_uid=0, si_status=0, si_utime=1, si_stime=2} ---
[pid   511] 00:17:24.027682 +++ exited with 0 +++
[pid   504] 00:17:24.028886 --- SIGCHLD {si_signo=SIGCHLD, si_code=CLD_EXITED, si_pid=511, si_uid=0, si_status=0, si_utime=1, si_stime=3} ---
Device or resource busy
Process 515 attached
Process 517 attached
Process 516 attached
Process 518 attached
mount /dev/mmcblk0p1Failed to connect to wpa_supplicant - wpa_ctrl_open: : No such file or directory
[pid   516] 00:17:24.555405 +++ exited with 255 +++
[pid   515] 00:17:24.557338 --- SIGCHLD {si_signo=SIGCHLD, si_code=CLD_EXITED, si_pid=516, si_uid=0, si_status=255, si_utime=0, si_stime=4} ---
[pid   515] 00:17:24.561416 +++ exited with 255 +++
Device or resource busy[pid   502] 00:17:24.565106 --- SIGCHLD {si_signo=SIGCHLD, si_code=CLD_EXITED, si_pid=515, si_uid=0, si_status=255, si_utime=0, si_stime=4} ---

mount /dev/mmcblk0p1: Device or resource busy
[0;32m[GW_APP] [1970-01-01 08:17:20:720205][gw_adec_control():435]fgEnable: 1, ADecChnEnable[1]: 0[0;37m [0m
[0;32m[GW_APP] [1970-01-01 08:17:20:721664][gw_adec_control():453]create adec chn1 success[0;37m [0m
[0;36m[GW_APP] [1970-01-01 08:17:20:722325][vMotorInit():230]SUPPOR Preset MOTOR DRIVE[0;37m [0m
[0;32m[GW_APP] [1970-01-01 08:17:20:774486][SDCard_Mount():284]try to mounting...[0;37m [0m
[0;36m[GW_APP] [1970-01-01 08:17:20:785649][dm_update_tfCardInfo():999]tfCardStatus: 7, freeSpace: 124478720, totalSpace: -124864512[0;37m [0m
[0;36m[GW_APP] [1970-01-01 08:17:20:788512][bNetCardDevSupport():394]State: -1[0;37m [0m
[0;36m[GW_APP] [1970-01-01 08:17:20:798870][vNewNetMgProc():1281]fgEthSupport: 0, fgWifiSupport: 1, fg4GSupport: 0[0;37m [0m
[0;36m[GW_APP] [1970-01-01 08:17:20:799531][vWifiInit():435]=====>wifi init[0;37m [0m
[0;36m[GW_APP] [1970-01-01 08:17:20:826435][vGetWifiPrmFromRomConfFile():346]Init SSID=MTNSL, EncType=2, Password=AJM.l1$Kr[0;37m [0m
[0;36m[GW_APP] [1970-01-01 08:17:20:835897][vGetWifiPrmFromRomConfFile():346]Init SSID=MTNSL, EncType=2, Password=AJM.l1$Kr[0;37m [0m
[0;36m[GW_APP] [1970-01-01 08:17:20:840653][vGetWifiPrmFromRomConfFile():346]Init SSID=Free-AP2, EncType=0, Password=[0;37m [0m
[0;36m[GW_APP] [1970-01-01 08:17:20:845362][vGetWifiPrmFromRomConfFile():346]Init SSID=Free-AP3, EncType=0, Password=[0;37m [0m
[0;36m[GW_APP] [1970-01-01 08:17:20:846901][copy_file():440]src: /rom/wpa_supplicant1.conf, dst: /mnt/ramdisk/wpa_supplicant0.conf[0;37m [0m
[0;36m[GW_APP] [1970-01-01 08:17:20:856665][vGetWifiPrmFromRomConfFile():346]Init SSID=MTNSL, EncType=2, Password=AJM.l1$Kr[0;37m [0m
[0;36m[GW_APP] [1970-01-01 08:17:20:860000][system_safe():176]cmdstring: [ifconfig wlan0 multicast][0;37m [0m
[0;31m[GW_APP] [1970-01-01 08:17:22:039753][vPreSetMotorDevInit():258]insmod /ipc/patch/ko/presetmotor.ko[0;37m [0m
[0;36m[GW_APP] [1970-01-01 08:17:22:041450][system_safe():176]cmdstring: [insmod /ipc/patch/ko/presetmotor.ko][0;37m [0m
[0;32m[GW_APP] [1970-01-01 08:17:23:350788][SDCard_Mount():284]try to mounting...[0;37m [0m
[0;36m[GW_APP] [1970-01-01 08:17:23:398007][dm_update_tfCardInfo():999]tfCardStatus: 7, freeSpace: 124478720, totalSpace: -124864512[0;37m [0m
[0;32m[GW_APP] [1970-01-01 08:17:24:003639][SDCard_Mount():284]try to mounting...[0;37m [0m
[0;36m[GW_APP] [1970-01-01 08:17:24:033514][dm_update_tfCardInfo():999]tfCardStatus: 7, freeSpace: 124478720, totalSpace: -124864512[0;37m [0m
[0;36m[GW_APP] [1970-01-01 08:17:24:035108][iParseWifiModuleType():94]wifi type: WIFI_TYPE_8188FU[0;37m [0m
[0;36m[GW_APP] [1970-01-01 08:17:24:037279][fgWifiReconfig():691]cBuf: [wpa_cli -p /etc/Wireless -iwlan0 reconfigure][0;37m [0m
[0;36m[GW_APP] [1970-01-01 08:17:24:161381][vPreSetMotorDevInit():285]motor back to base point[0;37m [0m
[0;36m[GW_APP] [1970-01-01 08:17:24:175346][fgMotorRunToLastPosition():212]u32HMotorPreset = 76, u32VMotorPreset = 29[0;37m [0m
[0;36m[GW_APP] [1970-01-01 08:17:24:186583][iotvideo_sdk_init():26]Start ...[0;37m [0m
[0;32m[GW_APP] [1970-01-01 08:17:24:187305][iv_common_init():180]begin 
[0;37m [0m
[[0;35mIV_MID[0m] [0;36m[1970-01-01 00:17:24:382346]iv_cm_set_log_level()[2419]set iv sdk log level:5
[0m[[0;35mIV_MID[0m] [0;32m[1970-01-01 00:17:24:386916]iv_cm_init()[2380][0mbegin
[[0;35mIV_MID[0m] [0;32m[1970-01-01 00:17:24:395816]iv_cm_init()[2385][0mend
[0;32m[GW_APP] [1970-01-01 08:17:24:396943][iv_common_init():195]end 
[0;37m [0m
[0;36m[GW_APP] [1970-01-01 08:17:24:401819][dm_init():1579]begin.[0;37m [0m
[[0;35mIV_MID[0m] [0;32m[1970-01-01 00:17:24:403347]iv_dm_init()[109][0mbegin.
[0;32m[GW_APP] [1970-01-01 08:17:24:539421][SDCard_Mount():284]try to mounting...[0;37m [0m
[0;36m[GW_APP] [1970-01-01 08:17:24:582204][dm_update_tfCardInfo():999]tfCardStatus: 7, freeSpace: 124478720, totalSpace: -124864512[0;37m [0m
[0;36m[GW_APP] [1970-01-01 08:17:24:631611][dm_update_tfCardInfo():999]tfCardStatus: 7, freeSpace: 124478720, totalSpace: -124864512[0;37m [0m
[0;36m[GW_APP] [1970-01-01 08:17:24:636795][fgWifiReconfig():700]result: []Process 519 attached
[pid   519] 00:17:24.659352 close(5)    = 0
Process 520 attached
mount /dev/mmcblk0p1: Device or resource busy
mount /dev/mmcblk0p1: Device or resource busy
[warn] Unable to add nameserver [240c::6666]:53: error 1
[warn] Unable to add nameserver [2001:4860:4860::8888]:53: error 1
[0;37m [0m
[0;36m[GW_APP] [1970-01-01 08:17:24:644034][fgWifiReconfig():706]cBuf: [wpa_supplicant -B -iwlan0 -c /mnt/ramdisk/wpa_supplicant0.conf -P /mnt/ramdisk/wpa_pid.txt][0;37m [0m
[0;36m[GW_APP] [1970-01-01 08:17:24:645108][system_safe():176]cmdstring: [wpa_supplicant -B -iwlan0 -c /mnt/ramdisk/wpa_supplicant0.conf -P /mnt/ramdisk/wpa_pid.txt][0;37m [0m
[[0;35mIV_MID[0m] [0;32m[1970-01-01 00:17:26:203420]iv_dm_init()[126][0mend.
[0;32m[GW_APP] [1970-01-01 08:17:26:204284][dm_update_devFuncCfg():1327]devFuncCfg: 0
[0;37m [0m
[0;31m[GW_APP] [1970-01-01 08:17:26:204975][dm_update_ZoomFocusCrop():1497]iv_dm_send_prowriteable_object_msg err: -200[0;37m [0m
[0;36m[GW_APP] [1970-01-01 08:17:26:205604][dm_update_ZoomFocusCrop():1504]zoomUp = 0.000000
[0;37m [0m
[0;36m[GW_APP] [1970-01-01 08:17:26:206299][dm_update_ZoomFocusCrop():1505]_multiple = 0.000000
[0;37m [0m
[0;36m[GW_APP] [1970-01-01 08:17:26:208696][dm_init():1623]end.[0;37m [0m
[0;36m[GW_APP] [1970-01-01 08:17:26:209406][sys_init():788]begin..[0;37m [0m
[0;32m[GW_APP] [1970-01-01 08:17:26:210141][sys_init():814]app version major:33, minor:0, revision:25,debug:0[0;37m [0m
[[0;35mIV_MID[0m] [0;32m[1970-01-01 00:17:26:216485]iv_sys_init()[1398][0mbegin.
[[0;35mIV_MID[0m] [0;36m[1970-01-01 00:17:26:218114]iv_sys_init()[1407]compile sdk version: V1.4.10596.4.debug,build@Jul 18 2023 13:50:40
[0m[[0;35mIV_MID[0m] [0;33m[1970-01-01 00:17:26:219639]iv_sys_check_init_parm()[1341]net_chn_ring_buff_size maybe small:0,default:524288
[0m[[0;35mIV_MID[0m] [0;32m[1970-01-01 00:17:26:221596]iv_share_init()[43][0mbegin:support max cap chn number:3
[[0;35mIV_MID[0m] [0;32m[1970-01-01 00:17:26:223167]iv_share_init()[81][0mend.
[[0;35mIV_MID[0m] [0;32m[1970-01-01 00:17:26:239817]iv_misc_get_device_mac()[56][0mmac: 4c:b0:08:9e:ec:d9
[[0;35mIV_MID[0m] [0;32m[1970-01-01 00:17:26:245786]iv_sys_access_init()[1037][0mp2p chn buff size:524288
[[0;35mIV_MID[0m] [0;36m[1970-01-01 00:17:26:247354]iv_sys_access_init()[1057]visible sdk version:16:20:10596.debug
[0m[0;32m[GW_APP] [1970-01-01 08:17:26:249107][sys_read_certificate():552]begin.
[0;37m [0m
[0;32m[GW_APP] [1970-01-01 08:17:26:250764][sys_read_certificate():557]eCertificateType:0
[0;37m [0m
[0;32m[GW_APP] [1970-01-01 08:17:26:290384][SDCard_Mount():284]try to mounting...[0;37m [0m
[0;36m[GW_APP] [1970-01-01 08:17:26:321062][dm_update_tfCardInfo():999]tfCardStatus: 7, freeSpace: 124478720, totalSpace: -124864512[0;37m [0m
[0;32m[GW_APP] [1970-01-01 08:17:26:402528][sys_read_certificate():608]end CertificateLen:192.[0;37m [0m
id=4763251443 cer_code=727747173 pid=0 utc=1659422934 unique_code=0

[0;32m[GW_APP] [1970-01-01 08:17:26:403702][sys_read_certificate():552]begin.
[0;37m [0m
[0;32m[GW_APP] [1970-01-01 08:17:26:404360][sys_read_certificate():557]eCertificateType:1
[0;37m [0m
[0;32m[GW_APP] [1970-01-01 08:17:26:487168][sys_read_certificate():608]end CertificateLen:144.[0;37m [0m
iv_access_init_param_cfg cer_code=727747173 dev_id=4763251443 pid=6442451392

[0;32m[GW_APP] [1970-01-01 08:17:26:652268][sys_read_certificate():552]begin.
[0;37m [0m
[0;32m[GW_APP] [1970-01-01 08:17:26:655691][sys_read_certificate():557]eCertificateType:2
[0;37m [0m
[[0;35mIV_MID[0m] [0;36m[1970-01-01 00:17:26:662437]iv_sys_read_certificate()[162]so path[24]:[/rom/ivcert/libwbckey.so]
[0m[[0;35mIV_MID[0m] [0;36m[1970-01-01 00:17:26:793752]iv_cm_get_local_data()[2975]type:1 empty
[0m[[0;35mIV_MID[0m] [0;33m[1970-01-01 00:17:26:794487]iv_cm_get_local_data()[2993]fail:-8
[0m[[0;35mIV_NET[0m] [1970-01-01 00:17:27.256]broadcast_init enter..
[[0;35mIV_NET[0m] broadcast_fd_init pMgr->fdRead=28
[[0;35mIV_NET[0m] [1970-01-01 00:17:27.306]broadcast_fd_init fdRead_ipv6 error!
[[0;35mIV_NET[0m] [1970-01-01 00:17:27.334]broadcast_fd_init create broad cast send ipv6fd socket error!
[[0;35mIV_NET[0m] [1970-01-01 00:17:27.336]broadcast_fd_init bind to udp port: 8901 failed!
[[0;35mIV_NET[0m] [1970-01-01 00:17:27.341]broadcast_init succeed!
[[0;35mIV_NET[0m] Process 537 attached
Process 538 attached
Process 539 attached
[msg] Nameserver 8.8.8.8:53 has failed: Network is unreachable
[msg] Nameserver 114.114.114.114:53 has failed: Network is unreachable
Process 540 attached
Process 541 attached
Process 542 attached
Process 543 attached
Process 544 attached
start_recv_thread begin
[[0;35mIV_NET[0m] start_recv_thread end
[[0;35mIV_NET[0m] iv_access_init dm_reset_value=0
[[0;35mIV_NET[0m] broadcast recv proc start!
[[0;35mIV_NET[0m] iv_comm_run, threadID=100
[[0;35mIV_NET[0m] iv_fast_connect_srv srv_num=3 fast_connect=1
[[0;35mIV_NET[0m] iv_fast_connect_srv primary_srv
[[0;35mIV_NET[0m] iv_dm_data_proc begin
[[0;35mIV_NET[0m] iv_comm_start_thread end
[[0;35mIV_NET[0m] Compile Date: Jul 18 2023 13:50:52
[[0;35mIV_MID[0m] [0;32m[1970-01-01 00:17:27:562113]iv_sys_access_init()[1101][0mtencent id:4763251443
[[0;35mIV_MID[0m] [0;32m[1970-01-01 00:17:27:562739]iv_cm_dealing_init()[258][0mbegin.
[[0;35mIV_NET[0m] iv_comm_pingthread 1011
[[0;35mIV_MID[0m] [0;32m[1970-01-01 00:17:27:566190]iv_cm_dealing_init()[272][0mend.
[[0;35mIV_MID[0m] [0;32m[1970-01-01 00:17:27:566815]iv_sys_init()[1442][0mend.
[0;32m[GW_APP] [1970-01-01 08:17:27:567441][sys_init():857]iv_sys_get_gwell_dev_cert_info :0[0;37m [0m
[0;36m[GW_APP] [1970-01-01 08:17:27:568401][sys_init():859]opt: 0[0;37m [0m
[0;36m[GW_APP] [1970-01-01 08:17:27:569251][sys_init():860]resolution: 1[0;37m [0m
[0;36m[GW_APP] [1970-01-01 08:17:27:571150][sys_init():862]devFunc: 0x1[0;37m [0m
[0;36m[GW_APP] [1970-01-01 08:17:27:571785][sys_init():864]manufacturer_id: 1000000437[0;37m [0m
[0;36m[GW_APP] [1970-01-01 08:17:27:573583][sys_init():865]ip_camera: 0x1[0;37m [0m
[0;36m[GW_APP] [1970-01-01 08:17:27:574218][sys_init():866]door_bell: 0x0[0;37m [0m
[0;36m[GW_APP] [1970-01-01 08:17:27:574850][sys_init():867]panorama: 0x0[0;37m [0m
[0;36m[GW_APP] [1970-01-01 08:17:27:575531][sys_init():868]keepalive_wifi: 0x0[0;37m [0m
[0;36m[GW_APP] [1970-01-01 08:17:27:576211][sys_init():869]keepalive_ble: 0x0[0;37m [0m
[0;36m[GW_APP] [1970-01-01 08:17:27:576847][sys_init():870]wifi_extender: 0x0[0;37m [0m
[0;36m[GW_APP] [1970-01-01 08:17:27:577482][sys_init():871]support_gunball: 0[0;37m [0m
[0;36m[GW_APP] [1970-01-01 08:17:27:600537][sys_init():872]support_lowpower: 0[0;37m [0m
[0;36m[GW_APP] [1970-01-01 08:17:27:601767][sys_init():873]license_order_id: 2022072827820115[0;37m [0m
[0;36m[GW_APP] [1970-01-01 08:17:27:602465][sys_init():874]resv: [0;37m [0m
[0;36m[GW_APP] [1970-01-01 08:17:27:603100][sys_init():876]end.[0;37m [0m
[0;32m[GW_APP] [1970-01-01 08:17:27:603777][av_talk_init():781]begin.[0;37m [0m
[0;32m[GW_APP] [1970-01-01 08:17:27:604451][set_iv_head_version():769]=========>av_head_version: 0x8
[0;37m [0m
[0;32m[GW_APP] [1970-01-01 08:17:27:605137][av_talk_init():794]u32MaxFrameSize: 320[0;37m [0m
[[0;35mIV_MID[0m] [0;32m[1970-01-01 08:17:27:605868]iv_avt_init()[1878][0mbegin.
[[0;35mIV_MID[0m] [0;33m[1970-01-01 08:17:27:606540]iv_avt_check_init_parm()[107]avt recive cb function[0] NULL.
[0m[[0;35mIV_MID[0m] [0;33m[1970-01-01 08:17:27:607217]iv_avt_check_init_parm()[154]avt multiple cb function[0] NULL.
[0m[[0;35mIV_MID[0m] [0;32m[1970-01-01 08:17:27:609958]iv_avt_init()[1914][0mend.
[0;32m[GW_APP] [1970-01-01 08:17:27:610709][av_talk_init():814]end.[0;37m [0m
[0;32m[GW_APP] [1970-01-01 08:17:27:613604][record_init():751]begin..
[0;37m [0m
[[0;35mIV_MID[0m] [0;32m[1970-01-01 08:17:27:615768]iv_rd_init()[9355][0mbegin.
[[0;35mIV_MID[0m] [0;36m[1970-01-01 08:17:27:617034]iv_rd_check_init_parm()[9311]will be not use iv_rd_get_recording_type_cb
[0m[[0;35mIV_MID[0m] [0;36m[1970-01-01 08:17:27:618961]iv_rd_check_init_parm()[9317]will be not use iv_rd_capture_thumbnail_cb
[0m[[0;35mIV_MID[0m] [0;36m[1970-01-01 08:17:27:624769]iv_rd_init()[9370]sd card path:/mnt/disc1
[0m[[0;35mIV_MID[0m] [0;31m[1970-01-01 08:17:27:645858]iv_load_rd_thumbnail_func()[5554]not support function: 'rd_thumbnail', please compile with libiotvideo_rd_thumbnail
[0m[[0;35mIV_MID[0m] [0;32m[1970-01-01 08:17:27:646561]iv_rd_init()[9395][0mend.
[0;36m[GW_APP] [1970-01-01 08:17:27:651462][vNewIrCutHanldeFun():304]2 -->> 1[0;37m [0m
[0;36m[GW_APP] [1970-01-01 08:17:27:652306][vNewIrCutHanldeFun():305]0 -->> 0[0;37m [0m
[0;32m[GW_APP] [1970-01-01 08:17:27:657319][record_resolution_set():585]recordResolution: 10Process 545 attached
Process 546 attached
Process 547 attached
[0;37m [0m
[0;32m[GW_APP] [1970-01-01 08:17:27:659063][record_resolution_init():591]recordResolution: 10 pstSettingInfo->recordResolution :1[0;37m [0m
[[0;35mIV_MID[0m] [0;33m[1970-01-01 08:17:27:700654]iv_record_mp4_repair_default()[8406]no mp4 repair func found,use default,success
[0m[0;32m[GW_APP] [1970-01-01 08:17:27:706108][cloud_storage_init():301]begin..
[0;37m [0m
[[0;35mIV_MID[0m] [0;32m[1970-01-01 08:17:27:706751]iv_cs_init()[7953][0mbegin.
[[0;35mIV_MID[0m] [0;32m[1970-01-01 08:17:27:707512]iv_sys_dev_lowpower()[1564][0mdebug sdk force set
[[0;35mIV_MID[0m] [0;32m[1970-01-01 08:17:27:711035]iv_cs_init()[7975][0mend.
[0;36m[GW_APP] [1970-01-01 08:17:27:721409][upgrade_init():262]iv_ota_firmware_update_cb: 0xf9af8[0;37m [0m
[[0;35mIV_MID[0m] [0;32m[1970-01-01 08:17:27:722098]iv_ota_init()[979][0mbegin.
[[0;35mIV_MID[0m] [0;32m[1970-01-01 08:17:27:727371]iv_ota_init()[1003][0mend.
[0;36m[GW_APP] [1970-01-01 08:17:27:728029][SettingInfoLastestVersionIsChanged():387]sCurrentVersion: [33.0.25], sLastestVersion: [33.0.25][0;37m [0m
[[0;35mIV_MID[0m] [0;32m[1970-01-01 08:17:27:728842]iv_uc_init()[129][0mbegin.
[[0;35mIV_MID[0m] [0;32m[1970-01-01 08:17:27:729770]iv_uc_init()[140][0mend.
[0;32m[GW_APP] [1970-01-01 08:17:27:730861][download_res_file_init():427]begin..
[0;37m [0m
[0;36m[GW_APP] [1970-01-01 08:17:27:732466][iotvideo_sdk_init():55]End ...[0;37m [0m
[0;32m[GW_APP] [1970-01-01 08:17:27:738694][vStartMD():288]MD >>>[0;37m [0m
[0;32m[GW_APP] [1970-01-01 08:17:27:739327][vVIControl():263]dwChID= 3,set:1[0;37m [0m
[32m[00:00:14.448|  info|        ] [0menter PlatformViStart
[1;33m[malloc_capture_buffers:115] ion_mem: 0xb522a000, temp: 0x80384000
[m[1;33m[malloc_capture_buffers:122] n_buffers: 0, start: 0xb522a000, length: 2306048
[m[1;33m[malloc_capture_buffers:122] n_buffers: 1, start: 0xb545d000, length: 2306048
[m[1;33m[malloc_capture_buffers:122] n_buffers: 2, start: 0xb5690000, length: 2306048
[m[1;33m[malloc_capture_buffers:122] n_buffers: 3, start: 0xb58c3000, length: 2306048
[m[malloc_capture_buffers:128] set buffer size: 2306048 ok
[1;33m[isp_vi_capture_on:719] stream on, drop first 4 frames
[mProcess 549 attached
Process 550 attached
Process 551 attached
[0;32m[GW_APP] [1970-01-01 08:17:28:197477][video_flip_set():599]bFlip: 0, sensorDir: 0[0;37m [0m
[0;32m[GW_APP] [1970-01-01 08:17:28:198187][video_flip_set():602]bFlipRealStatus: 0[0;37m [0m
[0;32m[GW_APP] [1970-01-01 08:17:28:215861][vVIControl():316]vVIControl enable[0;37m [0m
[32m[00:00:14.925|  info|        ] [0menter PlatformStartMD
########MT Lib V1.0.05########
[0m[00:00:14.941|debug2| Thread ] [0mEnter Thread(ID: 1, Nick: _process_mt_even).
[0m[00:00:14.936|debug2| Thread ] [0mCreated Thread(ID: 1, Nick: _process_mt_even).
[0;36m[GW_APP] [1970-01-01 08:17:28:252438][main():421]WatchDog set ot 30s[0;37m [0m
Deal [0;36mKEY_REPORT_WHITELIGHT_STATUS
[0m[0;32m[GW_APP] [1970-01-01 08:17:28:285986][fgReportWhiteLightStatus():270]timeMs: 1048285[0;37m [0m
[0;32m[GW_APP] [1970-01-01 08:17:28:288422][av_talk_report_whiteLight_status():145]sendJson: {"type":12,"data":{"whiteLightStatus":0}}[0;37m [0m
Deal [0;36mKEY_SENSOR_SW_TO_DAY_MODE
[0m[0;32m[GW_APP] [1970-01-01 08:17:28:290466][fgSwitchToDayMode():377]timeMs: 1048289[0;37m [0m
[0;32m[GW_APP] [1970-01-01 08:17:28:294092][fgSwitchToDayMode():381]switch off[0;37m [0m
[0;36m[GW_APP] [1970-01-01 08:17:28:323628][vIrcutSwitchToFilter():133]fgCutEn = 1[0;37m [0m
[32m[00:00:15.234|  info|        ] [0menter PlatformISPSetDayNightModeStatus
[isp_switch:152] switching isp mode -> day
ioctl[SIOCSIWAP]: Operation not permitted
[1;31m
[check_data:259] /ipc/local/isp_sc1345_dvp.conf no this subfile! mode : 2
[m[0;36m[GW_APP] [1970-01-01 08:17:28:725811][record_get_lastest_dir():445]lastest_dir: [/mnt/disc1/iotVideo/record/2025-09-23][0;37m [0m
[0;36m[GW_APP] [1970-01-01 08:17:28:741226][record_lastest_time_get():470]lastest_file: 1758592338676-11266-allday.mp4[0;37m [0m
[0;36m[GW_APP] [1970-01-01 08:17:28:742033][record_condition_check():529]lastest record Time: 1758592338676, sync time from last record.[0;37m [0m
[0;32m[GW_APP] [2025-09-23 10:09:47:396034][SyncSystemTime():172]set system time success: 1758593387391 ms, Tue Sep 23 02:09:47 2025
[0;37m [0m
[0;36m[GW_APP] [2025-09-23 10:09:47:398880][record_start():238]begin.[0;37m [0m
[[0;35mIV_MID[0m] [0;36m[2025-09-23 10:09:47:401721]iv_record_create_file()[8574]new file time:1758593387401
[0m[[0;35mIV_MID[0m] [0;36m[2025-09-23 10:09:47:403131]iv_record_create_file()[8612]start create record [/mnt/disc1/iotVideo/record/2025-09-23/.1758593387401.mp4]
[0mProcess 560 attached
[pid   520] 02:09:48.195598 +++ exited with 0 +++
[pid   519] 02:09:48.252240 --- SIGCHLD {si_signo=SIGCHLD, si_code=CLD_EXITED, si_pid=520, si_uid=0, si_status=0, si_utime=45, si_stime=56} ---
[pid   519] 02:09:48.256314 +++ exited with 0 +++
[pid   549] 02:09:48.257888 --- SIGCHLD {si_signo=SIGCHLD, si_code=CLD_EXITED, si_pid=519, si_uid=0, si_status=0, si_utime=2, si_stime=32} ---
Process 561 attached
Process 562 attached
[[0;35mIV_MID[0m] [0;32m[2025-09-23 10:09:49:062864]iv_rd_mp4_writer_init_h264()[1074][0mcreate video track success,pgpac->vtrack_num:2
[0;36m[GW_APP] [2025-09-23 10:09:48:840139][vNewNetMgProc():1314]bNetSel = 1[0;37m [0m
[0;36m[GW_APP] [2025-09-23 10:09:49:082730][record_start():268]end.[0;37m [0m
[0;32m[GW_APP] [2025-09-23 10:09:49:088434][VirVencChnCtl():510]2222222222222222222222222222222222222222222, VirChn: [10/12], fgEnable: 1[0;37m [0m
[0;32m[GW_APP] [2025-09-23 10:09:49:089252][StartVencChn():388]chnID: 1[0;37m [0m
[0;32m[GW_APP] [2025-09-23 10:09:49:090171][StartVencChn():407]Video encode chn[1] isnot being used, need to start[0;37m [0m
[0;32m[GW_APP] [2025-09-23 10:09:49:090935][vVIControl():263]dwChID= 1,set:1[0;37m [0m
[32m[00:00:17.152|  info|        ] [0menter PlatformVEncInit, ChannelID = 1
[ak_venc_open:1839] init enc_grp=2, enc_mode=0
[1;33m[set_h264_encode_param:374] main profile
[mH.264 params:
	w=640, h=360, qpMin=28, qpMax=43,bps=245760, gop=30, fps=15

--VIDAK39--Enc AK39 Encoder Lib V1.10.08--

[0;36m[GW_APP] [2025-09-23 10:09:49:087886][SettingInfoSaveToFile():171]begin.[0;37m [0m
[set_channel_rc:547] VBR video mode: 80
[set_encode_br_mode:509] set chn 0 br: VBR, 1
[ak_venc_open:1921] allocating type=2, enc_mode=1, enc_handle: 0x78a2a0

[37m[00:00:17.287| debug|        ] [0mInit OSD(1) @ 4,4,250,24
[37m[00:00:17.288| debug|        ] [0mGet OSD(1) Canvas Rect [4,4,250,24].
[ak_osd_set_rect:782] xstart: 4 ystart: 4 w: 256 h: 32
[1;33m[ak_osd_set_rect:810] x:4, y:4, w:256, h:32
[m[request_osd_mem:627] ch1 p_osd_buffer:0xb5bfe4f0
[request_osd_dma_mem:287] alloc osd dma.dma: 0x80d594f0 size: 4096 w: 256 h: 32
[1;33m[ak_venc_request_stream:2552] user's id=0, req_ref=1, grp_type=2, enc_mode=1
[m[ak_venc_request_stream:2554] vi_handle=0x6b82f8, enc_handle=0x78a2a0
[1;33m[ak_venc_request_stream:2563] encode_frames=15, record.fps=15, capture_frames=15
[m[1;33m[ak_venc_request_stream:2577] new_handle=0x7545e8, grp_type=2, enc_mode=2, req_grp_nr=1
[m[ak_venc_request_stream:2584] init thread list
Process 563 attached
[capture_thread:1416] start to capture, thread id: 563
[1;33m[capture_thread:1421] capture thread sleep...
[m[start_service_work:1777] create capture_thread, tid=2931847376
Process 564 attached
[encode_thread:1684] start to encode, thread id: 564
[start_service_work:1781] create encode_thread, tid=2931642576
[1;33m[capture_thread:1424] capture thread wakeup...
[m[capture_encode_frame:1363] cap_run=1, req_grp_nr=1
[1;33m[isp_vi_get_frame:842] capture on --> real get frame time=2553
[m[1;31m
[ak_vi_get_frame:1470] get frame failed
[m[start_service_work:1789] service start

[1;33m[isp_vi_get_frame:842] capture on --> real get frame time=2592
[m[1;31m
[ak_vi_get_frame:1470] get frame failed
[m[ak_venc_request_stream:2591] grp_type=2, request OK, enc_mode=2
Process 565 attached
[0;32m[GW_APP] [2025-09-23 10:09:49:447666][StartVencChn():410]UseCnt: 1[0;37m [0m
[0;36m[GW_APP] [2025-09-23 10:09:49:450711][video_stream_list_create():169]head->next: 0x78c69c, ppTail: 0x78c69c, count: 0[0;37m [0m
[0;32m[GW_APP] [2025-09-23 10:09:49:451422][AudioVirChnCtl():475]1111111111111111111111111111111111, VirChn: [10/12], fgEnable: 1[0;37m [0m
[0;32m[GW_APP] [2025-09-23 10:09:49:456437][GetVideoFromEncoderProcess():131]create thread GetVideoFromEncoderProcess[0;37m [0m
[1;33m[isp_vi_get_frame:842] capture on --> real get frame time=2637
[m[1;31m
[ak_vi_get_frame:1470] get frame failed
[m[0;36m[GW_APP] [2025-09-23 10:09:49:452358][audio_stream_list_create():89]head->next: 0x78c6bc, ppTail: 0x78c6bc, count: 0[0;37m [0m
[0;32m[GW_APP] [2025-09-23 10:09:49:489994][AudioEncCHnControl():429]audioEncChn = 3, fgEnable = 1[0;37m [0m
[0;32m[GW_APP] [2025-09-23 10:09:49:490610][AudioEncCHnControl():445]Audio encode chn isnot being used, need to start[0;37m [0m
[0;32m[GW_APP] [2025-09-23 10:09:49:491300][AudioEncRealChnControl():401]audioEncChn = 3, fgEnable = 1[0;37m [0m
[0;32m[GW_APP] [2025-09-23 10:09:49:491916][AudioAACEncCtl():132]aac aenc open[0;37m [0m
[1;33m[ak_aenc_open:1241] aenc version libmpi_aenc V2.3.01 
[m--AudioCodec Version V1.16.00_svn5418--
## ChipIdval = 0x20150200
## CHIP OK
[smooth_ts:1201] init smooth_index=15760
sr(16000), ich(1), och(1), bitrate(32000)
[1;33m[check_work_scene_changed:1451] current work scene=1, outdoor
[mProcess 566 attached
[0;33m[GW_APP] [2025-09-23 10:09:50:240018][GetVirChnAudioStream():558]AEN_G.client[10]:pop audio data failed
[0;37m [0m
[1;33m[pcm_set_aec_agc:325] cur_aec_switch=0, prepare_flag=1
[m[1;33m[pcm_set_aec_agc:339] *** enable NR&AGC ***
[m[0;35m
>>> encode frame type=0, seq_no=11, len=768, time=82(ms)
[m[1;31m
[copy_agc_attr:487] m_aecEna=0, m_PreprocessEna=1, m_framelen=128, m_tail=512,	m_agcEna=1, m_agcLevel=29491, m_maxGain=0, m_farThreshold=9830,m_farDigiGain=1024, 	m_nearDigiGain=512, m_minGain=4, m_nearSensitivity=1
[m[1;31m
[copy_nr_attr:502] m_aecEna=0, m_PreprocessEna=1, m_framelen=128, m_tail=512,	m_agcEna=1, m_agcLevel=29491, m_maxGain=0, m_farThreshold=9830,m_farDigiGain=1024, m_nearDigiGain=512,	m_noiseSuppressDb =-40
[m[1;31m
[init_echo_lib_attr:519] set===== adc_dev_set_echo_attr
[mProcess 567 attached
[capture_pcm_thread:1262] thread id: 567
[capture_pcm_thread:1272] sleep...
[capture_pcm_thread:1274] wakup...
## aslc: len_in=2048, bpspl=16, ch=1, tmpwp=0, looklen=96, sz=1120
[1;33m[read_pcm_data:1176] we had dropped the first 360 ms audio data
[m[1;33m[mark_ts_to_data:1103] *** we get the first audio, ts=1052176, time=351 ***

[m[msg] Nameserver 119.29.29.29:53 has failed: Network is unreachable
[msg] All nameservers have failed
Process 569 attached
Process 570 attached
[pid   570] 02:10:00.576150 +++ exited with 0 +++
[pid   569] 02:10:00.577584 --- SIGCHLD {si_signo=SIGCHLD, si_code=CLD_EXITED, si_pid=570, si_uid=0, si_status=0, si_utime=0, si_stime=2} ---
[pid   569] 02:10:00.581231 +++ exited with 0 +++
[pid   567] 02:10:00.582735 --- SIGCHLD {si_signo=SIGCHLD, si_code=CLD_EXITED, si_pid=569, si_uid=0, si_status=0, si_utime=1, si_stime=3} ---
Process 571 attached
getaddrinfo: Name or service not known
[pid   571] 02:10:04.065768 +++ exited with 0 +++
Process 572 attached
[pid   572] 02:10:07.056036 close(5)    = 0
