OPEN fd=3 path=/dev/ion flags=0x0
SLEEP 1
IOCTL fd=3 path=/dev/ion req=0xc0144900 dir=READ|WRITE type=0x49 nr=0x00 size=20 arg=0x69c134
DATA 0000800100100000ff0000000300000000000000
SLEEP 1
RET_DATA 0000800100100000ff00000003000000a07f24c2
SLEEP 1
RET fd=3 req=0xc0144900 r=0 errno=0
IOCTL fd=3 path=/dev/ion req=0xc0084902 dir=READ|WRITE type=0x49 nr=0x02 size=8 arg=0x69c148
DATA a07f24c200000000
RET_DATA a07f24c207000000
RET fd=3 req=0xc0084902 r=0 errno=0
SLEEP 1
MMAP addr=(nil) len=25165824 prot=0x3 flags=0x1 fd=7 off=0x0 -> 0xb56ca000 path=anon_inode:dmabuf
OPEN fd=8 path=/dev/uio0 flags=0x2
OPEN fd=9 path=/dev/null flags=0x1
OPEN fd=10 path=/dev/isp_char flags=0x2
SLEEP 66
OPEN fd=11 path=/dev/video0 flags=0x802
IOCTL fd=10 path=/dev/isp_char req=0x40044902 dir=WRITE type=0x49 nr=0x02 size=4 arg=0x6b844c
DATA 01000100
RET fd=10 req=0x40044902 r=0 errno=0
IOCTL fd=10 path=/dev/isp_char req=0x40044904 dir=WRITE type=0x49 nr=0x04 size=4 arg=0x6b8506
DATA 01008002
RET fd=10 req=0x40044904 r=0 errno=0
IOCTL fd=10 path=/dev/isp_char req=0x4004490a dir=WRITE type=0x49 nr=0x0a size=4 arg=0x6b85c6
DATA 00000800
RET fd=10 req=0x4004490a r=0 errno=0
IOCTL fd=10 path=/dev/isp_char req=0x4004490c dir=WRITE type=0x49 nr=0x0c size=4 arg=0x6b8932
DATA 01000000
RET fd=10 req=0x4004490c r=0 errno=0
IOCTL fd=10 path=/dev/isp_char req=0x4004492b dir=WRITE type=0x49 nr=0x2b size=4 arg=0x6b9028
DATA 01000000
RET fd=10 req=0x4004492b r=0 errno=0
IOCTL fd=10 path=/dev/isp_char req=0x4004492f dir=WRITE type=0x49 nr=0x2f size=4 arg=0x6b920e
DATA 01000000
RET fd=10 req=0x4004492f r=0 errno=0
IOCTL fd=10 path=/dev/isp_char req=0x40044906 dir=WRITE type=0x49 nr=0x06 size=4 arg=0x6b964e
DATA 01000100
RET fd=10 req=0x40044906 r=0 errno=0
IOCTL fd=10 path=/dev/isp_char req=0x4004490e dir=WRITE type=0x49 nr=0x0e size=4 arg=0x6b96a4
DATA c0000000
RET fd=10 req=0x4004490e r=0 errno=0
IOCTL fd=10 path=/dev/isp_char req=0x4004491a dir=WRITE type=0x49 nr=0x1a size=4 arg=0x6b96ba
DATA 00001a00
RET fd=10 req=0x4004491a r=0 errno=0
IOCTL fd=10 path=/dev/isp_char req=0x40044912 dir=WRITE type=0x49 nr=0x12 size=4 arg=0x6b9a26
DATA 01000000
RET fd=10 req=0x40044912 r=0 errno=0
IOCTL fd=10 path=/dev/isp_char req=0x40044936 dir=WRITE type=0x49 nr=0x36 size=4 arg=0x6b9aae
DATA 00000700
RET fd=10 req=0x40044936 r=0 errno=0
IOCTL fd=10 path=/dev/isp_char req=0x4004491b dir=WRITE type=0x49 nr=0x1b size=4 arg=0x6b9b18
DATA 01001000
RET fd=10 req=0x4004491b r=0 errno=0
IOCTL fd=10 path=/dev/isp_char req=0x40044925 dir=WRITE type=0x49 nr=0x25 size=4 arg=0x6bc206
DATA 01000100
RET fd=10 req=0x40044925 r=0 errno=0
IOCTL fd=10 path=/dev/isp_char req=0x40044927 dir=WRITE type=0x49 nr=0x27 size=4 arg=0x6bed3c
DATA 08000200
RET fd=10 req=0x40044927 r=0 errno=0
IOCTL fd=10 path=/dev/isp_char req=0x4004493b dir=WRITE type=0x49 nr=0x3b size=4 arg=0x6bed5e
DATA 01000100
RET fd=10 req=0x4004493b r=0 errno=0
IOCTL fd=10 path=/dev/isp_char req=0x40044939 dir=WRITE type=0x49 nr=0x39 size=4 arg=0x6bee2c
DATA 01004000
RET fd=10 req=0x40044939 r=0 errno=0
IOCTL fd=10 path=/dev/isp_char req=0x4004493f dir=WRITE type=0x49 nr=0x3f size=4 arg=0x6bee6c
DATA 00000f00
RET fd=10 req=0x4004493f r=0 errno=0
IOCTL fd=10 path=/dev/isp_char req=0x40044941 dir=WRITE type=0x49 nr=0x41 size=4 arg=0x6bee72
DATA 44000000
RET fd=10 req=0x40044941 r=0 errno=0
IOCTL fd=10 path=/dev/isp_char req=0x40044910 dir=WRITE type=0x49 nr=0x10 size=4 arg=0x6bee80
DATA 01000000
RET fd=10 req=0x40044910 r=0 errno=0
IOCTL fd=10 path=/dev/isp_char req=0x4004495e dir=WRITE type=0x49 nr=0x5e size=4 arg=0x6bfedc
DATA 06000600
RET fd=10 req=0x4004495e r=0 errno=0
IOCTL fd=10 path=/dev/isp_char req=0x40044960 dir=WRITE type=0x49 nr=0x60 size=4 arg=0x6bffe0
DATA 0000ff04
RET fd=10 req=0x40044960 r=0 errno=0
IOCTL fd=10 path=/dev/isp_char req=0x40044953 dir=WRITE type=0x49 nr=0x53 size=4 arg=0x6c000e
DATA 01009d01
RET fd=10 req=0x40044953 r=0 errno=0
IOCTL fd=10 path=/dev/isp_char req=0x40044963 dir=WRITE type=0x49 nr=0x63 size=4 arg=0x6c0010
DATA 9d010001
RET fd=10 req=0x40044963 r=0 errno=0
IOCTL fd=10 path=/dev/isp_char req=0x40044955 dir=WRITE type=0x49 nr=0x55 size=4 arg=0x6c001c
DATA 0f000800
RET fd=10 req=0x40044955 r=0 errno=0
IOCTL fd=10 path=/dev/isp_char req=0x40044973 dir=WRITE type=0x49 nr=0x73 size=4 arg=0x6c00d6
DATA 01000000
RET fd=10 req=0x40044973 r=0 errno=0
IOCTL fd=10 path=/dev/isp_char req=0x40044943 dir=WRITE type=0x49 nr=0x43 size=4 arg=0x6c021e
DATA 01000000
RET fd=10 req=0x40044943 r=0 errno=0
IOCTL fd=10 path=/dev/isp_char req=0x40044946 dir=WRITE type=0x49 nr=0x46 size=4 arg=0x6c0220
DATA 00000000
RET fd=10 req=0x40044946 r=0 errno=0
IOCTL fd=10 path=/dev/isp_char req=0x40044949 dir=WRITE type=0x49 nr=0x49 size=4 arg=0x6c0222
DATA 00000100
RET fd=10 req=0x40044949 r=0 errno=0
IOCTL fd=10 path=/dev/isp_char req=0x4004494c dir=WRITE type=0x49 nr=0x4c size=4 arg=0x6c0224
DATA 01000f00
RET fd=10 req=0x4004494c r=0 errno=0
IOCTL fd=10 path=/dev/isp_char req=0x4004494e dir=WRITE type=0x49 nr=0x4e size=4 arg=0x6c0226
DATA 0f000000
RET fd=10 req=0x4004494e r=0 errno=0
IOCTL fd=10 path=/dev/isp_char req=0x40044950 dir=WRITE type=0x49 nr=0x50 size=4 arg=0x6c023e
DATA dc050000
RET fd=10 req=0x40044950 r=0 errno=0
IOCTL fd=10 path=/dev/isp_char req=0x8004494f dir=READ type=0x49 nr=0x4f size=4 arg=0xbe904a40
RET_DATA 0f000000
RET fd=10 req=0x8004494f r=0 errno=0
SLEEP 4
IOCTL fd=10 path=/dev/isp_char req=0x4004497a dir=WRITE type=0x49 nr=0x7a size=4 arg=0xbe904a14
DATA 0f000000
SLEEP 6
RET fd=10 req=0x4004497a r=0 errno=0
SLEEP 1
IOCTL fd=10 path=/dev/isp_char req=0x4004496e dir=WRITE type=0x49 nr=0x6e size=4 arg=0x6c030e
DATA 00000000
RET fd=10 req=0x4004496e r=0 errno=0
IOCTL fd=10 path=/dev/isp_char req=0x40044975 dir=WRITE type=0x49 nr=0x75 size=4 arg=0x6c032c
DATA 00000800
RET fd=10 req=0x40044975 r=0 errno=0
IOCTL fd=10 path=/dev/isp_char req=0x40044977 dir=WRITE type=0x49 nr=0x77 size=4 arg=0x6c045e
DATA 00000000
RET fd=10 req=0x40044977 r=0 errno=0
IOCTL fd=10 path=/dev/isp_char req=0x40044969 dir=WRITE type=0x49 nr=0x69 size=4 arg=0xbe904a98
DATA 4a00000042086c00
BLOB off=4 ptr=0x006c0842 len=296 DATA 0301010000010000e93680000130ff000230f0000a30240018300f001a30f8001c3094001f3005003f3081000c3206000d3290000e3202000f32ee0053320a000133040006333000093348000b33b0000e3318001f334100203305003333100064331700903308009133180092333800933306009433100095334000203608002236c6003036c000333633003736140038360e003a3600003c36050070361e00743690007536900076369000773682007836860079368b007c3618007d3638007e36180000303f007f3638009036330091363300923632009c3608009d363800a4360800a5361800a8360200a9360400aa360e00ea36c700eb368800ec361d00ed360700003e0000013e2e00023e0000083e0300093e20000945200003460100e936230000010100
SLEEP 51
RET fd=10 req=0x40044969 r=0 errno=0
SLEEP 4
IOCTL fd=11 path=/dev/video0 req=0xc02c563a dir=READ|WRITE type=0x56 nr=0x3a size=44 arg=0xbe904ab4
DATA 01000000f8806b004c806b00b01503008b4b5100424751004102000000000000010000003c71f2b6d86c6700
SLEEP 2
RET_DATA 01000000000000000000000000050000d0020000000000000000000000050000d00200000100000001000000
SLEEP 2
RET fd=11 req=0xc02c563a r=0 errno=0
SLEEP 1
IOCTL fd=10 path=/dev/isp_char req=0x40044967 dir=WRITE type=0x49 nr=0x67 size=4 arg=0xbe904aa8
DATA 00000080
RET fd=10 req=0x40044967 r=0 errno=0
IOCTL fd=10 path=/dev/isp_char req=0x80044956 dir=READ type=0x49 nr=0x56 size=4 arg=0xbe904a00
RET_DATA 0f000800
RET fd=10 req=0x80044956 r=0 errno=0
SLEEP 1
IOCTL fd=10 path=/dev/isp_char req=0x40044955 dir=WRITE type=0x49 nr=0x55 size=4 arg=0xbe904a00
DATA 0f000800
RET fd=10 req=0x40044955 r=0 errno=0
MMAP addr=(nil) len=102400 prot=0x3 flags=0x20022 fd=-1 off=0x0 -> 0xb56b1000 path=?
IOCTL fd=10 path=/dev/isp_char req=0x8004494f dir=READ type=0x49 nr=0x4f size=4 arg=0xbe904a90
RET_DATA 0f000000
RET fd=10 req=0x8004494f r=0 errno=0
SLEEP 6
IOCTL fd=10 path=/dev/isp_char req=0x4004497a dir=WRITE type=0x49 nr=0x7a size=4 arg=0xbe904a64
DATA 0f000000
SLEEP 4
RET fd=10 req=0x4004497a r=0 errno=0
SLEEP 1
IOCTL fd=11 path=/dev/video0 req=0x80685600 dir=READ type=0x56 nr=0x00 size=104 arg=0xbe904a48
RET_DATA 616b5f63616d65726100000000000000414b5f43616d65726100000000000000000000000000000000000000000000000000000000000000000000000000000000000000000000000000000000000000230403000100000400000000000000000000000000000000
SLEEP 9
RET fd=11 req=0x80685600 r=0 errno=0
IOCTL fd=11 path=/dev/video0 req=0xc02c563a dir=READ|WRITE type=0x56 nr=0x3a size=44 arg=0xbe904a48
DATA 0100000000000000000000000000000000000000000000000000000000000000000000000000000000000000
SLEEP 2
RET_DATA 01000000000000000000000000050000d0020000000000000000000000050000d00200000100000001000000
SLEEP 5
RET fd=11 req=0xc02c563a r=0 errno=0
IOCTL fd=11 path=/dev/video0 req=0x4014563c dir=WRITE type=0x56 nr=0x3c size=20 arg=0xbe904a34
DATA 01000000000000000000000000050000d0020000
SLEEP 1
RET fd=11 req=0x4014563c r=0 errno=0
SLEEP 4
IOCTL fd=11 path=/dev/video0 req=0xc0cc5605 dir=READ|WRITE type=0x56 nr=0x05 size=204 arg=0xbe9049f4
DATA 0100000000050000d0020000595559560400000000000000000000000000000000000000000000000000000000000000000000000000000000000000000000000000000000000000000000000000000000000000000000000000000000000000000000000000000000000000000000000000000000000000000000000000000000000000000000000000000000000000000000000000000000000000000000000000000000000000000000000000000000000000000000000000000000000000000000000000000000000000
SLEEP 10
RET_DATA 0100000000050000d00200005955595604000000000a000000201c000000000000000000000000000000000000000000000000000000000000000000000000000000000000000000000000000000000000000000000000000000000000000000000000000000000000000000000000000000000000000000000000000000000000000000000000000000000000000000000000000000000000000000000000000000000000000000000000000000000000000000000000000000000000000000000000000000000000000000
SLEEP 10
RET fd=11 req=0xc0cc5605 r=0 errno=0
IOCTL fd=11 path=/dev/video0 req=0xc0cc5616 dir=READ|WRITE type=0x56 nr=0x16 size=204 arg=0xbe9049f4
DATA 010000000100000080020000680100000000000000000000000000000000000000000000000000000000000000000000000000000000000000000000000000000000000000000000000000000000000000000000000000000000000000000000000000000000000000000000000000000000000000000000000000000000000000000000000000000000000000000000000000000000000000000000000000000000000000000000000000000000000000000000000000000000000000000000000000000000000000000000
SLEEP 18
RET_DATA 010000000100000080020000680100000000000000000000000000000000000000000000000000000000000000000000000000000000000000000000000000000000000000000000000000000000000000000000000000000000000000000000000000000000000000000000000000000000000000000000000000000000000000000000000000000000000000000000000000000000000000000000000000000000000000000000000000000000000000000000000000000000000000000000000000000000000000000000
SLEEP 10
RET fd=11 req=0xc0cc5616 r=0 errno=0
SLEEP 1
IOCTL fd=10 path=/dev/isp_char req=0x4004497a dir=WRITE type=0x49 nr=0x7a size=4 arg=0xbe904ae4
DATA 0f000000
SLEEP 1
RET fd=10 req=0x4004497a r=0 errno=0
IOCTL fd=10 path=/dev/isp_char req=0x8004497b dir=READ type=0x49 nr=0x7b size=4 arg=0xbe904adc
RET_DATA 0f000000
RET fd=10 req=0x8004497b r=0 errno=0
SLEEP 6
IOCTL fd=10 path=/dev/isp_char req=0x4004496d dir=WRITE type=0x49 nr=0x6d size=4 arg=0xbe904a54
DATA 0a490540
RET fd=10 req=0x4004496d r=0 errno=0
SLEEP 4
OPEN fd=12 path=/dev/akpcm_cdev1 flags=0x0
SLEEP 5
IOCTL fd=12 path=/dev/akpcm_cdev1 req=0x40045010 dir=WRITE type=0x50 nr=0x10 size=4 arg=0xbe904acc
DATA 02000000
RET fd=12 req=0x40045010 r=0 errno=0
IOCTL fd=12 path=/dev/akpcm_cdev1 req=0x40045070 dir=WRITE type=0x50 nr=0x70 size=4 arg=0xbe904acc
DATA 01000000
RET fd=12 req=0x40045070 r=0 errno=0
SLEEP 2
IOCTL fd=12 path=/dev/akpcm_cdev1 req=0x40045030 dir=WRITE type=0x50 nr=0x30 size=4 arg=0xbe904adc
DATA 07000000
RET fd=12 req=0x40045030 r=0 errno=0
SLEEP 5
OPEN fd=13 path=/dev/mem flags=0x0
MMAP addr=(nil) len=4 prot=0x1 flags=0x1 fd=13 off=0x8000000 -> 0xb56b0000 path=/dev/mem
CLOSE fd=13
SLEEP 20
IOCTL fd=12 path=/dev/akpcm_cdev1 req=0x000050e3 dir=NONE type=0x50 nr=0xe3 size=0 arg=0xbe904adc
RET fd=12 req=0x000050e3 r=0 errno=0
SLEEP 1
OPEN fd=13 path=/dev/mem flags=0x0
MMAP addr=(nil) len=4 prot=0x1 flags=0x1 fd=13 off=0x8000000 -> 0xb56b0000 path=/dev/mem
CLOSE fd=13
SLEEP 15
IOCTL fd=12 path=/dev/akpcm_cdev1 req=0x40045088 dir=WRITE type=0x50 nr=0x88 size=4 arg=0xbe9049f8
DATA 01000000
SLEEP 33
RET fd=12 req=0x40045088 r=0 errno=0
